#
# A fatal error has been detected by the Java Runtime Environment:
#
#  EXCEPTION_ACCESS_VIOLATION (0xc0000005) at pc=0x00007fffef46e736, pid=27428, tid=27320
#
# JRE version: OpenJDK Runtime Environment (17.0.2+8) (build 17.0.2+8-86)
# Java VM: OpenJDK 64-Bit Server VM (17.0.2+8-86, mixed mode, sharing, tiered, compressed oops, compressed class ptrs, g1 gc, windows-amd64)
# Problematic frame:
# C  [ig11icd64.dll+0x59e736]
#
# No core dump will be written. Minidumps are not enabled by default on client versions of Windows
#
# If you would like to submit a bug report, please visit:
#   https://bugreport.java.com/bugreport/crash.jsp
# The crash happened outside the Java Virtual Machine in native code.
# See problematic frame for where to report the bug.
#

---------------  S U M M A R Y ------------

Command Line: -XX:+ShowCodeDetailsInExceptionMessages com.csse3200.game.desktop.DesktopLauncher

Host: Intel(R) Core(TM) i7-1065G7 CPU @ 1.30GHz, 8 cores, 15G,  Windows 10 , 64 bit Build 19041 (10.0.19041.3393)
Time: Sat Sep 16 15:12:53 2023 E. Australia Standard Time elapsed time: 78.575702 seconds (0d 0h 1m 18s)

---------------  T H R E A D  ---------------

Current thread (0x000001903ecaab90):  JavaThread "Timer-18" [_thread_in_native, id=27320, stack(0x00000025f0700000,0x00000025f0800000)]

Stack: [0x00000025f0700000,0x00000025f0800000],  sp=0x00000025f07fdd00,  free space=1015k
Native frames: (J=compiled Java code, j=interpreted, Vv=VM code, C=native code)
C  [ig11icd64.dll+0x59e736]

Java frames: (J=compiled Java code, j=interpreted, Vv=VM code)
j  com.badlogic.gdx.physics.box2d.World.jniCreateBody(JIFFFFFFFFZZZZZF)J+0
j  com.badlogic.gdx.physics.box2d.World.createBody(Lcom/badlogic/gdx/physics/box2d/BodyDef;)Lcom/badlogic/gdx/physics/box2d/Body;+80
J 3361 c1 com.csse3200.game.physics.components.PhysicsComponent.<init>(Lcom/csse3200/game/physics/PhysicsEngine;)V (58 bytes) @ 0x0000019016efcd44 [0x0000019016efca80+0x00000000000002c4]
J 3360 c1 com.csse3200.game.physics.components.PhysicsComponent.<init>()V (11 bytes) @ 0x0000019016efc6b4 [0x0000019016efc5c0+0x00000000000000f4]
j  com.csse3200.game.entities.factories.ProjectileFactory.createBaseProjectile(SLcom/badlogic/gdx/math/Vector2;Lcom/badlogic/gdx/math/Vector2;)Lcom/csse3200/game/entities/Entity;+38
j  com.csse3200.game.entities.factories.ProjectileFactory.createMobBall(SLcom/badlogic/gdx/math/Vector2;Lcom/badlogic/gdx/math/Vector2;)Lcom/csse3200/game/entities/Entity;+3
j  com.csse3200.game.components.tasks.MobAttackTask.updateMobState()V+307
j  com.csse3200.game.components.tasks.MobAttackTask.update()V+1
J 3274 c2 com.csse3200.game.ai.tasks.AITaskComponent.update()V (42 bytes) @ 0x000001901dfb572c [0x000001901dfb4fe0+0x000000000000074c]
j  com.csse3200.game.ai.tasks.AITaskComponent.restore()V+77
j  com.csse3200.game.components.EffectsComponent$3.run()V+4
j  java.util.TimerThread.mainLoop()V+221 java.base@17.0.2
j  java.util.TimerThread.run()V+1 java.base@17.0.2
v  ~StubRoutines::call_stub

siginfo: EXCEPTION_ACCESS_VIOLATION (0xc0000005), reading address 0x0000000000000178


Register to memory mapping:

RIP=0x00007fffef46e736 ig11icd64.dll
RAX=0x0 is NULL
RBX=0x000001903421fbc0 points into unknown readable memory: 0x00000190342f5700 | 00 57 2f 34 90 01 00 00
RCX=0x0 is NULL
RDX=0x0000000000000004 is an unknown value
RSP=0x00000025f07fdd00 is pointing into the stack for thread: 0x000001903ecaab90
RBP=0x0000000000000004 is an unknown value
RSI=0x000001903421fbc0 points into unknown readable memory: 0x00000190342f5700 | 00 57 2f 34 90 01 00 00
RDI=0x0 is NULL
R8 =0x0000000000000001 is an unknown value
R9 =0x0000000000000001 is an unknown value
R10=0x000000007ffe0384 points into unknown readable memory: 00 00 00 00
R11=0x00000025f07fdef0 is pointing into the stack for thread: 0x000001903ecaab90
R12=0x00007fffef41e090 ig11icd64.dll
R13=0x0000000000000003 is an unknown value
R14=0x0 is NULL
R15=0x0000000000000001 is an unknown value


Registers:
RAX=0x0000000000000000, RBX=0x000001903421fbc0, RCX=0x0000000000000000, RDX=0x0000000000000004
RSP=0x00000025f07fdd00, RBP=0x0000000000000004, RSI=0x000001903421fbc0, RDI=0x0000000000000000
R8 =0x0000000000000001, R9 =0x0000000000000001, R10=0x000000007ffe0384, R11=0x00000025f07fdef0
R12=0x00007fffef41e090, R13=0x0000000000000003, R14=0x0000000000000000, R15=0x0000000000000001
RIP=0x00007fffef46e736, EFLAGS=0x0000000000010206

Top of Stack: (sp=0x00000025f07fdd00)
0x00000025f07fdd00:   0000000000000000 0000019033ad7d58
0x00000025f07fdd10:   0000000000000003 00007ff8a81064c0
0x00000025f07fdd20:   0000000000000000 00007fffef56207c
0x00000025f07fdd30:   00007ff8a81064c0 00007ff8a81066cc
0x00000025f07fdd40:   0000000000000001 0000019041127ed0
0x00000025f07fdd50:   0000000000000001 00007ff8115e0000
0x00000025f07fdd60:   0000000000000001 00007fffeeed0000
0x00000025f07fdd70:   0000000000000003 0000000000000000
0x00000025f07fdd80:   0000000000000001 00007fffef56249d
0x00000025f07fdd90:   0000019041127ed0 000001903421fbc0
0x00000025f07fdda0:   0000019041127ed0 00007ff8118f8211
0x00000025f07fddb0:   0000000000000000 00007fffef469e29
0x00000025f07fddc0:   00000025f07fddf0 0000000000006ab8
0x00000025f07fddd0:   0000000000000000 00007ff8118f7b9d
0x00000025f07fdde0:   0000000000000000 00007ff800000000
0x00000025f07fddf0:   00007ff800000001 0000000000000000 

Instructions: (pc=0x00007fffef46e736)
0x00007fffef46e636:   4a 8b 04 20 40 38 3c 01 75 05 e8 33 fb fa ff 65
0x00007fffef46e646:   48 8b 04 25 58 00 00 00 45 33 c0 41 b9 10 00 00
0x00007fffef46e656:   00 ba 05 05 00 00 4a 8b 0c 20 4a 8b 0c 09 e8 b7
0x00007fffef46e666:   38 04 00 48 8b cb e8 bf 00 00 00 8b 83 18 01 00
0x00007fffef46e676:   00 4c 89 74 c3 18 8b 83 18 01 00 00 ff c0 83 e0
0x00007fffef46e686:   1f 89 83 18 01 00 00 40 38 3b 74 50 48 8b 83 20
0x00007fffef46e696:   01 00 00 48 8b 08 48 8b 53 08 8b 43 10 48 2b d1
0x00007fffef46e6a6:   48 3b d0 76 37 8b 83 18 01 00 00 48 8d 8b d8 01
0x00007fffef46e6b6:   00 00 4c 8b 44 c3 18 48 8b 41 10 4c 8b 08 4d 3b
0x00007fffef46e6c6:   c8 73 19 0f ae e8 48 8b 93 38 01 00 00 49 c7 c1
0x00007fffef46e6d6:   ff ff ff ff 8b 52 20 e8 3e e8 00 00 45 33 c9 45
0x00007fffef46e6e6:   33 c0 48 8b d3 33 c9 e8 2e e9 01 00 85 f6 40 0f
0x00007fffef46e6f6:   94 c7 8b c7 48 8b 8d 20 01 00 00 48 33 cc e8 d7
0x00007fffef46e706:   f9 fa ff 48 81 c4 30 02 00 00 41 5f 41 5e 41 5c
0x00007fffef46e716:   5f 5e 5b 5d c3 cc cc cc cc cc cc cc cc cc cc cc
0x00007fffef46e726:   cc cc cc cc cc cc cc cc cc cc 40 57 48 83 ec 20
0x00007fffef46e736:   48 83 b9 78 01 00 00 00 48 8b f9 0f 84 9e 00 00
0x00007fffef46e746:   00 48 8b 89 88 01 00 00 48 89 5c 24 30 ff 15 b7
0x00007fffef46e756:   59 5a 00 48 8b 9f 78 01 00 00 48 85 db 74 6e 48
0x00007fffef46e766:   89 74 24 38 33 f6 0f 1f 40 00 48 8d 4b 08 41 b8
0x00007fffef46e776:   01 00 00 00 48 8b d7 e8 de 5a a8 ff 48 8b d3 4c
0x00007fffef46e786:   8d 43 40 4c 8b cb 49 8b 18 48 8b 42 48 48 85 c0
0x00007fffef46e796:   75 09 48 89 9f 78 01 00 00 eb 04 48 89 58 40 49
0x00007fffef46e7a6:   8b 08 49 8b 41 48 48 85 c9 75 09 48 89 87 80 01
0x00007fffef46e7b6:   00 00 eb 04 48 89 41 48 48 89 72 48 49 89 30 c6
0x00007fffef46e7c6:   42 38 01 48 85 db 75 a2 48 8b 74 24 38 48 8b 8f
0x00007fffef46e7d6:   88 01 00 00 ff 15 68 5a 5a 00 48 8b 5c 24 30 48
0x00007fffef46e7e6:   83 c4 20 5f c3 cc cc cc cc cc cc cc cc cc cc cc
0x00007fffef46e7f6:   cc cc cc cc cc cc cc cc cc cc 48 8b c1 41 b8 01
0x00007fffef46e806:   00 00 00 48 8d 4a 08 48 8b d0 e9 4b 5a a8 ff cc
0x00007fffef46e816:   cc cc cc cc cc cc cc cc cc cc 48 89 5c 24 18 57
0x00007fffef46e826:   48 83 ec 20 48 8b d9 48 8b 89 38 01 00 00 48 85 


Stack slot to memory mapping:
stack at sp + 0 slots: 0x0 is NULL
stack at sp + 1 slots: 0x0000019033ad7d58 points into unknown readable memory: 0x0000000000000000 | 00 00 00 00 00 00 00 00
stack at sp + 2 slots: 0x0000000000000003 is an unknown value
stack at sp + 3 slots: 0x00007ff8a81064c0 dxgi.dll
stack at sp + 4 slots: 0x0 is NULL
stack at sp + 5 slots: 0x00007fffef56207c ig11icd64.dll
stack at sp + 6 slots: 0x00007ff8a81064c0 dxgi.dll
stack at sp + 7 slots: 0x00007ff8a81066cc dxgi.dll


---------------  P R O C E S S  ---------------

Threads class SMR info:
_java_thread_list=0x0000019034d4db10, length=48, elements={
0x000001900ea74670, 0x0000019031616c30, 0x00000190316177e0, 0x000001903162a300,
0x000001903162aeb0, 0x000001903162e880, 0x000001903162f230, 0x000001903162ffc0,
0x0000019031633f60, 0x000001903163c960, 0x00000190320fdda0, 0x0000019032106300,
0x000001903473b7a0, 0x000001903470f740, 0x00000190348108c0, 0x00000190348138e0,
0x0000019034813db0, 0x0000019034811260, 0x0000019034812a70, 0x0000019034811c00,
0x00000190348125a0, 0x0000019034812f40, 0x0000019034811730, 0x00000190348120d0,
0x0000019034813410, 0x000001903ecab060, 0x000001903eca8040, 0x000001903ecaa6c0,
0x000001903eca8510, 0x000001903eca9380, 0x000001903eca89e0, 0x000001903eca8eb0,
0x000001903eca9850, 0x000001903ecaa1f0, 0x000001903eca9d20, 0x000001903ecaab90,
0x000001903ecaba00, 0x000001903ecab530, 0x0000019034b789b0, 0x0000019034b73310,
0x0000019034b79350, 0x0000019034b75e60, 0x0000019034b7ab60, 0x0000019034b74180,
0x0000019034b74b20, 0x0000019034b77670, 0x0000019034b77b40, 0x0000019034b76800
}

Java Threads: ( => current thread )
  0x000001900ea74670 JavaThread "main" [_thread_in_native, id=12268, stack(0x00000025ed000000,0x00000025ed100000)]
  0x0000019031616c30 JavaThread "Reference Handler" daemon [_thread_blocked, id=29428, stack(0x00000025ed700000,0x00000025ed800000)]
  0x00000190316177e0 JavaThread "Finalizer" daemon [_thread_blocked, id=11272, stack(0x00000025ed800000,0x00000025ed900000)]
  0x000001903162a300 JavaThread "Signal Dispatcher" daemon [_thread_blocked, id=25568, stack(0x00000025ed900000,0x00000025eda00000)]
  0x000001903162aeb0 JavaThread "Attach Listener" daemon [_thread_blocked, id=18664, stack(0x00000025eda00000,0x00000025edb00000)]
  0x000001903162e880 JavaThread "Service Thread" daemon [_thread_blocked, id=22564, stack(0x00000025edb00000,0x00000025edc00000)]
  0x000001903162f230 JavaThread "Monitor Deflation Thread" daemon [_thread_blocked, id=13608, stack(0x00000025edc00000,0x00000025edd00000)]
  0x000001903162ffc0 JavaThread "C2 CompilerThread0" daemon [_thread_blocked, id=17244, stack(0x00000025edd00000,0x00000025ede00000)]
  0x0000019031633f60 JavaThread "C1 CompilerThread0" daemon [_thread_blocked, id=25048, stack(0x00000025ede00000,0x00000025edf00000)]
  0x000001903163c960 JavaThread "Sweeper thread" daemon [_thread_blocked, id=10700, stack(0x00000025edf00000,0x00000025ee000000)]
  0x00000190320fdda0 JavaThread "Notification Thread" daemon [_thread_blocked, id=17436, stack(0x00000025ee000000,0x00000025ee100000)]
  0x0000019032106300 JavaThread "Common-Cleaner" daemon [_thread_blocked, id=22644, stack(0x00000025ee200000,0x00000025ee300000)]
  0x000001903473b7a0 JavaThread "AssetManager" daemon [_thread_blocked, id=17040, stack(0x00000025eec00000,0x00000025eed00000)]
  0x000001903470f740 JavaThread "LWJGL3 Timer" daemon [_thread_blocked, id=27600, stack(0x00000025ef400000,0x00000025ef500000)]
  0x00000190348108c0 JavaThread "AssetManager" daemon [_thread_blocked, id=15892, stack(0x00000025ef500000,0x00000025ef600000)]
  0x00000190348138e0 JavaThread "Timer-0" [_thread_blocked, id=10824, stack(0x00000025ef800000,0x00000025ef900000)]
  0x0000019034813db0 JavaThread "AssetManager" daemon [_thread_blocked, id=15560, stack(0x00000025ef700000,0x00000025ef800000)]
  0x0000019034811260 JavaThread "Timer-1" [_thread_in_native, id=10376, stack(0x00000025efa00000,0x00000025efb00000)]
  0x0000019034812a70 JavaThread "Timer" daemon [_thread_blocked, id=11880, stack(0x00000025ef600000,0x00000025ef700000)]
  0x0000019034811c00 JavaThread "Timer-2" [_thread_blocked, id=24064, stack(0x00000025ecd00000,0x00000025ece00000)]
  0x00000190348125a0 JavaThread "Timer-3" [_thread_blocked, id=29292, stack(0x00000025ece00000,0x00000025ecf00000)]
  0x0000019034812f40 JavaThread "Timer-4" [_thread_blocked, id=28352, stack(0x00000025ecf00000,0x00000025ed000000)]
  0x0000019034811730 JavaThread "Timer-5" [_thread_blocked, id=18320, stack(0x00000025ef900000,0x00000025efa00000)]
  0x00000190348120d0 JavaThread "Timer-6" [_thread_blocked, id=17660, stack(0x00000025efb00000,0x00000025efc00000)]
  0x0000019034813410 JavaThread "Timer-7" [_thread_blocked, id=27040, stack(0x00000025efc00000,0x00000025efd00000)]
  0x000001903ecab060 JavaThread "Timer-8" [_thread_blocked, id=6116, stack(0x00000025efd00000,0x00000025efe00000)]
  0x000001903eca8040 JavaThread "Timer-9" [_thread_blocked, id=22184, stack(0x00000025efe00000,0x00000025eff00000)]
  0x000001903ecaa6c0 JavaThread "Timer-10" [_thread_blocked, id=12320, stack(0x00000025eff00000,0x00000025f0000000)]
  0x000001903eca8510 JavaThread "Timer-11" [_thread_blocked, id=29132, stack(0x00000025f0000000,0x00000025f0100000)]
  0x000001903eca9380 JavaThread "Timer-12" [_thread_blocked, id=17952, stack(0x00000025f0100000,0x00000025f0200000)]
  0x000001903eca89e0 JavaThread "Timer-13" [_thread_blocked, id=15552, stack(0x00000025f0200000,0x00000025f0300000)]
  0x000001903eca8eb0 JavaThread "Timer-14" [_thread_blocked, id=27732, stack(0x00000025f0300000,0x00000025f0400000)]
  0x000001903eca9850 JavaThread "Timer-15" [_thread_blocked, id=13100, stack(0x00000025f0400000,0x00000025f0500000)]
  0x000001903ecaa1f0 JavaThread "Timer-16" [_thread_blocked, id=6544, stack(0x00000025f0500000,0x00000025f0600000)]
  0x000001903eca9d20 JavaThread "Timer-17" [_thread_blocked, id=3712, stack(0x00000025f0600000,0x00000025f0700000)]
=>0x000001903ecaab90 JavaThread "Timer-18" [_thread_in_native, id=27320, stack(0x00000025f0700000,0x00000025f0800000)]
  0x000001903ecaba00 JavaThread "Timer-19" [_thread_blocked, id=14104, stack(0x00000025f0800000,0x00000025f0900000)]
  0x000001903ecab530 JavaThread "Timer-20" [_thread_blocked, id=27280, stack(0x00000025f0900000,0x00000025f0a00000)]
  0x0000019034b789b0 JavaThread "Timer-21" [_thread_in_native, id=22412, stack(0x00000025f0a00000,0x00000025f0b00000)]
  0x0000019034b73310 JavaThread "Timer-22" [_thread_in_native, id=26660, stack(0x00000025f0b00000,0x00000025f0c00000)]
  0x0000019034b79350 JavaThread "Timer-23" [_thread_blocked, id=19920, stack(0x00000025f0c00000,0x00000025f0d00000)]
  0x0000019034b75e60 JavaThread "Timer-24" [_thread_blocked, id=4908, stack(0x00000025f0d00000,0x00000025f0e00000)]
  0x0000019034b7ab60 JavaThread "Timer-25" [_thread_blocked, id=3612, stack(0x00000025f0e00000,0x00000025f0f00000)]
  0x0000019034b74180 JavaThread "Timer-26" [_thread_blocked, id=28132, stack(0x00000025f0f00000,0x00000025f1000000)]
  0x0000019034b74b20 JavaThread "Timer-27" [_thread_blocked, id=27716, stack(0x00000025f1000000,0x00000025f1100000)]
  0x0000019034b77670 JavaThread "Timer-28" [_thread_in_native, id=12696, stack(0x00000025f1100000,0x00000025f1200000)]
  0x0000019034b77b40 JavaThread "Timer-29" [_thread_blocked, id=27644, stack(0x00000025f1200000,0x00000025f1300000)]
  0x0000019034b76800 JavaThread "Timer-30" [_thread_blocked, id=15536, stack(0x00000025f1300000,0x00000025f1400000)]

Other Threads:
  0x0000019031612190 VMThread "VM Thread" [stack: 0x00000025ed600000,0x00000025ed700000] [id=5756]
  0x0000019032102690 WatcherThread [stack: 0x00000025ee100000,0x00000025ee200000] [id=24208]
  0x000001900eacb980 GCTaskThread "GC Thread#0" [stack: 0x00000025ed100000,0x00000025ed200000] [id=25836]
  0x00000190347db4e0 GCTaskThread "GC Thread#1" [stack: 0x00000025eed00000,0x00000025eee00000] [id=21776]
  0x00000190346c9920 GCTaskThread "GC Thread#2" [stack: 0x00000025eee00000,0x00000025eef00000] [id=5344]
  0x0000019034775090 GCTaskThread "GC Thread#3" [stack: 0x00000025eef00000,0x00000025ef000000] [id=596]
  0x000001903483a760 GCTaskThread "GC Thread#4" [stack: 0x00000025ef000000,0x00000025ef100000] [id=23180]
  0x000001903483aa10 GCTaskThread "GC Thread#5" [stack: 0x00000025ef100000,0x00000025ef200000] [id=25960]
  0x000001903474dbc0 GCTaskThread "GC Thread#6" [stack: 0x00000025ef200000,0x00000025ef300000] [id=13272]
  0x00000190347c1cc0 GCTaskThread "GC Thread#7" [stack: 0x00000025ef300000,0x00000025ef400000] [id=23640]
  0x000001900eade530 ConcurrentGCThread "G1 Main Marker" [stack: 0x00000025ed200000,0x00000025ed300000] [id=18484]
  0x000001900eadef40 ConcurrentGCThread "G1 Conc#0" [stack: 0x00000025ed300000,0x00000025ed400000] [id=15068]
  0x000001900eb357d0 ConcurrentGCThread "G1 Refine#0" [stack: 0x00000025ed400000,0x00000025ed500000] [id=11724]
  0x00000190314d2320 ConcurrentGCThread "G1 Service" [stack: 0x00000025ed500000,0x00000025ed600000] [id=7312]

Threads with active compile tasks:

VM state: not at safepoint (normal execution)

VM Mutex/Monitor currently owned by a thread: None

Heap address: 0x0000000703a00000, size: 4038 MB, Compressed Oops mode: Zero based, Oop shift amount: 3

CDS archive(s) mapped at: [0x0000000800000000-0x0000000800bc0000-0x0000000800bc0000), size 12320768, SharedBaseAddress: 0x0000000800000000, ArchiveRelocationMode: 0.
Compressed class space mapped at: 0x0000000800c00000-0x0000000840c00000, reserved size: 1073741824
Narrow klass base: 0x0000000800000000, Narrow klass shift: 0, Narrow klass range: 0x100000000

GC Precious Log:
 CPUs: 8 total, 8 available
 Memory: 16151M
 Large Page Support: Disabled
 NUMA Support: Disabled
 Compressed Oops: Enabled (Zero based)
 Heap Region Size: 2M
 Heap Min Capacity: 8M
 Heap Initial Capacity: 254M
 Heap Max Capacity: 4038M
 Pre-touch: Disabled
 Parallel Workers: 8
 Concurrent Workers: 2
 Concurrent Refinement Workers: 8
 Periodic GC: Disabled

Heap:
 garbage-first heap   total 260096K, used 117784K [0x0000000703a00000, 0x0000000800000000)
  region size 2048K, 26 young (53248K), 2 survivors (4096K)
 Metaspace       used 11259K, committed 11456K, reserved 1064960K
  class space    used 976K, committed 1088K, reserved 1048576K

Heap Regions: E=young(eden), S=young(survivor), O=old, HS=humongous(starts), HC=humongous(continues), CS=collection set, F=free, OA=open archive, CA=closed archive, TAMS=top-at-mark-start (previous, next)
|   0|0x0000000703a00000, 0x0000000703c00000, 0x0000000703c00000|100%|HS|  |TAMS 0x0000000703a00000, 0x0000000703a00000| Complete 
|   1|0x0000000703c00000, 0x0000000703e00000, 0x0000000703e00000|100%|HC|  |TAMS 0x0000000703c00000, 0x0000000703c00000| Complete 
|   2|0x0000000703e00000, 0x0000000704000000, 0x0000000704000000|100%|HC|  |TAMS 0x0000000703e00000, 0x0000000703e00000| Complete 
|   3|0x0000000704000000, 0x0000000704200000, 0x0000000704200000|100%|HC|  |TAMS 0x0000000704000000, 0x0000000704000000| Complete 
|   4|0x0000000704200000, 0x0000000704400000, 0x0000000704400000|100%|HC|  |TAMS 0x0000000704200000, 0x0000000704200000| Complete 
|   5|0x0000000704400000, 0x0000000704600000, 0x0000000704600000|100%|HC|  |TAMS 0x0000000704400000, 0x0000000704400000| Complete 
|   6|0x0000000704600000, 0x0000000704800000, 0x0000000704800000|100%|HC|  |TAMS 0x0000000704600000, 0x0000000704600000| Complete 
|   7|0x0000000704800000, 0x0000000704a00000, 0x0000000704a00000|100%|HC|  |TAMS 0x0000000704800000, 0x0000000704800000| Complete 
|   8|0x0000000704a00000, 0x0000000704c00000, 0x0000000704c00000|100%|HC|  |TAMS 0x0000000704a00000, 0x0000000704a00000| Complete 
|   9|0x0000000704c00000, 0x0000000704e00000, 0x0000000704e00000|100%|HC|  |TAMS 0x0000000704c00000, 0x0000000704c00000| Complete 
|  10|0x0000000704e00000, 0x0000000705000000, 0x0000000705000000|100%|HC|  |TAMS 0x0000000704e00000, 0x0000000704e00000| Complete 
|  11|0x0000000705000000, 0x0000000705200000, 0x0000000705200000|100%|HC|  |TAMS 0x0000000705000000, 0x0000000705000000| Complete 
|  12|0x0000000705200000, 0x0000000705400000, 0x0000000705400000|100%|HC|  |TAMS 0x0000000705200000, 0x0000000705200000| Complete 
|  13|0x0000000705400000, 0x0000000705600000, 0x0000000705600000|100%|HC|  |TAMS 0x0000000705400000, 0x0000000705400000| Complete 
|  14|0x0000000705600000, 0x0000000705800000, 0x0000000705800000|100%|HC|  |TAMS 0x0000000705600000, 0x0000000705600000| Complete 
|  15|0x0000000705800000, 0x0000000705a00000, 0x0000000705a00000|100%|HC|  |TAMS 0x0000000705800000, 0x0000000705800000| Complete 
|  16|0x0000000705a00000, 0x0000000705c00000, 0x0000000705c00000|100%|HC|  |TAMS 0x0000000705a00000, 0x0000000705a00000| Complete 
|  17|0x0000000705c00000, 0x0000000705e00000, 0x0000000705e00000|100%|HC|  |TAMS 0x0000000705c00000, 0x0000000705c00000| Complete 
|  18|0x0000000705e00000, 0x0000000706000000, 0x0000000706000000|100%|HC|  |TAMS 0x0000000705e00000, 0x0000000705e00000| Complete 
|  19|0x0000000706000000, 0x0000000706200000, 0x0000000706200000|100%|HC|  |TAMS 0x0000000706000000, 0x0000000706000000| Complete 
|  20|0x0000000706200000, 0x0000000706400000, 0x0000000706400000|100%|HC|  |TAMS 0x0000000706200000, 0x0000000706200000| Complete 
|  21|0x0000000706400000, 0x0000000706600000, 0x0000000706600000|100%|HC|  |TAMS 0x0000000706400000, 0x0000000706400000| Complete 
|  22|0x0000000706600000, 0x0000000706800000, 0x0000000706800000|100%|HC|  |TAMS 0x0000000706600000, 0x0000000706600000| Complete 
|  23|0x0000000706800000, 0x0000000706a00000, 0x0000000706a00000|100%|HC|  |TAMS 0x0000000706800000, 0x0000000706800000| Complete 
|  24|0x0000000706a00000, 0x0000000706c00000, 0x0000000706c00000|100%|HC|  |TAMS 0x0000000706a00000, 0x0000000706a00000| Complete 
|  25|0x0000000706c00000, 0x0000000706e00000, 0x0000000706e00000|100%|HC|  |TAMS 0x0000000706c00000, 0x0000000706c00000| Complete 
|  26|0x0000000706e00000, 0x0000000707000000, 0x0000000707000000|100%|HC|  |TAMS 0x0000000706e00000, 0x0000000706e00000| Complete 
|  27|0x0000000707000000, 0x0000000707200000, 0x0000000707200000|100%|HC|  |TAMS 0x0000000707000000, 0x0000000707000000| Complete 
|  28|0x0000000707200000, 0x0000000707400000, 0x0000000707400000|100%|HC|  |TAMS 0x0000000707200000, 0x0000000707200000| Complete 
|  29|0x0000000707400000, 0x0000000707600000, 0x0000000707600000|100%|HC|  |TAMS 0x0000000707400000, 0x0000000707400000| Complete 
|  30|0x0000000707600000, 0x0000000707800000, 0x0000000707800000|100%|HS|  |TAMS 0x0000000707600000, 0x0000000707600000| Complete 
|  31|0x0000000707800000, 0x0000000707800000, 0x0000000707a00000|  0%| F|  |TAMS 0x0000000707800000, 0x0000000707800000| Untracked 
|  32|0x0000000707a00000, 0x0000000707a00000, 0x0000000707c00000|  0%| F|  |TAMS 0x0000000707a00000, 0x0000000707a00000| Untracked 
|  33|0x0000000707c00000, 0x0000000707c00000, 0x0000000707e00000|  0%| F|  |TAMS 0x0000000707c00000, 0x0000000707c00000| Untracked 
|  34|0x0000000707e00000, 0x0000000708000000, 0x0000000708000000|100%| O|  |TAMS 0x0000000707e00000, 0x0000000708000000| Untracked 
|  35|0x0000000708000000, 0x000000070810e200, 0x0000000708200000| 52%| O|  |TAMS 0x0000000708000000, 0x000000070810e200| Untracked 
|  36|0x0000000708200000, 0x0000000708200000, 0x0000000708400000|  0%| F|  |TAMS 0x0000000708200000, 0x0000000708200000| Untracked 
|  37|0x0000000708400000, 0x0000000708400000, 0x0000000708600000|  0%| F|  |TAMS 0x0000000708400000, 0x0000000708400000| Untracked 
|  38|0x0000000708600000, 0x0000000708600000, 0x0000000708800000|  0%| F|  |TAMS 0x0000000708600000, 0x0000000708600000| Untracked 
|  39|0x0000000708800000, 0x0000000708800000, 0x0000000708a00000|  0%| F|  |TAMS 0x0000000708800000, 0x0000000708800000| Untracked 
|  40|0x0000000708a00000, 0x0000000708a00000, 0x0000000708c00000|  0%| F|  |TAMS 0x0000000708a00000, 0x0000000708a00000| Untracked 
|  41|0x0000000708c00000, 0x0000000708c00000, 0x0000000708e00000|  0%| F|  |TAMS 0x0000000708c00000, 0x0000000708c00000| Untracked 
|  42|0x0000000708e00000, 0x0000000708e00000, 0x0000000709000000|  0%| F|  |TAMS 0x0000000708e00000, 0x0000000708e00000| Untracked 
|  43|0x0000000709000000, 0x0000000709000000, 0x0000000709200000|  0%| F|  |TAMS 0x0000000709000000, 0x0000000709000000| Untracked 
|  44|0x0000000709200000, 0x0000000709200000, 0x0000000709400000|  0%| F|  |TAMS 0x0000000709200000, 0x0000000709200000| Untracked 
|  45|0x0000000709400000, 0x0000000709400000, 0x0000000709600000|  0%| F|  |TAMS 0x0000000709400000, 0x0000000709400000| Untracked 
|  46|0x0000000709600000, 0x0000000709600000, 0x0000000709800000|  0%| F|  |TAMS 0x0000000709600000, 0x0000000709600000| Untracked 
|  47|0x0000000709800000, 0x0000000709800000, 0x0000000709a00000|  0%| F|  |TAMS 0x0000000709800000, 0x0000000709800000| Untracked 
|  48|0x0000000709a00000, 0x0000000709a00000, 0x0000000709c00000|  0%| F|  |TAMS 0x0000000709a00000, 0x0000000709a00000| Untracked 
|  49|0x0000000709c00000, 0x0000000709c00000, 0x0000000709e00000|  0%| F|  |TAMS 0x0000000709c00000, 0x0000000709c00000| Untracked 
|  50|0x0000000709e00000, 0x0000000709e00000, 0x000000070a000000|  0%| F|  |TAMS 0x0000000709e00000, 0x0000000709e00000| Untracked 
|  51|0x000000070a000000, 0x000000070a000000, 0x000000070a200000|  0%| F|  |TAMS 0x000000070a000000, 0x000000070a000000| Untracked 
|  52|0x000000070a200000, 0x000000070a200000, 0x000000070a400000|  0%| F|  |TAMS 0x000000070a200000, 0x000000070a200000| Untracked 
|  53|0x000000070a400000, 0x000000070a400000, 0x000000070a600000|  0%| F|  |TAMS 0x000000070a400000, 0x000000070a400000| Untracked 
|  54|0x000000070a600000, 0x000000070a600000, 0x000000070a800000|  0%| F|  |TAMS 0x000000070a600000, 0x000000070a600000| Untracked 
|  55|0x000000070a800000, 0x000000070a800000, 0x000000070aa00000|  0%| F|  |TAMS 0x000000070a800000, 0x000000070a800000| Untracked 
|  56|0x000000070aa00000, 0x000000070aa00000, 0x000000070ac00000|  0%| F|  |TAMS 0x000000070aa00000, 0x000000070aa00000| Untracked 
|  57|0x000000070ac00000, 0x000000070ac00000, 0x000000070ae00000|  0%| F|  |TAMS 0x000000070ac00000, 0x000000070ac00000| Untracked 
|  58|0x000000070ae00000, 0x000000070ae00000, 0x000000070b000000|  0%| F|  |TAMS 0x000000070ae00000, 0x000000070ae00000| Untracked 
|  59|0x000000070b000000, 0x000000070b000000, 0x000000070b200000|  0%| F|  |TAMS 0x000000070b000000, 0x000000070b000000| Untracked 
|  60|0x000000070b200000, 0x000000070b200000, 0x000000070b400000|  0%| F|  |TAMS 0x000000070b200000, 0x000000070b200000| Untracked 
|  61|0x000000070b400000, 0x000000070b400000, 0x000000070b600000|  0%| F|  |TAMS 0x000000070b400000, 0x000000070b400000| Untracked 
|  62|0x000000070b600000, 0x000000070b600000, 0x000000070b800000|  0%| F|  |TAMS 0x000000070b600000, 0x000000070b600000| Untracked 
|  63|0x000000070b800000, 0x000000070b800000, 0x000000070ba00000|  0%| F|  |TAMS 0x000000070b800000, 0x000000070b800000| Untracked 
|  64|0x000000070ba00000, 0x000000070ba00000, 0x000000070bc00000|  0%| F|  |TAMS 0x000000070ba00000, 0x000000070ba00000| Untracked 
|  65|0x000000070bc00000, 0x000000070bc00000, 0x000000070be00000|  0%| F|  |TAMS 0x000000070bc00000, 0x000000070bc00000| Untracked 
|  66|0x000000070be00000, 0x000000070be00000, 0x000000070c000000|  0%| F|  |TAMS 0x000000070be00000, 0x000000070be00000| Untracked 
|  67|0x000000070c000000, 0x000000070c000000, 0x000000070c200000|  0%| F|  |TAMS 0x000000070c000000, 0x000000070c000000| Untracked 
|  68|0x000000070c200000, 0x000000070c200000, 0x000000070c400000|  0%| F|  |TAMS 0x000000070c200000, 0x000000070c200000| Untracked 
|  69|0x000000070c400000, 0x000000070c400000, 0x000000070c600000|  0%| F|  |TAMS 0x000000070c400000, 0x000000070c400000| Untracked 
|  70|0x000000070c600000, 0x000000070c600000, 0x000000070c800000|  0%| F|  |TAMS 0x000000070c600000, 0x000000070c600000| Untracked 
|  71|0x000000070c800000, 0x000000070c800000, 0x000000070ca00000|  0%| F|  |TAMS 0x000000070c800000, 0x000000070c800000| Untracked 
|  72|0x000000070ca00000, 0x000000070ca00000, 0x000000070cc00000|  0%| F|  |TAMS 0x000000070ca00000, 0x000000070ca00000| Untracked 
|  73|0x000000070cc00000, 0x000000070cc00000, 0x000000070ce00000|  0%| F|  |TAMS 0x000000070cc00000, 0x000000070cc00000| Untracked 
|  74|0x000000070ce00000, 0x000000070ce00000, 0x000000070d000000|  0%| F|  |TAMS 0x000000070ce00000, 0x000000070ce00000| Untracked 
|  75|0x000000070d000000, 0x000000070d000000, 0x000000070d200000|  0%| F|  |TAMS 0x000000070d000000, 0x000000070d000000| Untracked 
|  76|0x000000070d200000, 0x000000070d200000, 0x000000070d400000|  0%| F|  |TAMS 0x000000070d200000, 0x000000070d200000| Untracked 
|  77|0x000000070d400000, 0x000000070d400000, 0x000000070d600000|  0%| F|  |TAMS 0x000000070d400000, 0x000000070d400000| Untracked 
|  78|0x000000070d600000, 0x000000070d600000, 0x000000070d800000|  0%| F|  |TAMS 0x000000070d600000, 0x000000070d600000| Untracked 
|  79|0x000000070d800000, 0x000000070d800000, 0x000000070da00000|  0%| F|  |TAMS 0x000000070d800000, 0x000000070d800000| Untracked 
|  80|0x000000070da00000, 0x000000070da00000, 0x000000070dc00000|  0%| F|  |TAMS 0x000000070da00000, 0x000000070da00000| Untracked 
|  81|0x000000070dc00000, 0x000000070dc00000, 0x000000070de00000|  0%| F|  |TAMS 0x000000070dc00000, 0x000000070dc00000| Untracked 
|  82|0x000000070de00000, 0x000000070de00000, 0x000000070e000000|  0%| F|  |TAMS 0x000000070de00000, 0x000000070de00000| Untracked 
|  83|0x000000070e000000, 0x000000070e000000, 0x000000070e200000|  0%| F|  |TAMS 0x000000070e000000, 0x000000070e000000| Untracked 
|  84|0x000000070e200000, 0x000000070e200000, 0x000000070e400000|  0%| F|  |TAMS 0x000000070e200000, 0x000000070e200000| Untracked 
|  85|0x000000070e400000, 0x000000070e400000, 0x000000070e600000|  0%| F|  |TAMS 0x000000070e400000, 0x000000070e400000| Untracked 
|  86|0x000000070e600000, 0x000000070e600000, 0x000000070e800000|  0%| F|  |TAMS 0x000000070e600000, 0x000000070e600000| Untracked 
|  87|0x000000070e800000, 0x000000070e800000, 0x000000070ea00000|  0%| F|  |TAMS 0x000000070e800000, 0x000000070e800000| Untracked 
|  88|0x000000070ea00000, 0x000000070ea00000, 0x000000070ec00000|  0%| F|  |TAMS 0x000000070ea00000, 0x000000070ea00000| Untracked 
|  89|0x000000070ec00000, 0x000000070ec00000, 0x000000070ee00000|  0%| F|  |TAMS 0x000000070ec00000, 0x000000070ec00000| Untracked 
|  90|0x000000070ee00000, 0x000000070ee00000, 0x000000070f000000|  0%| F|  |TAMS 0x000000070ee00000, 0x000000070ee00000| Untracked 
|  91|0x000000070f000000, 0x000000070f000000, 0x000000070f200000|  0%| F|  |TAMS 0x000000070f000000, 0x000000070f000000| Untracked 
|  92|0x000000070f200000, 0x000000070f200000, 0x000000070f400000|  0%| F|  |TAMS 0x000000070f200000, 0x000000070f200000| Untracked 
|  93|0x000000070f400000, 0x000000070f400000, 0x000000070f600000|  0%| F|  |TAMS 0x000000070f400000, 0x000000070f400000| Untracked 
|  94|0x000000070f600000, 0x000000070f600000, 0x000000070f800000|  0%| F|  |TAMS 0x000000070f600000, 0x000000070f600000| Untracked 
|  95|0x000000070f800000, 0x000000070f800000, 0x000000070fa00000|  0%| F|  |TAMS 0x000000070f800000, 0x000000070f800000| Untracked 
|  96|0x000000070fa00000, 0x000000070fa00000, 0x000000070fc00000|  0%| F|  |TAMS 0x000000070fa00000, 0x000000070fa00000| Untracked 
|  97|0x000000070fc00000, 0x000000070fc00000, 0x000000070fe00000|  0%| F|  |TAMS 0x000000070fc00000, 0x000000070fc00000| Untracked 
|  98|0x000000070fe00000, 0x000000070fe00000, 0x0000000710000000|  0%| F|  |TAMS 0x000000070fe00000, 0x000000070fe00000| Untracked 
|  99|0x0000000710000000, 0x0000000710000000, 0x0000000710200000|  0%| F|  |TAMS 0x0000000710000000, 0x0000000710000000| Untracked 
| 100|0x0000000710200000, 0x0000000710200000, 0x0000000710400000|  0%| F|  |TAMS 0x0000000710200000, 0x0000000710200000| Untracked 
| 101|0x0000000710400000, 0x00000007105fd180, 0x0000000710600000| 99%| E|  |TAMS 0x0000000710400000, 0x0000000710400000| Complete 
| 102|0x0000000710600000, 0x0000000710800000, 0x0000000710800000|100%| E|CS|TAMS 0x0000000710600000, 0x0000000710600000| Complete 
| 103|0x0000000710800000, 0x0000000710a00000, 0x0000000710a00000|100%| E|CS|TAMS 0x0000000710800000, 0x0000000710800000| Complete 
| 104|0x0000000710a00000, 0x0000000710c00000, 0x0000000710c00000|100%| E|CS|TAMS 0x0000000710a00000, 0x0000000710a00000| Complete 
| 105|0x0000000710c00000, 0x0000000710e00000, 0x0000000710e00000|100%| E|CS|TAMS 0x0000000710c00000, 0x0000000710c00000| Complete 
| 106|0x0000000710e00000, 0x0000000711000000, 0x0000000711000000|100%| E|CS|TAMS 0x0000000710e00000, 0x0000000710e00000| Complete 
| 107|0x0000000711000000, 0x0000000711200000, 0x0000000711200000|100%| E|CS|TAMS 0x0000000711000000, 0x0000000711000000| Complete 
| 108|0x0000000711200000, 0x0000000711400000, 0x0000000711400000|100%| E|CS|TAMS 0x0000000711200000, 0x0000000711200000| Complete 
| 109|0x0000000711400000, 0x0000000711600000, 0x0000000711600000|100%| E|CS|TAMS 0x0000000711400000, 0x0000000711400000| Complete 
| 110|0x0000000711600000, 0x0000000711800000, 0x0000000711800000|100%| E|CS|TAMS 0x0000000711600000, 0x0000000711600000| Complete 
| 111|0x0000000711800000, 0x0000000711a00000, 0x0000000711a00000|100%| E|CS|TAMS 0x0000000711800000, 0x0000000711800000| Complete 
| 112|0x0000000711a00000, 0x0000000711c00000, 0x0000000711c00000|100%| E|CS|TAMS 0x0000000711a00000, 0x0000000711a00000| Complete 
| 113|0x0000000711c00000, 0x0000000711e00000, 0x0000000711e00000|100%| E|CS|TAMS 0x0000000711c00000, 0x0000000711c00000| Complete 
| 114|0x0000000711e00000, 0x0000000712000000, 0x0000000712000000|100%| E|CS|TAMS 0x0000000711e00000, 0x0000000711e00000| Complete 
| 115|0x0000000712000000, 0x0000000712200000, 0x0000000712200000|100%| E|CS|TAMS 0x0000000712000000, 0x0000000712000000| Complete 
| 116|0x0000000712200000, 0x0000000712400000, 0x0000000712400000|100%| E|CS|TAMS 0x0000000712200000, 0x0000000712200000| Complete 
| 117|0x0000000712400000, 0x0000000712600000, 0x0000000712600000|100%| E|CS|TAMS 0x0000000712400000, 0x0000000712400000| Complete 
| 118|0x0000000712600000, 0x0000000712800000, 0x0000000712800000|100%| E|CS|TAMS 0x0000000712600000, 0x0000000712600000| Complete 
| 119|0x0000000712800000, 0x0000000712a00000, 0x0000000712a00000|100%| E|CS|TAMS 0x0000000712800000, 0x0000000712800000| Complete 
| 120|0x0000000712a00000, 0x0000000712c00000, 0x0000000712c00000|100%| E|CS|TAMS 0x0000000712a00000, 0x0000000712a00000| Complete 
| 121|0x0000000712c00000, 0x0000000712e00000, 0x0000000712e00000|100%| E|CS|TAMS 0x0000000712c00000, 0x0000000712c00000| Complete 
| 122|0x0000000712e00000, 0x0000000712ff8070, 0x0000000713000000| 98%| S|CS|TAMS 0x0000000712e00000, 0x0000000712e00000| Complete 
| 123|0x0000000713000000, 0x0000000713200000, 0x0000000713200000|100%| S|CS|TAMS 0x0000000713000000, 0x0000000713000000| Complete 
| 124|0x0000000713200000, 0x0000000713400000, 0x0000000713400000|100%| E|CS|TAMS 0x0000000713200000, 0x0000000713200000| Complete 
| 125|0x0000000713400000, 0x0000000713600000, 0x0000000713600000|100%| E|CS|TAMS 0x0000000713400000, 0x0000000713400000| Complete 
| 126|0x0000000713600000, 0x0000000713800000, 0x0000000713800000|100%| E|CS|TAMS 0x0000000713600000, 0x0000000713600000| Complete 

Card table byte_map: [0x0000019025dd0000,0x00000190265c0000] _byte_map_base: 0x00000190225b3000

Marking Bits (Prev, Next): (CMBitMap*) 0x000001900eacdfb0, (CMBitMap*) 0x000001900eacdff0
 Prev Bits: [0x0000019026db0000, 0x000001902acc8000)
 Next Bits: [0x000001902acd0000, 0x000001902ebe8000)

Polling page: 0x000001900c920000

Metaspace:

Usage:
  Non-class:     10.04 MB used.
      Class:    976.73 KB used.
       Both:     11.00 MB used.

Virtual space:
  Non-class space:       16.00 MB reserved,      10.12 MB ( 63%) committed,  2 nodes.
      Class space:        1.00 GB reserved,       1.06 MB ( <1%) committed,  1 nodes.
             Both:        1.02 GB reserved,      11.19 MB (  1%) committed. 

Chunk freelists:
   Non-Class:  912.00 KB
       Class:  2.98 MB
        Both:  3.88 MB

MaxMetaspaceSize: unlimited
CompressedClassSpaceSize: 1.00 GB
Initial GC threshold: 21.00 MB
Current GC threshold: 21.00 MB
CDS: on
MetaspaceReclaimPolicy: balanced
 - commit_granule_bytes: 65536.
 - commit_granule_words: 8192.
 - virtual_space_node_default_size: 1048576.
 - enlarge_chunks_in_place: 1.
 - new_chunks_are_fully_committed: 0.
 - uncommit_free_chunks: 1.
 - use_allocation_guard: 0.
 - handle_deallocations: 1.


Internal statistics:

num_allocs_failed_limit: 0.
num_arena_births: 164.
num_arena_deaths: 0.
num_vsnodes_births: 3.
num_vsnodes_deaths: 0.
num_space_committed: 177.
num_space_uncommitted: 0.
num_chunks_returned_to_freelist: 0.
num_chunks_taken_from_freelist: 523.
num_chunk_merges: 0.
num_chunk_splits: 348.
num_chunks_enlarged: 262.
num_purges: 0.
num_inconsistent_stats: 0.

CodeHeap 'non-profiled nmethods': size=120000Kb used=2435Kb max_used=2435Kb free=117564Kb
 bounds [0x000001901dd80000, 0x000001901dff0000, 0x00000190252b0000]
CodeHeap 'profiled nmethods': size=120000Kb used=6917Kb max_used=6917Kb free=113082Kb
 bounds [0x0000019016850000, 0x0000019016f20000, 0x000001901dd80000]
CodeHeap 'non-nmethods': size=5760Kb used=1670Kb max_used=1709Kb free=4089Kb
 bounds [0x00000190162b0000, 0x0000019016520000, 0x0000019016850000]
 total_blobs=4490 nmethods=3393 adapters=1009
 compilation: enabled
              stopped_count=0, restarted_count=0
 full_count=0

Compilation events (20 events):
Event: 72.647 Thread 0x0000019031633f60 3389       3       com.csse3200.game.components.tasks.human.HumanMovementTask::update (47 bytes)
Event: 72.648 Thread 0x0000019031633f60 nmethod 3389 0x0000019016f0cc90 code [0x0000019016f0cf40, 0x0000019016f0ddd8]
Event: 72.648 Thread 0x0000019031633f60 3390       3       com.csse3200.game.components.tasks.human.HumanMovementTask::isAtTarget (31 bytes)
Event: 72.648 Thread 0x0000019031633f60 nmethod 3390 0x0000019016f0e390 code [0x0000019016f0e580, 0x0000019016f0eae8]
Event: 72.680 Thread 0x0000019031633f60 3391       3       com.csse3200.game.components.tasks.human.HumanMovementTask::didMove (29 bytes)
Event: 72.681 Thread 0x0000019031633f60 nmethod 3391 0x0000019016f0ed10 code [0x0000019016f0ef20, 0x0000019016f0f468]
Event: 72.748 Thread 0x000001903162ffc0 3392       4       com.badlogic.gdx.math.Vector2::<init> (5 bytes)
Event: 72.748 Thread 0x000001903162ffc0 nmethod 3392 0x000001901dfe0290 code [0x000001901dfe0400, 0x000001901dfe0478]
Event: 73.113 Thread 0x000001903162ffc0 3393       4       com.csse3200.game.components.TouchAttackComponent$$Lambda$81/0x0000000800ce94f8::handle (16 bytes)
Event: 73.115 Thread 0x000001903162ffc0 nmethod 3393 0x000001901dfe0590 code [0x000001901dfe0740, 0x000001901dfe09e8]
Event: 77.680 Thread 0x0000019031633f60 3394       3       com.csse3200.game.physics.components.HitboxComponent::<init> (5 bytes)
Event: 77.682 Thread 0x0000019031633f60 nmethod 3394 0x0000019016f0f690 code [0x0000019016f0f840, 0x0000019016f0fb88]
Event: 77.682 Thread 0x0000019031633f60 3395       3       com.csse3200.game.entities.Entity::setScale (18 bytes)
Event: 77.682 Thread 0x0000019031633f60 nmethod 3395 0x0000019016f0fd10 code [0x0000019016f0fea0, 0x0000019016f0ffd8]
Event: 77.682 Thread 0x0000019031633f60 3396       3       com.csse3200.game.physics.components.HitboxComponent::create (11 bytes)
Event: 77.683 Thread 0x0000019031633f60 nmethod 3396 0x0000019016f10090 code [0x0000019016f10260, 0x0000019016f105b8]
Event: 77.683 Thread 0x0000019031633f60 3397       3       com.csse3200.game.rendering.AnimationRenderComponent::<init> (29 bytes)
Event: 77.683 Thread 0x0000019031633f60 nmethod 3397 0x0000019016f10710 code [0x0000019016f10900, 0x0000019016f10de8]
Event: 77.689 Thread 0x0000019031633f60 3398       3       com.badlogic.gdx.utils.LongMap::putResize (52 bytes)
Event: 77.689 Thread 0x0000019031633f60 nmethod 3398 0x0000019016f10f90 code [0x0000019016f11160, 0x0000019016f11588]

GC Heap History (8 events):
Event: 1.691 GC heap before
{Heap before GC invocations=0 (full 0):
 garbage-first heap   total 260096K, used 26624K [0x0000000703a00000, 0x0000000800000000)
  region size 2048K, 11 young (22528K), 0 survivors (0K)
 Metaspace       used 6734K, committed 6976K, reserved 1064960K
  class space    used 537K, committed 640K, reserved 1048576K
}
Event: 1.694 GC heap after
{Heap after GC invocations=1 (full 0):
 garbage-first heap   total 260096K, used 3654K [0x0000000703a00000, 0x0000000800000000)
  region size 2048K, 2 young (4096K), 2 survivors (4096K)
 Metaspace       used 6734K, committed 6976K, reserved 1064960K
  class space    used 537K, committed 640K, reserved 1048576K
}
Event: 11.822 GC heap before
{Heap before GC invocations=1 (full 0):
 garbage-first heap   total 260096K, used 97862K [0x0000000703a00000, 0x0000000800000000)
  region size 2048K, 16 young (32768K), 2 survivors (4096K)
 Metaspace       used 8498K, committed 8640K, reserved 1064960K
  class space    used 688K, committed 768K, reserved 1048576K
}
Event: 11.825 GC heap after
{Heap after GC invocations=2 (full 0):
 garbage-first heap   total 260096K, used 4476K [0x0000000703a00000, 0x0000000800000000)
  region size 2048K, 1 young (2048K), 1 survivors (2048K)
 Metaspace       used 8498K, committed 8640K, reserved 1064960K
  class space    used 688K, committed 768K, reserved 1048576K
}
Event: 45.927 GC heap before
{Heap before GC invocations=2 (full 0):
 garbage-first heap   total 260096K, used 98684K [0x0000000703a00000, 0x0000000800000000)
  region size 2048K, 18 young (36864K), 1 survivors (2048K)
 Metaspace       used 10743K, committed 10944K, reserved 1064960K
  class space    used 949K, committed 1024K, reserved 1048576K
}
Event: 45.930 GC heap after
{Heap after GC invocations=3 (full 0):
 garbage-first heap   total 260096K, used 7506K [0x0000000703a00000, 0x0000000800000000)
  region size 2048K, 3 young (6144K), 3 survivors (6144K)
 Metaspace       used 10743K, committed 10944K, reserved 1064960K
  class space    used 949K, committed 1024K, reserved 1048576K
}
Event: 49.534 GC heap before
{Heap before GC invocations=3 (full 0):
 garbage-first heap   total 260096K, used 79186K [0x0000000703a00000, 0x0000000800000000)
  region size 2048K, 6 young (12288K), 3 survivors (6144K)
 Metaspace       used 10770K, committed 10944K, reserved 1064960K
  class space    used 949K, committed 1024K, reserved 1048576K
}
Event: 49.535 GC heap after
{Heap after GC invocations=4 (full 0):
 garbage-first heap   total 260096K, used 7192K [0x0000000703a00000, 0x0000000800000000)
  region size 2048K, 2 young (4096K), 2 survivors (4096K)
 Metaspace       used 10770K, committed 10944K, reserved 1064960K
  class space    used 949K, committed 1024K, reserved 1048576K
}

Deoptimization events (20 events):
Event: 65.879 Thread 0x000001900ea74670 DEOPT PACKING pc=0x0000019016ea7322 sp=0x00000025ed0ff390
Event: 65.879 Thread 0x000001900ea74670 DEOPT UNPACKING pc=0x0000019016306763 sp=0x00000025ed0fe850 mode 0
Event: 66.079 Thread 0x000001900ea74670 DEOPT PACKING pc=0x0000019016ea9666 sp=0x00000025ed0ff400
Event: 66.079 Thread 0x000001900ea74670 DEOPT UNPACKING pc=0x0000019016306763 sp=0x00000025ed0fe8b8 mode 0
Event: 67.297 Thread 0x000001900ea74670 Uncommon trap: trap_request=0xffffff45 fr.pc=0x000001901dfbc750 relative=0x00000000000000b0
Event: 67.297 Thread 0x000001900ea74670 Uncommon trap: reason=unstable_if action=reinterpret pc=0x000001901dfbc750 method=com.csse3200.game.components.tasks.scanner.ScannerTask.update()V @ 52 c2
Event: 67.297 Thread 0x000001900ea74670 DEOPT PACKING pc=0x000001901dfbc750 sp=0x00000025ed0ff3b0
Event: 67.297 Thread 0x000001900ea74670 DEOPT UNPACKING pc=0x0000019016305c23 sp=0x00000025ed0ff360 mode 2
Event: 67.813 Thread 0x000001900ea74670 Uncommon trap: trap_request=0xffffff45 fr.pc=0x000001901df95d78 relative=0x0000000000000758
Event: 67.813 Thread 0x000001900ea74670 Uncommon trap: reason=unstable_if action=reinterpret pc=0x000001901df95d78 method=com.csse3200.game.components.tasks.TrajectTask.update()V @ 28 c2
Event: 67.813 Thread 0x000001900ea74670 DEOPT PACKING pc=0x000001901df95d78 sp=0x00000025ed0ff3a0
Event: 67.813 Thread 0x000001900ea74670 DEOPT UNPACKING pc=0x0000019016305c23 sp=0x00000025ed0ff360 mode 2
Event: 77.679 Thread 0x0000019034b7ab60 Uncommon trap: trap_request=0xffffffde fr.pc=0x000001901dfdc80c relative=0x0000000000001c6c
Event: 77.681 Thread 0x0000019034b7ab60 Uncommon trap: reason=class_check action=maybe_recompile pc=0x000001901dfdc80c method=com.csse3200.game.components.TouchAttackComponent.onCollisionStart(Lcom/badlogic/gdx/physics/box2d/Fixture;Lcom/badlogic/gdx/physics/box2d/Fixture;)V @ 81 c2
Event: 77.681 Thread 0x0000019034b7ab60 DEOPT PACKING pc=0x000001901dfdc80c sp=0x00000025f0eff030
Event: 77.681 Thread 0x0000019034b7ab60 DEOPT UNPACKING pc=0x0000019016305c23 sp=0x00000025f0eff008 mode 2
Event: 77.689 Thread 0x000001900ea74670 Uncommon trap: trap_request=0xfffffff6 fr.pc=0x000001901df8b088 relative=0x0000000000000308
Event: 77.689 Thread 0x000001900ea74670 Uncommon trap: reason=null_check action=maybe_recompile pc=0x000001901df8b088 method=com.csse3200.game.physics.components.PhysicsMovementComponent.update()V @ 39 c2
Event: 77.689 Thread 0x000001900ea74670 DEOPT PACKING pc=0x000001901df8b088 sp=0x00000025ed0ff450
Event: 77.689 Thread 0x000001900ea74670 DEOPT UNPACKING pc=0x0000019016305c23 sp=0x00000025ed0ff3f0 mode 2

Classes unloaded (0 events):
No events

Classes redefined (0 events):
No events

Internal exceptions (20 events):
Event: 0.399 Thread 0x000001900ea74670 Exception <a 'sun/nio/fs/WindowsException'{0x0000000712cb7d38}> (0x0000000712cb7d38) 
thrown [t:\workspace\open\src\hotspot\share\prims\jni.cpp, line 516]
Event: 0.862 Thread 0x000001900ea74670 Exception <a 'java/lang/NoSuchMethodError'{0x0000000712d03b48}: 'java.lang.Object java.lang.invoke.DirectMethodHandle$Holder.newInvokeSpecial(java.lang.Object, long)'> (0x0000000712d03b48) 
thrown [t:\workspace\open\src\hotspot\share\interpreter\linkResolver.cpp, line 766]
Event: 1.110 Thread 0x000001900ea74670 Exception <a 'sun/nio/fs/WindowsException'{0x0000000712a25120}> (0x0000000712a25120) 
thrown [t:\workspace\open\src\hotspot\share\prims\jni.cpp, line 516]
Event: 1.110 Thread 0x000001900ea74670 Exception <a 'sun/nio/fs/WindowsException'{0x0000000712a254b0}> (0x0000000712a254b0) 
thrown [t:\workspace\open\src\hotspot\share\prims\jni.cpp, line 516]
Event: 1.112 Thread 0x000001900ea74670 Exception <a 'sun/nio/fs/WindowsException'{0x0000000712a2f810}> (0x0000000712a2f810) 
thrown [t:\workspace\open\src\hotspot\share\prims\jni.cpp, line 516]
Event: 1.112 Thread 0x000001900ea74670 Exception <a 'sun/nio/fs/WindowsException'{0x0000000712a2fae0}> (0x0000000712a2fae0) 
thrown [t:\workspace\open\src\hotspot\share\prims\jni.cpp, line 516]
Event: 1.237 Thread 0x000001900ea74670 Exception <a 'java/lang/ClassNotFoundException'{0x0000000712944470}: sun/util/logging/resources/spi/loggingProvider> (0x0000000712944470) 
thrown [t:\workspace\open\src\hotspot\share\classfile\systemDictionary.cpp, line 256]
Event: 1.251 Thread 0x000001900ea74670 Exception <a 'java/io/FileNotFoundException'{0x00000007129c5b00}> (0x00000007129c5b00) 
thrown [t:\workspace\open\src\hotspot\share\prims\jni.cpp, line 516]
Event: 1.280 Thread 0x000001900ea74670 Exception <a 'java/lang/NoSuchMethodError'{0x000000071260ccb0}: 'int java.lang.invoke.DirectMethodHandle$Holder.invokeVirtual(java.lang.Object, java.lang.Object)'> (0x000000071260ccb0) 
thrown [t:\workspace\open\src\hotspot\share\interpreter\linkResolver.cpp, line 766]
Event: 1.282 Thread 0x000001900ea74670 Exception <a 'java/lang/NoSuchMethodError'{0x00000007126170d0}: 'java.lang.Object java.lang.invoke.Invokers$Holder.invokeExact_MT(java.lang.Object, java.lang.Object, java.lang.Object, java.lang.Object, java.lang.Object, java.lang.Object)'> (0x00000007126170d0) 
thrown [t:\workspace\open\src\hotspot\share\interpreter\linkResolver.cpp, line 766]
Event: 4.411 Thread 0x000001900ea74670 Implicit null exception at 0x000001901ddf372c to 0x000001901ddf39a8
Event: 7.925 Thread 0x000001900ea74670 Exception <a 'java/lang/NoSuchMethodError'{0x00000007122c5ce0}: 'void java.lang.invoke.DirectMethodHandle$Holder.invokeStatic(java.lang.Object, java.lang.Object, java.lang.Object)'> (0x00000007122c5ce0) 
thrown [t:\workspace\open\src\hotspot\share\interpreter\linkResolver.cpp, line 766]
Event: 15.795 Thread 0x000001900ea74670 Exception <a 'java/lang/NoSuchMethodError'{0x0000000711cd1b10}: 'void java.lang.invoke.DirectMethodHandle$Holder.invokeVirtual(java.lang.Object, java.lang.Object)'> (0x0000000711cd1b10) 
thrown [t:\workspace\open\src\hotspot\share\interpreter\linkResolver.cpp, line 766]
Event: 15.796 Thread 0x000001900ea74670 Exception <a 'java/lang/NoSuchMethodError'{0x0000000711cdb298}: 'void java.lang.invoke.DirectMethodHandle$Holder.invokeVirtual(java.lang.Object, java.lang.Object, int)'> (0x0000000711cdb298) 
thrown [t:\workspace\open\src\hotspot\share\interpreter\linkResolver.cpp, line 766]
Event: 15.843 Thread 0x000001900ea74670 Exception <a 'java/lang/NoSuchMethodError'{0x0000000711d78778}: 'void java.lang.invoke.DirectMethodHandle$Holder.invokeVirtual(java.lang.Object, java.lang.Object, java.lang.Object, java.lang.Object)'> (0x0000000711d78778) 
thrown [t:\workspace\open\src\hotspot\share\interpreter\linkResolver.cpp, line 766]
Event: 15.874 Thread 0x000001900ea74670 Exception <a 'java/lang/NoSuchMethodError'{0x0000000711a45390}: 'void java.lang.invoke.DirectMethodHandle$Holder.invokeVirtual(java.lang.Object, java.lang.Object, java.lang.Object, int)'> (0x0000000711a45390) 
thrown [t:\workspace\open\src\hotspot\share\interpreter\linkResolver.cpp, line 766]
Event: 35.876 Thread 0x00000190348138e0 Implicit null exception at 0x000001901de478b2 to 0x000001901de47abc
Event: 53.231 Thread 0x000001900ea74670 Exception <a 'java/lang/NoSuchMethodError'{0x0000000711b05260}: 'void java.lang.invoke.DirectMethodHandle$Holder.invokeStatic(java.lang.Object, java.lang.Object, java.lang.Object, java.lang.Object)'> (0x0000000711b05260) 
thrown [t:\workspace\open\src\hotspot\share\interpreter\linkResolver.cpp, line 766]
Event: 53.234 Thread 0x000001900ea74670 Exception <a 'java/lang/NoSuchMethodError'{0x0000000711b105e8}: 'int java.lang.invoke.DirectMethodHandle$Holder.invokeInterface(java.lang.Object, java.lang.Object)'> (0x0000000711b105e8) 
thrown [t:\workspace\open\src\hotspot\share\interpreter\linkResolver.cpp, line 766]
Event: 77.689 Thread 0x000001900ea74670 Implicit null exception at 0x000001901df8addc to 0x000001901df8b07c

VM Operations (20 events):
Event: 63.543 Executing VM operation: Cleanup
Event: 63.543 Executing VM operation: Cleanup done
Event: 64.543 Executing VM operation: Cleanup
Event: 64.544 Executing VM operation: Cleanup done
Event: 65.544 Executing VM operation: Cleanup
Event: 65.544 Executing VM operation: Cleanup done
Event: 66.545 Executing VM operation: Cleanup
Event: 66.545 Executing VM operation: Cleanup done
Event: 67.545 Executing VM operation: Cleanup
Event: 67.546 Executing VM operation: Cleanup done
Event: 68.546 Executing VM operation: Cleanup
Event: 68.546 Executing VM operation: Cleanup done
Event: 69.547 Executing VM operation: Cleanup
Event: 69.547 Executing VM operation: Cleanup done
Event: 70.547 Executing VM operation: Cleanup
Event: 70.547 Executing VM operation: Cleanup done
Event: 71.547 Executing VM operation: Cleanup
Event: 71.548 Executing VM operation: Cleanup done
Event: 72.548 Executing VM operation: Cleanup
Event: 72.548 Executing VM operation: Cleanup done

Events (20 events):
Event: 65.714 Thread 0x000001903eca8510 Thread added: 0x000001903eca8510
Event: 66.047 Thread 0x000001903eca9380 Thread added: 0x000001903eca9380
Event: 66.430 Thread 0x000001903eca89e0 Thread added: 0x000001903eca89e0
Event: 66.481 Thread 0x000001903eca8eb0 Thread added: 0x000001903eca8eb0
Event: 66.697 Thread 0x000001903eca9850 Thread added: 0x000001903eca9850
Event: 67.280 Thread 0x000001903ecaa1f0 Thread added: 0x000001903ecaa1f0
Event: 67.397 Thread 0x000001903eca9d20 Thread added: 0x000001903eca9d20
Event: 68.064 Thread 0x000001903ecaab90 Thread added: 0x000001903ecaab90
Event: 68.147 Thread 0x000001903ecaba00 Thread added: 0x000001903ecaba00
Event: 68.730 Thread 0x000001903ecab530 Thread added: 0x000001903ecab530
Event: 68.847 Thread 0x0000019034b789b0 Thread added: 0x0000019034b789b0
Event: 69.397 Thread 0x0000019034b73310 Thread added: 0x0000019034b73310
Event: 69.763 Thread 0x0000019034b79350 Thread added: 0x0000019034b79350
Event: 70.080 Thread 0x0000019034b75e60 Thread added: 0x0000019034b75e60
Event: 70.514 Thread 0x0000019034b7ab60 Thread added: 0x0000019034b7ab60
Event: 70.747 Thread 0x0000019034b74180 Thread added: 0x0000019034b74180
Event: 71.365 Thread 0x0000019034b74b20 Thread added: 0x0000019034b74b20
Event: 71.431 Thread 0x0000019034b77670 Thread added: 0x0000019034b77670
Event: 72.097 Thread 0x0000019034b77b40 Thread added: 0x0000019034b77b40
Event: 72.730 Thread 0x0000019034b76800 Thread added: 0x0000019034b76800


Dynamic libraries:
0x00007ff643d90000 - 0x00007ff643d9e000 	C:\Program Files\Java\jdk-17.0.2\bin\java.exe
0x00007ff8ac170000 - 0x00007ff8ac368000 	C:\WINDOWS\SYSTEM32\ntdll.dll
0x00007ff8aa810000 - 0x00007ff8aa8cd000 	C:\WINDOWS\System32\KERNEL32.DLL
0x00007ff8a9ed0000 - 0x00007ff8aa1c6000 	C:\WINDOWS\System32\KERNELBASE.dll
0x00007ff8a98f0000 - 0x00007ff8a99f0000 	C:\WINDOWS\System32\ucrtbase.dll
0x00007ff8871c0000 - 0x00007ff8871d8000 	C:\Program Files\Java\jdk-17.0.2\bin\jli.dll
0x00007ff871500000 - 0x00007ff87151a000 	C:\Program Files\Java\jdk-17.0.2\bin\VCRUNTIME140.dll
0x00007ff8abcd0000 - 0x00007ff8abe6e000 	C:\WINDOWS\System32\USER32.dll
0x00007ff8a99f0000 - 0x00007ff8a9a12000 	C:\WINDOWS\System32\win32u.dll
0x00007ff8ab350000 - 0x00007ff8ab37c000 	C:\WINDOWS\System32\GDI32.dll
0x00007ff893940000 - 0x00007ff893bda000 	C:\WINDOWS\WinSxS\amd64_microsoft.windows.common-controls_6595b64144ccf1df_6.0.19041.1110_none_60b5254171f9507e\COMCTL32.dll
0x00007ff8a9a50000 - 0x00007ff8a9b6a000 	C:\WINDOWS\System32\gdi32full.dll
0x00007ff8a9850000 - 0x00007ff8a98ed000 	C:\WINDOWS\System32\msvcp_win.dll
0x00007ff8abb80000 - 0x00007ff8abc1e000 	C:\WINDOWS\System32\msvcrt.dll
0x00007ff8ab380000 - 0x00007ff8ab3b0000 	C:\WINDOWS\System32\IMM32.DLL
0x00007ff89e8b0000 - 0x00007ff89e8bc000 	C:\Program Files\Java\jdk-17.0.2\bin\vcruntime140_1.dll
0x00007ff857c70000 - 0x00007ff857cfd000 	C:\Program Files\Java\jdk-17.0.2\bin\msvcp140.dll
0x00007fffeff40000 - 0x00007ffff0b01000 	C:\Program Files\Java\jdk-17.0.2\bin\server\jvm.dll
0x00007ff8aaaf0000 - 0x00007ff8aab9e000 	C:\WINDOWS\System32\ADVAPI32.dll
0x00007ff8abc20000 - 0x00007ff8abcbc000 	C:\WINDOWS\System32\sechost.dll
0x00007ff8ab150000 - 0x00007ff8ab276000 	C:\WINDOWS\System32\RPCRT4.dll
0x00007ff8ab090000 - 0x00007ff8ab098000 	C:\WINDOWS\System32\PSAPI.DLL
0x00007ff8a7e10000 - 0x00007ff8a7e37000 	C:\WINDOWS\SYSTEM32\WINMM.dll
0x00007ff8887b0000 - 0x00007ff8887b9000 	C:\WINDOWS\SYSTEM32\WSOCK32.dll
0x00007ff8ab2e0000 - 0x00007ff8ab34b000 	C:\WINDOWS\System32\WS2_32.dll
0x00007ff8a3a80000 - 0x00007ff8a3a8a000 	C:\WINDOWS\SYSTEM32\VERSION.dll
0x00007ff8a8070000 - 0x00007ff8a8082000 	C:\WINDOWS\SYSTEM32\kernel.appcore.dll
0x00007ff8917d0000 - 0x00007ff8917da000 	C:\Program Files\Java\jdk-17.0.2\bin\jimage.dll
0x00007ff8a7c20000 - 0x00007ff8a7e04000 	C:\WINDOWS\SYSTEM32\DBGHELP.DLL
0x00007ff8a7bd0000 - 0x00007ff8a7c04000 	C:\WINDOWS\SYSTEM32\dbgcore.DLL
0x00007ff8a9d90000 - 0x00007ff8a9e12000 	C:\WINDOWS\System32\bcryptPrimitives.dll
0x00007ff857c40000 - 0x00007ff857c65000 	C:\Program Files\Java\jdk-17.0.2\bin\java.dll
0x00007ff857410000 - 0x00007ff8574e6000 	C:\Program Files\Java\jdk-17.0.2\bin\jsvml.dll
0x00007ff8ab3b0000 - 0x00007ff8abaf5000 	C:\WINDOWS\System32\SHELL32.dll
0x00007ff8a7430000 - 0x00007ff8a7bcb000 	C:\WINDOWS\SYSTEM32\windows.storage.dll
0x00007ff8aa1d0000 - 0x00007ff8aa524000 	C:\WINDOWS\System32\combase.dll
0x00007ff8a9290000 - 0x00007ff8a92be000 	C:\WINDOWS\SYSTEM32\Wldp.dll
0x00007ff8ab0a0000 - 0x00007ff8ab14d000 	C:\WINDOWS\System32\SHCORE.dll
0x00007ff8ab030000 - 0x00007ff8ab085000 	C:\WINDOWS\System32\shlwapi.dll
0x00007ff8a9780000 - 0x00007ff8a97a5000 	C:\WINDOWS\SYSTEM32\profapi.dll
0x00007ff85a070000 - 0x00007ff85a089000 	C:\Program Files\Java\jdk-17.0.2\bin\net.dll
0x00007ff89dd80000 - 0x00007ff89de8a000 	C:\WINDOWS\SYSTEM32\WINHTTP.dll
0x00007ff8a8ff0000 - 0x00007ff8a905a000 	C:\WINDOWS\system32\mswsock.dll
0x00007ff859eb0000 - 0x00007ff859ec6000 	C:\Program Files\Java\jdk-17.0.2\bin\nio.dll
0x00007ff867860000 - 0x00007ff867878000 	C:\Program Files\Java\jdk-17.0.2\bin\zip.dll
0x00007ff8871a0000 - 0x00007ff8871b0000 	C:\Program Files\Java\jdk-17.0.2\bin\verify.dll
0x0000000062910000 - 0x0000000062939000 	C:\Users\Joey\AppData\Local\Temp\libgdxJoey\e787ab0a\gdx64.dll
0x00007ff8581f0000 - 0x00007ff858265000 	C:\Users\Joey\AppData\Local\Temp\lwjglJoey\3.3.1-build-7\lwjgl.dll
0x00007ff82eac0000 - 0x00007ff82ed19000 	C:\Users\Joey\AppData\Local\Temp\lwjglJoey\3.3.1-build-7\jemalloc.dll
0x00007ff857f50000 - 0x00007ff857fb1000 	C:\Users\Joey\AppData\Local\Temp\lwjglJoey\3.3.1-build-7\glfw.dll
0x00007ff8585e0000 - 0x00007ff858625000 	C:\WINDOWS\SYSTEM32\dinput8.dll
0x00007ff894d10000 - 0x00007ff894d21000 	C:\WINDOWS\SYSTEM32\xinput1_4.dll
0x00007ff8a9b70000 - 0x00007ff8a9bbe000 	C:\WINDOWS\System32\cfgmgr32.dll
0x00007ff8a9440000 - 0x00007ff8a9473000 	C:\WINDOWS\SYSTEM32\DEVOBJ.dll
0x00007ff8a6ea0000 - 0x00007ff8a6ecf000 	C:\WINDOWS\SYSTEM32\dwmapi.dll
0x00007ff895130000 - 0x00007ff895282000 	C:\WINDOWS\SYSTEM32\inputhost.dll
0x00007ff8aa530000 - 0x00007ff8aa5fd000 	C:\WINDOWS\System32\OLEAUT32.dll
0x00007ff8a4eb0000 - 0x00007ff8a5005000 	C:\WINDOWS\SYSTEM32\wintypes.dll
0x00007ff8a4d20000 - 0x00007ff8a4e16000 	C:\WINDOWS\SYSTEM32\PROPSYS.dll
0x00007ff8a6700000 - 0x00007ff8a67f2000 	C:\WINDOWS\SYSTEM32\CoreMessaging.dll
0x00007ff8a63a0000 - 0x00007ff8a66fe000 	C:\WINDOWS\SYSTEM32\CoreUIComponents.dll
0x00007ff8a89b0000 - 0x00007ff8a89e3000 	C:\WINDOWS\SYSTEM32\ntmarta.dll
0x00007ff8a6bd0000 - 0x00007ff8a6c6e000 	C:\WINDOWS\system32\uxtheme.dll
0x00007ff8abe70000 - 0x00007ff8abf84000 	C:\WINDOWS\System32\MSCTF.dll
0x00007ff83aef0000 - 0x00007ff83b087000 	C:\Users\Joey\AppData\Local\Temp\lwjglJoey\3.3.1-build-7\OpenAL.dll
0x00007ff8aa6e0000 - 0x00007ff8aa80a000 	C:\WINDOWS\System32\ole32.dll
0x00007ff8abf90000 - 0x00007ff8ac039000 	C:\WINDOWS\System32\clbcatq.dll
0x00007ff8a2180000 - 0x00007ff8a2205000 	C:\WINDOWS\System32\MMDevApi.dll
0x00007ff8a2480000 - 0x00007ff8a2602000 	C:\WINDOWS\SYSTEM32\AUDIOSES.DLL
0x00007ff8a8e00000 - 0x00007ff8a8e4b000 	C:\WINDOWS\SYSTEM32\powrprof.dll
0x00007ff8a8c70000 - 0x00007ff8a8c82000 	C:\WINDOWS\SYSTEM32\UMPDC.dll
0x00007ff8a6cb0000 - 0x00007ff8a6cc4000 	C:\WINDOWS\SYSTEM32\resourcepolicyclient.dll
0x00007ff86fc80000 - 0x00007ff86fda5000 	C:\WINDOWS\SYSTEM32\opengl32.dll
0x00007ff87e430000 - 0x00007ff87e45c000 	C:\WINDOWS\SYSTEM32\GLU32.dll
0x00007ff8a14e0000 - 0x00007ff8a15e2000 	C:\Windows\System32\AppXDeploymentClient.dll
0x00007fffeeed0000 - 0x00007fffeff37000 	C:\WINDOWS\System32\DriverStore\FileRepository\iigd_dch.inf_amd64_d8b7fef7fc5b1320\ig11icd64.dll
0x00007ff8a80e0000 - 0x00007ff8a81d3000 	C:\WINDOWS\system32\dxgi.dll
0x00007ff8115e0000 - 0x00007ff8119cc000 	C:\WINDOWS\System32\DriverStore\FileRepository\iigd_dch.inf_amd64_d8b7fef7fc5b1320\igdml64.dll
0x00007ff89d020000 - 0x00007ff89d2e8000 	C:\WINDOWS\System32\DriverStore\FileRepository\iigd_dch.inf_amd64_d8b7fef7fc5b1320\igdgmm64.dll
0x00007ff8989b0000 - 0x00007ff89b577000 	C:\WINDOWS\System32\DriverStore\FileRepository\iigd_dch.inf_amd64_d8b7fef7fc5b1320\igc64.dll
0x00007ff856e60000 - 0x00007ff856ebd000 	C:\Users\Joey\AppData\Local\Temp\lwjglJoey\3.3.1-build-7\lwjgl_opengl.dll
0x00007ff89e2d0000 - 0x00007ff89e3ca000 	C:\WINDOWS\SYSTEM32\textinputframework.dll
0x00000000628b0000 - 0x000000006290a000 	C:\Users\Joey\AppData\Local\Temp\libgdxJoey\888fe1bc\gdx-box2d64.dll

dbghelp: loaded successfully - version: 4.0.5 - missing functions: none
symbol engine: initialized successfully - sym options: 0x614 - pdb path: .;C:\Program Files\Java\jdk-17.0.2\bin;C:\WINDOWS\SYSTEM32;C:\WINDOWS\WinSxS\amd64_microsoft.windows.common-controls_6595b64144ccf1df_6.0.19041.1110_none_60b5254171f9507e;C:\Program Files\Java\jdk-17.0.2\bin\server;C:\Users\Joey\AppData\Local\Temp\libgdxJoey\e787ab0a;C:\Users\Joey\AppData\Local\Temp\lwjglJoey\3.3.1-build-7;C:\WINDOWS\System32\DriverStore\FileRepository\iigd_dch.inf_amd64_d8b7fef7fc5b1320;C:\Users\Joey\AppData\Local\Temp\libgdxJoey\888fe1bc

VM Arguments:
jvm_args: -XX:+ShowCodeDetailsInExceptionMessages 
java_command: com.csse3200.game.desktop.DesktopLauncher
java_class_path (initial): C:\Users\Joey\OneDrive\Desktop\CSSE3200\repos\2023-studio-3\source\desktop\bin\main;\csse3200-game-core\bin\default;C:\Users\Joey\OneDrive\Desktop\CSSE3200\repos\2023-studio-3\source\core\bin\main;C:\Users\Joey\.gradle\caches\modules-2\files-2.1\com.badlogicgames.gdx\gdx-backend-lwjgl3\1.11.0\58a96db4cd349be4292d547856aa1e1c5f065f4e\gdx-backend-lwjgl3-1.11.0.jar;C:\Users\Joey\.gradle\caches\modules-2\files-2.1\com.badlogicgames.gdx\gdx-platform\1.11.0\697fb13eada6d3c6ca648c9788692b0159add126\gdx-platform-1.11.0-natives-desktop.jar;C:\Users\Joey\.gradle\caches\modules-2\files-2.1\com.badlogicgames.gdx\gdx-box2d-platform\1.11.0\62ff9baa1e57a11e0a4428a38c9660bf9f312fdc\gdx-box2d-platform-1.11.0-natives-desktop.jar;C:\Users\Joey\.gradle\caches\modules-2\files-2.1\com.badlogicgames.gdx\gdx-tools\1.11.0\a5d30eafd0f2fbab314efdf6d98ebc27388b7c0a\gdx-tools-1.11.0.jar;C:\Users\Joey\.gradle\caches\modules-2\files-2.1\com.badlogicgames.gdx-controllers\gdx-controllers-desktop\2.2.2\625b3bdbe803e9c4af181b4791202cfcf776d805\gdx-controllers-desktop-2.2.2.jar;C:\Users\Joey\.gradle\caches\modules-2\files-2.1\com.badlogicgames.gdx\gdx-backend-lwjgl\1.11.0\33555a2cf8b4d9db4122b2fe42e7674b343d8b4\gdx-backend-lwjgl-1.11.0.jar;C:\Users\Joey\.gradle\caches\modules-2\files-2.1\com.badlogicgames.gdx\gdx-freetype\1.11.0\a3634ad2e6c56d251268d6ab5c0f66eee2841f2c\gdx-freetype-1.11.0.jar;C:\Users\Joey\.gradle\caches\modules-2\files-2.1\com.badlogicgames.gdx\gdx-backend-headless\1.11.0\3c3d0c951db72891d894df1725d09179fd0bca00\gdx-backend-headless-1.11.0.jar;C:\Users\Joey\.gradle\caches\modules-2\files-2.1\net.dermetfan.libgdx-utils\libgdx-utils-box2d\0.13.4\918d79a20ea3c898cdb3611782c5b2bfa6ec575b\libgdx-utils-box2d-0.13.4.jar;C:\Users\Joey\.gradle\caches\modules-2\files-2.1\com.badlogicgames.gdx\gdx-box2d\1.11.0\ad4facee800dd945d6d6e93dea2936bc135b5f\gdx-box2d-1.11.0.jar;C:\Users\Joey\.gradle\caches\modules-2\files-2.1\net.dermetfan.libgdx-utils\libgdx-utils\0.13.4\27
Launcher Type: SUN_STANDARD

[Global flags]
     intx CICompilerCount                          = 4                                         {product} {ergonomic}
     uint ConcGCThreads                            = 2                                         {product} {ergonomic}
     uint G1ConcRefinementThreads                  = 8                                         {product} {ergonomic}
   size_t G1HeapRegionSize                         = 2097152                                   {product} {ergonomic}
    uintx GCDrainStackTargetSize                   = 64                                        {product} {ergonomic}
   size_t InitialHeapSize                          = 266338304                                 {product} {ergonomic}
   size_t MarkStackSize                            = 4194304                                   {product} {ergonomic}
   size_t MaxHeapSize                              = 4234149888                                {product} {ergonomic}
   size_t MaxNewSize                               = 2539651072                                {product} {ergonomic}
   size_t MinHeapDeltaBytes                        = 2097152                                   {product} {ergonomic}
   size_t MinHeapSize                              = 8388608                                   {product} {ergonomic}
    uintx NonNMethodCodeHeapSize                   = 5839372                                {pd product} {ergonomic}
    uintx NonProfiledCodeHeapSize                  = 122909434                              {pd product} {ergonomic}
    uintx ProfiledCodeHeapSize                     = 122909434                              {pd product} {ergonomic}
    uintx ReservedCodeCacheSize                    = 251658240                              {pd product} {ergonomic}
     bool SegmentedCodeCache                       = true                                      {product} {ergonomic}
     bool ShowCodeDetailsInExceptionMessages       = true                                   {manageable} {command line}
   size_t SoftMaxHeapSize                          = 4234149888                             {manageable} {ergonomic}
     bool UseCompressedClassPointers               = true                           {product lp64_product} {ergonomic}
     bool UseCompressedOops                        = true                           {product lp64_product} {ergonomic}
     bool UseG1GC                                  = true                                      {product} {ergonomic}
     bool UseLargePagesIndividualAllocation        = false                                  {pd product} {ergonomic}

Logging:
Log output configuration:
 #0: stdout all=warning uptime,level,tags
 #1: stderr all=off uptime,level,tags

Environment Variables:
JAVA_HOME=C:\Program Files\Java\jdk-17.0.2
PATH=C:\Windows\system32;C:\Windows;C:\Windows\System32\Wbem;C:\Windows\System32\WindowsPowerShell\v1.0\;C:\Windows\System32\OpenSSH\;C:\Program Files\NVIDIA Corporation\NVIDIA NvDLISR;C:\WINDOWS\system32;C:\WINDOWS;C:\WINDOWS\System32\Wbem;C:\WINDOWS\System32\WindowsPowerShell\v1.0\;C:\WINDOWS\System32\OpenSSH\;C:\Program Files\dotnet\;C:\Program Files (x86)\NVIDIA Corporation\PhysX\Common;C:\Program Files\Git\cmd;C:\Program Files\Java\jdk-17.0.2\bin;C:\Users\Joey\AppData\Local\Microsoft\WindowsApps;;C:\Users\Joey\AppData\Local\Programs\Microsoft VS Code\bin
USERNAME=Joey
LANG=en_US.UTF-8
OS=Windows_NT
PROCESSOR_IDENTIFIER=Intel64 Family 6 Model 126 Stepping 5, GenuineIntel



---------------  S Y S T E M  ---------------

OS:
 Windows 10 , 64 bit Build 19041 (10.0.19041.3393)
OS uptime: 2 days 5:31 hours

CPU: total 8 (initial active 8) (4 cores per cpu, 2 threads per core) family 6 model 126 stepping 5 microcode 0xbc, cx8, cmov, fxsr, ht, mmx, 3dnowpref, sse, sse2, sse3, ssse3, sse4.1, sse4.2, popcnt, lzcnt, tsc, tscinvbit, avx, avx2, aes, erms, clmul, bmi1, bmi2, adx, avx512f, avx512dq, avx512cd, avx512bw, avx512vl, sha, fma, vzeroupper, avx512_vpopcntdq, avx512_vpclmulqdq, avx512_vaes, avx512_vnni, clflush, clflushopt, avx512_vbmi2, avx512_vbmi

Memory: 4k page, system-wide physical 16151M (5498M free)
TotalPageFile size 22807M (AvailPageFile size 7442M)
current process WorkingSet (physical memory assigned to process): 508M, peak: 2470M
current process commit charge ("private bytes"): 681M, peak: 2648M

vm_info: OpenJDK 64-Bit Server VM (17.0.2+8-86) for windows-amd64 JRE (17.0.2+8-86), built on Dec  7 2021 21:49:10 by "mach5one" with MS VC++ 16.8 / 16.9 (VS2019)

END.
