#
# A fatal error has been detected by the Java Runtime Environment:
#
#  EXCEPTION_ACCESS_VIOLATION (0xc0000005) at pc=0x00000000503eb9e2, pid=29160, tid=25180
#
# JRE version: Java(TM) SE Runtime Environment (17.0.6+9) (build 17.0.6+9-LTS-190)
# Java VM: Java HotSpot(TM) 64-Bit Server VM (17.0.6+9-LTS-190, mixed mode, sharing, tiered, compressed oops, compressed class ptrs, g1 gc, windows-amd64)
# Problematic frame:
# C  [gdx-box2d64.dll+0x3b9e2]
#
# No core dump will be written. Minidumps are not enabled by default on client versions of Windows
#
# If you would like to submit a bug report, please visit:
#   https://bugreport.java.com/bugreport/crash.jsp
# The crash happened outside the Java Virtual Machine in native code.
# See problematic frame for where to report the bug.
#

---------------  S U M M A R Y ------------

Command Line: -XX:+ShowCodeDetailsInExceptionMessages com.csse3200.game.desktop.DesktopLauncher

Host: AMD Ryzen 7 5700U with Radeon Graphics         , 16 cores, 15G,  Windows 10 , 64 bit Build 19041 (10.0.19041.3393)
Time: Sat Sep 30 14:36:51 2023 E. Australia Standard Time elapsed time: 55.727340 seconds (0d 0h 0m 55s)

---------------  T H R E A D  ---------------

Current thread (0x000002a62db60e50):  JavaThread "main" [_thread_in_native, id=25180, stack(0x000000f717b00000,0x000000f717c00000)]

Stack: [0x000000f717b00000,0x000000f717c00000],  sp=0x000000f717bfe9c0,  free space=1018k
Native frames: (J=compiled Java code, j=interpreted, Vv=VM code, C=native code)
C  [gdx-box2d64.dll+0x3b9e2]

Java frames: (J=compiled Java code, j=interpreted, Vv=VM code)
J 2610  com.badlogic.gdx.physics.box2d.World.jniRayCast(JFFFF)V (0 bytes) @ 0x000002a63d0c75f9 [0x000002a63d0c75a0+0x0000000000000059]
J 3113 c2 com.csse3200.game.components.tasks.FireTowerCombatTask.getPriority()I (16 bytes) @ 0x000002a63d134054 [0x000002a63d133f20+0x0000000000000134]
J 3186 c2 com.csse3200.game.ai.tasks.AITaskComponent.update()V (42 bytes) @ 0x000002a63d150d6c [0x000002a63d150b80+0x00000000000001ec]
J 3169 c2 com.csse3200.game.entities.EntityService.update()V (39 bytes) @ 0x000002a63d14ec0c [0x000002a63d14e940+0x00000000000002cc]
J 3002 c1 com.csse3200.game.screens.MainGameScreen.render(F)V (122 bytes) @ 0x000002a6359b35fc [0x000002a6359b2f80+0x000000000000067c]
J 2844 c1 com.badlogic.gdx.backends.lwjgl3.Lwjgl3Window.update()Z (217 bytes) @ 0x000002a6359785fc [0x000002a635977880+0x0000000000000d7c]
j  com.badlogic.gdx.backends.lwjgl3.Lwjgl3Application.loop()V+111
j  com.badlogic.gdx.backends.lwjgl3.Lwjgl3Application.<init>(Lcom/badlogic/gdx/ApplicationListener;Lcom/badlogic/gdx/backends/lwjgl3/Lwjgl3ApplicationConfiguration;)V+269
j  com.csse3200.game.desktop.DesktopLauncher.main([Ljava/lang/String;)V+19
v  ~StubRoutines::call_stub

siginfo: EXCEPTION_ACCESS_VIOLATION (0xc0000005), reading address 0x0000000000000000


Register to memory mapping:

RIP=0x00000000503eb9e2 gdx-box2d64.dll
RAX=0x000002a65d2e50c0 points into unknown readable memory: 0x000002a65d2e55e0 | e0 55 2e 5d a6 02 00 00
RBX=0x000002a65d2013d0 points into unknown readable memory: 0x000002a65d202390 | 90 23 20 5d a6 02 00 00
RCX=0x0 is NULL
RDX=0x000002a65d21d500 points into unknown readable memory: 0x000002a65d21eac0 | c0 ea 21 5d a6 02 00 00
RSP=0x000000f717bfe9c0 is pointing into the stack for thread: 0x000002a62db60e50
RBP=0x000002a65d25eb50 points into unknown readable memory: 0x000000000000013f | 3f 01 00 00 00 00 00 00
RSI=0x000000f717bfea14 is pointing into the stack for thread: 0x000002a62db60e50
RDI=0x000000f717bfea48 is pointing into the stack for thread: 0x000002a62db60e50
R8 =0x0 is NULL
R9 =0x0000000000000002 is an unknown value
R10=0x000002a62db50c70 points into unknown readable memory: 0x0000004000000001 | 01 00 00 00 40 00 00 00
R11=0x000000f717bfe900 is pointing into the stack for thread: 0x000002a62db60e50
R12=0x000000f717bfef70 is pointing into the stack for thread: 0x000002a62db60e50
R13=0x000000f717bfea40 is pointing into the stack for thread: 0x000002a62db60e50
R14=0x000000f717bfef60 is pointing into the stack for thread: 0x000002a62db60e50
R15=0x000000f717bfea20 is pointing into the stack for thread: 0x000002a62db60e50


Registers:
RAX=0x000002a65d2e50c0, RBX=0x000002a65d2013d0, RCX=0x0000000000000000, RDX=0x000002a65d21d500
RSP=0x000000f717bfe9c0, RBP=0x000002a65d25eb50, RSI=0x000000f717bfea14, RDI=0x000000f717bfea48
R8 =0x0000000000000000, R9 =0x0000000000000002, R10=0x000002a62db50c70, R11=0x000000f717bfe900
R12=0x000000f717bfef70, R13=0x000000f717bfea40, R14=0x000000f717bfef60, R15=0x000000f717bfea20
RIP=0x00000000503eb9e2, EFLAGS=0x0000000000010287

Top of Stack: (sp=0x000000f717bfe9c0)
0x000000f717bfe9c0:   8000000000000000 0000000000003fff
0x000000f717bfe9d0:   3ff000003f800000 0000000000000000
0x000000f717bfe9e0:   000000003e8fa4e3 0000000000000000
0x000000f717bfe9f0:   800000003f800000 3f8000003f800000
0x000000f717bfea00:   000000f717bfeb48 417b8e1c503e3ced
0x000000f717bfea10:   bf80000040200000 3e8fa4e300000000
0x000000f717bfea20:   4020000040900000 4020000042320000
0x000000f717bfea30:   000000003f800000 00000000503bae81
0x000000f717bfea40:   000000f717bfea48 000001990000009f
0x000000f717bfea50:   0000001300000017 0000018e0000006e
0x000000f717bfea60:   000000c20000015a 3d1ba98000000152
0x000000f717bfea70:   3ba3d70a17bfebf0 0000000000000000
0x000000f717bfea80:   0000000000000000 0000000040000000
0x000000f717bfea90:   000000004008d56b 4170979700000000
0x000000f717bfeaa0:   0000000000000000 41705ae94008d50c
0x000000f717bfeab0:   4000000000000000 800000003f800000 

Instructions: (pc=0x00000000503eb9e2)
0x00000000503eb8e2:   0f 28 bc 24 a0 04 00 00 44 0f 28 84 24 b0 04 00
0x00000000503eb8f2:   00 44 0f 28 8c 24 c0 04 00 00 44 0f 28 94 24 d0
0x00000000503eb902:   04 00 00 44 0f 28 9c 24 e0 04 00 00 44 0f 28 a4
0x00000000503eb912:   24 f0 04 00 00 44 0f 28 ac 24 00 05 00 00 44 0f
0x00000000503eb922:   28 b4 24 10 05 00 00 44 0f 28 bc 24 20 05 00 00
0x00000000503eb932:   48 81 c4 38 05 00 00 5b 5e 5f 5d 41 5c 41 5d 41
0x00000000503eb942:   5e 41 5f c3 66 2e 0f 1f 84 00 00 00 00 00 45 0f
0x00000000503eb952:   28 d3 f3 44 0f 11 64 24 30 e9 3a fd ff ff 48 8d
0x00000000503eb962:   15 71 5f 00 00 48 8d 0d d9 60 00 00 41 b8 d1 00
0x00000000503eb972:   00 00 e8 17 82 ff ff e9 da fc ff ff 66 90 49 8b
0x00000000503eb982:   04 24 f3 0f 10 5c 24 3c 85 d2 f3 0f 11 5c 24 70
0x00000000503eb992:   49 8b 36 48 89 44 24 60 49 8b 44 24 08 48 89 44
0x00000000503eb9a2:   24 68 78 05 3b 56 14 7c 19 48 8d 15 26 5f 00 00
0x00000000503eb9b2:   48 8d 0d 47 5f 00 00 41 b8 9e 00 00 00 e8 cc 81
0x00000000503eb9c2:   ff ff 48 8b 46 08 48 8d 74 24 54 48 8b 44 18 10
0x00000000503eb9d2:   48 8b 58 10 44 8b 40 18 48 8b 4b 18 48 8b 53 10
0x00000000503eb9e2:   48 8b 01 4c 8d 4a 0c 44 89 44 24 20 48 89 f2 4d
0x00000000503eb9f2:   89 f8 ff 50 28 84 c0 f3 0f 10 44 24 70 0f 85 37
0x00000000503eba02:   01 00 00 0f 2e c6 7a 06 0f 84 a1 01 00 00 0f 2e
0x00000000503eba12:   c6 76 4f 45 0f 28 cb 45 0f 28 c4 41 0f 28 df f3
0x00000000503eba22:   44 0f 59 c8 45 0f 28 ef f3 44 0f 59 c0 41 0f 28
0x00000000503eba32:   fe f3 45 0f 58 cf f3 45 0f 58 c6 f3 41 0f 5f d9
0x00000000503eba42:   45 0f 2e f0 f3 45 0f 5d e9 f3 41 0f 5d f8 44 0f
0x00000000503eba52:   28 cb 0f 86 4c 01 00 00 45 0f 28 c6 f3 0f 11 44
0x00000000503eba62:   24 3c 8b 84 24 88 04 00 00 48 8b bc 24 80 00 00
0x00000000503eba72:   00 85 c0 0f 8f e6 fc ff ff e9 48 fe ff ff 8d 14
0x00000000503eba82:   00 8d 0c c5 00 00 00 00 89 94 24 8c 04 00 00 e8
0x00000000503eba92:   da 07 fd ff 4c 63 84 24 88 04 00 00 48 89 fa 48
0x00000000503ebaa2:   89 c1 48 89 84 24 80 00 00 00 49 c1 e0 02 e8 03
0x00000000503ebab2:   d4 ff ff 49 8d 45 08 48 39 c7 74 08 48 89 f9 e8
0x00000000503ebac2:   ba 07 fd ff 48 8b bc 24 80 00 00 00 8b 84 24 88
0x00000000503ebad2:   04 00 00 e9 c8 fd ff ff 8d 14 00 8d 0c c5 00 00 


Stack slot to memory mapping:
stack at sp + 0 slots: 0x8000000000000000 is an unknown value
stack at sp + 1 slots: 0x0000000000003fff is an unknown value
stack at sp + 2 slots: 0x3ff000003f800000 is an unknown value
stack at sp + 3 slots: 0x0 is NULL
stack at sp + 4 slots: 0x000000003e8fa4e3 is an unknown value
stack at sp + 5 slots: 0x0 is NULL
stack at sp + 6 slots: 0x800000003f800000 is an unknown value
stack at sp + 7 slots: 0x3f8000003f800000 is an unknown value


---------------  P R O C E S S  ---------------

Threads class SMR info:
_java_thread_list=0x000002a668dbb2f0, length=64, elements={
0x000002a62db60e50, 0x000002a650f543c0, 0x000002a650f54d70, 0x000002a650f690d0,
0x000002a650f69a80, 0x000002a650f6a430, 0x000002a651904090, 0x000002a651904d70,
0x000002a651905760, 0x000002a651905c70, 0x000002a651a4d650, 0x000002a651a56520,
0x000002a656f2ac30, 0x000002a656ece000, 0x000002a651c82750, 0x000002a668da44c0,
0x000002a669515890, 0x000002a62db4a9a0, 0x000002a62db4b340, 0x000002a62db4d4f0,
0x000002a62db4cb50, 0x000002a62db4b810, 0x000002a62db4d9c0, 0x000002a651cad730,
0x000002a651cb2dd0, 0x000002a651cac8c0, 0x000002a651cb0c20, 0x000002a651cacd90,
0x000002a651cb32a0, 0x000002a651cadc00, 0x000002a651cb10f0, 0x000002a651cb1a90,
0x000002a651caea70, 0x000002a651caf410, 0x000002a651caef40, 0x000002a651cac3f0,
0x000002a651caf8e0, 0x000002a651cae0d0, 0x000002a651cafdb0, 0x000002a651cb0280,
0x000002a651cb15c0, 0x000002a651cb0750, 0x000002a651cb1f60, 0x000002a651cb2430,
0x000002a651cb2900, 0x000002a651cb3770, 0x000002a651cabf20, 0x000002a669397980,
0x000002a66939b810, 0x000002a66939c680, 0x000002a6693957d0, 0x000002a66939c1b0,
0x000002a66939a000, 0x000002a66939a4d0, 0x000002a669399660, 0x000002a669399b30,
0x000002a66939d020, 0x000002a66939bce0, 0x000002a669396fe0, 0x000002a66939cb50,
0x000002a669395ca0, 0x000002a66939a9a0, 0x000002a66939ae70, 0x000002a66939b340
}

Java Threads: ( => current thread )
=>0x000002a62db60e50 JavaThread "main" [_thread_in_native, id=25180, stack(0x000000f717b00000,0x000000f717c00000)]
  0x000002a650f543c0 JavaThread "Reference Handler" daemon [_thread_blocked, id=23844, stack(0x000000f718200000,0x000000f718300000)]
  0x000002a650f54d70 JavaThread "Finalizer" daemon [_thread_blocked, id=9700, stack(0x000000f718300000,0x000000f718400000)]
  0x000002a650f690d0 JavaThread "Signal Dispatcher" daemon [_thread_blocked, id=10744, stack(0x000000f718400000,0x000000f718500000)]
  0x000002a650f69a80 JavaThread "Attach Listener" daemon [_thread_blocked, id=18936, stack(0x000000f718500000,0x000000f718600000)]
  0x000002a650f6a430 JavaThread "Service Thread" daemon [_thread_blocked, id=23664, stack(0x000000f718600000,0x000000f718700000)]
  0x000002a651904090 JavaThread "Monitor Deflation Thread" daemon [_thread_blocked, id=17732, stack(0x000000f718700000,0x000000f718800000)]
  0x000002a651904d70 JavaThread "C2 CompilerThread0" daemon [_thread_blocked, id=25236, stack(0x000000f718800000,0x000000f718900000)]
  0x000002a651905760 JavaThread "C1 CompilerThread0" daemon [_thread_blocked, id=8248, stack(0x000000f718900000,0x000000f718a00000)]
  0x000002a651905c70 JavaThread "Sweeper thread" daemon [_thread_blocked, id=18444, stack(0x000000f718a00000,0x000000f718b00000)]
  0x000002a651a4d650 JavaThread "Notification Thread" daemon [_thread_blocked, id=9844, stack(0x000000f718d00000,0x000000f718e00000)]
  0x000002a651a56520 JavaThread "Common-Cleaner" daemon [_thread_blocked, id=8864, stack(0x000000f718f00000,0x000000f719000000)]
  0x000002a656f2ac30 JavaThread "AssetManager" daemon [_thread_blocked, id=21720, stack(0x000000f71ad00000,0x000000f71ae00000)]
  0x000002a656ece000 JavaThread "LWJGL3 Timer" daemon [_thread_blocked, id=3768, stack(0x000000f71ae00000,0x000000f71af00000)]
  0x000002a651c82750 JavaThread "AssetManager" daemon [_thread_blocked, id=22508, stack(0x000000f71b300000,0x000000f71b400000)]
  0x000002a668da44c0 JavaThread "Timer-0" [_thread_blocked, id=12124, stack(0x000000f71b900000,0x000000f71ba00000)]
  0x000002a669515890 JavaThread "Timer" daemon [_thread_blocked, id=18448, stack(0x000000f71b400000,0x000000f71b500000)]
  0x000002a62db4a9a0 JavaThread "Timer-1" [_thread_blocked, id=23720, stack(0x000000f71b200000,0x000000f71b300000)]
  0x000002a62db4b340 JavaThread "Timer-2" [_thread_blocked, id=25464, stack(0x000000f71b500000,0x000000f71b600000)]
  0x000002a62db4d4f0 JavaThread "Timer-3" [_thread_blocked, id=23484, stack(0x000000f71b800000,0x000000f71b900000)]
  0x000002a62db4cb50 JavaThread "Timer-4" [_thread_blocked, id=18460, stack(0x000000f71ba00000,0x000000f71bb00000)]
  0x000002a62db4b810 JavaThread "Timer-5" [_thread_blocked, id=13776, stack(0x000000f71b100000,0x000000f71b200000)]
  0x000002a62db4d9c0 JavaThread "Timer-6" [_thread_blocked, id=26300, stack(0x000000f71b000000,0x000000f71b100000)]
  0x000002a651cad730 JavaThread "Timer-7" [_thread_blocked, id=16244, stack(0x000000f71bb00000,0x000000f71bc00000)]
  0x000002a651cb2dd0 JavaThread "Timer-9" [_thread_blocked, id=27108, stack(0x000000f71bd00000,0x000000f71be00000)]
  0x000002a651cac8c0 JavaThread "Timer-10" [_thread_blocked, id=17604, stack(0x000000f71be00000,0x000000f71bf00000)]
  0x000002a651cb0c20 JavaThread "Timer-11" [_thread_blocked, id=8652, stack(0x000000f71bf00000,0x000000f71c000000)]
  0x000002a651cacd90 JavaThread "Timer-12" [_thread_blocked, id=9712, stack(0x000000f71c000000,0x000000f71c100000)]
  0x000002a651cb32a0 JavaThread "Timer-13" [_thread_blocked, id=29568, stack(0x000000f71c100000,0x000000f71c200000)]
  0x000002a651cadc00 JavaThread "Timer-14" [_thread_blocked, id=20392, stack(0x000000f71c200000,0x000000f71c300000)]
  0x000002a651cb10f0 JavaThread "Timer-15" [_thread_blocked, id=22832, stack(0x000000f71c300000,0x000000f71c400000)]
  0x000002a651cb1a90 JavaThread "Timer-16" [_thread_blocked, id=5176, stack(0x000000f71c400000,0x000000f71c500000)]
  0x000002a651caea70 JavaThread "Timer-17" [_thread_blocked, id=26836, stack(0x000000f71c500000,0x000000f71c600000)]
  0x000002a651caf410 JavaThread "Timer-18" [_thread_blocked, id=9632, stack(0x000000f71c600000,0x000000f71c700000)]
  0x000002a651caef40 JavaThread "Timer-19" [_thread_blocked, id=29016, stack(0x000000f71c700000,0x000000f71c800000)]
  0x000002a651cac3f0 JavaThread "Timer-20" [_thread_blocked, id=28144, stack(0x000000f71ca00000,0x000000f71cb00000)]
  0x000002a651caf8e0 JavaThread "Timer-21" [_thread_blocked, id=10768, stack(0x000000f71bc00000,0x000000f71bd00000)]
  0x000002a651cae0d0 JavaThread "Timer-22" [_thread_blocked, id=3816, stack(0x000000f71c800000,0x000000f71c900000)]
  0x000002a651cafdb0 JavaThread "Timer-24" [_thread_blocked, id=8760, stack(0x000000f71cb00000,0x000000f71cc00000)]
  0x000002a651cb0280 JavaThread "Timer-25" [_thread_blocked, id=12624, stack(0x000000f71cc00000,0x000000f71cd00000)]
  0x000002a651cb15c0 JavaThread "Timer-26" [_thread_blocked, id=30280, stack(0x000000f71cd00000,0x000000f71ce00000)]
  0x000002a651cb0750 JavaThread "Timer-27" [_thread_blocked, id=19416, stack(0x000000f71ce00000,0x000000f71cf00000)]
  0x000002a651cb1f60 JavaThread "Timer-28" [_thread_blocked, id=25560, stack(0x000000f71cf00000,0x000000f71d000000)]
  0x000002a651cb2430 JavaThread "Timer-29" [_thread_blocked, id=13380, stack(0x000000f71d000000,0x000000f71d100000)]
  0x000002a651cb2900 JavaThread "Timer-30" [_thread_blocked, id=16732, stack(0x000000f71d100000,0x000000f71d200000)]
  0x000002a651cb3770 JavaThread "Timer-31" [_thread_blocked, id=18624, stack(0x000000f71d200000,0x000000f71d300000)]
  0x000002a651cabf20 JavaThread "Timer-32" [_thread_blocked, id=19392, stack(0x000000f71d300000,0x000000f71d400000)]
  0x000002a669397980 JavaThread "Timer-33" [_thread_blocked, id=9052, stack(0x000000f71d400000,0x000000f71d500000)]
  0x000002a66939b810 JavaThread "Timer-34" [_thread_blocked, id=19368, stack(0x000000f71d500000,0x000000f71d600000)]
  0x000002a66939c680 JavaThread "Timer-35" [_thread_blocked, id=28440, stack(0x000000f71d600000,0x000000f71d700000)]
  0x000002a6693957d0 JavaThread "Timer-36" [_thread_blocked, id=22140, stack(0x000000f71d700000,0x000000f71d800000)]
  0x000002a66939c1b0 JavaThread "Timer-37" [_thread_blocked, id=29836, stack(0x000000f71c900000,0x000000f71ca00000)]
  0x000002a66939a000 JavaThread "Timer-38" [_thread_blocked, id=19492, stack(0x000000f71d800000,0x000000f71d900000)]
  0x000002a66939a4d0 JavaThread "Timer-39" [_thread_blocked, id=29828, stack(0x000000f71d900000,0x000000f71da00000)]
  0x000002a669399660 JavaThread "Timer-40" [_thread_blocked, id=21408, stack(0x000000f71db00000,0x000000f71dc00000)]
  0x000002a669399b30 JavaThread "Timer-41" [_thread_blocked, id=13964, stack(0x000000f71da00000,0x000000f71db00000)]
  0x000002a66939d020 JavaThread "AssetManager" daemon [_thread_blocked, id=21052, stack(0x000000f71dc00000,0x000000f71dd00000)]
  0x000002a66939bce0 JavaThread "Timer-42" [_thread_blocked, id=14380, stack(0x000000f71df00000,0x000000f71e000000)]
  0x000002a669396fe0 JavaThread "Timer-43" [_thread_blocked, id=16340, stack(0x000000f71dd00000,0x000000f71de00000)]
  0x000002a66939cb50 JavaThread "Timer-44" [_thread_blocked, id=22880, stack(0x000000f71de00000,0x000000f71df00000)]
  0x000002a669395ca0 JavaThread "Timer-45" [_thread_blocked, id=25700, stack(0x000000f71e000000,0x000000f71e100000)]
  0x000002a66939a9a0 JavaThread "Timer-46" [_thread_blocked, id=19840, stack(0x000000f71e100000,0x000000f71e200000)]
  0x000002a66939ae70 JavaThread "Timer-47" [_thread_blocked, id=10600, stack(0x000000f71e200000,0x000000f71e300000)]
  0x000002a66939b340 JavaThread "Timer-48" [_thread_blocked, id=13044, stack(0x000000f71e300000,0x000000f71e400000)]

Other Threads:
  0x000002a650f4fa20 VMThread "VM Thread" [stack: 0x000000f718100000,0x000000f718200000] [id=26604]
  0x000002a62dbf19f0 WatcherThread [stack: 0x000000f718e00000,0x000000f718f00000] [id=28748]
  0x000002a62dbd0890 GCTaskThread "GC Thread#0" [stack: 0x000000f717c00000,0x000000f717d00000] [id=8684]
  0x000002a656c63b80 GCTaskThread "GC Thread#1" [stack: 0x000000f718b00000,0x000000f718c00000] [id=14836]
  0x000002a656c60dd0 GCTaskThread "GC Thread#2" [stack: 0x000000f718c00000,0x000000f718d00000] [id=20256]
  0x000002a656c61df0 GCTaskThread "GC Thread#3" [stack: 0x000000f71a700000,0x000000f71a800000] [id=5212]
  0x000002a656c605c0 GCTaskThread "GC Thread#4" [stack: 0x000000f71a800000,0x000000f71a900000] [id=16128]
  0x000002a656c62350 GCTaskThread "GC Thread#5" [stack: 0x000000f71a900000,0x000000f71aa00000] [id=1864]
  0x000002a656c628b0 GCTaskThread "GC Thread#6" [stack: 0x000000f71aa00000,0x000000f71ab00000] [id=6716]
  0x000002a656c62b60 GCTaskThread "GC Thread#7" [stack: 0x000000f71ab00000,0x000000f71ac00000] [id=30196]
  0x000002a656c63370 GCTaskThread "GC Thread#8" [stack: 0x000000f71ac00000,0x000000f71ad00000] [id=5896]
  0x000002a657094040 GCTaskThread "GC Thread#9" [stack: 0x000000f71b600000,0x000000f71b700000] [id=8636]
  0x000002a657094850 GCTaskThread "GC Thread#10" [stack: 0x000000f71b700000,0x000000f71b800000] [id=14856]
  0x000002a62dbe1d70 ConcurrentGCThread "G1 Main Marker" [stack: 0x000000f717d00000,0x000000f717e00000] [id=21100]
  0x000002a62dbe3a90 ConcurrentGCThread "G1 Conc#0" [stack: 0x000000f717e00000,0x000000f717f00000] [id=18496]
  0x000002a62dc1e760 ConcurrentGCThread "G1 Refine#0" [stack: 0x000000f717f00000,0x000000f718000000] [id=22072]
  0x000002a650e05950 ConcurrentGCThread "G1 Service" [stack: 0x000000f718000000,0x000000f718100000] [id=16844]

Threads with active compile tasks:

VM state: not at safepoint (normal execution)

VM Mutex/Monitor currently owned by a thread: None

Heap address: 0x0000000709800000, size: 3944 MB, Compressed Oops mode: Zero based, Oop shift amount: 3

CDS archive(s) mapped at: [0x0000000800000000-0x0000000800bd0000-0x0000000800bd0000), size 12386304, SharedBaseAddress: 0x0000000800000000, ArchiveRelocationMode: 0.
Compressed class space mapped at: 0x0000000800c00000-0x0000000840c00000, reserved size: 1073741824
Narrow klass base: 0x0000000800000000, Narrow klass shift: 0, Narrow klass range: 0x100000000

GC Precious Log:
 CPUs: 16 total, 16 available
 Memory: 15769M
 Large Page Support: Disabled
 NUMA Support: Disabled
 Compressed Oops: Enabled (Zero based)
 Heap Region Size: 2M
 Heap Min Capacity: 8M
 Heap Initial Capacity: 248M
 Heap Max Capacity: 3944M
 Pre-touch: Disabled
 Parallel Workers: 13
 Concurrent Workers: 3
 Concurrent Refinement Workers: 13
 Periodic GC: Disabled

Heap:
 garbage-first heap   total 253952K, used 163157K [0x0000000709800000, 0x0000000800000000)
  region size 2048K, 63 young (129024K), 2 survivors (4096K)
 Metaspace       used 12157K, committed 12352K, reserved 1064960K
  class space    used 1074K, committed 1152K, reserved 1048576K

Heap Regions: E=young(eden), S=young(survivor), O=old, HS=humongous(starts), HC=humongous(continues), CS=collection set, F=free, OA=open archive, CA=closed archive, TAMS=top-at-mark-start (previous, next)
|   0|0x0000000709800000, 0x0000000709a00000, 0x0000000709a00000|100%|HS|  |TAMS 0x0000000709800000, 0x0000000709800000| Complete 
|   1|0x0000000709a00000, 0x0000000709c00000, 0x0000000709c00000|100%|HS|  |TAMS 0x0000000709a00000, 0x0000000709a00000| Complete 
|   2|0x0000000709c00000, 0x0000000709e00000, 0x0000000709e00000|100%| O|  |TAMS 0x0000000709c00000, 0x0000000709c00000| Untracked 
|   3|0x0000000709e00000, 0x0000000709efb400, 0x000000070a000000| 49%| O|  |TAMS 0x0000000709e00000, 0x0000000709e00000| Untracked 
|   4|0x000000070a000000, 0x000000070a200000, 0x000000070a200000|100%|HS|  |TAMS 0x000000070a000000, 0x000000070a000000| Complete 
|   5|0x000000070a200000, 0x000000070a400000, 0x000000070a400000|100%|HS|  |TAMS 0x000000070a200000, 0x000000070a200000| Complete 
|   6|0x000000070a400000, 0x000000070a600000, 0x000000070a600000|100%|HS|  |TAMS 0x000000070a400000, 0x000000070a400000| Complete 
|   7|0x000000070a600000, 0x000000070a800000, 0x000000070a800000|100%|HC|  |TAMS 0x000000070a600000, 0x000000070a600000| Complete 
|   8|0x000000070a800000, 0x000000070aa00000, 0x000000070aa00000|100%|HS|  |TAMS 0x000000070a800000, 0x000000070a800000| Complete 
|   9|0x000000070aa00000, 0x000000070ac00000, 0x000000070ac00000|100%|HS|  |TAMS 0x000000070aa00000, 0x000000070aa00000| Complete 
|  10|0x000000070ac00000, 0x000000070ae00000, 0x000000070ae00000|100%|HS|  |TAMS 0x000000070ac00000, 0x000000070ac00000| Complete 
|  11|0x000000070ae00000, 0x000000070b000000, 0x000000070b000000|100%|HS|  |TAMS 0x000000070ae00000, 0x000000070ae00000| Complete 
|  12|0x000000070b000000, 0x000000070b200000, 0x000000070b200000|100%|HS|  |TAMS 0x000000070b000000, 0x000000070b000000| Complete 
|  13|0x000000070b200000, 0x000000070b400000, 0x000000070b400000|100%|HS|  |TAMS 0x000000070b200000, 0x000000070b200000| Complete 
|  14|0x000000070b400000, 0x000000070b600000, 0x000000070b600000|100%|HS|  |TAMS 0x000000070b400000, 0x000000070b400000| Complete 
|  15|0x000000070b600000, 0x000000070b800000, 0x000000070b800000|100%|HS|  |TAMS 0x000000070b600000, 0x000000070b600000| Complete 
|  16|0x000000070b800000, 0x000000070ba00000, 0x000000070ba00000|100%|HC|  |TAMS 0x000000070b800000, 0x000000070b800000| Complete 
|  17|0x000000070ba00000, 0x000000070bc00000, 0x000000070bc00000|100%|HS|  |TAMS 0x000000070ba00000, 0x000000070ba00000| Complete 
|  18|0x000000070bc00000, 0x000000070be00000, 0x000000070be00000|100%|HS|  |TAMS 0x000000070bc00000, 0x000000070bc00000| Complete 
|  19|0x000000070be00000, 0x000000070c000000, 0x000000070c000000|100%|HS|  |TAMS 0x000000070be00000, 0x000000070be00000| Complete 
|  20|0x000000070c000000, 0x000000070c000000, 0x000000070c200000|  0%| F|  |TAMS 0x000000070c000000, 0x000000070c000000| Untracked 
|  21|0x000000070c200000, 0x000000070c200000, 0x000000070c400000|  0%| F|  |TAMS 0x000000070c200000, 0x000000070c200000| Untracked 
|  22|0x000000070c400000, 0x000000070c400000, 0x000000070c600000|  0%| F|  |TAMS 0x000000070c400000, 0x000000070c400000| Untracked 
|  23|0x000000070c600000, 0x000000070c600000, 0x000000070c800000|  0%| F|  |TAMS 0x000000070c600000, 0x000000070c600000| Untracked 
|  24|0x000000070c800000, 0x000000070c800000, 0x000000070ca00000|  0%| F|  |TAMS 0x000000070c800000, 0x000000070c800000| Untracked 
|  25|0x000000070ca00000, 0x000000070ca00000, 0x000000070cc00000|  0%| F|  |TAMS 0x000000070ca00000, 0x000000070ca00000| Untracked 
|  26|0x000000070cc00000, 0x000000070cc00000, 0x000000070ce00000|  0%| F|  |TAMS 0x000000070cc00000, 0x000000070cc00000| Untracked 
|  27|0x000000070ce00000, 0x000000070ce00000, 0x000000070d000000|  0%| F|  |TAMS 0x000000070ce00000, 0x000000070ce00000| Untracked 
|  28|0x000000070d000000, 0x000000070d000000, 0x000000070d200000|  0%| F|  |TAMS 0x000000070d000000, 0x000000070d000000| Untracked 
|  29|0x000000070d200000, 0x000000070d200000, 0x000000070d400000|  0%| F|  |TAMS 0x000000070d200000, 0x000000070d200000| Untracked 
|  30|0x000000070d400000, 0x000000070d400000, 0x000000070d600000|  0%| F|  |TAMS 0x000000070d400000, 0x000000070d400000| Untracked 
|  31|0x000000070d600000, 0x000000070d600000, 0x000000070d800000|  0%| F|  |TAMS 0x000000070d600000, 0x000000070d600000| Untracked 
|  32|0x000000070d800000, 0x000000070d800000, 0x000000070da00000|  0%| F|  |TAMS 0x000000070d800000, 0x000000070d800000| Untracked 
|  33|0x000000070da00000, 0x000000070da00000, 0x000000070dc00000|  0%| F|  |TAMS 0x000000070da00000, 0x000000070da00000| Untracked 
|  34|0x000000070dc00000, 0x000000070dc00000, 0x000000070de00000|  0%| F|  |TAMS 0x000000070dc00000, 0x000000070dc00000| Untracked 
|  35|0x000000070de00000, 0x000000070de00000, 0x000000070e000000|  0%| F|  |TAMS 0x000000070de00000, 0x000000070de00000| Untracked 
|  36|0x000000070e000000, 0x000000070e000000, 0x000000070e200000|  0%| F|  |TAMS 0x000000070e000000, 0x000000070e000000| Untracked 
|  37|0x000000070e200000, 0x000000070e200000, 0x000000070e400000|  0%| F|  |TAMS 0x000000070e200000, 0x000000070e200000| Untracked 
|  38|0x000000070e400000, 0x000000070e400000, 0x000000070e600000|  0%| F|  |TAMS 0x000000070e400000, 0x000000070e400000| Untracked 
|  39|0x000000070e600000, 0x000000070e600000, 0x000000070e800000|  0%| F|  |TAMS 0x000000070e600000, 0x000000070e600000| Untracked 
|  40|0x000000070e800000, 0x000000070e800000, 0x000000070ea00000|  0%| F|  |TAMS 0x000000070e800000, 0x000000070e800000| Untracked 
|  41|0x000000070ea00000, 0x000000070ea00000, 0x000000070ec00000|  0%| F|  |TAMS 0x000000070ea00000, 0x000000070ea00000| Untracked 
|  42|0x000000070ec00000, 0x000000070ec00000, 0x000000070ee00000|  0%| F|  |TAMS 0x000000070ec00000, 0x000000070ec00000| Untracked 
|  43|0x000000070ee00000, 0x000000070ee00000, 0x000000070f000000|  0%| F|  |TAMS 0x000000070ee00000, 0x000000070ee00000| Untracked 
|  44|0x000000070f000000, 0x000000070f000000, 0x000000070f200000|  0%| F|  |TAMS 0x000000070f000000, 0x000000070f000000| Untracked 
|  45|0x000000070f200000, 0x000000070f200000, 0x000000070f400000|  0%| F|  |TAMS 0x000000070f200000, 0x000000070f200000| Untracked 
|  46|0x000000070f400000, 0x000000070f400000, 0x000000070f600000|  0%| F|  |TAMS 0x000000070f400000, 0x000000070f400000| Untracked 
|  47|0x000000070f600000, 0x000000070f600000, 0x000000070f800000|  0%| F|  |TAMS 0x000000070f600000, 0x000000070f600000| Untracked 
|  48|0x000000070f800000, 0x000000070f800000, 0x000000070fa00000|  0%| F|  |TAMS 0x000000070f800000, 0x000000070f800000| Untracked 
|  49|0x000000070fa00000, 0x000000070fa00000, 0x000000070fc00000|  0%| F|  |TAMS 0x000000070fa00000, 0x000000070fa00000| Untracked 
|  50|0x000000070fc00000, 0x000000070fc00000, 0x000000070fe00000|  0%| F|  |TAMS 0x000000070fc00000, 0x000000070fc00000| Untracked 
|  51|0x000000070fe00000, 0x000000070fe00000, 0x0000000710000000|  0%| F|  |TAMS 0x000000070fe00000, 0x000000070fe00000| Untracked 
|  52|0x0000000710000000, 0x0000000710000000, 0x0000000710200000|  0%| F|  |TAMS 0x0000000710000000, 0x0000000710000000| Untracked 
|  53|0x0000000710200000, 0x0000000710200000, 0x0000000710400000|  0%| F|  |TAMS 0x0000000710200000, 0x0000000710200000| Untracked 
|  54|0x0000000710400000, 0x0000000710400000, 0x0000000710600000|  0%| F|  |TAMS 0x0000000710400000, 0x0000000710400000| Untracked 
|  55|0x0000000710600000, 0x0000000710600000, 0x0000000710800000|  0%| F|  |TAMS 0x0000000710600000, 0x0000000710600000| Untracked 
|  56|0x0000000710800000, 0x0000000710800000, 0x0000000710a00000|  0%| F|  |TAMS 0x0000000710800000, 0x0000000710800000| Untracked 
|  57|0x0000000710a00000, 0x0000000710a00000, 0x0000000710c00000|  0%| F|  |TAMS 0x0000000710a00000, 0x0000000710a00000| Untracked 
|  58|0x0000000710c00000, 0x0000000710c00000, 0x0000000710e00000|  0%| F|  |TAMS 0x0000000710c00000, 0x0000000710c00000| Untracked 
|  59|0x0000000710e00000, 0x0000000710e00000, 0x0000000711000000|  0%| F|  |TAMS 0x0000000710e00000, 0x0000000710e00000| Untracked 
|  60|0x0000000711000000, 0x0000000711000000, 0x0000000711200000|  0%| F|  |TAMS 0x0000000711000000, 0x0000000711000000| Untracked 
|  61|0x0000000711200000, 0x0000000711400000, 0x0000000711400000|100%| E|  |TAMS 0x0000000711200000, 0x0000000711200000| Complete 
|  62|0x0000000711400000, 0x0000000711600000, 0x0000000711600000|100%| E|CS|TAMS 0x0000000711400000, 0x0000000711400000| Complete 
|  63|0x0000000711600000, 0x0000000711800000, 0x0000000711800000|100%| E|CS|TAMS 0x0000000711600000, 0x0000000711600000| Complete 
|  64|0x0000000711800000, 0x0000000711a00000, 0x0000000711a00000|100%| E|CS|TAMS 0x0000000711800000, 0x0000000711800000| Complete 
|  65|0x0000000711a00000, 0x0000000711c00000, 0x0000000711c00000|100%| E|CS|TAMS 0x0000000711a00000, 0x0000000711a00000| Complete 
|  66|0x0000000711c00000, 0x0000000711e00000, 0x0000000711e00000|100%| E|CS|TAMS 0x0000000711c00000, 0x0000000711c00000| Complete 
|  67|0x0000000711e00000, 0x0000000712000000, 0x0000000712000000|100%| E|CS|TAMS 0x0000000711e00000, 0x0000000711e00000| Complete 
|  68|0x0000000712000000, 0x0000000712200000, 0x0000000712200000|100%| E|CS|TAMS 0x0000000712000000, 0x0000000712000000| Complete 
|  69|0x0000000712200000, 0x0000000712400000, 0x0000000712400000|100%| E|CS|TAMS 0x0000000712200000, 0x0000000712200000| Complete 
|  70|0x0000000712400000, 0x0000000712600000, 0x0000000712600000|100%| E|  |TAMS 0x0000000712400000, 0x0000000712400000| Complete 
|  71|0x0000000712600000, 0x0000000712800000, 0x0000000712800000|100%| E|CS|TAMS 0x0000000712600000, 0x0000000712600000| Complete 
|  72|0x0000000712800000, 0x0000000712a00000, 0x0000000712a00000|100%| E|CS|TAMS 0x0000000712800000, 0x0000000712800000| Complete 
|  73|0x0000000712a00000, 0x0000000712c00000, 0x0000000712c00000|100%| E|CS|TAMS 0x0000000712a00000, 0x0000000712a00000| Complete 
|  74|0x0000000712c00000, 0x0000000712e00000, 0x0000000712e00000|100%| E|CS|TAMS 0x0000000712c00000, 0x0000000712c00000| Complete 
|  75|0x0000000712e00000, 0x0000000713000000, 0x0000000713000000|100%| E|CS|TAMS 0x0000000712e00000, 0x0000000712e00000| Complete 
|  76|0x0000000713000000, 0x0000000713200000, 0x0000000713200000|100%| E|CS|TAMS 0x0000000713000000, 0x0000000713000000| Complete 
|  77|0x0000000713200000, 0x0000000713400000, 0x0000000713400000|100%| E|CS|TAMS 0x0000000713200000, 0x0000000713200000| Complete 
|  78|0x0000000713400000, 0x0000000713600000, 0x0000000713600000|100%| E|CS|TAMS 0x0000000713400000, 0x0000000713400000| Complete 
|  79|0x0000000713600000, 0x0000000713800000, 0x0000000713800000|100%| E|CS|TAMS 0x0000000713600000, 0x0000000713600000| Complete 
|  80|0x0000000713800000, 0x0000000713a00000, 0x0000000713a00000|100%| E|CS|TAMS 0x0000000713800000, 0x0000000713800000| Complete 
|  81|0x0000000713a00000, 0x0000000713c00000, 0x0000000713c00000|100%| E|CS|TAMS 0x0000000713a00000, 0x0000000713a00000| Complete 
|  82|0x0000000713c00000, 0x0000000713e00000, 0x0000000713e00000|100%| E|CS|TAMS 0x0000000713c00000, 0x0000000713c00000| Complete 
|  83|0x0000000713e00000, 0x0000000714000000, 0x0000000714000000|100%| E|CS|TAMS 0x0000000713e00000, 0x0000000713e00000| Complete 
|  84|0x0000000714000000, 0x0000000714200000, 0x0000000714200000|100%| E|CS|TAMS 0x0000000714000000, 0x0000000714000000| Complete 
|  85|0x0000000714200000, 0x0000000714400000, 0x0000000714400000|100%| E|CS|TAMS 0x0000000714200000, 0x0000000714200000| Complete 
|  86|0x0000000714400000, 0x0000000714600000, 0x0000000714600000|100%| E|CS|TAMS 0x0000000714400000, 0x0000000714400000| Complete 
|  87|0x0000000714600000, 0x0000000714800000, 0x0000000714800000|100%| E|CS|TAMS 0x0000000714600000, 0x0000000714600000| Complete 
|  88|0x0000000714800000, 0x0000000714a00000, 0x0000000714a00000|100%| E|CS|TAMS 0x0000000714800000, 0x0000000714800000| Complete 
|  89|0x0000000714a00000, 0x0000000714c00000, 0x0000000714c00000|100%| E|CS|TAMS 0x0000000714a00000, 0x0000000714a00000| Complete 
|  90|0x0000000714c00000, 0x0000000714e00000, 0x0000000714e00000|100%| E|CS|TAMS 0x0000000714c00000, 0x0000000714c00000| Complete 
|  91|0x0000000714e00000, 0x0000000715000000, 0x0000000715000000|100%| E|CS|TAMS 0x0000000714e00000, 0x0000000714e00000| Complete 
|  92|0x0000000715000000, 0x0000000715200000, 0x0000000715200000|100%| E|CS|TAMS 0x0000000715000000, 0x0000000715000000| Complete 
|  93|0x0000000715200000, 0x0000000715400000, 0x0000000715400000|100%| E|CS|TAMS 0x0000000715200000, 0x0000000715200000| Complete 
|  94|0x0000000715400000, 0x0000000715600000, 0x0000000715600000|100%| E|CS|TAMS 0x0000000715400000, 0x0000000715400000| Complete 
|  95|0x0000000715600000, 0x0000000715800000, 0x0000000715800000|100%| E|CS|TAMS 0x0000000715600000, 0x0000000715600000| Complete 
|  96|0x0000000715800000, 0x0000000715a00000, 0x0000000715a00000|100%| E|CS|TAMS 0x0000000715800000, 0x0000000715800000| Complete 
|  97|0x0000000715a00000, 0x0000000715c00000, 0x0000000715c00000|100%| E|CS|TAMS 0x0000000715a00000, 0x0000000715a00000| Complete 
|  98|0x0000000715c00000, 0x0000000715e00000, 0x0000000715e00000|100%| E|CS|TAMS 0x0000000715c00000, 0x0000000715c00000| Complete 
|  99|0x0000000715e00000, 0x0000000716000000, 0x0000000716000000|100%| E|CS|TAMS 0x0000000715e00000, 0x0000000715e00000| Complete 
| 100|0x0000000716000000, 0x0000000716200000, 0x0000000716200000|100%| E|CS|TAMS 0x0000000716000000, 0x0000000716000000| Complete 
| 101|0x0000000716200000, 0x0000000716400000, 0x0000000716400000|100%| E|CS|TAMS 0x0000000716200000, 0x0000000716200000| Complete 
| 102|0x0000000716400000, 0x0000000716600000, 0x0000000716600000|100%| E|CS|TAMS 0x0000000716400000, 0x0000000716400000| Complete 
| 103|0x0000000716600000, 0x0000000716800000, 0x0000000716800000|100%| E|CS|TAMS 0x0000000716600000, 0x0000000716600000| Complete 
| 104|0x0000000716800000, 0x000000071685a048, 0x0000000716a00000| 17%| S|CS|TAMS 0x0000000716800000, 0x0000000716800000| Complete 
| 105|0x0000000716a00000, 0x0000000716c00000, 0x0000000716c00000|100%| S|CS|TAMS 0x0000000716a00000, 0x0000000716a00000| Complete 
| 106|0x0000000716c00000, 0x0000000716e00000, 0x0000000716e00000|100%| E|CS|TAMS 0x0000000716c00000, 0x0000000716c00000| Complete 
| 107|0x0000000716e00000, 0x0000000717000000, 0x0000000717000000|100%| E|CS|TAMS 0x0000000716e00000, 0x0000000716e00000| Complete 
| 108|0x0000000717000000, 0x0000000717200000, 0x0000000717200000|100%| E|CS|TAMS 0x0000000717000000, 0x0000000717000000| Complete 
| 109|0x0000000717200000, 0x0000000717400000, 0x0000000717400000|100%| E|CS|TAMS 0x0000000717200000, 0x0000000717200000| Complete 
| 110|0x0000000717400000, 0x0000000717600000, 0x0000000717600000|100%| E|CS|TAMS 0x0000000717400000, 0x0000000717400000| Complete 
| 111|0x0000000717600000, 0x0000000717800000, 0x0000000717800000|100%| E|CS|TAMS 0x0000000717600000, 0x0000000717600000| Complete 
| 112|0x0000000717800000, 0x0000000717a00000, 0x0000000717a00000|100%| E|CS|TAMS 0x0000000717800000, 0x0000000717800000| Complete 
| 113|0x0000000717a00000, 0x0000000717c00000, 0x0000000717c00000|100%| E|CS|TAMS 0x0000000717a00000, 0x0000000717a00000| Complete 
| 114|0x0000000717c00000, 0x0000000717e00000, 0x0000000717e00000|100%| E|CS|TAMS 0x0000000717c00000, 0x0000000717c00000| Complete 
| 115|0x0000000717e00000, 0x0000000718000000, 0x0000000718000000|100%| E|CS|TAMS 0x0000000717e00000, 0x0000000717e00000| Complete 
| 116|0x0000000718000000, 0x0000000718200000, 0x0000000718200000|100%| E|CS|TAMS 0x0000000718000000, 0x0000000718000000| Complete 
| 117|0x0000000718200000, 0x0000000718400000, 0x0000000718400000|100%| E|CS|TAMS 0x0000000718200000, 0x0000000718200000| Complete 
| 118|0x0000000718400000, 0x0000000718600000, 0x0000000718600000|100%| E|CS|TAMS 0x0000000718400000, 0x0000000718400000| Complete 
| 119|0x0000000718600000, 0x0000000718800000, 0x0000000718800000|100%| E|CS|TAMS 0x0000000718600000, 0x0000000718600000| Complete 
| 120|0x0000000718800000, 0x0000000718a00000, 0x0000000718a00000|100%| E|CS|TAMS 0x0000000718800000, 0x0000000718800000| Complete 
| 121|0x0000000718a00000, 0x0000000718c00000, 0x0000000718c00000|100%| E|CS|TAMS 0x0000000718a00000, 0x0000000718a00000| Complete 
| 122|0x0000000718c00000, 0x0000000718e00000, 0x0000000718e00000|100%| E|CS|TAMS 0x0000000718c00000, 0x0000000718c00000| Complete 
| 123|0x0000000718e00000, 0x0000000719000000, 0x0000000719000000|100%| E|CS|TAMS 0x0000000718e00000, 0x0000000718e00000| Complete 

Card table byte_map: [0x000002a645410000,0x000002a645bd0000] _byte_map_base: 0x000002a641bc4000

Marking Bits (Prev, Next): (CMBitMap*) 0x000002a62dbd0da0, (CMBitMap*) 0x000002a62dbd0de0
 Prev Bits: [0x000002a646390000, 0x000002a64a130000)
 Next Bits: [0x000002a64a130000, 0x000002a64ded0000)

Polling page: 0x000002a62b990000

Metaspace:

Usage:
  Non-class:     10.82 MB used.
      Class:      1.05 MB used.
       Both:     11.87 MB used.

Virtual space:
  Non-class space:       16.00 MB reserved,      10.94 MB ( 68%) committed,  2 nodes.
      Class space:        1.00 GB reserved,       1.12 MB ( <1%) committed,  1 nodes.
             Both:        1.02 GB reserved,      12.06 MB (  1%) committed. 

Chunk freelists:
   Non-Class:  752.00 KB
       Class:  2.90 MB
        Both:  3.64 MB

MaxMetaspaceSize: unlimited
CompressedClassSpaceSize: 1.00 GB
Initial GC threshold: 21.00 MB
Current GC threshold: 21.00 MB
CDS: on
MetaspaceReclaimPolicy: balanced
 - commit_granule_bytes: 65536.
 - commit_granule_words: 8192.
 - virtual_space_node_default_size: 1048576.
 - enlarge_chunks_in_place: 1.
 - new_chunks_are_fully_committed: 0.
 - uncommit_free_chunks: 1.
 - use_allocation_guard: 0.
 - handle_deallocations: 1.


Internal statistics:

num_allocs_failed_limit: 0.
num_arena_births: 166.
num_arena_deaths: 0.
num_vsnodes_births: 3.
num_vsnodes_deaths: 0.
num_space_committed: 191.
num_space_uncommitted: 0.
num_chunks_returned_to_freelist: 0.
num_chunks_taken_from_freelist: 538.
num_chunk_merges: 0.
num_chunk_splits: 357.
num_chunks_enlarged: 265.
num_purges: 0.
num_inconsistent_stats: 0.

CodeHeap 'non-profiled nmethods': size=119168Kb used=2759Kb max_used=2759Kb free=116408Kb
 bounds [0x000002a63cf70000, 0x000002a63d230000, 0x000002a6443d0000]
CodeHeap 'profiled nmethods': size=119104Kb used=7740Kb max_used=7740Kb free=111363Kb
 bounds [0x000002a6353d0000, 0x000002a635b60000, 0x000002a63c820000]
CodeHeap 'non-nmethods': size=7488Kb used=1657Kb max_used=3415Kb free=5830Kb
 bounds [0x000002a63c820000, 0x000002a63cbe0000, 0x000002a63cf70000]
 total_blobs=4919 nmethods=3818 adapters=1013
 compilation: enabled
              stopped_count=0, restarted_count=0
 full_count=0

Compilation events (20 events):
Event: 52.665 Thread 0x000002a651904d70 3810       4       com.badlogic.gdx.utils.Array::addAll (14 bytes)
Event: 52.668 Thread 0x000002a651904d70 nmethod 3810 0x000002a63d21e690 code [0x000002a63d21e840, 0x000002a63d21eac8]
Event: 53.162 Thread 0x000002a651905760 3811       3       com.badlogic.gdx.backends.lwjgl3.audio.OpenALLwjgl3Audio::stopSourcesWithBuffer (89 bytes)
Event: 53.163 Thread 0x000002a651905760 nmethod 3811 0x000002a635b5cb90 code [0x000002a635b5cda0, 0x000002a635b5d2c8]
Event: 53.677 Thread 0x000002a651905760 3812       3       java.security.SecureRandom::<init> (35 bytes)
Event: 53.678 Thread 0x000002a651905760 nmethod 3812 0x000002a635b5d510 code [0x000002a635b5d6e0, 0x000002a635b5d968]
Event: 53.678 Thread 0x000002a651905760 3813       3       java.util.stream.Sink$ChainedReference::cancellationRequested (10 bytes)
Event: 53.678 Thread 0x000002a651905760 nmethod 3813 0x000002a635b5da90 code [0x000002a635b5dc40, 0x000002a635b5de28]
Event: 53.678 Thread 0x000002a651905760 3814       3       com.badlogic.gdx.math.GridPoint2::<init> (15 bytes)
Event: 53.678 Thread 0x000002a651905760 nmethod 3814 0x000002a635b5df10 code [0x000002a635b5e0a0, 0x000002a635b5e218]
Event: 53.967 Thread 0x000002a651905760 3815       1       java.lang.Thread::getThreadGroup (5 bytes)
Event: 53.967 Thread 0x000002a651905760 nmethod 3815 0x000002a63d21ec90 code [0x000002a63d21ee20, 0x000002a63d21eef8]
Event: 54.267 Thread 0x000002a651904d70 3816       4       com.badlogic.gdx.graphics.OrthographicCamera::update (164 bytes)
Event: 54.285 Thread 0x000002a651904d70 nmethod 3816 0x000002a63d21ef90 code [0x000002a63d21f260, 0x000002a63d21fc90]
Event: 54.469 Thread 0x000002a651905760 3817       3       com.csse3200.game.components.CombatStatsComponent::hit (49 bytes)
Event: 54.470 Thread 0x000002a651905760 nmethod 3817 0x000002a635b5e310 code [0x000002a635b5e560, 0x000002a635b5ef48]
Event: 55.569 Thread 0x000002a651904d70 3818       4       com.badlogic.gdx.math.Vector2::epsilonEquals (46 bytes)
Event: 55.570 Thread 0x000002a651904d70 nmethod 3818 0x000002a63d220410 code [0x000002a63d2205a0, 0x000002a63d220678]
Event: 55.618 Thread 0x000002a651904d70 3819       4       com.csse3200.game.components.CameraComponent::update (58 bytes)
Event: 55.643 Thread 0x000002a651904d70 nmethod 3819 0x000002a63d220710 code [0x000002a63d220a20, 0x000002a63d2216b0]

GC Heap History (4 events):
Event: 2.634 GC heap before
{Heap before GC invocations=0 (full 0):
 garbage-first heap   total 253952K, used 20480K [0x0000000709800000, 0x0000000800000000)
  region size 2048K, 11 young (22528K), 0 survivors (0K)
 Metaspace       used 6449K, committed 6656K, reserved 1064960K
  class space    used 485K, committed 576K, reserved 1048576K
}
Event: 2.639 GC heap after
{Heap after GC invocations=1 (full 0):
 garbage-first heap   total 253952K, used 3638K [0x0000000709800000, 0x0000000800000000)
  region size 2048K, 2 young (4096K), 2 survivors (4096K)
 Metaspace       used 6449K, committed 6656K, reserved 1064960K
  class space    used 485K, committed 576K, reserved 1048576K
}
Event: 7.089 GC heap before
{Heap before GC invocations=1 (full 0):
 garbage-first heap   total 253952K, used 38454K [0x0000000709800000, 0x0000000800000000)
  region size 2048K, 18 young (36864K), 2 survivors (4096K)
 Metaspace       used 9614K, committed 9792K, reserved 1064960K
  class space    used 805K, committed 896K, reserved 1048576K
}
Event: 7.095 GC heap after
{Heap after GC invocations=2 (full 0):
 garbage-first heap   total 253952K, used 5461K [0x0000000709800000, 0x0000000800000000)
  region size 2048K, 2 young (4096K), 2 survivors (4096K)
 Metaspace       used 9614K, committed 9792K, reserved 1064960K
  class space    used 805K, committed 896K, reserved 1048576K
}

Deoptimization events (20 events):
Event: 43.913 Thread 0x000002a62db60e50 DEOPT PACKING pc=0x000002a635b00a43 sp=0x000000f717bfef30
Event: 43.913 Thread 0x000002a62db60e50 DEOPT UNPACKING pc=0x000002a63c872b43 sp=0x000000f717bfe3f8 mode 0
Event: 43.913 Thread 0x000002a62db60e50 DEOPT PACKING pc=0x000002a635b00a43 sp=0x000000f717bfef30
Event: 43.913 Thread 0x000002a62db60e50 DEOPT UNPACKING pc=0x000002a63c872b43 sp=0x000000f717bfe3f8 mode 0
Event: 43.913 Thread 0x000002a62db60e50 DEOPT PACKING pc=0x000002a635b00a43 sp=0x000000f717bfef30
Event: 43.913 Thread 0x000002a62db60e50 DEOPT UNPACKING pc=0x000002a63c872b43 sp=0x000000f717bfe3f8 mode 0
Event: 43.914 Thread 0x000002a62db60e50 DEOPT PACKING pc=0x000002a635b00a43 sp=0x000000f717bfef30
Event: 43.914 Thread 0x000002a62db60e50 DEOPT UNPACKING pc=0x000002a63c872b43 sp=0x000000f717bfe3f8 mode 0
Event: 43.914 Thread 0x000002a62db60e50 DEOPT PACKING pc=0x000002a635b00a43 sp=0x000000f717bfef30
Event: 43.914 Thread 0x000002a62db60e50 DEOPT UNPACKING pc=0x000002a63c872b43 sp=0x000000f717bfe3f8 mode 0
Event: 43.914 Thread 0x000002a62db60e50 DEOPT PACKING pc=0x000002a635b00a43 sp=0x000000f717bfef30
Event: 43.914 Thread 0x000002a62db60e50 DEOPT UNPACKING pc=0x000002a63c872b43 sp=0x000000f717bfe3f8 mode 0
Event: 43.914 Thread 0x000002a62db60e50 DEOPT PACKING pc=0x000002a635b4ae34 sp=0x000000f717bff090
Event: 43.914 Thread 0x000002a62db60e50 DEOPT UNPACKING pc=0x000002a63c872b43 sp=0x000000f717bfe538 mode 0
Event: 44.146 Thread 0x000002a62db60e50 DEOPT PACKING pc=0x000002a635b4ae34 sp=0x000000f717bff090
Event: 44.146 Thread 0x000002a62db60e50 DEOPT UNPACKING pc=0x000002a63c872b43 sp=0x000000f717bfe538 mode 0
Event: 44.395 Thread 0x000002a62db60e50 DEOPT PACKING pc=0x000002a635b4ae34 sp=0x000000f717bff090
Event: 44.395 Thread 0x000002a62db60e50 DEOPT UNPACKING pc=0x000002a63c872b43 sp=0x000000f717bfe538 mode 0
Event: 44.629 Thread 0x000002a62db60e50 DEOPT PACKING pc=0x000002a635b4ae34 sp=0x000000f717bff090
Event: 44.629 Thread 0x000002a62db60e50 DEOPT UNPACKING pc=0x000002a63c872b43 sp=0x000000f717bfe538 mode 0

Classes unloaded (0 events):
No events

Classes redefined (0 events):
No events

Internal exceptions (20 events):
Event: 2.172 Thread 0x000002a62db60e50 Exception <a 'sun/nio/fs/WindowsException'{0x000000071833c3e0}> (0x000000071833c3e0) 
thrown [s\open\src\hotspot\share\prims\jni.cpp, line 516]
Event: 2.427 Thread 0x000002a62db60e50 Exception <a 'java/lang/ClassNotFoundException'{0x0000000717e688a8}: sun/util/logging/resources/spi/loggingProvider> (0x0000000717e688a8) 
thrown [s\open\src\hotspot\share\classfile\systemDictionary.cpp, line 256]
Event: 2.453 Thread 0x000002a62db60e50 Exception <a 'java/io/FileNotFoundException'{0x0000000717eef4e8}> (0x0000000717eef4e8) 
thrown [s\open\src\hotspot\share\prims\jni.cpp, line 516]
Event: 2.490 Thread 0x000002a62db60e50 Exception <a 'java/lang/NoSuchMethodError'{0x0000000717f3e038}: 'int java.lang.invoke.DirectMethodHandle$Holder.invokeVirtual(java.lang.Object, java.lang.Object)'> (0x0000000717f3e038) 
thrown [s\open\src\hotspot\share\interpreter\linkResolver.cpp, line 759]
Event: 2.492 Thread 0x000002a62db60e50 Exception <a 'java/lang/NoSuchMethodError'{0x0000000717f48458}: 'java.lang.Object java.lang.invoke.Invokers$Holder.invokeExact_MT(java.lang.Object, java.lang.Object, java.lang.Object, java.lang.Object, java.lang.Object, java.lang.Object)'> (0x0000000717f48458) 
thrown [s\open\src\hotspot\share\interpreter\linkResolver.cpp, line 759]
Event: 5.872 Thread 0x000002a62db60e50 Exception <a 'java/lang/NoSuchMethodError'{0x000000071818dcb8}: 'void java.lang.invoke.DirectMethodHandle$Holder.invokeStatic(java.lang.Object, java.lang.Object, java.lang.Object)'> (0x000000071818dcb8) 
thrown [s\open\src\hotspot\share\interpreter\linkResolver.cpp, line 759]
Event: 6.012 Thread 0x000002a62db60e50 Exception <a 'java/lang/NoSuchMethodError'{0x0000000717fbb7e0}: 'java.lang.Object java.lang.invoke.DirectMethodHandle$Holder.invokeStaticInit(java.lang.Object, int, int, int, int)'> (0x0000000717fbb7e0) 
thrown [s\open\src\hotspot\share\interpreter\linkResolver.cpp, line 759]
Event: 8.101 Thread 0x000002a62db60e50 Exception <a 'java/lang/NoSuchMethodError'{0x0000000717116fe0}: 'void java.lang.invoke.DirectMethodHandle$Holder.invokeVirtual(java.lang.Object, java.lang.Object, java.lang.Object, java.lang.Object)'> (0x0000000717116fe0) 
thrown [s\open\src\hotspot\share\interpreter\linkResolver.cpp, line 759]
Event: 8.104 Thread 0x000002a62db60e50 Exception <a 'java/lang/NoSuchMethodError'{0x00000007171255f0}: 'void java.lang.invoke.DirectMethodHandle$Holder.invokeVirtual(java.lang.Object, java.lang.Object)'> (0x00000007171255f0) 
thrown [s\open\src\hotspot\share\interpreter\linkResolver.cpp, line 759]
Event: 8.105 Thread 0x000002a62db60e50 Exception <a 'java/lang/NoSuchMethodError'{0x000000071712ed68}: 'void java.lang.invoke.DirectMethodHandle$Holder.invokeVirtual(java.lang.Object, java.lang.Object, int)'> (0x000000071712ed68) 
thrown [s\open\src\hotspot\share\interpreter\linkResolver.cpp, line 759]
Event: 8.212 Thread 0x000002a62db60e50 Exception <a 'java/lang/NoSuchMethodError'{0x00000007171d6570}: 'void java.lang.invoke.DirectMethodHandle$Holder.invokeVirtual(java.lang.Object, java.lang.Object, java.lang.Object, int)'> (0x00000007171d6570) 
thrown [s\open\src\hotspot\share\interpreter\linkResolver.cpp, line 759]
Event: 8.249 Thread 0x000002a62db60e50 Exception <a 'java/lang/NoSuchMethodError'{0x0000000716f2be98}: 'void java.lang.invoke.DirectMethodHandle$Holder.invokeStatic(java.lang.Object, java.lang.Object, java.lang.Object, java.lang.Object)'> (0x0000000716f2be98) 
thrown [s\open\src\hotspot\share\interpreter\linkResolver.cpp, line 759]
Event: 8.253 Thread 0x000002a62db60e50 Exception <a 'java/lang/NoSuchMethodError'{0x0000000716f349e8}: 'int java.lang.invoke.DirectMethodHandle$Holder.invokeInterface(java.lang.Object, java.lang.Object)'> (0x0000000716f349e8) 
thrown [s\open\src\hotspot\share\interpreter\linkResolver.cpp, line 759]
Event: 8.259 Thread 0x000002a668da44c0 Exception <a 'java/lang/NoSuchMethodError'{0x0000000716fed328}: 'java.lang.Object java.lang.invoke.DirectMethodHandle$Holder.invokeStaticInit(java.lang.Object, java.lang.Object, int, int, int, int)'> (0x0000000716fed328) 
thrown [s\open\src\hotspot\share\interpreter\linkResolver.cpp, line 759]
Event: 24.198 Thread 0x000002a651cb15c0 Implicit null exception at 0x000002a6359c663f to 0x000002a6359c730d
Event: 24.198 Thread 0x000002a651cb15c0 Exception <a 'java/lang/NullPointerException'{0x0000000715f71490}> (0x0000000715f71490) 
thrown [s\open\src\hotspot\share\runtime\sharedRuntime.cpp, line 628]
Event: 29.682 Thread 0x000002a651cae5a0 Implicit null exception at 0x000002a6359c663f to 0x000002a6359c730d
Event: 29.682 Thread 0x000002a651cae5a0 Exception <a 'java/lang/NullPointerException'{0x0000000715200080}> (0x0000000715200080) 
thrown [s\open\src\hotspot\share\runtime\sharedRuntime.cpp, line 628]
Event: 35.603 Thread 0x000002a62db60e50 Implicit null exception at 0x000002a63d169faf to 0x000002a63d16a5ac
Event: 42.942 Thread 0x000002a66939d020 Implicit null exception at 0x000002a63d0ca006 to 0x000002a63d0ca414

VM Operations (20 events):
Event: 38.177 Executing VM operation: Cleanup
Event: 38.177 Executing VM operation: Cleanup done
Event: 38.461 Executing VM operation: HandshakeAllThreads
Event: 38.461 Executing VM operation: HandshakeAllThreads done
Event: 39.461 Executing VM operation: Cleanup
Event: 39.461 Executing VM operation: Cleanup done
Event: 40.462 Executing VM operation: Cleanup
Event: 40.462 Executing VM operation: Cleanup done
Event: 41.462 Executing VM operation: Cleanup
Event: 41.463 Executing VM operation: Cleanup done
Event: 42.463 Executing VM operation: Cleanup
Event: 42.463 Executing VM operation: Cleanup done
Event: 43.464 Executing VM operation: Cleanup
Event: 43.464 Executing VM operation: Cleanup done
Event: 44.465 Executing VM operation: Cleanup
Event: 44.465 Executing VM operation: Cleanup done
Event: 45.465 Executing VM operation: Cleanup
Event: 45.465 Executing VM operation: Cleanup done
Event: 54.470 Executing VM operation: Cleanup
Event: 54.470 Executing VM operation: Cleanup done

Events (20 events):
Event: 29.686 Thread 0x000002a651cae5a0 Thread exited: 0x000002a651cae5a0
Event: 30.081 Thread 0x000002a66939c1b0 Thread added: 0x000002a66939c1b0
Event: 30.297 Thread 0x000002a66939a000 Thread added: 0x000002a66939a000
Event: 31.081 Thread 0x000002a66939a4d0 Thread added: 0x000002a66939a4d0
Event: 31.701 Thread 0x000002a65197e160 Thread added: 0x000002a65197e160
Event: 31.781 Thread 0x000002a669399660 Thread added: 0x000002a669399660
Event: 31.832 Thread 0x000002a65197e160 Thread exited: 0x000002a65197e160
Event: 32.748 Thread 0x000002a669399b30 Thread added: 0x000002a669399b30
Event: 41.963 Thread 0x000002a66939d020 Thread added: 0x000002a66939d020
Event: 43.256 Thread 0x000002a65197bdf0 Thread added: 0x000002a65197bdf0
Event: 43.457 Thread 0x000002a65197d230 Thread added: 0x000002a65197d230
Event: 43.676 Thread 0x000002a66939bce0 Thread added: 0x000002a66939bce0
Event: 44.096 Thread 0x000002a65197d230 Thread exited: 0x000002a65197d230
Event: 44.096 Thread 0x000002a65197bdf0 Thread exited: 0x000002a65197bdf0
Event: 53.967 Thread 0x000002a669396fe0 Thread added: 0x000002a669396fe0
Event: 54.617 Thread 0x000002a66939cb50 Thread added: 0x000002a66939cb50
Event: 54.767 Thread 0x000002a669395ca0 Thread added: 0x000002a669395ca0
Event: 55.284 Thread 0x000002a66939a9a0 Thread added: 0x000002a66939a9a0
Event: 55.319 Thread 0x000002a66939ae70 Thread added: 0x000002a66939ae70
Event: 55.352 Thread 0x000002a66939b340 Thread added: 0x000002a66939b340


Dynamic libraries:
0x00007ff6473f0000 - 0x00007ff647400000 	C:\Program Files\Java\jdk-17\bin\java.exe
0x00007ffba77b0000 - 0x00007ffba79a8000 	C:\Windows\SYSTEM32\ntdll.dll
0x00007ffba7300000 - 0x00007ffba73bd000 	C:\Windows\System32\KERNEL32.DLL
0x00007ffba4f20000 - 0x00007ffba5216000 	C:\Windows\System32\KERNELBASE.dll
0x00007ffba5220000 - 0x00007ffba5320000 	C:\Windows\System32\ucrtbase.dll
0x00007ffb93320000 - 0x00007ffb93338000 	C:\Program Files\Java\jdk-17\bin\jli.dll
0x00007ffb932e0000 - 0x00007ffb932fb000 	C:\Program Files\Java\jdk-17\bin\VCRUNTIME140.dll
0x00007ffba7250000 - 0x00007ffba72fe000 	C:\Windows\System32\ADVAPI32.dll
0x00007ffba5810000 - 0x00007ffba58ae000 	C:\Windows\System32\msvcrt.dll
0x00007ffba58b0000 - 0x00007ffba594c000 	C:\Windows\System32\sechost.dll
0x00007ffba60e0000 - 0x00007ffba6206000 	C:\Windows\System32\RPCRT4.dll
0x00007ffba73c0000 - 0x00007ffba755e000 	C:\Windows\System32\USER32.dll
0x00007ffba53f0000 - 0x00007ffba5412000 	C:\Windows\System32\win32u.dll
0x00007ffb9a290000 - 0x00007ffb9a52a000 	C:\Windows\WinSxS\amd64_microsoft.windows.common-controls_6595b64144ccf1df_6.0.19041.1110_none_60b5254171f9507e\COMCTL32.dll
0x00007ffba6210000 - 0x00007ffba623c000 	C:\Windows\System32\GDI32.dll
0x00007ffba5640000 - 0x00007ffba575a000 	C:\Windows\System32\gdi32full.dll
0x00007ffba5350000 - 0x00007ffba53ed000 	C:\Windows\System32\msvcp_win.dll
0x00007ffb98ea0000 - 0x00007ffb98eaa000 	C:\Windows\SYSTEM32\VERSION.dll
0x00007ffba6250000 - 0x00007ffba6280000 	C:\Windows\System32\IMM32.DLL
0x00007ffb95130000 - 0x00007ffb9513c000 	C:\Program Files\Java\jdk-17\bin\vcruntime140_1.dll
0x00007ffb74be0000 - 0x00007ffb74c6e000 	C:\Program Files\Java\jdk-17\bin\msvcp140.dll
0x00007ffb5a8f0000 - 0x00007ffb5b4c7000 	C:\Program Files\Java\jdk-17\bin\server\jvm.dll
0x00007ffba6240000 - 0x00007ffba6248000 	C:\Windows\System32\PSAPI.DLL
0x00007ffb98e70000 - 0x00007ffb98e97000 	C:\Windows\SYSTEM32\WINMM.dll
0x00007ffb84120000 - 0x00007ffb84129000 	C:\Windows\SYSTEM32\WSOCK32.dll
0x00007ffba71e0000 - 0x00007ffba724b000 	C:\Windows\System32\WS2_32.dll
0x00007ffba36e0000 - 0x00007ffba36f2000 	C:\Windows\SYSTEM32\kernel.appcore.dll
0x00007ffb95040000 - 0x00007ffb9504a000 	C:\Program Files\Java\jdk-17\bin\jimage.dll
0x00007ffba2bb0000 - 0x00007ffba2d94000 	C:\Windows\SYSTEM32\DBGHELP.DLL
0x00007ffb96480000 - 0x00007ffb964b4000 	C:\Windows\SYSTEM32\dbgcore.DLL
0x00007ffba4e90000 - 0x00007ffba4f12000 	C:\Windows\System32\bcryptPrimitives.dll
0x00007ffb81d60000 - 0x00007ffb81d85000 	C:\Program Files\Java\jdk-17\bin\java.dll
0x00007ffb6f9c0000 - 0x00007ffb6fa97000 	C:\Program Files\Java\jdk-17\bin\jsvml.dll
0x00007ffba63f0000 - 0x00007ffba6b35000 	C:\Windows\System32\SHELL32.dll
0x00007ffba2f00000 - 0x00007ffba369b000 	C:\Windows\SYSTEM32\windows.storage.dll
0x00007ffba5c50000 - 0x00007ffba5fa4000 	C:\Windows\System32\combase.dll
0x00007ffba4860000 - 0x00007ffba488e000 	C:\Windows\SYSTEM32\Wldp.dll
0x00007ffba6b40000 - 0x00007ffba6bed000 	C:\Windows\System32\SHCORE.dll
0x00007ffba5b20000 - 0x00007ffba5b75000 	C:\Windows\System32\shlwapi.dll
0x00007ffba4dc0000 - 0x00007ffba4de5000 	C:\Windows\SYSTEM32\profapi.dll
0x00007ffb84150000 - 0x00007ffb84169000 	C:\Program Files\Java\jdk-17\bin\net.dll
0x00007ffb9f190000 - 0x00007ffb9f29a000 	C:\Windows\SYSTEM32\WINHTTP.dll
0x0000000180000000 - 0x000000018008c000 	C:\Windows\system32\ASProxy64.dll
0x00007ffba5fb0000 - 0x00007ffba60da000 	C:\Windows\System32\ole32.dll
0x00007ffba45c0000 - 0x00007ffba462a000 	C:\Windows\SYSTEM32\MSWSOCK.dll
0x00007ffba5b80000 - 0x00007ffba5c4d000 	C:\Windows\System32\OLEAUT32.dll
0x00007ffba42b0000 - 0x00007ffba42eb000 	C:\Windows\SYSTEM32\IPHLPAPI.DLL
0x00007ffba4d40000 - 0x00007ffba4d72000 	C:\Windows\SYSTEM32\SspiCli.dll
0x00007ffb83d50000 - 0x00007ffb83d66000 	C:\Program Files\Java\jdk-17\bin\nio.dll
0x00007ffb83bb0000 - 0x00007ffb83bc8000 	C:\Program Files\Java\jdk-17\bin\zip.dll
0x00007ffb94c00000 - 0x00007ffb94c10000 	C:\Program Files\Java\jdk-17\bin\verify.dll
0x00007ffba2120000 - 0x00007ffba21be000 	C:\Windows\system32\uxtheme.dll
0x0000000050410000 - 0x0000000050439000 	C:\Users\isaac\AppData\Local\Temp\libgdxisaac\e787ab0a\gdx64.dll
0x00007ffb774b0000 - 0x00007ffb77525000 	C:\Users\isaac\AppData\Local\Temp\lwjglisaac\3.3.1-build-7\lwjgl.dll
0x00007ffb5f670000 - 0x00007ffb5f8c9000 	C:\Users\isaac\AppData\Local\Temp\lwjglisaac\3.3.1-build-7\jemalloc.dll
0x00007ffb77440000 - 0x00007ffb774a1000 	C:\Users\isaac\AppData\Local\Temp\lwjglisaac\3.3.1-build-7\glfw.dll
0x00007ffb7e950000 - 0x00007ffb7e995000 	C:\Windows\SYSTEM32\dinput8.dll
0x00007ffb95e20000 - 0x00007ffb95e31000 	C:\Windows\SYSTEM32\xinput1_4.dll
0x00007ffba5420000 - 0x00007ffba546e000 	C:\Windows\System32\cfgmgr32.dll
0x00007ffba4c40000 - 0x00007ffba4c73000 	C:\Windows\SYSTEM32\DEVOBJ.dll
0x00007ffba24b0000 - 0x00007ffba24df000 	C:\Windows\SYSTEM32\dwmapi.dll
0x00007ffb7c850000 - 0x00007ffb7c9a2000 	C:\Windows\SYSTEM32\inputhost.dll
0x00007ffba0590000 - 0x00007ffba06e5000 	C:\Windows\SYSTEM32\wintypes.dll
0x00007ffba1d30000 - 0x00007ffba1e22000 	C:\Windows\SYSTEM32\CoreMessaging.dll
0x00007ffba2da0000 - 0x00007ffba2e96000 	C:\Windows\SYSTEM32\PROPSYS.dll
0x00007ffba1650000 - 0x00007ffba19ae000 	C:\Windows\SYSTEM32\CoreUIComponents.dll
0x00007ffba3fe0000 - 0x00007ffba4013000 	C:\Windows\SYSTEM32\ntmarta.dll
0x00007ffba7570000 - 0x00007ffba7684000 	C:\Windows\System32\MSCTF.dll
0x00007ffb6c360000 - 0x00007ffb6c4f7000 	C:\Users\isaac\AppData\Local\Temp\lwjglisaac\3.3.1-build-7\OpenAL.dll
0x00007ffba6bf0000 - 0x00007ffba6c99000 	C:\Windows\System32\clbcatq.dll
0x00007ffb9d930000 - 0x00007ffb9d9b5000 	C:\Windows\System32\MMDevApi.dll
0x00007ffb9d2a0000 - 0x00007ffb9d422000 	C:\Windows\SYSTEM32\AUDIOSES.DLL
0x00007ffba4bd0000 - 0x00007ffba4c1b000 	C:\Windows\SYSTEM32\powrprof.dll
0x00007ffba4bb0000 - 0x00007ffba4bc2000 	C:\Windows\SYSTEM32\UMPDC.dll
0x00007ffba24e0000 - 0x00007ffba24f4000 	C:\Windows\SYSTEM32\resourcepolicyclient.dll
0x00007ffb77310000 - 0x00007ffb77435000 	C:\Windows\SYSTEM32\opengl32.dll
0x00007ffb94f50000 - 0x00007ffb94f7c000 	C:\Windows\SYSTEM32\GLU32.dll
0x00007ffb9c490000 - 0x00007ffb9c592000 	C:\Windows\System32\AppXDeploymentClient.dll
0x00007ffb93280000 - 0x00007ffb932aa000 	C:\Windows\System32\DriverStore\FileRepository\u0363312.inf_amd64_08fc5018b1b99545\B363211\atig6pxx.dll
0x00007ffb55350000 - 0x00007ffb580f5000 	C:\Windows\System32\DriverStore\FileRepository\u0363312.inf_amd64_08fc5018b1b99545\B363211\atio6axx.dll
0x00007ffba6d10000 - 0x00007ffba717e000 	C:\Windows\System32\SETUPAPI.dll
0x00007ffba5320000 - 0x00007ffba5347000 	C:\Windows\System32\bcrypt.dll
0x00007ffb94f20000 - 0x00007ffb94f44000 	C:\Windows\SYSTEM32\dxva2.dll
0x00007ffb83e90000 - 0x00007ffb83ecc000 	C:\Windows\System32\DriverStore\FileRepository\u0363312.inf_amd64_08fc5018b1b99545\B363211\atig6txx.dll
0x00007ffb6b1f0000 - 0x00007ffb6b3af000 	C:\Windows\SYSTEM32\atiadlxx.dll
0x00007ffba55d0000 - 0x00007ffba5637000 	C:\Windows\System32\WINTRUST.dll
0x00007ffba5470000 - 0x00007ffba55ce000 	C:\Windows\System32\CRYPT32.dll
0x00007ffba49f0000 - 0x00007ffba4a02000 	C:\Windows\SYSTEM32\MSASN1.dll
0x00007ffb9eba0000 - 0x00007ffb9ebdb000 	C:\Windows\SYSTEM32\dxcore.dll
0x00007ffb752f0000 - 0x00007ffb7534d000 	C:\Users\isaac\AppData\Local\Temp\lwjglisaac\3.3.1-build-7\lwjgl_opengl.dll
0x00007ffb7c9b0000 - 0x00007ffb7caaa000 	C:\Windows\SYSTEM32\textinputframework.dll
0x00007ffb7f310000 - 0x00007ffb7f376000 	C:\Windows\system32\Oleacc.dll
0x00007ffb72850000 - 0x00007ffb72b45000 	C:\Windows\System32\uiautomationcore.dll
0x00007ffba47d0000 - 0x00007ffba47dc000 	C:\Windows\SYSTEM32\CRYPTBASE.DLL
0x00000000503b0000 - 0x000000005040a000 	C:\Users\isaac\AppData\Local\Temp\libgdxisaac\888fe1bc\gdx-box2d64.dll
0x00007ffba47b0000 - 0x00007ffba47c8000 	C:\Windows\SYSTEM32\CRYPTSP.dll
0x00007ffba3ec0000 - 0x00007ffba3ef4000 	C:\Windows\system32\rsaenh.dll
0x00007ffba4d80000 - 0x00007ffba4dae000 	C:\Windows\SYSTEM32\USERENV.dll
0x00007ffba6d00000 - 0x00007ffba6d08000 	C:\Windows\System32\NSI.dll
0x00007ffb9b8c0000 - 0x00007ffb9b8d7000 	C:\Windows\SYSTEM32\dhcpcsvc6.DLL
0x00007ffb9ce90000 - 0x00007ffb9cead000 	C:\Windows\SYSTEM32\dhcpcsvc.DLL
0x00007ffba42f0000 - 0x00007ffba43ba000 	C:\Windows\SYSTEM32\DNSAPI.dll

dbghelp: loaded successfully - version: 4.0.5 - missing functions: none
symbol engine: initialized successfully - sym options: 0x614 - pdb path: .;C:\Program Files\Java\jdk-17\bin;C:\Windows\SYSTEM32;C:\Windows\WinSxS\amd64_microsoft.windows.common-controls_6595b64144ccf1df_6.0.19041.1110_none_60b5254171f9507e;C:\Program Files\Java\jdk-17\bin\server;C:\Users\isaac\AppData\Local\Temp\libgdxisaac\e787ab0a;C:\Users\isaac\AppData\Local\Temp\lwjglisaac\3.3.1-build-7;C:\Windows\System32\DriverStore\FileRepository\u0363312.inf_amd64_08fc5018b1b99545\B363211;C:\Users\isaac\AppData\Local\Temp\libgdxisaac\888fe1bc

VM Arguments:
jvm_args: -XX:+ShowCodeDetailsInExceptionMessages 
java_command: com.csse3200.game.desktop.DesktopLauncher
java_class_path (initial): C:\Users\isaac\OneDrive\Documents\School\University of Queensland\UQ 2023\UQ 2023 Semester 2\CSSE3200\2023-studio-3\source\desktop\bin\main;\csse3200-game-core\bin\default;C:\Users\isaac\OneDrive\Documents\School\University of Queensland\UQ 2023\UQ 2023 Semester 2\CSSE3200\2023-studio-3\source\core\bin\main;C:\Users\isaac\.gradle\caches\modules-2\files-2.1\com.badlogicgames.gdx\gdx-backend-lwjgl3\1.11.0\58a96db4cd349be4292d547856aa1e1c5f065f4e\gdx-backend-lwjgl3-1.11.0.jar;C:\Users\isaac\.gradle\caches\modules-2\files-2.1\com.badlogicgames.gdx\gdx-platform\1.11.0\697fb13eada6d3c6ca648c9788692b0159add126\gdx-platform-1.11.0-natives-desktop.jar;C:\Users\isaac\.gradle\caches\modules-2\files-2.1\com.badlogicgames.gdx\gdx-box2d-platform\1.11.0\62ff9baa1e57a11e0a4428a38c9660bf9f312fdc\gdx-box2d-platform-1.11.0-natives-desktop.jar;C:\Users\isaac\.gradle\caches\modules-2\files-2.1\com.badlogicgames.gdx\gdx-tools\1.11.0\a5d30eafd0f2fbab314efdf6d98ebc27388b7c0a\gdx-tools-1.11.0.jar;C:\Users\isaac\.gradle\caches\modules-2\files-2.1\com.badlogicgames.gdx-controllers\gdx-controllers-desktop\2.2.2\625b3bdbe803e9c4af181b4791202cfcf776d805\gdx-controllers-desktop-2.2.2.jar;C:\Users\isaac\.gradle\caches\modules-2\files-2.1\com.badlogicgames.gdx\gdx-backend-lwjgl\1.11.0\33555a2cf8b4d9db4122b2fe42e7674b343d8b4\gdx-backend-lwjgl-1.11.0.jar;C:\Users\isaac\.gradle\caches\modules-2\files-2.1\com.badlogicgames.gdx\gdx-freetype\1.11.0\a3634ad2e6c56d251268d6ab5c0f66eee2841f2c\gdx-freetype-1.11.0.jar;C:\Users\isaac\.gradle\caches\modules-2\files-2.1\com.badlogicgames.gdx\gdx-backend-headless\1.11.0\3c3d0c951db72891d894df1725d09179fd0bca00\gdx-backend-headless-1.11.0.jar;C:\Users\isaac\.gradle\caches\modules-2\files-2.1\net.dermetfan.libgdx-utils\libgdx-utils-box2d\0.13.4\918d79a20ea3c898cdb3611782c5b2bfa6ec575b\libgdx-utils-box2d-0.13.4.jar;C:\Users\isaac\.gradle\caches\modules-2\files-2.1\com.badlogicgames.gdx\gdx-box2d\1.11.0\ad4facee800dd945d6d6e93dea2936bc135b
Launcher Type: SUN_STANDARD

[Global flags]
     intx CICompilerCount                          = 12                                        {product} {ergonomic}
     uint ConcGCThreads                            = 3                                         {product} {ergonomic}
     uint G1ConcRefinementThreads                  = 13                                        {product} {ergonomic}
   size_t G1HeapRegionSize                         = 2097152                                   {product} {ergonomic}
    uintx GCDrainStackTargetSize                   = 64                                        {product} {ergonomic}
   size_t InitialHeapSize                          = 260046848                                 {product} {ergonomic}
   size_t MarkStackSize                            = 4194304                                   {product} {ergonomic}
   size_t MaxHeapSize                              = 4135583744                                {product} {ergonomic}
   size_t MaxNewSize                               = 2480930816                                {product} {ergonomic}
   size_t MinHeapDeltaBytes                        = 2097152                                   {product} {ergonomic}
   size_t MinHeapSize                              = 8388608                                   {product} {ergonomic}
    uintx NonNMethodCodeHeapSize                   = 7602480                                {pd product} {ergonomic}
    uintx NonProfiledCodeHeapSize                  = 122027880                              {pd product} {ergonomic}
    uintx ProfiledCodeHeapSize                     = 122027880                              {pd product} {ergonomic}
    uintx ReservedCodeCacheSize                    = 251658240                              {pd product} {ergonomic}
     bool SegmentedCodeCache                       = true                                      {product} {ergonomic}
     bool ShowCodeDetailsInExceptionMessages       = true                                   {manageable} {command line}
   size_t SoftMaxHeapSize                          = 4135583744                             {manageable} {ergonomic}
     bool UseCompressedClassPointers               = true                           {product lp64_product} {ergonomic}
     bool UseCompressedOops                        = true                           {product lp64_product} {ergonomic}
     bool UseG1GC                                  = true                                      {product} {ergonomic}
     bool UseLargePagesIndividualAllocation        = false                                  {pd product} {ergonomic}

Logging:
Log output configuration:
 #0: stdout all=warning uptime,level,tags
 #1: stderr all=off uptime,level,tags

Environment Variables:
PATH=C:\Users\isaac\bin;C:\Program Files\Git\mingw64\bin;C:\Program Files\Git\usr\local\bin;C:\Program Files\Git\usr\bin;C:\Program Files\Git\usr\bin;C:\Program Files\Git\mingw64\bin;C:\Program Files\Git\usr\bin;C:\Users\isaac\bin;C:\Program Files\Common Files\Oracle\Java\javapath;C:\Program Files (x86)\Common Files\Oracle\Java\javapath;C:\Windows\system32;C:\Windows;C:\Windows\System32\Wbem;C:\Windows\System32\WindowsPowerShell\v1.0;C:\Windows\System32\OpenSSH;C:\Program Files\Microsoft SQL Server\Client SDK\ODBC\170\Tools\Binn;C:\Program Files (x86)\Microsoft SQL Server\150\Tools\Binn;C:\Program Files\Microsoft SQL Server\150\Tools\Binn;C:\Program Files\Microsoft SQL Server\150\DTS\Binn;C:\Program Files (x86)\Microsoft SQL Server\150\DTS\Binn;C:\Program Files\Azure Data Studio\bin;C:\Program Files\Git\cmd;C:\Program Files\PuTTY;C:\Program Files (x86)\Pololu\USB AVR Programmer v2\bin;C:\Program Files\nodejs;C:\Users\isaac\AppData\Local\Programs\Python\Python310\Scripts;C:\Users\isaac\AppData\Local\Programs\Python\Python310;C:\Users\isaac\AppData\Local\Microsoft\WindowsApps;C:\Users\isaac\AppData\Local\Programs\Microsoft VS Code\bin;C:\Program Files\Azure Data Studio\bin;C:\Users\isaac\AppData\Roaming\npm;C:\Program Files\Git\usr\bin\vendor_perl;C:\Program Files\Git\usr\bin\core_perl
USERNAME=isaac
SHELL=C:\Program Files\Git\usr\bin\bash.exe
DISPLAY=needs-to-be-defined
LANG=en_US.UTF-8
OS=Windows_NT
PROCESSOR_IDENTIFIER=AMD64 Family 23 Model 104 Stepping 1, AuthenticAMD



---------------  S Y S T E M  ---------------

OS:
 Windows 10 , 64 bit Build 19041 (10.0.19041.3393)
OS uptime: 8 days 4:38 hours

CPU: total 16 (initial active 16) (16 cores per cpu, 2 threads per core) family 23 model 104 stepping 1 microcode 0x0, cx8, cmov, fxsr, ht, mmx, 3dnowpref, sse, sse2, sse3, ssse3, sse4a, sse4.1, sse4.2, popcnt, lzcnt, tsc, tscinvbit, avx, avx2, aes, clmul, bmi1, bmi2, adx, sha, fma, vzeroupper, clflush, clflushopt

Memory: 4k page, system-wide physical 15769M (4058M free)
TotalPageFile size 19865M (AvailPageFile size 2901M)
current process WorkingSet (physical memory assigned to process): 557M, peak: 652M
current process commit charge ("private bytes"): 789M, peak: 893M

vm_info: Java HotSpot(TM) 64-Bit Server VM (17.0.6+9-LTS-190) for windows-amd64 JRE (17.0.6+9-LTS-190), built on Dec  6 2022 15:53:54 by "mach5one" with MS VC++ 17.1 (VS2022)

END.
