#
# A fatal error has been detected by the Java Runtime Environment:
#
#  EXCEPTION_ACCESS_VIOLATION (0xc0000005) at pc=0x00000000503eb9e2, pid=22188, tid=3688
#
# JRE version: Java(TM) SE Runtime Environment (17.0.6+9) (build 17.0.6+9-LTS-190)
# Java VM: Java HotSpot(TM) 64-Bit Server VM (17.0.6+9-LTS-190, mixed mode, sharing, tiered, compressed oops, compressed class ptrs, g1 gc, windows-amd64)
# Problematic frame:
# C  [gdx-box2d64.dll+0x3b9e2]
#
# No core dump will be written. Minidumps are not enabled by default on client versions of Windows
#
# If you would like to submit a bug report, please visit:
#   https://bugreport.java.com/bugreport/crash.jsp
# The crash happened outside the Java Virtual Machine in native code.
# See problematic frame for where to report the bug.
#

---------------  S U M M A R Y ------------

Command Line: -XX:+ShowCodeDetailsInExceptionMessages com.csse3200.game.desktop.DesktopLauncher

Host: AMD Ryzen 7 5700U with Radeon Graphics         , 16 cores, 15G,  Windows 10 , 64 bit Build 19041 (10.0.19041.3393)
Time: Wed Sep 27 17:57:12 2023 E. Australia Standard Time elapsed time: 59.377646 seconds (0d 0h 0m 59s)

---------------  T H R E A D  ---------------

Current thread (0x000001fa5933e0c0):  JavaThread "main" [_thread_in_native, id=3688, stack(0x000000b0f4900000,0x000000b0f4a00000)]

Stack: [0x000000b0f4900000,0x000000b0f4a00000],  sp=0x000000b0f49fe750,  free space=1017k
Native frames: (J=compiled Java code, j=interpreted, Vv=VM code, C=native code)
C  [gdx-box2d64.dll+0x3b9e2]

Java frames: (J=compiled Java code, j=interpreted, Vv=VM code)
J 2505  com.badlogic.gdx.physics.box2d.World.jniRayCast(JFFFF)V (0 bytes) @ 0x000001fa6889e3f9 [0x000001fa6889e3a0+0x0000000000000059]
J 2846 c2 com.csse3200.game.components.tasks.FireTowerCombatTask.getPriority()I (16 bytes) @ 0x000001fa6890ef54 [0x000001fa6890ee20+0x0000000000000134]
J 3041 c2 com.csse3200.game.ai.tasks.AITaskComponent.update()V (42 bytes) @ 0x000001fa6894f484 [0x000001fa6894f2a0+0x00000000000001e4]
J 2863 c2 com.csse3200.game.entities.EntityService.update()V (39 bytes) @ 0x000001fa6891c25c [0x000001fa6891c0c0+0x000000000000019c]
J 2729 c1 com.csse3200.game.screens.MainGameScreen.render(F)V (122 bytes) @ 0x000001fa610fe77c [0x000001fa610fe100+0x000000000000067c]
J 1670 c1 com.badlogic.gdx.backends.lwjgl3.Lwjgl3Window.update()Z (217 bytes) @ 0x000001fa60eca8fc [0x000001fa60ec9b80+0x0000000000000d7c]
j  com.badlogic.gdx.backends.lwjgl3.Lwjgl3Application.loop()V+111
j  com.badlogic.gdx.backends.lwjgl3.Lwjgl3Application.<init>(Lcom/badlogic/gdx/ApplicationListener;Lcom/badlogic/gdx/backends/lwjgl3/Lwjgl3ApplicationConfiguration;)V+269
j  com.csse3200.game.desktop.DesktopLauncher.main([Ljava/lang/String;)V+19
v  ~StubRoutines::call_stub

siginfo: EXCEPTION_ACCESS_VIOLATION (0xc0000005), reading address 0x0000000000000000


Register to memory mapping:

RIP=0x00000000503eb9e2 gdx-box2d64.dll
RAX=0x000001fa09c03d00 points into unknown readable memory: 0x000001fa09c03d20 | 20 3d c0 09 fa 01 00 00
RBX=0x000001fa09c10a90 points into unknown readable memory: 0x000001fa09c10af0 | f0 0a c1 09 fa 01 00 00
RCX=0x0 is NULL
RDX=0x000001fa08dd2b80 points into unknown readable memory: 0x000001fa09c19350 | 50 93 c1 09 fa 01 00 00
RSP=0x000000b0f49fe750 is pointing into the stack for thread: 0x000001fa5933e0c0
RBP=0x000001fa08e44b40 points into unknown readable memory: 0x000000000000019d | 9d 01 00 00 00 00 00 00
RSI=0x000000b0f49fe7a4 is pointing into the stack for thread: 0x000001fa5933e0c0
RDI=0x000000b0f49fe7d8 is pointing into the stack for thread: 0x000001fa5933e0c0
R8 =0x0 is NULL
R9 =0x0000000000000002 is an unknown value
R10=0x000001fa59336e80 points into unknown readable memory: 0x0000004000000001 | 01 00 00 00 40 00 00 00
R11=0x000000b0f49fe690 is pointing into the stack for thread: 0x000001fa5933e0c0
R12=0x000000b0f49fed00 is pointing into the stack for thread: 0x000001fa5933e0c0
R13=0x000000b0f49fe7d0 is pointing into the stack for thread: 0x000001fa5933e0c0
R14=0x000000b0f49fecf0 is pointing into the stack for thread: 0x000001fa5933e0c0
R15=0x000000b0f49fe7b0 is pointing into the stack for thread: 0x000001fa5933e0c0


Registers:
RAX=0x000001fa09c03d00, RBX=0x000001fa09c10a90, RCX=0x0000000000000000, RDX=0x000001fa08dd2b80
RSP=0x000000b0f49fe750, RBP=0x000001fa08e44b40, RSI=0x000000b0f49fe7a4, RDI=0x000000b0f49fe7d8
R8 =0x0000000000000000, R9 =0x0000000000000002, R10=0x000001fa59336e80, R11=0x000000b0f49fe690
R12=0x000000b0f49fed00, R13=0x000000b0f49fe7d0, R14=0x000000b0f49fecf0, R15=0x000000b0f49fe7b0
RIP=0x00000000503eb9e2, EFLAGS=0x0000000000010283

Top of Stack: (sp=0x000000b0f49fe750)
0x000000b0f49fe750:   8000000000000000 0000000000003fff
0x000000b0f49fe760:   3ff000003f800000 0000000000000000
0x000000b0f49fe770:   000000003e9f8409 0000000000000000
0x000000b0f49fe780:   800000003f800000 3f8000003f800000
0x000000b0f49fe790:   000000b0f49fe8d8 4197b286503e3ced
0x000000b0f49fe7a0:   bf80000040d00000 3e9f840900000000
0x000000b0f49fe7b0:   40d0000040d00000 40d00000423a0000
0x000000b0f49fe7c0:   000000003f800000 00000000503bae81
0x000000b0f49fe7d0:   000000b0f49fe7d8 000001bf000000cf
0x000000b0f49fe7e0:   0000004800000030 000000670000005e
0x000000b0f49fe7f0:   0000010e00000066 00000166000001fa
0x000000b0f49fe800:   3ba3d70af49fea30 0000000000000000
0x000000b0f49fe810:   0000000000000000 0000000040000000
0x000000b0f49fe820:   000000004007b17e 4133430d00000000
0x000000b0f49fe830:   0000000000000000 4133065f4007b17e
0x000000b0f49fe840:   4000000000000000 800000003f800000 

Instructions: (pc=0x00000000503eb9e2)
0x00000000503eb8e2:   0f 28 bc 24 a0 04 00 00 44 0f 28 84 24 b0 04 00
0x00000000503eb8f2:   00 44 0f 28 8c 24 c0 04 00 00 44 0f 28 94 24 d0
0x00000000503eb902:   04 00 00 44 0f 28 9c 24 e0 04 00 00 44 0f 28 a4
0x00000000503eb912:   24 f0 04 00 00 44 0f 28 ac 24 00 05 00 00 44 0f
0x00000000503eb922:   28 b4 24 10 05 00 00 44 0f 28 bc 24 20 05 00 00
0x00000000503eb932:   48 81 c4 38 05 00 00 5b 5e 5f 5d 41 5c 41 5d 41
0x00000000503eb942:   5e 41 5f c3 66 2e 0f 1f 84 00 00 00 00 00 45 0f
0x00000000503eb952:   28 d3 f3 44 0f 11 64 24 30 e9 3a fd ff ff 48 8d
0x00000000503eb962:   15 71 5f 00 00 48 8d 0d d9 60 00 00 41 b8 d1 00
0x00000000503eb972:   00 00 e8 17 82 ff ff e9 da fc ff ff 66 90 49 8b
0x00000000503eb982:   04 24 f3 0f 10 5c 24 3c 85 d2 f3 0f 11 5c 24 70
0x00000000503eb992:   49 8b 36 48 89 44 24 60 49 8b 44 24 08 48 89 44
0x00000000503eb9a2:   24 68 78 05 3b 56 14 7c 19 48 8d 15 26 5f 00 00
0x00000000503eb9b2:   48 8d 0d 47 5f 00 00 41 b8 9e 00 00 00 e8 cc 81
0x00000000503eb9c2:   ff ff 48 8b 46 08 48 8d 74 24 54 48 8b 44 18 10
0x00000000503eb9d2:   48 8b 58 10 44 8b 40 18 48 8b 4b 18 48 8b 53 10
0x00000000503eb9e2:   48 8b 01 4c 8d 4a 0c 44 89 44 24 20 48 89 f2 4d
0x00000000503eb9f2:   89 f8 ff 50 28 84 c0 f3 0f 10 44 24 70 0f 85 37
0x00000000503eba02:   01 00 00 0f 2e c6 7a 06 0f 84 a1 01 00 00 0f 2e
0x00000000503eba12:   c6 76 4f 45 0f 28 cb 45 0f 28 c4 41 0f 28 df f3
0x00000000503eba22:   44 0f 59 c8 45 0f 28 ef f3 44 0f 59 c0 41 0f 28
0x00000000503eba32:   fe f3 45 0f 58 cf f3 45 0f 58 c6 f3 41 0f 5f d9
0x00000000503eba42:   45 0f 2e f0 f3 45 0f 5d e9 f3 41 0f 5d f8 44 0f
0x00000000503eba52:   28 cb 0f 86 4c 01 00 00 45 0f 28 c6 f3 0f 11 44
0x00000000503eba62:   24 3c 8b 84 24 88 04 00 00 48 8b bc 24 80 00 00
0x00000000503eba72:   00 85 c0 0f 8f e6 fc ff ff e9 48 fe ff ff 8d 14
0x00000000503eba82:   00 8d 0c c5 00 00 00 00 89 94 24 8c 04 00 00 e8
0x00000000503eba92:   da 07 fd ff 4c 63 84 24 88 04 00 00 48 89 fa 48
0x00000000503ebaa2:   89 c1 48 89 84 24 80 00 00 00 49 c1 e0 02 e8 03
0x00000000503ebab2:   d4 ff ff 49 8d 45 08 48 39 c7 74 08 48 89 f9 e8
0x00000000503ebac2:   ba 07 fd ff 48 8b bc 24 80 00 00 00 8b 84 24 88
0x00000000503ebad2:   04 00 00 e9 c8 fd ff ff 8d 14 00 8d 0c c5 00 00 


Stack slot to memory mapping:
stack at sp + 0 slots: 0x8000000000000000 is an unknown value
stack at sp + 1 slots: 0x0000000000003fff is an unknown value
stack at sp + 2 slots: 0x3ff000003f800000 is an unknown value
stack at sp + 3 slots: 0x0 is NULL
stack at sp + 4 slots: 0x000000003e9f8409 is an unknown value
stack at sp + 5 slots: 0x0 is NULL
stack at sp + 6 slots: 0x800000003f800000 is an unknown value
stack at sp + 7 slots: 0x3f8000003f800000 is an unknown value


---------------  P R O C E S S  ---------------

Threads class SMR info:
_java_thread_list=0x000001fa175de010, length=166, elements={
0x000001fa5933e0c0, 0x000001fa7bac1f60, 0x000001fa7bac31e0, 0x000001fa7d00f830,
0x000001fa7d0101e0, 0x000001fa7d0115b0, 0x000001fa7d031f70, 0x000001fa7d033060,
0x000001fa7d033a50, 0x000001fa7d037370, 0x000001fa7d18a1a0, 0x000001fa7d19be70,
0x000001fa055f4680, 0x000001fa0565d790, 0x000001fa002f2a50, 0x000001fa16e92180,
0x000001fa16590260, 0x000001fa5932a2f0, 0x000001fa59326e00, 0x000001fa59328610,
0x000001fa59328ae0, 0x000001fa593272d0, 0x000001fa593277a0, 0x000001fa59329950,
0x000001fa059bcab0, 0x000001fa059bddf0, 0x000001fa059bcf80, 0x000001fa059bd920,
0x000001fa059bc5e0, 0x000001fa059bfad0, 0x000001fa059bd450, 0x000001fa059bb770,
0x000001fa059c0940, 0x000001fa059bbc40, 0x000001fa059badd0, 0x000001fa059be2c0,
0x000001fa059ba430, 0x000001fa059bffa0, 0x000001fa059bc110, 0x000001fa059be790,
0x000001fa059bec60, 0x000001fa059bf130, 0x000001fa059bf600, 0x000001fa059ba900,
0x000001fa059c0e10, 0x000001fa059b9a90, 0x000001fa059b9f60, 0x000001fa059bb2a0,
0x000001fa004d35b0, 0x000001fa004d4dc0, 0x000001fa004d4420, 0x000001fa004d8c50,
0x000001fa004d9ac0, 0x000001fa004d82b0, 0x000001fa004d2c10, 0x000001fa004d5760,
0x000001fa004d6100, 0x000001fa004d8780, 0x000001fa004d48f0, 0x000001fa004d6aa0,
0x000001fa004d5c30, 0x000001fa004d9120, 0x000001fa004d6f70, 0x000001fa004d9f90,
0x000001fa004d95f0, 0x000001fa004d2740, 0x000001fa004d3a80, 0x000001fa004d3f50,
0x000001fa004d30e0, 0x000001fa004d5290, 0x000001fa004d65d0, 0x000001fa004d7440,
0x000001fa004d7910, 0x000001fa004d7de0, 0x000001fa1709eee0, 0x000001fa170a40b0,
0x000001fa170a4a50, 0x000001fa1709f3b0, 0x000001fa170a06f0, 0x000001fa170a1f00,
0x000001fa1709ea10, 0x000001fa170a4580, 0x000001fa170a0220, 0x000001fa1709fd50,
0x000001fa170a23d0, 0x000001fa1709e540, 0x000001fa170a3710, 0x000001fa170a3be0,
0x000001fa170a0bc0, 0x000001fa170a1090, 0x000001fa170a4f20, 0x000001fa170a1560,
0x000001fa1709f880, 0x000001fa170a1a30, 0x000001fa170a28a0, 0x000001fa170a53f0,
0x000001fa170a2d70, 0x000001fa170a3240, 0x000001fa170a58c0, 0x000001fa1709e070,
0x000001fa059c0470, 0x000001fa059b95c0, 0x000001fa15d34140, 0x000001fa15d2fde0,
0x000001fa15d34ae0, 0x000001fa15d34fb0, 0x000001fa15d35480, 0x000001fa15d315f0,
0x000001fa15d30780, 0x000001fa15d337a0, 0x000001fa15d302b0, 0x000001fa15d33c70,
0x000001fa15d2f910, 0x000001fa15d30c50, 0x000001fa15d2ef70, 0x000001fa15d31120,
0x000001fa15d31ac0, 0x000001fa15d31f90, 0x000001fa15d34610, 0x000001fa15d2e100,
0x000001fa15d2e5d0, 0x000001fa15d35950, 0x000001fa15d32460, 0x000001fa15d2eaa0,
0x000001fa15d32930, 0x000001fa15d2f440, 0x000001fa15d32e00, 0x000001fa15d332d0,
0x000001fa15a46870, 0x000001fa15a493c0, 0x000001fa15a49d60, 0x000001fa15a44b90,
0x000001fa15a45ed0, 0x000001fa15a4a230, 0x000001fa15a4a700, 0x000001fa15a446c0,
0x000001fa15a48080, 0x000001fa15a476e0, 0x000001fa15a4abd0, 0x000001fa15a43380,
0x000001fa15a43850, 0x000001fa15a48ef0, 0x000001fa15a43d20, 0x000001fa15a45060,
0x000001fa15a48550, 0x000001fa15a441f0, 0x000001fa15a45530, 0x000001fa15a463a0,
0x000001fa15a47bb0, 0x000001fa15a45a00, 0x000001fa15a48a20, 0x000001fa15a47210,
0x000001fa15f15f50, 0x000001fa15f19910, 0x000001fa15f1a2b0, 0x000001fa15f16420,
0x000001fa15f1a780, 0x000001fa15f168f0, 0x000001fa15f14740, 0x000001fa15f18f70,
0x000001fa15f17c30, 0x000001fa15f18aa0, 0x000001fa15f19440, 0x000001fa15f14c10,
0x000001fa15f13da0, 0x000001fa15f138d0
}

Java Threads: ( => current thread )
=>0x000001fa5933e0c0 JavaThread "main" [_thread_in_native, id=3688, stack(0x000000b0f4900000,0x000000b0f4a00000)]
  0x000001fa7bac1f60 JavaThread "Reference Handler" daemon [_thread_blocked, id=15184, stack(0x000000b0f5000000,0x000000b0f5100000)]
  0x000001fa7bac31e0 JavaThread "Finalizer" daemon [_thread_blocked, id=20644, stack(0x000000b0f5100000,0x000000b0f5200000)]
  0x000001fa7d00f830 JavaThread "Signal Dispatcher" daemon [_thread_blocked, id=11696, stack(0x000000b0f5200000,0x000000b0f5300000)]
  0x000001fa7d0101e0 JavaThread "Attach Listener" daemon [_thread_blocked, id=11260, stack(0x000000b0f5300000,0x000000b0f5400000)]
  0x000001fa7d0115b0 JavaThread "Service Thread" daemon [_thread_blocked, id=15640, stack(0x000000b0f5400000,0x000000b0f5500000)]
  0x000001fa7d031f70 JavaThread "Monitor Deflation Thread" daemon [_thread_blocked, id=24704, stack(0x000000b0f5500000,0x000000b0f5600000)]
  0x000001fa7d033060 JavaThread "C2 CompilerThread0" daemon [_thread_blocked, id=4132, stack(0x000000b0f5600000,0x000000b0f5700000)]
  0x000001fa7d033a50 JavaThread "C1 CompilerThread0" daemon [_thread_blocked, id=10780, stack(0x000000b0f5700000,0x000000b0f5800000)]
  0x000001fa7d037370 JavaThread "Sweeper thread" daemon [_thread_blocked, id=7764, stack(0x000000b0f5800000,0x000000b0f5900000)]
  0x000001fa7d18a1a0 JavaThread "Notification Thread" daemon [_thread_blocked, id=21708, stack(0x000000b0f5a00000,0x000000b0f5b00000)]
  0x000001fa7d19be70 JavaThread "Common-Cleaner" daemon [_thread_blocked, id=7376, stack(0x000000b0f5c00000,0x000000b0f5d00000)]
  0x000001fa055f4680 JavaThread "AssetManager" daemon [_thread_blocked, id=26968, stack(0x000000b0f7400000,0x000000b0f7500000)]
  0x000001fa0565d790 JavaThread "LWJGL3 Timer" daemon [_thread_blocked, id=26112, stack(0x000000b0f7500000,0x000000b0f7600000)]
  0x000001fa002f2a50 JavaThread "AssetManager" daemon [_thread_blocked, id=24884, stack(0x000000b0f5900000,0x000000b0f5a00000)]
  0x000001fa16e92180 JavaThread "Timer-0" [_thread_blocked, id=21012, stack(0x000000b0f8a00000,0x000000b0f8b00000)]
  0x000001fa16590260 JavaThread "Timer" daemon [_thread_blocked, id=22260, stack(0x000000b0f7f00000,0x000000b0f8000000)]
  0x000001fa5932a2f0 JavaThread "Timer-1" [_thread_blocked, id=24168, stack(0x000000b0f8200000,0x000000b0f8300000)]
  0x000001fa59326e00 JavaThread "Timer-2" [_thread_blocked, id=24988, stack(0x000000b0f8100000,0x000000b0f8200000)]
  0x000001fa59328610 JavaThread "Timer-3" [_thread_blocked, id=11640, stack(0x000000b0f8000000,0x000000b0f8100000)]
  0x000001fa59328ae0 JavaThread "Timer-4" [_thread_blocked, id=16444, stack(0x000000b0f8400000,0x000000b0f8500000)]
  0x000001fa593272d0 JavaThread "Timer-5" [_thread_blocked, id=17448, stack(0x000000b0f8500000,0x000000b0f8600000)]
  0x000001fa593277a0 JavaThread "Timer-6" [_thread_blocked, id=12236, stack(0x000000b0f8600000,0x000000b0f8700000)]
  0x000001fa59329950 JavaThread "Timer-7" [_thread_blocked, id=23252, stack(0x000000b0f8700000,0x000000b0f8800000)]
  0x000001fa059bcab0 JavaThread "Timer-8" [_thread_blocked, id=524, stack(0x000000b0f8800000,0x000000b0f8900000)]
  0x000001fa059bddf0 JavaThread "Timer-9" [_thread_blocked, id=15224, stack(0x000000b0f8900000,0x000000b0f8a00000)]
  0x000001fa059bcf80 JavaThread "Timer-10" [_thread_blocked, id=14020, stack(0x000000b0f8b00000,0x000000b0f8c00000)]
  0x000001fa059bd920 JavaThread "Timer-11" [_thread_blocked, id=22292, stack(0x000000b0f8c00000,0x000000b0f8d00000)]
  0x000001fa059bc5e0 JavaThread "Timer-12" [_thread_blocked, id=4336, stack(0x000000b0f8d00000,0x000000b0f8e00000)]
  0x000001fa059bfad0 JavaThread "Timer-13" [_thread_blocked, id=26744, stack(0x000000b0f8e00000,0x000000b0f8f00000)]
  0x000001fa059bd450 JavaThread "Timer-14" [_thread_blocked, id=23528, stack(0x000000b0f8f00000,0x000000b0f9000000)]
  0x000001fa059bb770 JavaThread "Timer-15" [_thread_blocked, id=19952, stack(0x000000b0f9000000,0x000000b0f9100000)]
  0x000001fa059c0940 JavaThread "Timer-16" [_thread_blocked, id=18136, stack(0x000000b0f9100000,0x000000b0f9200000)]
  0x000001fa059bbc40 JavaThread "Timer-17" [_thread_blocked, id=27572, stack(0x000000b0f9200000,0x000000b0f9300000)]
  0x000001fa059badd0 JavaThread "Timer-18" [_thread_blocked, id=12864, stack(0x000000b0f9300000,0x000000b0f9400000)]
  0x000001fa059be2c0 JavaThread "Timer-19" [_thread_blocked, id=15712, stack(0x000000b0f9400000,0x000000b0f9500000)]
  0x000001fa059ba430 JavaThread "Timer-20" [_thread_blocked, id=11020, stack(0x000000b0f9500000,0x000000b0f9600000)]
  0x000001fa059bffa0 JavaThread "Timer-21" [_thread_blocked, id=26704, stack(0x000000b0f9600000,0x000000b0f9700000)]
  0x000001fa059bc110 JavaThread "Timer-22" [_thread_blocked, id=26600, stack(0x000000b0f9700000,0x000000b0f9800000)]
  0x000001fa059be790 JavaThread "Timer-23" [_thread_blocked, id=16848, stack(0x000000b0f9800000,0x000000b0f9900000)]
  0x000001fa059bec60 JavaThread "Timer-24" [_thread_blocked, id=21060, stack(0x000000b0f9900000,0x000000b0f9a00000)]
  0x000001fa059bf130 JavaThread "Timer-25" [_thread_blocked, id=2584, stack(0x000000b0f9a00000,0x000000b0f9b00000)]
  0x000001fa059bf600 JavaThread "Timer-26" [_thread_blocked, id=308, stack(0x000000b0f9b00000,0x000000b0f9c00000)]
  0x000001fa059ba900 JavaThread "Timer-28" [_thread_blocked, id=2372, stack(0x000000b0f9d00000,0x000000b0f9e00000)]
  0x000001fa059c0e10 JavaThread "Timer-29" [_thread_blocked, id=10696, stack(0x000000b0f9e00000,0x000000b0f9f00000)]
  0x000001fa059b9a90 JavaThread "Timer-31" [_thread_blocked, id=2712, stack(0x000000b0fa000000,0x000000b0fa100000)]
  0x000001fa059b9f60 JavaThread "Timer-32" [_thread_blocked, id=12820, stack(0x000000b0fa100000,0x000000b0fa200000)]
  0x000001fa059bb2a0 JavaThread "Timer-33" [_thread_blocked, id=13012, stack(0x000000b0fa200000,0x000000b0fa300000)]
  0x000001fa004d35b0 JavaThread "Timer-34" [_thread_blocked, id=21740, stack(0x000000b0fa300000,0x000000b0fa400000)]
  0x000001fa004d4dc0 JavaThread "Timer-35" [_thread_blocked, id=17444, stack(0x000000b0fa400000,0x000000b0fa500000)]
  0x000001fa004d4420 JavaThread "Timer-36" [_thread_blocked, id=26088, stack(0x000000b0fa500000,0x000000b0fa600000)]
  0x000001fa004d8c50 JavaThread "Timer-37" [_thread_blocked, id=23612, stack(0x000000b0fa600000,0x000000b0fa700000)]
  0x000001fa004d9ac0 JavaThread "Timer-38" [_thread_blocked, id=11852, stack(0x000000b0fa700000,0x000000b0fa800000)]
  0x000001fa004d82b0 JavaThread "Timer-39" [_thread_blocked, id=8908, stack(0x000000b0fa800000,0x000000b0fa900000)]
  0x000001fa004d2c10 JavaThread "Timer-40" [_thread_blocked, id=25452, stack(0x000000b0fa900000,0x000000b0faa00000)]
  0x000001fa004d5760 JavaThread "Timer-41" [_thread_blocked, id=22112, stack(0x000000b0faa00000,0x000000b0fab00000)]
  0x000001fa004d6100 JavaThread "Timer-42" [_thread_blocked, id=10644, stack(0x000000b0fab00000,0x000000b0fac00000)]
  0x000001fa004d8780 JavaThread "Timer-43" [_thread_blocked, id=25384, stack(0x000000b0fac00000,0x000000b0fad00000)]
  0x000001fa004d48f0 JavaThread "Timer-44" [_thread_blocked, id=27316, stack(0x000000b0fad00000,0x000000b0fae00000)]
  0x000001fa004d6aa0 JavaThread "Timer-45" [_thread_blocked, id=3696, stack(0x000000b0fae00000,0x000000b0faf00000)]
  0x000001fa004d5c30 JavaThread "Timer-46" [_thread_blocked, id=13580, stack(0x000000b0faf00000,0x000000b0fb000000)]
  0x000001fa004d9120 JavaThread "Timer-47" [_thread_blocked, id=21460, stack(0x000000b0fb000000,0x000000b0fb100000)]
  0x000001fa004d6f70 JavaThread "Timer-48" [_thread_blocked, id=14164, stack(0x000000b0fb100000,0x000000b0fb200000)]
  0x000001fa004d9f90 JavaThread "Timer-49" [_thread_blocked, id=11232, stack(0x000000b0fb200000,0x000000b0fb300000)]
  0x000001fa004d95f0 JavaThread "Timer-50" [_thread_blocked, id=14464, stack(0x000000b0fb300000,0x000000b0fb400000)]
  0x000001fa004d2740 JavaThread "Timer-51" [_thread_blocked, id=7404, stack(0x000000b0fb400000,0x000000b0fb500000)]
  0x000001fa004d3a80 JavaThread "Timer-52" [_thread_blocked, id=22276, stack(0x000000b0fb500000,0x000000b0fb600000)]
  0x000001fa004d3f50 JavaThread "Timer-53" [_thread_blocked, id=12004, stack(0x000000b0fb600000,0x000000b0fb700000)]
  0x000001fa004d30e0 JavaThread "Timer-54" [_thread_blocked, id=13812, stack(0x000000b0fb700000,0x000000b0fb800000)]
  0x000001fa004d5290 JavaThread "Timer-55" [_thread_blocked, id=18728, stack(0x000000b0fb800000,0x000000b0fb900000)]
  0x000001fa004d65d0 JavaThread "Timer-56" [_thread_blocked, id=12816, stack(0x000000b0fb900000,0x000000b0fba00000)]
  0x000001fa004d7440 JavaThread "Timer-57" [_thread_blocked, id=26108, stack(0x000000b0fba00000,0x000000b0fbb00000)]
  0x000001fa004d7910 JavaThread "Timer-58" [_thread_blocked, id=12460, stack(0x000000b0fbb00000,0x000000b0fbc00000)]
  0x000001fa004d7de0 JavaThread "Timer-59" [_thread_blocked, id=17596, stack(0x000000b0fbc00000,0x000000b0fbd00000)]
  0x000001fa1709eee0 JavaThread "Timer-60" [_thread_blocked, id=10580, stack(0x000000b0fbd00000,0x000000b0fbe00000)]
  0x000001fa170a40b0 JavaThread "Timer-61" [_thread_blocked, id=18796, stack(0x000000b0fbe00000,0x000000b0fbf00000)]
  0x000001fa170a4a50 JavaThread "Timer-62" [_thread_blocked, id=11516, stack(0x000000b0fbf00000,0x000000b0fc000000)]
  0x000001fa1709f3b0 JavaThread "Timer-63" [_thread_blocked, id=25768, stack(0x000000b0fc000000,0x000000b0fc100000)]
  0x000001fa170a06f0 JavaThread "Timer-64" [_thread_blocked, id=26380, stack(0x000000b0fc100000,0x000000b0fc200000)]
  0x000001fa170a1f00 JavaThread "Timer-65" [_thread_blocked, id=13224, stack(0x000000b0fc200000,0x000000b0fc300000)]
  0x000001fa1709ea10 JavaThread "Timer-66" [_thread_blocked, id=22028, stack(0x000000b0fc300000,0x000000b0fc400000)]
  0x000001fa170a4580 JavaThread "Timer-67" [_thread_blocked, id=26344, stack(0x000000b0fc400000,0x000000b0fc500000)]
  0x000001fa170a0220 JavaThread "Timer-68" [_thread_blocked, id=18396, stack(0x000000b0fc500000,0x000000b0fc600000)]
  0x000001fa1709fd50 JavaThread "Timer-69" [_thread_blocked, id=13084, stack(0x000000b0fc600000,0x000000b0fc700000)]
  0x000001fa170a23d0 JavaThread "Timer-70" [_thread_blocked, id=24112, stack(0x000000b0fc700000,0x000000b0fc800000)]
  0x000001fa1709e540 JavaThread "Timer-71" [_thread_blocked, id=20832, stack(0x000000b0fc800000,0x000000b0fc900000)]
  0x000001fa170a3710 JavaThread "Timer-72" [_thread_blocked, id=16876, stack(0x000000b0fc900000,0x000000b0fca00000)]
  0x000001fa170a3be0 JavaThread "Timer-73" [_thread_blocked, id=16588, stack(0x000000b0fca00000,0x000000b0fcb00000)]
  0x000001fa170a0bc0 JavaThread "Timer-74" [_thread_blocked, id=11772, stack(0x000000b0fcb00000,0x000000b0fcc00000)]
  0x000001fa170a1090 JavaThread "Timer-75" [_thread_blocked, id=5124, stack(0x000000b0fcc00000,0x000000b0fcd00000)]
  0x000001fa170a4f20 JavaThread "Timer-76" [_thread_blocked, id=13412, stack(0x000000b0fcd00000,0x000000b0fce00000)]
  0x000001fa170a1560 JavaThread "Timer-77" [_thread_blocked, id=17264, stack(0x000000b0fce00000,0x000000b0fcf00000)]
  0x000001fa1709f880 JavaThread "Timer-78" [_thread_blocked, id=10588, stack(0x000000b0fcf00000,0x000000b0fd000000)]
  0x000001fa170a1a30 JavaThread "Timer-79" [_thread_blocked, id=16852, stack(0x000000b0fd000000,0x000000b0fd100000)]
  0x000001fa170a28a0 JavaThread "Timer-80" [_thread_blocked, id=12908, stack(0x000000b0fd100000,0x000000b0fd200000)]
  0x000001fa170a53f0 JavaThread "Timer-81" [_thread_blocked, id=22196, stack(0x000000b0f9c00000,0x000000b0f9d00000)]
  0x000001fa170a2d70 JavaThread "Timer-82" [_thread_blocked, id=8204, stack(0x000000b0fd200000,0x000000b0fd300000)]
  0x000001fa170a3240 JavaThread "Timer-83" [_thread_blocked, id=18540, stack(0x000000b0fd300000,0x000000b0fd400000)]
  0x000001fa170a58c0 JavaThread "Timer-84" [_thread_blocked, id=12340, stack(0x000000b0f9f00000,0x000000b0fa000000)]
  0x000001fa1709e070 JavaThread "Timer-85" [_thread_blocked, id=19728, stack(0x000000b0fd400000,0x000000b0fd500000)]
  0x000001fa059c0470 JavaThread "Timer-86" [_thread_blocked, id=17380, stack(0x000000b0fd500000,0x000000b0fd600000)]
  0x000001fa059b95c0 JavaThread "Timer-87" [_thread_blocked, id=26824, stack(0x000000b0fd600000,0x000000b0fd700000)]
  0x000001fa15d34140 JavaThread "Timer-88" [_thread_blocked, id=19556, stack(0x000000b0fd700000,0x000000b0fd800000)]
  0x000001fa15d2fde0 JavaThread "Timer-89" [_thread_blocked, id=21588, stack(0x000000b0fd800000,0x000000b0fd900000)]
  0x000001fa15d34ae0 JavaThread "Timer-90" [_thread_blocked, id=11664, stack(0x000000b0fd900000,0x000000b0fda00000)]
  0x000001fa15d34fb0 JavaThread "Timer-91" [_thread_blocked, id=7724, stack(0x000000b0fda00000,0x000000b0fdb00000)]
  0x000001fa15d35480 JavaThread "Timer-92" [_thread_blocked, id=22384, stack(0x000000b0fdb00000,0x000000b0fdc00000)]
  0x000001fa15d315f0 JavaThread "Timer-93" [_thread_blocked, id=7200, stack(0x000000b0fdc00000,0x000000b0fdd00000)]
  0x000001fa15d30780 JavaThread "Timer-94" [_thread_blocked, id=26668, stack(0x000000b0fdd00000,0x000000b0fde00000)]
  0x000001fa15d337a0 JavaThread "Timer-95" [_thread_blocked, id=8772, stack(0x000000b0fde00000,0x000000b0fdf00000)]
  0x000001fa15d302b0 JavaThread "Timer-96" [_thread_blocked, id=25696, stack(0x000000b0fdf00000,0x000000b0fe000000)]
  0x000001fa15d33c70 JavaThread "Timer-97" [_thread_blocked, id=24024, stack(0x000000b0fe000000,0x000000b0fe100000)]
  0x000001fa15d2f910 JavaThread "Timer-98" [_thread_blocked, id=5360, stack(0x000000b0fe100000,0x000000b0fe200000)]
  0x000001fa15d30c50 JavaThread "Timer-99" [_thread_blocked, id=3052, stack(0x000000b0fe200000,0x000000b0fe300000)]
  0x000001fa15d2ef70 JavaThread "Timer-100" [_thread_blocked, id=14744, stack(0x000000b0fe300000,0x000000b0fe400000)]
  0x000001fa15d31120 JavaThread "Timer-101" [_thread_blocked, id=12884, stack(0x000000b0fe400000,0x000000b0fe500000)]
  0x000001fa15d31ac0 JavaThread "Timer-102" [_thread_blocked, id=10372, stack(0x000000b0fe500000,0x000000b0fe600000)]
  0x000001fa15d31f90 JavaThread "Timer-103" [_thread_blocked, id=16604, stack(0x000000b0fe600000,0x000000b0fe700000)]
  0x000001fa15d34610 JavaThread "Timer-104" [_thread_blocked, id=24400, stack(0x000000b0fe700000,0x000000b0fe800000)]
  0x000001fa15d2e100 JavaThread "Timer-105" [_thread_blocked, id=15872, stack(0x000000b0fe800000,0x000000b0fe900000)]
  0x000001fa15d2e5d0 JavaThread "Timer-106" [_thread_blocked, id=21704, stack(0x000000b0fe900000,0x000000b0fea00000)]
  0x000001fa15d35950 JavaThread "Timer-107" [_thread_blocked, id=3248, stack(0x000000b0fea00000,0x000000b0feb00000)]
  0x000001fa15d32460 JavaThread "Timer-108" [_thread_blocked, id=9464, stack(0x000000b0feb00000,0x000000b0fec00000)]
  0x000001fa15d2eaa0 JavaThread "Timer-109" [_thread_blocked, id=8216, stack(0x000000b0fec00000,0x000000b0fed00000)]
  0x000001fa15d32930 JavaThread "Timer-110" [_thread_blocked, id=24744, stack(0x000000b0fed00000,0x000000b0fee00000)]
  0x000001fa15d2f440 JavaThread "Timer-111" [_thread_blocked, id=7792, stack(0x000000b0fee00000,0x000000b0fef00000)]
  0x000001fa15d32e00 JavaThread "Timer-112" [_thread_blocked, id=15980, stack(0x000000b0fef00000,0x000000b0ff000000)]
  0x000001fa15d332d0 JavaThread "Timer-113" [_thread_blocked, id=8260, stack(0x000000b0ff000000,0x000000b0ff100000)]
  0x000001fa15a46870 JavaThread "Timer-114" [_thread_blocked, id=17560, stack(0x000000b0ff100000,0x000000b0ff200000)]
  0x000001fa15a493c0 JavaThread "Timer-115" [_thread_blocked, id=4848, stack(0x000000b0ff200000,0x000000b0ff300000)]
  0x000001fa15a49d60 JavaThread "Timer-116" [_thread_blocked, id=15192, stack(0x000000b0ff300000,0x000000b0ff400000)]
  0x000001fa15a44b90 JavaThread "Timer-117" [_thread_blocked, id=23872, stack(0x000000b0ff400000,0x000000b0ff500000)]
  0x000001fa15a45ed0 JavaThread "Timer-118" [_thread_blocked, id=2868, stack(0x000000b0ff500000,0x000000b0ff600000)]
  0x000001fa15a4a230 JavaThread "Timer-119" [_thread_blocked, id=2636, stack(0x000000b0ff600000,0x000000b0ff700000)]
  0x000001fa15a4a700 JavaThread "Timer-120" [_thread_blocked, id=13024, stack(0x000000b0ff700000,0x000000b0ff800000)]
  0x000001fa15a446c0 JavaThread "Timer-121" [_thread_blocked, id=7600, stack(0x000000b0ff800000,0x000000b0ff900000)]
  0x000001fa15a48080 JavaThread "Timer-122" [_thread_blocked, id=13888, stack(0x000000b0ff900000,0x000000b0ffa00000)]
  0x000001fa15a476e0 JavaThread "Timer-123" [_thread_blocked, id=11792, stack(0x000000b0ffa00000,0x000000b0ffb00000)]
  0x000001fa15a4abd0 JavaThread "Timer-124" [_thread_blocked, id=16212, stack(0x000000b0ffb00000,0x000000b0ffc00000)]
  0x000001fa15a43380 JavaThread "Timer-125" [_thread_blocked, id=14664, stack(0x000000b0ffc00000,0x000000b0ffd00000)]
  0x000001fa15a43850 JavaThread "Timer-126" [_thread_blocked, id=17156, stack(0x000000b0ffd00000,0x000000b0ffe00000)]
  0x000001fa15a48ef0 JavaThread "Timer-127" [_thread_blocked, id=20700, stack(0x000000b0ffe00000,0x000000b0fff00000)]
  0x000001fa15a43d20 JavaThread "AssetManager" daemon [_thread_blocked, id=3556, stack(0x000000b0fff00000,0x000000b100000000)]
  0x000001fa15a45060 JavaThread "Timer-128" [_thread_blocked, id=27196, stack(0x000000b080400000,0x000000b080500000)]
  0x000001fa15a48550 JavaThread "Timer-129" [_thread_blocked, id=26284, stack(0x000000b080000000,0x000000b080100000)]
  0x000001fa15a441f0 JavaThread "Timer-130" [_thread_blocked, id=20984, stack(0x000000b080100000,0x000000b080200000)]
  0x000001fa15a45530 JavaThread "Timer-131" [_thread_blocked, id=24712, stack(0x000000b080200000,0x000000b080300000)]
  0x000001fa15a463a0 JavaThread "Timer-132" [_thread_blocked, id=22412, stack(0x000000b080300000,0x000000b080400000)]
  0x000001fa15a47bb0 JavaThread "Timer-133" [_thread_blocked, id=26004, stack(0x000000b080500000,0x000000b080600000)]
  0x000001fa15a45a00 JavaThread "Timer-134" [_thread_blocked, id=11024, stack(0x000000b080600000,0x000000b080700000)]
  0x000001fa15a48a20 JavaThread "Timer-135" [_thread_blocked, id=15324, stack(0x000000b080700000,0x000000b080800000)]
  0x000001fa15a47210 JavaThread "Timer-136" [_thread_blocked, id=15424, stack(0x000000b080800000,0x000000b080900000)]
  0x000001fa15f15f50 JavaThread "Timer-137" [_thread_blocked, id=5652, stack(0x000000b080900000,0x000000b080a00000)]
  0x000001fa15f19910 JavaThread "Timer-138" [_thread_blocked, id=13640, stack(0x000000b080a00000,0x000000b080b00000)]
  0x000001fa15f1a2b0 JavaThread "Timer-139" [_thread_blocked, id=13088, stack(0x000000b080b00000,0x000000b080c00000)]
  0x000001fa15f16420 JavaThread "Timer-140" [_thread_blocked, id=20688, stack(0x000000b080c00000,0x000000b080d00000)]
  0x000001fa15f1a780 JavaThread "Timer-141" [_thread_blocked, id=25728, stack(0x000000b080d00000,0x000000b080e00000)]
  0x000001fa15f168f0 JavaThread "Timer-142" [_thread_blocked, id=15260, stack(0x000000b080e00000,0x000000b080f00000)]
  0x000001fa15f14740 JavaThread "Timer-143" [_thread_blocked, id=25380, stack(0x000000b080f00000,0x000000b081000000)]
  0x000001fa15f18f70 JavaThread "Timer-144" [_thread_blocked, id=15680, stack(0x000000b081000000,0x000000b081100000)]
  0x000001fa15f17c30 JavaThread "Timer-145" [_thread_blocked, id=14576, stack(0x000000b081100000,0x000000b081200000)]
  0x000001fa15f18aa0 JavaThread "Timer-146" [_thread_blocked, id=968, stack(0x000000b081200000,0x000000b081300000)]
  0x000001fa15f19440 JavaThread "Timer-147" [_thread_blocked, id=13112, stack(0x000000b081300000,0x000000b081400000)]
  0x000001fa15f14c10 JavaThread "Timer-148" [_thread_blocked, id=4648, stack(0x000000b081400000,0x000000b081500000)]
  0x000001fa15f13da0 JavaThread "Timer-149" [_thread_blocked, id=27120, stack(0x000000b081500000,0x000000b081600000)]
  0x000001fa15f138d0 JavaThread "Timer-150" [_thread_blocked, id=19352, stack(0x000000b081600000,0x000000b081700000)]

Other Threads:
  0x000001fa7babe470 VMThread "VM Thread" [stack: 0x000000b0f4f00000,0x000000b0f5000000] [id=25480]
  0x000001fa7d18ede0 WatcherThread [stack: 0x000000b0f5b00000,0x000000b0f5c00000] [id=18900]
  0x000001fa593afc70 GCTaskThread "GC Thread#0" [stack: 0x000000b0f4a00000,0x000000b0f4b00000] [id=4584]
  0x000001fa054c24f0 GCTaskThread "GC Thread#1" [stack: 0x000000b0f7600000,0x000000b0f7700000] [id=23996]
  0x000001fa054bff50 GCTaskThread "GC Thread#2" [stack: 0x000000b0f7700000,0x000000b0f7800000] [id=7420]
  0x000001fa054c0200 GCTaskThread "GC Thread#3" [stack: 0x000000b0f7800000,0x000000b0f7900000] [id=26200]
  0x000001fa054c1220 GCTaskThread "GC Thread#4" [stack: 0x000000b0f7900000,0x000000b0f7a00000] [id=24936]
  0x000001fa054c1a30 GCTaskThread "GC Thread#5" [stack: 0x000000b0f7a00000,0x000000b0f7b00000] [id=13304]
  0x000001fa054c14d0 GCTaskThread "GC Thread#6" [stack: 0x000000b0f7b00000,0x000000b0f7c00000] [id=18656]
  0x000001fa054c04b0 GCTaskThread "GC Thread#7" [stack: 0x000000b0f7c00000,0x000000b0f7d00000] [id=14184]
  0x000001fa054c2240 GCTaskThread "GC Thread#8" [stack: 0x000000b0f7d00000,0x000000b0f7e00000] [id=20044]
  0x000001fa059672e0 GCTaskThread "GC Thread#9" [stack: 0x000000b0f8300000,0x000000b0f8400000] [id=10684]
  0x000001fa593c3150 ConcurrentGCThread "G1 Main Marker" [stack: 0x000000b0f4b00000,0x000000b0f4c00000] [id=25248]
  0x000001fa593c3a60 ConcurrentGCThread "G1 Conc#0" [stack: 0x000000b0f4c00000,0x000000b0f4d00000] [id=3768]
  0x000001fa7b979ca0 ConcurrentGCThread "G1 Refine#0" [stack: 0x000000b0f4d00000,0x000000b0f4e00000] [id=9852]
  0x000001fa7b97a5c0 ConcurrentGCThread "G1 Service" [stack: 0x000000b0f4e00000,0x000000b0f4f00000] [id=6308]

Threads with active compile tasks:

VM state: not at safepoint (normal execution)

VM Mutex/Monitor currently owned by a thread: None

Heap address: 0x0000000709800000, size: 3944 MB, Compressed Oops mode: Zero based, Oop shift amount: 3

CDS archive(s) mapped at: [0x0000000800000000-0x0000000800bd0000-0x0000000800bd0000), size 12386304, SharedBaseAddress: 0x0000000800000000, ArchiveRelocationMode: 0.
Compressed class space mapped at: 0x0000000800c00000-0x0000000840c00000, reserved size: 1073741824
Narrow klass base: 0x0000000800000000, Narrow klass shift: 0, Narrow klass range: 0x100000000

GC Precious Log:
 CPUs: 16 total, 16 available
 Memory: 15769M
 Large Page Support: Disabled
 NUMA Support: Disabled
 Compressed Oops: Enabled (Zero based)
 Heap Region Size: 2M
 Heap Min Capacity: 8M
 Heap Initial Capacity: 248M
 Heap Max Capacity: 3944M
 Pre-touch: Disabled
 Parallel Workers: 13
 Concurrent Workers: 3
 Concurrent Refinement Workers: 13
 Periodic GC: Disabled

Heap:
 garbage-first heap   total 253952K, used 151095K [0x0000000709800000, 0x0000000800000000)
  region size 2048K, 73 young (149504K), 2 survivors (4096K)
 Metaspace       used 11198K, committed 11456K, reserved 1064960K
  class space    used 976K, committed 1088K, reserved 1048576K

Heap Regions: E=young(eden), S=young(survivor), O=old, HS=humongous(starts), HC=humongous(continues), CS=collection set, F=free, OA=open archive, CA=closed archive, TAMS=top-at-mark-start (previous, next)
|   0|0x0000000709800000, 0x0000000709a00000, 0x0000000709a00000|100%| O|  |TAMS 0x0000000709800000, 0x0000000709800000| Untracked 
|   1|0x0000000709a00000, 0x0000000709b0c200, 0x0000000709c00000| 52%| O|  |TAMS 0x0000000709a00000, 0x0000000709a00000| Untracked 
|   2|0x0000000709c00000, 0x0000000709e00000, 0x0000000709e00000|100%|HS|  |TAMS 0x0000000709c00000, 0x0000000709c00000| Complete 
|   3|0x0000000709e00000, 0x000000070a000000, 0x000000070a000000|100%|HS|  |TAMS 0x0000000709e00000, 0x0000000709e00000| Complete 
|   4|0x000000070a000000, 0x000000070a000000, 0x000000070a200000|  0%| F|  |TAMS 0x000000070a000000, 0x000000070a000000| Untracked 
|   5|0x000000070a200000, 0x000000070a200000, 0x000000070a400000|  0%| F|  |TAMS 0x000000070a200000, 0x000000070a200000| Untracked 
|   6|0x000000070a400000, 0x000000070a400000, 0x000000070a600000|  0%| F|  |TAMS 0x000000070a400000, 0x000000070a400000| Untracked 
|   7|0x000000070a600000, 0x000000070a600000, 0x000000070a800000|  0%| F|  |TAMS 0x000000070a600000, 0x000000070a600000| Untracked 
|   8|0x000000070a800000, 0x000000070a800000, 0x000000070aa00000|  0%| F|  |TAMS 0x000000070a800000, 0x000000070a800000| Untracked 
|   9|0x000000070aa00000, 0x000000070aa00000, 0x000000070ac00000|  0%| F|  |TAMS 0x000000070aa00000, 0x000000070aa00000| Untracked 
|  10|0x000000070ac00000, 0x000000070ac00000, 0x000000070ae00000|  0%| F|  |TAMS 0x000000070ac00000, 0x000000070ac00000| Untracked 
|  11|0x000000070ae00000, 0x000000070ae00000, 0x000000070b000000|  0%| F|  |TAMS 0x000000070ae00000, 0x000000070ae00000| Untracked 
|  12|0x000000070b000000, 0x000000070b000000, 0x000000070b200000|  0%| F|  |TAMS 0x000000070b000000, 0x000000070b000000| Untracked 
|  13|0x000000070b200000, 0x000000070b200000, 0x000000070b400000|  0%| F|  |TAMS 0x000000070b200000, 0x000000070b200000| Untracked 
|  14|0x000000070b400000, 0x000000070b400000, 0x000000070b600000|  0%| F|  |TAMS 0x000000070b400000, 0x000000070b400000| Untracked 
|  15|0x000000070b600000, 0x000000070b600000, 0x000000070b800000|  0%| F|  |TAMS 0x000000070b600000, 0x000000070b600000| Untracked 
|  16|0x000000070b800000, 0x000000070b800000, 0x000000070ba00000|  0%| F|  |TAMS 0x000000070b800000, 0x000000070b800000| Untracked 
|  17|0x000000070ba00000, 0x000000070ba00000, 0x000000070bc00000|  0%| F|  |TAMS 0x000000070ba00000, 0x000000070ba00000| Untracked 
|  18|0x000000070bc00000, 0x000000070bc00000, 0x000000070be00000|  0%| F|  |TAMS 0x000000070bc00000, 0x000000070bc00000| Untracked 
|  19|0x000000070be00000, 0x000000070be00000, 0x000000070c000000|  0%| F|  |TAMS 0x000000070be00000, 0x000000070be00000| Untracked 
|  20|0x000000070c000000, 0x000000070c000000, 0x000000070c200000|  0%| F|  |TAMS 0x000000070c000000, 0x000000070c000000| Untracked 
|  21|0x000000070c200000, 0x000000070c200000, 0x000000070c400000|  0%| F|  |TAMS 0x000000070c200000, 0x000000070c200000| Untracked 
|  22|0x000000070c400000, 0x000000070c400000, 0x000000070c600000|  0%| F|  |TAMS 0x000000070c400000, 0x000000070c400000| Untracked 
|  23|0x000000070c600000, 0x000000070c600000, 0x000000070c800000|  0%| F|  |TAMS 0x000000070c600000, 0x000000070c600000| Untracked 
|  24|0x000000070c800000, 0x000000070c800000, 0x000000070ca00000|  0%| F|  |TAMS 0x000000070c800000, 0x000000070c800000| Untracked 
|  25|0x000000070ca00000, 0x000000070ca00000, 0x000000070cc00000|  0%| F|  |TAMS 0x000000070ca00000, 0x000000070ca00000| Untracked 
|  26|0x000000070cc00000, 0x000000070cc00000, 0x000000070ce00000|  0%| F|  |TAMS 0x000000070cc00000, 0x000000070cc00000| Untracked 
|  27|0x000000070ce00000, 0x000000070ce00000, 0x000000070d000000|  0%| F|  |TAMS 0x000000070ce00000, 0x000000070ce00000| Untracked 
|  28|0x000000070d000000, 0x000000070d000000, 0x000000070d200000|  0%| F|  |TAMS 0x000000070d000000, 0x000000070d000000| Untracked 
|  29|0x000000070d200000, 0x000000070d200000, 0x000000070d400000|  0%| F|  |TAMS 0x000000070d200000, 0x000000070d200000| Untracked 
|  30|0x000000070d400000, 0x000000070d400000, 0x000000070d600000|  0%| F|  |TAMS 0x000000070d400000, 0x000000070d400000| Untracked 
|  31|0x000000070d600000, 0x000000070d600000, 0x000000070d800000|  0%| F|  |TAMS 0x000000070d600000, 0x000000070d600000| Untracked 
|  32|0x000000070d800000, 0x000000070d800000, 0x000000070da00000|  0%| F|  |TAMS 0x000000070d800000, 0x000000070d800000| Untracked 
|  33|0x000000070da00000, 0x000000070da00000, 0x000000070dc00000|  0%| F|  |TAMS 0x000000070da00000, 0x000000070da00000| Untracked 
|  34|0x000000070dc00000, 0x000000070dc00000, 0x000000070de00000|  0%| F|  |TAMS 0x000000070dc00000, 0x000000070dc00000| Untracked 
|  35|0x000000070de00000, 0x000000070de00000, 0x000000070e000000|  0%| F|  |TAMS 0x000000070de00000, 0x000000070de00000| Untracked 
|  36|0x000000070e000000, 0x000000070e000000, 0x000000070e200000|  0%| F|  |TAMS 0x000000070e000000, 0x000000070e000000| Untracked 
|  37|0x000000070e200000, 0x000000070e200000, 0x000000070e400000|  0%| F|  |TAMS 0x000000070e200000, 0x000000070e200000| Untracked 
|  38|0x000000070e400000, 0x000000070e400000, 0x000000070e600000|  0%| F|  |TAMS 0x000000070e400000, 0x000000070e400000| Untracked 
|  39|0x000000070e600000, 0x000000070e600000, 0x000000070e800000|  0%| F|  |TAMS 0x000000070e600000, 0x000000070e600000| Untracked 
|  40|0x000000070e800000, 0x000000070e800000, 0x000000070ea00000|  0%| F|  |TAMS 0x000000070e800000, 0x000000070e800000| Untracked 
|  41|0x000000070ea00000, 0x000000070ea00000, 0x000000070ec00000|  0%| F|  |TAMS 0x000000070ea00000, 0x000000070ea00000| Untracked 
|  42|0x000000070ec00000, 0x000000070ec00000, 0x000000070ee00000|  0%| F|  |TAMS 0x000000070ec00000, 0x000000070ec00000| Untracked 
|  43|0x000000070ee00000, 0x000000070ee00000, 0x000000070f000000|  0%| F|  |TAMS 0x000000070ee00000, 0x000000070ee00000| Untracked 
|  44|0x000000070f000000, 0x000000070f000000, 0x000000070f200000|  0%| F|  |TAMS 0x000000070f000000, 0x000000070f000000| Untracked 
|  45|0x000000070f200000, 0x000000070f200000, 0x000000070f400000|  0%| F|  |TAMS 0x000000070f200000, 0x000000070f200000| Untracked 
|  46|0x000000070f400000, 0x000000070f400000, 0x000000070f600000|  0%| F|  |TAMS 0x000000070f400000, 0x000000070f400000| Untracked 
|  47|0x000000070f600000, 0x000000070f600000, 0x000000070f800000|  0%| F|  |TAMS 0x000000070f600000, 0x000000070f600000| Untracked 
|  48|0x000000070f800000, 0x000000070f800000, 0x000000070fa00000|  0%| F|  |TAMS 0x000000070f800000, 0x000000070f800000| Untracked 
|  49|0x000000070fa00000, 0x000000070fa00000, 0x000000070fc00000|  0%| F|  |TAMS 0x000000070fa00000, 0x000000070fa00000| Untracked 
|  50|0x000000070fc00000, 0x000000070fc00000, 0x000000070fe00000|  0%| F|  |TAMS 0x000000070fc00000, 0x000000070fc00000| Untracked 
|  51|0x000000070fe00000, 0x000000070fff6448, 0x0000000710000000| 98%| E|  |TAMS 0x000000070fe00000, 0x000000070fe00000| Complete 
|  52|0x0000000710000000, 0x0000000710200000, 0x0000000710200000|100%| E|CS|TAMS 0x0000000710000000, 0x0000000710000000| Complete 
|  53|0x0000000710200000, 0x0000000710400000, 0x0000000710400000|100%| E|CS|TAMS 0x0000000710200000, 0x0000000710200000| Complete 
|  54|0x0000000710400000, 0x0000000710600000, 0x0000000710600000|100%| E|CS|TAMS 0x0000000710400000, 0x0000000710400000| Complete 
|  55|0x0000000710600000, 0x0000000710800000, 0x0000000710800000|100%| E|CS|TAMS 0x0000000710600000, 0x0000000710600000| Complete 
|  56|0x0000000710800000, 0x0000000710a00000, 0x0000000710a00000|100%| E|CS|TAMS 0x0000000710800000, 0x0000000710800000| Complete 
|  57|0x0000000710a00000, 0x0000000710c00000, 0x0000000710c00000|100%| E|CS|TAMS 0x0000000710a00000, 0x0000000710a00000| Complete 
|  58|0x0000000710c00000, 0x0000000710e00000, 0x0000000710e00000|100%| E|CS|TAMS 0x0000000710c00000, 0x0000000710c00000| Complete 
|  59|0x0000000710e00000, 0x0000000711000000, 0x0000000711000000|100%| E|CS|TAMS 0x0000000710e00000, 0x0000000710e00000| Complete 
|  60|0x0000000711000000, 0x0000000711200000, 0x0000000711200000|100%| E|  |TAMS 0x0000000711000000, 0x0000000711000000| Complete 
|  61|0x0000000711200000, 0x0000000711400000, 0x0000000711400000|100%| E|CS|TAMS 0x0000000711200000, 0x0000000711200000| Complete 
|  62|0x0000000711400000, 0x0000000711600000, 0x0000000711600000|100%| E|CS|TAMS 0x0000000711400000, 0x0000000711400000| Complete 
|  63|0x0000000711600000, 0x0000000711800000, 0x0000000711800000|100%| E|CS|TAMS 0x0000000711600000, 0x0000000711600000| Complete 
|  64|0x0000000711800000, 0x0000000711a00000, 0x0000000711a00000|100%| E|CS|TAMS 0x0000000711800000, 0x0000000711800000| Complete 
|  65|0x0000000711a00000, 0x0000000711c00000, 0x0000000711c00000|100%| E|CS|TAMS 0x0000000711a00000, 0x0000000711a00000| Complete 
|  66|0x0000000711c00000, 0x0000000711e00000, 0x0000000711e00000|100%| E|CS|TAMS 0x0000000711c00000, 0x0000000711c00000| Complete 
|  67|0x0000000711e00000, 0x0000000712000000, 0x0000000712000000|100%| E|CS|TAMS 0x0000000711e00000, 0x0000000711e00000| Complete 
|  68|0x0000000712000000, 0x0000000712200000, 0x0000000712200000|100%| E|CS|TAMS 0x0000000712000000, 0x0000000712000000| Complete 
|  69|0x0000000712200000, 0x0000000712400000, 0x0000000712400000|100%| E|CS|TAMS 0x0000000712200000, 0x0000000712200000| Complete 
|  70|0x0000000712400000, 0x0000000712600000, 0x0000000712600000|100%| E|CS|TAMS 0x0000000712400000, 0x0000000712400000| Complete 
|  71|0x0000000712600000, 0x0000000712800000, 0x0000000712800000|100%| E|CS|TAMS 0x0000000712600000, 0x0000000712600000| Complete 
|  72|0x0000000712800000, 0x0000000712a00000, 0x0000000712a00000|100%| E|CS|TAMS 0x0000000712800000, 0x0000000712800000| Complete 
|  73|0x0000000712a00000, 0x0000000712c00000, 0x0000000712c00000|100%| E|CS|TAMS 0x0000000712a00000, 0x0000000712a00000| Complete 
|  74|0x0000000712c00000, 0x0000000712e00000, 0x0000000712e00000|100%| E|CS|TAMS 0x0000000712c00000, 0x0000000712c00000| Complete 
|  75|0x0000000712e00000, 0x0000000713000000, 0x0000000713000000|100%| E|CS|TAMS 0x0000000712e00000, 0x0000000712e00000| Complete 
|  76|0x0000000713000000, 0x0000000713200000, 0x0000000713200000|100%| E|CS|TAMS 0x0000000713000000, 0x0000000713000000| Complete 
|  77|0x0000000713200000, 0x0000000713400000, 0x0000000713400000|100%| E|CS|TAMS 0x0000000713200000, 0x0000000713200000| Complete 
|  78|0x0000000713400000, 0x0000000713600000, 0x0000000713600000|100%| E|CS|TAMS 0x0000000713400000, 0x0000000713400000| Complete 
|  79|0x0000000713600000, 0x0000000713800000, 0x0000000713800000|100%| E|CS|TAMS 0x0000000713600000, 0x0000000713600000| Complete 
|  80|0x0000000713800000, 0x0000000713a00000, 0x0000000713a00000|100%| E|CS|TAMS 0x0000000713800000, 0x0000000713800000| Complete 
|  81|0x0000000713a00000, 0x0000000713c00000, 0x0000000713c00000|100%| E|CS|TAMS 0x0000000713a00000, 0x0000000713a00000| Complete 
|  82|0x0000000713c00000, 0x0000000713e00000, 0x0000000713e00000|100%| E|CS|TAMS 0x0000000713c00000, 0x0000000713c00000| Complete 
|  83|0x0000000713e00000, 0x0000000714000000, 0x0000000714000000|100%| E|CS|TAMS 0x0000000713e00000, 0x0000000713e00000| Complete 
|  84|0x0000000714000000, 0x0000000714200000, 0x0000000714200000|100%| E|CS|TAMS 0x0000000714000000, 0x0000000714000000| Complete 
|  85|0x0000000714200000, 0x0000000714400000, 0x0000000714400000|100%| E|CS|TAMS 0x0000000714200000, 0x0000000714200000| Complete 
|  86|0x0000000714400000, 0x0000000714600000, 0x0000000714600000|100%| E|CS|TAMS 0x0000000714400000, 0x0000000714400000| Complete 
|  87|0x0000000714600000, 0x0000000714800000, 0x0000000714800000|100%| E|CS|TAMS 0x0000000714600000, 0x0000000714600000| Complete 
|  88|0x0000000714800000, 0x0000000714a00000, 0x0000000714a00000|100%| E|CS|TAMS 0x0000000714800000, 0x0000000714800000| Complete 
|  89|0x0000000714a00000, 0x0000000714c00000, 0x0000000714c00000|100%| E|CS|TAMS 0x0000000714a00000, 0x0000000714a00000| Complete 
|  90|0x0000000714c00000, 0x0000000714e00000, 0x0000000714e00000|100%| E|CS|TAMS 0x0000000714c00000, 0x0000000714c00000| Complete 
|  91|0x0000000714e00000, 0x0000000715000000, 0x0000000715000000|100%| E|CS|TAMS 0x0000000714e00000, 0x0000000714e00000| Complete 
|  92|0x0000000715000000, 0x0000000715200000, 0x0000000715200000|100%| E|CS|TAMS 0x0000000715000000, 0x0000000715000000| Complete 
|  93|0x0000000715200000, 0x0000000715400000, 0x0000000715400000|100%| E|CS|TAMS 0x0000000715200000, 0x0000000715200000| Complete 
|  94|0x0000000715400000, 0x0000000715600000, 0x0000000715600000|100%| E|CS|TAMS 0x0000000715400000, 0x0000000715400000| Complete 
|  95|0x0000000715600000, 0x0000000715800000, 0x0000000715800000|100%| E|CS|TAMS 0x0000000715600000, 0x0000000715600000| Complete 
|  96|0x0000000715800000, 0x0000000715a00000, 0x0000000715a00000|100%| E|CS|TAMS 0x0000000715800000, 0x0000000715800000| Complete 
|  97|0x0000000715a00000, 0x0000000715c00000, 0x0000000715c00000|100%| E|CS|TAMS 0x0000000715a00000, 0x0000000715a00000| Complete 
|  98|0x0000000715c00000, 0x0000000715e00000, 0x0000000715e00000|100%| E|CS|TAMS 0x0000000715c00000, 0x0000000715c00000| Complete 
|  99|0x0000000715e00000, 0x0000000716000000, 0x0000000716000000|100%| E|CS|TAMS 0x0000000715e00000, 0x0000000715e00000| Complete 
| 100|0x0000000716000000, 0x0000000716200000, 0x0000000716200000|100%| E|CS|TAMS 0x0000000716000000, 0x0000000716000000| Complete 
| 101|0x0000000716200000, 0x0000000716400000, 0x0000000716400000|100%| E|CS|TAMS 0x0000000716200000, 0x0000000716200000| Complete 
| 102|0x0000000716400000, 0x0000000716600000, 0x0000000716600000|100%| E|CS|TAMS 0x0000000716400000, 0x0000000716400000| Complete 
| 103|0x0000000716600000, 0x0000000716800000, 0x0000000716800000|100%| E|CS|TAMS 0x0000000716600000, 0x0000000716600000| Complete 
| 104|0x0000000716800000, 0x0000000716881c00, 0x0000000716a00000| 25%| S|CS|TAMS 0x0000000716800000, 0x0000000716800000| Complete 
| 105|0x0000000716a00000, 0x0000000716c00000, 0x0000000716c00000|100%| S|CS|TAMS 0x0000000716a00000, 0x0000000716a00000| Complete 
| 106|0x0000000716c00000, 0x0000000716e00000, 0x0000000716e00000|100%| E|CS|TAMS 0x0000000716c00000, 0x0000000716c00000| Complete 
| 107|0x0000000716e00000, 0x0000000717000000, 0x0000000717000000|100%| E|CS|TAMS 0x0000000716e00000, 0x0000000716e00000| Complete 
| 108|0x0000000717000000, 0x0000000717200000, 0x0000000717200000|100%| E|CS|TAMS 0x0000000717000000, 0x0000000717000000| Complete 
| 109|0x0000000717200000, 0x0000000717400000, 0x0000000717400000|100%| E|CS|TAMS 0x0000000717200000, 0x0000000717200000| Complete 
| 110|0x0000000717400000, 0x0000000717600000, 0x0000000717600000|100%| E|CS|TAMS 0x0000000717400000, 0x0000000717400000| Complete 
| 111|0x0000000717600000, 0x0000000717800000, 0x0000000717800000|100%| E|CS|TAMS 0x0000000717600000, 0x0000000717600000| Complete 
| 112|0x0000000717800000, 0x0000000717a00000, 0x0000000717a00000|100%| E|CS|TAMS 0x0000000717800000, 0x0000000717800000| Complete 
| 113|0x0000000717a00000, 0x0000000717c00000, 0x0000000717c00000|100%| E|CS|TAMS 0x0000000717a00000, 0x0000000717a00000| Complete 
| 114|0x0000000717c00000, 0x0000000717e00000, 0x0000000717e00000|100%| E|CS|TAMS 0x0000000717c00000, 0x0000000717c00000| Complete 
| 115|0x0000000717e00000, 0x0000000718000000, 0x0000000718000000|100%| E|CS|TAMS 0x0000000717e00000, 0x0000000717e00000| Complete 
| 116|0x0000000718000000, 0x0000000718200000, 0x0000000718200000|100%| E|CS|TAMS 0x0000000718000000, 0x0000000718000000| Complete 
| 117|0x0000000718200000, 0x0000000718400000, 0x0000000718400000|100%| E|CS|TAMS 0x0000000718200000, 0x0000000718200000| Complete 
| 118|0x0000000718400000, 0x0000000718600000, 0x0000000718600000|100%| E|CS|TAMS 0x0000000718400000, 0x0000000718400000| Complete 
| 119|0x0000000718600000, 0x0000000718800000, 0x0000000718800000|100%| E|CS|TAMS 0x0000000718600000, 0x0000000718600000| Complete 
| 120|0x0000000718800000, 0x0000000718a00000, 0x0000000718a00000|100%| E|CS|TAMS 0x0000000718800000, 0x0000000718800000| Complete 
| 121|0x0000000718a00000, 0x0000000718c00000, 0x0000000718c00000|100%| E|CS|TAMS 0x0000000718a00000, 0x0000000718a00000| Complete 
| 122|0x0000000718c00000, 0x0000000718e00000, 0x0000000718e00000|100%| E|CS|TAMS 0x0000000718c00000, 0x0000000718c00000| Complete 
| 123|0x0000000718e00000, 0x0000000719000000, 0x0000000719000000|100%| E|CS|TAMS 0x0000000718e00000, 0x0000000718e00000| Complete 

Card table byte_map: [0x000001fa70bf0000,0x000001fa713b0000] _byte_map_base: 0x000001fa6d3a4000

Marking Bits (Prev, Next): (CMBitMap*) 0x000001fa593b2190, (CMBitMap*) 0x000001fa593b21d0
 Prev Bits: [0x000001fa71b70000, 0x000001fa75910000)
 Next Bits: [0x000001fa75910000, 0x000001fa796b0000)

Polling page: 0x000001fa570e0000

Metaspace:

Usage:
  Non-class:      9.98 MB used.
      Class:    976.95 KB used.
       Both:     10.94 MB used.

Virtual space:
  Non-class space:       16.00 MB reserved,      10.12 MB ( 63%) committed,  2 nodes.
      Class space:        1.00 GB reserved,       1.06 MB ( <1%) committed,  1 nodes.
             Both:        1.02 GB reserved,      11.19 MB (  1%) committed. 

Chunk freelists:
   Non-Class:  944.00 KB
       Class:  3.00 MB
        Both:  3.92 MB

MaxMetaspaceSize: unlimited
CompressedClassSpaceSize: 1.00 GB
Initial GC threshold: 21.00 MB
Current GC threshold: 21.00 MB
CDS: on
MetaspaceReclaimPolicy: balanced
 - commit_granule_bytes: 65536.
 - commit_granule_words: 8192.
 - virtual_space_node_default_size: 1048576.
 - enlarge_chunks_in_place: 1.
 - new_chunks_are_fully_committed: 0.
 - uncommit_free_chunks: 1.
 - use_allocation_guard: 0.
 - handle_deallocations: 1.


Internal statistics:

num_allocs_failed_limit: 0.
num_arena_births: 152.
num_arena_deaths: 0.
num_vsnodes_births: 3.
num_vsnodes_deaths: 0.
num_space_committed: 177.
num_space_uncommitted: 0.
num_chunks_returned_to_freelist: 0.
num_chunks_taken_from_freelist: 501.
num_chunk_merges: 0.
num_chunk_splits: 340.
num_chunks_enlarged: 258.
num_purges: 0.
num_inconsistent_stats: 0.

CodeHeap 'non-profiled nmethods': size=119168Kb used=2516Kb max_used=2516Kb free=116651Kb
 bounds [0x000001fa68750000, 0x000001fa689d0000, 0x000001fa6fbb0000]
CodeHeap 'profiled nmethods': size=119104Kb used=6715Kb max_used=6715Kb free=112388Kb
 bounds [0x000001fa60bb0000, 0x000001fa61240000, 0x000001fa68000000]
CodeHeap 'non-nmethods': size=7488Kb used=1655Kb max_used=3380Kb free=5832Kb
 bounds [0x000001fa68000000, 0x000001fa683c0000, 0x000001fa68750000]
 total_blobs=4529 nmethods=3432 adapters=1009
 compilation: enabled
              stopped_count=0, restarted_count=0
 full_count=0

Compilation events (20 events):
Event: 55.293 Thread 0x000001fa7d033060 3423       4       com.csse3200.game.components.tasks.DroidCombatTask::isTargetVisible (22 bytes)
Event: 55.296 Thread 0x000001fa7d033060 nmethod 3423 0x000001fa689c1290 code [0x000001fa689c1420, 0x000001fa689c1788]
Event: 55.609 Thread 0x000001fa7d033060 3424       4       com.badlogic.gdx.physics.box2d.World::contactFilter (144 bytes)
Event: 55.615 Thread 0x000001fa7d033060 nmethod 3424 0x000001fa689c1990 code [0x000001fa689c1b60, 0x000001fa689c21d8]
Event: 55.694 Thread 0x000001fa7d033060 3425       4       com.csse3200.game.components.tasks.DroidCombatTask::getPriority (16 bytes)
Event: 55.697 Thread 0x000001fa7d033060 nmethod 3425 0x000001fa689c2890 code [0x000001fa689c2a20, 0x000001fa689c2da8]
Event: 56.160 Thread 0x000001fa7d033060 3426       4       com.csse3200.game.components.DeleteOnMapEdgeComponent$$Lambda$120/0x0000000800cf9188::handle (16 bytes)
Event: 56.167 Thread 0x000001fa7d033060 nmethod 3426 0x000001fa689c3010 code [0x000001fa689c3240, 0x000001fa689c3a38]
Event: 56.459 Thread 0x000001fa7d033060 3427   !   4       org.lwjgl.openal.AL10::alGetSourcei (52 bytes)
Event: 56.463 Thread 0x000001fa7d033060 nmethod 3427 0x000001fa689c4310 code [0x000001fa689c4500, 0x000001fa689c4860]
Event: 57.343 Thread 0x000001fa7d033a50 3428       3       java.nio.MappedByteBuffer::flip (5 bytes)
Event: 57.343 Thread 0x000001fa7d033a50 nmethod 3428 0x000001fa6123d390 code [0x000001fa6123d540, 0x000001fa6123d778]
Event: 57.577 Thread 0x000001fa7d033060 3429       4       java.util.ArrayList::<init> (12 bytes)
Event: 57.578 Thread 0x000001fa7d033060 nmethod 3429 0x000001fa689c4e10 code [0x000001fa689c4f80, 0x000001fa689c50b8]
Event: 58.594 Thread 0x000001fa7d033a50 3430       3       com.csse3200.game.components.tasks.MobRangedAttackTask::meleeOrProjectile (39 bytes)
Event: 58.595 Thread 0x000001fa7d033a50 nmethod 3430 0x000001fa6123d890 code [0x000001fa6123da80, 0x000001fa6123e038]
Event: 58.927 Thread 0x000001fa7d033a50 3431       3       com.csse3200.game.rendering.AnimationRenderComponent::addAnimation (10 bytes)
Event: 58.927 Thread 0x000001fa7d033a50 nmethod 3431 0x000001fa6123e290 code [0x000001fa6123e440, 0x000001fa6123e588]
Event: 59.193 Thread 0x000001fa7d033a50 3432       3       java.util.ArrayList::fastRemove (44 bytes)
Event: 59.193 Thread 0x000001fa7d033a50 nmethod 3432 0x000001fa6123e690 code [0x000001fa6123e840, 0x000001fa6123ec48]

GC Heap History (4 events):
Event: 1.503 GC heap before
{Heap before GC invocations=0 (full 0):
 garbage-first heap   total 253952K, used 26624K [0x0000000709800000, 0x0000000800000000)
  region size 2048K, 11 young (22528K), 0 survivors (0K)
 Metaspace       used 6603K, committed 6784K, reserved 1064960K
  class space    used 505K, committed 576K, reserved 1048576K
}
Event: 1.506 GC heap after
{Heap after GC invocations=1 (full 0):
 garbage-first heap   total 253952K, used 3723K [0x0000000709800000, 0x0000000800000000)
  region size 2048K, 2 young (4096K), 2 survivors (4096K)
 Metaspace       used 6603K, committed 6784K, reserved 1064960K
  class space    used 505K, committed 576K, reserved 1048576K
}
Event: 11.058 GC heap before
{Heap before GC invocations=1 (full 0):
 garbage-first heap   total 253952K, used 34443K [0x0000000709800000, 0x0000000800000000)
  region size 2048K, 18 young (36864K), 2 survivors (4096K)
 Metaspace       used 9467K, committed 9664K, reserved 1064960K
  class space    used 777K, committed 896K, reserved 1048576K
}
Event: 11.062 GC heap after
{Heap after GC invocations=2 (full 0):
 garbage-first heap   total 253952K, used 5687K [0x0000000709800000, 0x0000000800000000)
  region size 2048K, 2 young (4096K), 2 survivors (4096K)
 Metaspace       used 9467K, committed 9664K, reserved 1064960K
  class space    used 777K, committed 896K, reserved 1048576K
}

Deoptimization events (20 events):
Event: 47.560 Thread 0x000001fa5933e0c0 DEOPT PACKING pc=0x000001fa611f43c3 sp=0x000000b0f49fe740
Event: 47.560 Thread 0x000001fa5933e0c0 DEOPT UNPACKING pc=0x000001fa68052b43 sp=0x000000b0f49fdc08 mode 0
Event: 47.560 Thread 0x000001fa5933e0c0 DEOPT PACKING pc=0x000001fa6122ee34 sp=0x000000b0f49fe880
Event: 47.560 Thread 0x000001fa5933e0c0 DEOPT UNPACKING pc=0x000001fa68052b43 sp=0x000000b0f49fdd28 mode 0
Event: 47.567 Thread 0x000001fa5933e0c0 Uncommon trap: trap_request=0xffffffde fr.pc=0x000001fa68921b34 relative=0x00000000000028f4
Event: 47.568 Thread 0x000001fa5933e0c0 Uncommon trap: reason=class_check action=maybe_recompile pc=0x000001fa68921b34 method=com.badlogic.gdx.utils.ComparableTimSort.countRunAndMakeAscending([Ljava/lang/Object;II)I @ 39 c2
Event: 47.568 Thread 0x000001fa5933e0c0 DEOPT PACKING pc=0x000001fa68921b34 sp=0x000000b0f49fee10
Event: 47.568 Thread 0x000001fa5933e0c0 DEOPT UNPACKING pc=0x000001fa680523a3 sp=0x000000b0f49fec10 mode 2
Event: 47.792 Thread 0x000001fa5933e0c0 DEOPT PACKING pc=0x000001fa6122ee34 sp=0x000000b0f49fee20
Event: 47.792 Thread 0x000001fa5933e0c0 DEOPT UNPACKING pc=0x000001fa68052b43 sp=0x000000b0f49fe2c8 mode 0
Event: 48.025 Thread 0x000001fa5933e0c0 DEOPT PACKING pc=0x000001fa6122ee34 sp=0x000000b0f49fee20
Event: 48.025 Thread 0x000001fa5933e0c0 DEOPT UNPACKING pc=0x000001fa68052b43 sp=0x000000b0f49fe2c8 mode 0
Event: 48.275 Thread 0x000001fa5933e0c0 DEOPT PACKING pc=0x000001fa6122ee34 sp=0x000000b0f49fee20
Event: 48.275 Thread 0x000001fa5933e0c0 DEOPT UNPACKING pc=0x000001fa68052b43 sp=0x000000b0f49fe2c8 mode 0
Event: 48.509 Thread 0x000001fa5933e0c0 DEOPT PACKING pc=0x000001fa6122ee34 sp=0x000000b0f49fee20
Event: 48.509 Thread 0x000001fa5933e0c0 DEOPT UNPACKING pc=0x000001fa68052b43 sp=0x000000b0f49fe2c8 mode 0
Event: 52.909 Thread 0x000001fa5933e0c0 Uncommon trap: trap_request=0xffffffde fr.pc=0x000001fa689612fc relative=0x0000000000002dbc
Event: 52.909 Thread 0x000001fa5933e0c0 Uncommon trap: reason=class_check action=maybe_recompile pc=0x000001fa689612fc method=com.csse3200.game.components.tasks.MobWanderTask.update()V @ 70 c2
Event: 52.909 Thread 0x000001fa5933e0c0 DEOPT PACKING pc=0x000001fa689612fc sp=0x000000b0f49fedd0
Event: 52.909 Thread 0x000001fa5933e0c0 DEOPT UNPACKING pc=0x000001fa680523a3 sp=0x000000b0f49fedc0 mode 2

Classes unloaded (0 events):
No events

Classes redefined (0 events):
No events

Internal exceptions (20 events):
Event: 0.319 Thread 0x000001fa5933e0c0 Exception <a 'sun/nio/fs/WindowsException'{0x0000000718534420}> (0x0000000718534420) 
thrown [s\open\src\hotspot\share\prims\jni.cpp, line 516]
Event: 0.949 Thread 0x000001fa5933e0c0 Exception <a 'java/lang/NoSuchMethodError'{0x0000000718584690}: 'java.lang.Object java.lang.invoke.DirectMethodHandle$Holder.newInvokeSpecial(java.lang.Object, long)'> (0x0000000718584690) 
thrown [s\open\src\hotspot\share\interpreter\linkResolver.cpp, line 759]
Event: 1.116 Thread 0x000001fa5933e0c0 Exception <a 'sun/nio/fs/WindowsException'{0x00000007182c0e28}> (0x00000007182c0e28) 
thrown [s\open\src\hotspot\share\prims\jni.cpp, line 516]
Event: 1.116 Thread 0x000001fa5933e0c0 Exception <a 'sun/nio/fs/WindowsException'{0x00000007182c11d0}> (0x00000007182c11d0) 
thrown [s\open\src\hotspot\share\prims\jni.cpp, line 516]
Event: 1.118 Thread 0x000001fa5933e0c0 Exception <a 'sun/nio/fs/WindowsException'{0x00000007182cc798}> (0x00000007182cc798) 
thrown [s\open\src\hotspot\share\prims\jni.cpp, line 516]
Event: 1.118 Thread 0x000001fa5933e0c0 Exception <a 'sun/nio/fs/WindowsException'{0x00000007182cca78}> (0x00000007182cca78) 
thrown [s\open\src\hotspot\share\prims\jni.cpp, line 516]
Event: 1.269 Thread 0x000001fa5933e0c0 Exception <a 'java/lang/ClassNotFoundException'{0x00000007181f7b08}: sun/util/logging/resources/spi/loggingProvider> (0x00000007181f7b08) 
thrown [s\open\src\hotspot\share\classfile\systemDictionary.cpp, line 256]
Event: 1.283 Thread 0x000001fa5933e0c0 Exception <a 'java/io/FileNotFoundException'{0x0000000717e7ea28}> (0x0000000717e7ea28) 
thrown [s\open\src\hotspot\share\prims\jni.cpp, line 516]
Event: 1.303 Thread 0x000001fa5933e0c0 Exception <a 'java/lang/NoSuchMethodError'{0x0000000717ecd578}: 'int java.lang.invoke.DirectMethodHandle$Holder.invokeVirtual(java.lang.Object, java.lang.Object)'> (0x0000000717ecd578) 
thrown [s\open\src\hotspot\share\interpreter\linkResolver.cpp, line 759]
Event: 1.304 Thread 0x000001fa5933e0c0 Exception <a 'java/lang/NoSuchMethodError'{0x0000000717ed7998}: 'java.lang.Object java.lang.invoke.Invokers$Holder.invokeExact_MT(java.lang.Object, java.lang.Object, java.lang.Object, java.lang.Object, java.lang.Object, java.lang.Object)'> (0x0000000717ed7998) 
thrown [s\open\src\hotspot\share\interpreter\linkResolver.cpp, line 759]
Event: 4.383 Thread 0x000001fa5933e0c0 Implicit null exception at 0x000001fa687c5c16 to 0x000001fa687c5ea0
Event: 10.431 Thread 0x000001fa5933e0c0 Exception <a 'java/lang/NoSuchMethodError'{0x0000000718142528}: 'void java.lang.invoke.DirectMethodHandle$Holder.invokeStatic(java.lang.Object, java.lang.Object, java.lang.Object)'> (0x0000000718142528) 
thrown [s\open\src\hotspot\share\interpreter\linkResolver.cpp, line 759]
Event: 11.350 Thread 0x000001fa5933e0c0 Exception <a 'java/lang/NoSuchMethodError'{0x0000000717c92268}: 'void java.lang.invoke.DirectMethodHandle$Holder.invokeVirtual(java.lang.Object, java.lang.Object, java.lang.Object, java.lang.Object)'> (0x0000000717c92268) 
thrown [s\open\src\hotspot\share\interpreter\linkResolver.cpp, line 759]
Event: 11.351 Thread 0x000001fa5933e0c0 Exception <a 'java/lang/NoSuchMethodError'{0x0000000717ca0858}: 'void java.lang.invoke.DirectMethodHandle$Holder.invokeVirtual(java.lang.Object, java.lang.Object)'> (0x0000000717ca0858) 
thrown [s\open\src\hotspot\share\interpreter\linkResolver.cpp, line 759]
Event: 11.352 Thread 0x000001fa5933e0c0 Exception <a 'java/lang/NoSuchMethodError'{0x0000000717ca9fd0}: 'void java.lang.invoke.DirectMethodHandle$Holder.invokeVirtual(java.lang.Object, java.lang.Object, int)'> (0x0000000717ca9fd0) 
thrown [s\open\src\hotspot\share\interpreter\linkResolver.cpp, line 759]
Event: 11.433 Thread 0x000001fa5933e0c0 Exception <a 'java/lang/NoSuchMethodError'{0x0000000717dca240}: 'void java.lang.invoke.DirectMethodHandle$Holder.invokeVirtual(java.lang.Object, java.lang.Object, java.lang.Object, int)'> (0x0000000717dca240) 
thrown [s\open\src\hotspot\share\interpreter\linkResolver.cpp, line 759]
Event: 11.450 Thread 0x000001fa5933e0c0 Exception <a 'java/lang/NoSuchMethodError'{0x0000000717b4e5d8}: 'void java.lang.invoke.DirectMethodHandle$Holder.invokeStatic(java.lang.Object, java.lang.Object, java.lang.Object, java.lang.Object)'> (0x0000000717b4e5d8) 
thrown [s\open\src\hotspot\share\interpreter\linkResolver.cpp, line 759]
Event: 11.452 Thread 0x000001fa5933e0c0 Exception <a 'java/lang/NoSuchMethodError'{0x0000000717b577d8}: 'int java.lang.invoke.DirectMethodHandle$Holder.invokeInterface(java.lang.Object, java.lang.Object)'> (0x0000000717b577d8) 
thrown [s\open\src\hotspot\share\interpreter\linkResolver.cpp, line 759]
Event: 11.460 Thread 0x000001fa5933e0c0 Implicit null exception at 0x000001fa687f076d to 0x000001fa687f1eb4
Event: 47.367 Thread 0x000001fa15a43d20 Implicit null exception at 0x000001fa688b2906 to 0x000001fa688b2d14

VM Operations (20 events):
Event: 39.750 Executing VM operation: Cleanup
Event: 39.751 Executing VM operation: Cleanup done
Event: 40.751 Executing VM operation: Cleanup
Event: 40.752 Executing VM operation: Cleanup done
Event: 41.752 Executing VM operation: Cleanup
Event: 41.752 Executing VM operation: Cleanup done
Event: 45.754 Executing VM operation: Cleanup
Event: 45.754 Executing VM operation: Cleanup done
Event: 46.755 Executing VM operation: Cleanup
Event: 46.755 Executing VM operation: Cleanup done
Event: 47.756 Executing VM operation: Cleanup
Event: 47.756 Executing VM operation: Cleanup done
Event: 50.758 Executing VM operation: Cleanup
Event: 50.758 Executing VM operation: Cleanup done
Event: 51.759 Executing VM operation: Cleanup
Event: 51.759 Executing VM operation: Cleanup done
Event: 53.760 Executing VM operation: Cleanup
Event: 53.760 Executing VM operation: Cleanup done
Event: 55.761 Executing VM operation: Cleanup
Event: 55.761 Executing VM operation: Cleanup done

Events (20 events):
Event: 56.509 Thread 0x000001fa15a45530 Thread added: 0x000001fa15a45530
Event: 56.526 Thread 0x000001fa15a463a0 Thread added: 0x000001fa15a463a0
Event: 57.094 Thread 0x000001fa15a47bb0 Thread added: 0x000001fa15a47bb0
Event: 57.176 Thread 0x000001fa15a45a00 Thread added: 0x000001fa15a45a00
Event: 57.192 Thread 0x000001fa15a48a20 Thread added: 0x000001fa15a48a20
Event: 57.509 Thread 0x000001fa15a47210 Thread added: 0x000001fa15a47210
Event: 57.842 Thread 0x000001fa15f15f50 Thread added: 0x000001fa15f15f50
Event: 57.876 Thread 0x000001fa15f19910 Thread added: 0x000001fa15f19910
Event: 57.892 Thread 0x000001fa15f1a2b0 Thread added: 0x000001fa15f1a2b0
Event: 58.176 Thread 0x000001fa15f16420 Thread added: 0x000001fa15f16420
Event: 58.342 Thread 0x000001fa15f1a780 Thread added: 0x000001fa15f1a780
Event: 58.442 Thread 0x000001fa15f168f0 Thread added: 0x000001fa15f168f0
Event: 58.509 Thread 0x000001fa15f14740 Thread added: 0x000001fa15f14740
Event: 58.559 Thread 0x000001fa15f18f70 Thread added: 0x000001fa15f18f70
Event: 58.792 Thread 0x000001fa15f17c30 Thread added: 0x000001fa15f17c30
Event: 58.960 Thread 0x000001fa15f18aa0 Thread added: 0x000001fa15f18aa0
Event: 58.960 Thread 0x000001fa15f19440 Thread added: 0x000001fa15f19440
Event: 58.961 Thread 0x000001fa15f14c10 Thread added: 0x000001fa15f14c10
Event: 58.976 Thread 0x000001fa15f13da0 Thread added: 0x000001fa15f13da0
Event: 59.193 Thread 0x000001fa15f138d0 Thread added: 0x000001fa15f138d0


Dynamic libraries:
0x00007ff726ee0000 - 0x00007ff726ef0000 	C:\Program Files\Java\jdk-17\bin\java.exe
0x00007ffba77b0000 - 0x00007ffba79a8000 	C:\Windows\SYSTEM32\ntdll.dll
0x00007ffba7300000 - 0x00007ffba73bd000 	C:\Windows\System32\KERNEL32.DLL
0x00007ffba4f20000 - 0x00007ffba5216000 	C:\Windows\System32\KERNELBASE.dll
0x00007ffba5220000 - 0x00007ffba5320000 	C:\Windows\System32\ucrtbase.dll
0x00007ffb7e7c0000 - 0x00007ffb7e7d8000 	C:\Program Files\Java\jdk-17\bin\jli.dll
0x00007ffb95200000 - 0x00007ffb9521b000 	C:\Program Files\Java\jdk-17\bin\VCRUNTIME140.dll
0x00007ffba7250000 - 0x00007ffba72fe000 	C:\Windows\System32\ADVAPI32.dll
0x00007ffba5810000 - 0x00007ffba58ae000 	C:\Windows\System32\msvcrt.dll
0x00007ffba58b0000 - 0x00007ffba594c000 	C:\Windows\System32\sechost.dll
0x00007ffba60e0000 - 0x00007ffba6206000 	C:\Windows\System32\RPCRT4.dll
0x00007ffba73c0000 - 0x00007ffba755e000 	C:\Windows\System32\USER32.dll
0x00007ffba53f0000 - 0x00007ffba5412000 	C:\Windows\System32\win32u.dll
0x00007ffb9a290000 - 0x00007ffb9a52a000 	C:\Windows\WinSxS\amd64_microsoft.windows.common-controls_6595b64144ccf1df_6.0.19041.1110_none_60b5254171f9507e\COMCTL32.dll
0x00007ffba6210000 - 0x00007ffba623c000 	C:\Windows\System32\GDI32.dll
0x00007ffba5640000 - 0x00007ffba575a000 	C:\Windows\System32\gdi32full.dll
0x00007ffba5350000 - 0x00007ffba53ed000 	C:\Windows\System32\msvcp_win.dll
0x00007ffb98ea0000 - 0x00007ffb98eaa000 	C:\Windows\SYSTEM32\VERSION.dll
0x00007ffba6250000 - 0x00007ffba6280000 	C:\Windows\System32\IMM32.DLL
0x00007ffb94620000 - 0x00007ffb9462c000 	C:\Program Files\Java\jdk-17\bin\vcruntime140_1.dll
0x00007ffb4cb50000 - 0x00007ffb4cbde000 	C:\Program Files\Java\jdk-17\bin\msvcp140.dll
0x00007ffb07fb0000 - 0x00007ffb08b87000 	C:\Program Files\Java\jdk-17\bin\server\jvm.dll
0x00007ffba6240000 - 0x00007ffba6248000 	C:\Windows\System32\PSAPI.DLL
0x00007ffb98e70000 - 0x00007ffb98e97000 	C:\Windows\SYSTEM32\WINMM.dll
0x00007ffb84120000 - 0x00007ffb84129000 	C:\Windows\SYSTEM32\WSOCK32.dll
0x00007ffba71e0000 - 0x00007ffba724b000 	C:\Windows\System32\WS2_32.dll
0x00007ffba36e0000 - 0x00007ffba36f2000 	C:\Windows\SYSTEM32\kernel.appcore.dll
0x00007ffb94420000 - 0x00007ffb9442a000 	C:\Program Files\Java\jdk-17\bin\jimage.dll
0x00007ffba2bb0000 - 0x00007ffba2d94000 	C:\Windows\SYSTEM32\DBGHELP.DLL
0x00007ffb96480000 - 0x00007ffb964b4000 	C:\Windows\SYSTEM32\dbgcore.DLL
0x00007ffba4e90000 - 0x00007ffba4f12000 	C:\Windows\System32\bcryptPrimitives.dll
0x00007ffb7e790000 - 0x00007ffb7e7b5000 	C:\Program Files\Java\jdk-17\bin\java.dll
0x00007ffb3a6a0000 - 0x00007ffb3a777000 	C:\Program Files\Java\jdk-17\bin\jsvml.dll
0x00007ffba63f0000 - 0x00007ffba6b35000 	C:\Windows\System32\SHELL32.dll
0x00007ffba2f00000 - 0x00007ffba369b000 	C:\Windows\SYSTEM32\windows.storage.dll
0x00007ffba5c50000 - 0x00007ffba5fa4000 	C:\Windows\System32\combase.dll
0x00007ffba4860000 - 0x00007ffba488e000 	C:\Windows\SYSTEM32\Wldp.dll
0x00007ffba6b40000 - 0x00007ffba6bed000 	C:\Windows\System32\SHCORE.dll
0x00007ffba5b20000 - 0x00007ffba5b75000 	C:\Windows\System32\shlwapi.dll
0x00007ffba4dc0000 - 0x00007ffba4de5000 	C:\Windows\SYSTEM32\profapi.dll
0x00007ffb7bf70000 - 0x00007ffb7bf89000 	C:\Program Files\Java\jdk-17\bin\net.dll
0x00007ffb9f190000 - 0x00007ffb9f29a000 	C:\Windows\SYSTEM32\WINHTTP.dll
0x0000000180000000 - 0x000000018008c000 	C:\Windows\system32\ASProxy64.dll
0x00007ffba5fb0000 - 0x00007ffba60da000 	C:\Windows\System32\ole32.dll
0x00007ffba5b80000 - 0x00007ffba5c4d000 	C:\Windows\System32\OLEAUT32.dll
0x00007ffba42b0000 - 0x00007ffba42eb000 	C:\Windows\SYSTEM32\IPHLPAPI.DLL
0x00007ffba45c0000 - 0x00007ffba462a000 	C:\Windows\SYSTEM32\MSWSOCK.dll
0x00007ffba4d40000 - 0x00007ffba4d72000 	C:\Windows\SYSTEM32\SspiCli.dll
0x00007ffb765b0000 - 0x00007ffb765c6000 	C:\Program Files\Java\jdk-17\bin\nio.dll
0x00007ffb74f20000 - 0x00007ffb74f38000 	C:\Program Files\Java\jdk-17\bin\zip.dll
0x00007ffb93330000 - 0x00007ffb93340000 	C:\Program Files\Java\jdk-17\bin\verify.dll
0x0000000050410000 - 0x0000000050439000 	C:\Users\isaac\AppData\Local\Temp\libgdxisaac\e787ab0a\gdx64.dll
0x00007ffba2120000 - 0x00007ffba21be000 	C:\Windows\system32\uxtheme.dll
0x00007ffb6c5b0000 - 0x00007ffb6c625000 	C:\Users\isaac\AppData\Local\Temp\lwjglisaac\3.3.1-build-7\lwjgl.dll
0x00007ffb2acc0000 - 0x00007ffb2af19000 	C:\Users\isaac\AppData\Local\Temp\lwjglisaac\3.3.1-build-7\jemalloc.dll
0x00007ffb6cf20000 - 0x00007ffb6cf81000 	C:\Users\isaac\AppData\Local\Temp\lwjglisaac\3.3.1-build-7\glfw.dll
0x00007ffb6d270000 - 0x00007ffb6d2b5000 	C:\Windows\SYSTEM32\dinput8.dll
0x00007ffb95db0000 - 0x00007ffb95dc1000 	C:\Windows\SYSTEM32\xinput1_4.dll
0x00007ffba5420000 - 0x00007ffba546e000 	C:\Windows\System32\cfgmgr32.dll
0x00007ffba4c40000 - 0x00007ffba4c73000 	C:\Windows\SYSTEM32\DEVOBJ.dll
0x00007ffba24b0000 - 0x00007ffba24df000 	C:\Windows\SYSTEM32\dwmapi.dll
0x00007ffb7c850000 - 0x00007ffb7c9a2000 	C:\Windows\SYSTEM32\inputhost.dll
0x00007ffba0590000 - 0x00007ffba06e5000 	C:\Windows\SYSTEM32\wintypes.dll
0x00007ffba2da0000 - 0x00007ffba2e96000 	C:\Windows\SYSTEM32\PROPSYS.dll
0x00007ffba1650000 - 0x00007ffba19ae000 	C:\Windows\SYSTEM32\CoreUIComponents.dll
0x00007ffba1d30000 - 0x00007ffba1e22000 	C:\Windows\SYSTEM32\CoreMessaging.dll
0x00007ffba3fe0000 - 0x00007ffba4013000 	C:\Windows\SYSTEM32\ntmarta.dll
0x00007ffba7570000 - 0x00007ffba7684000 	C:\Windows\System32\MSCTF.dll
0x00007ffb27c20000 - 0x00007ffb27db7000 	C:\Users\isaac\AppData\Local\Temp\lwjglisaac\3.3.1-build-7\OpenAL.dll
0x00007ffba6bf0000 - 0x00007ffba6c99000 	C:\Windows\System32\clbcatq.dll
0x00007ffb9d930000 - 0x00007ffb9d9b5000 	C:\Windows\System32\MMDevApi.dll
0x00007ffb9d2a0000 - 0x00007ffb9d422000 	C:\Windows\SYSTEM32\AUDIOSES.DLL
0x00007ffba4bd0000 - 0x00007ffba4c1b000 	C:\Windows\SYSTEM32\powrprof.dll
0x00007ffba4bb0000 - 0x00007ffba4bc2000 	C:\Windows\SYSTEM32\UMPDC.dll
0x00007ffba24e0000 - 0x00007ffba24f4000 	C:\Windows\SYSTEM32\resourcepolicyclient.dll
0x00007ffb34dd0000 - 0x00007ffb34ef5000 	C:\Windows\SYSTEM32\opengl32.dll
0x00007ffb793b0000 - 0x00007ffb793dc000 	C:\Windows\SYSTEM32\GLU32.dll
0x00007ffb9c490000 - 0x00007ffb9c592000 	C:\Windows\System32\AppXDeploymentClient.dll
0x00007ffb71a20000 - 0x00007ffb71a4a000 	C:\Windows\System32\DriverStore\FileRepository\u0363312.inf_amd64_08fc5018b1b99545\B363211\atig6pxx.dll
0x00007ffb05200000 - 0x00007ffb07fa5000 	C:\Windows\System32\DriverStore\FileRepository\u0363312.inf_amd64_08fc5018b1b99545\B363211\atio6axx.dll
0x00007ffba6d10000 - 0x00007ffba717e000 	C:\Windows\System32\SETUPAPI.dll
0x00007ffba5320000 - 0x00007ffba5347000 	C:\Windows\System32\bcrypt.dll
0x00007ffb94f20000 - 0x00007ffb94f44000 	C:\Windows\SYSTEM32\dxva2.dll
0x00007ffb6d8c0000 - 0x00007ffb6d8fc000 	C:\Windows\System32\DriverStore\FileRepository\u0363312.inf_amd64_08fc5018b1b99545\B363211\atig6txx.dll
0x00007ffb1fb10000 - 0x00007ffb1fccf000 	C:\Windows\SYSTEM32\atiadlxx.dll
0x00007ffba55d0000 - 0x00007ffba5637000 	C:\Windows\System32\WINTRUST.dll
0x00007ffba5470000 - 0x00007ffba55ce000 	C:\Windows\System32\CRYPT32.dll
0x00007ffba49f0000 - 0x00007ffba4a02000 	C:\Windows\SYSTEM32\MSASN1.dll
0x00007ffb9eba0000 - 0x00007ffb9ebdb000 	C:\Windows\SYSTEM32\dxcore.dll
0x00007ffb6c2e0000 - 0x00007ffb6c33d000 	C:\Users\isaac\AppData\Local\Temp\lwjglisaac\3.3.1-build-7\lwjgl_opengl.dll
0x00007ffb7c9b0000 - 0x00007ffb7caaa000 	C:\Windows\SYSTEM32\textinputframework.dll
0x00007ffb7f310000 - 0x00007ffb7f376000 	C:\Windows\system32\Oleacc.dll
0x00007ffb72850000 - 0x00007ffb72b45000 	C:\Windows\System32\uiautomationcore.dll
0x00007ffba47d0000 - 0x00007ffba47dc000 	C:\Windows\SYSTEM32\CRYPTBASE.DLL
0x00000000503b0000 - 0x000000005040a000 	C:\Users\isaac\AppData\Local\Temp\libgdxisaac\888fe1bc\gdx-box2d64.dll

dbghelp: loaded successfully - version: 4.0.5 - missing functions: none
symbol engine: initialized successfully - sym options: 0x614 - pdb path: .;C:\Program Files\Java\jdk-17\bin;C:\Windows\SYSTEM32;C:\Windows\WinSxS\amd64_microsoft.windows.common-controls_6595b64144ccf1df_6.0.19041.1110_none_60b5254171f9507e;C:\Program Files\Java\jdk-17\bin\server;C:\Users\isaac\AppData\Local\Temp\libgdxisaac\e787ab0a;C:\Users\isaac\AppData\Local\Temp\lwjglisaac\3.3.1-build-7;C:\Windows\System32\DriverStore\FileRepository\u0363312.inf_amd64_08fc5018b1b99545\B363211;C:\Users\isaac\AppData\Local\Temp\libgdxisaac\888fe1bc

VM Arguments:
jvm_args: -XX:+ShowCodeDetailsInExceptionMessages 
java_command: com.csse3200.game.desktop.DesktopLauncher
java_class_path (initial): C:\Users\isaac\OneDrive\Documents\School\University of Queensland\UQ 2023\UQ 2023 Semester 2\CSSE3200\2023-studio-3\source\desktop\bin\main;\csse3200-game-core\bin\default;C:\Users\isaac\OneDrive\Documents\School\University of Queensland\UQ 2023\UQ 2023 Semester 2\CSSE3200\2023-studio-3\source\core\bin\main;C:\Users\isaac\.gradle\caches\modules-2\files-2.1\com.badlogicgames.gdx\gdx-backend-lwjgl3\1.11.0\58a96db4cd349be4292d547856aa1e1c5f065f4e\gdx-backend-lwjgl3-1.11.0.jar;C:\Users\isaac\.gradle\caches\modules-2\files-2.1\com.badlogicgames.gdx\gdx-platform\1.11.0\697fb13eada6d3c6ca648c9788692b0159add126\gdx-platform-1.11.0-natives-desktop.jar;C:\Users\isaac\.gradle\caches\modules-2\files-2.1\com.badlogicgames.gdx\gdx-box2d-platform\1.11.0\62ff9baa1e57a11e0a4428a38c9660bf9f312fdc\gdx-box2d-platform-1.11.0-natives-desktop.jar;C:\Users\isaac\.gradle\caches\modules-2\files-2.1\com.badlogicgames.gdx\gdx-tools\1.11.0\a5d30eafd0f2fbab314efdf6d98ebc27388b7c0a\gdx-tools-1.11.0.jar;C:\Users\isaac\.gradle\caches\modules-2\files-2.1\com.badlogicgames.gdx-controllers\gdx-controllers-desktop\2.2.2\625b3bdbe803e9c4af181b4791202cfcf776d805\gdx-controllers-desktop-2.2.2.jar;C:\Users\isaac\.gradle\caches\modules-2\files-2.1\com.badlogicgames.gdx\gdx-backend-lwjgl\1.11.0\33555a2cf8b4d9db4122b2fe42e7674b343d8b4\gdx-backend-lwjgl-1.11.0.jar;C:\Users\isaac\.gradle\caches\modules-2\files-2.1\com.badlogicgames.gdx\gdx-freetype\1.11.0\a3634ad2e6c56d251268d6ab5c0f66eee2841f2c\gdx-freetype-1.11.0.jar;C:\Users\isaac\.gradle\caches\modules-2\files-2.1\com.badlogicgames.gdx\gdx-backend-headless\1.11.0\3c3d0c951db72891d894df1725d09179fd0bca00\gdx-backend-headless-1.11.0.jar;C:\Users\isaac\.gradle\caches\modules-2\files-2.1\net.dermetfan.libgdx-utils\libgdx-utils-box2d\0.13.4\918d79a20ea3c898cdb3611782c5b2bfa6ec575b\libgdx-utils-box2d-0.13.4.jar;C:\Users\isaac\.gradle\caches\modules-2\files-2.1\com.badlogicgames.gdx\gdx-box2d\1.11.0\ad4facee800dd945d6d6e93dea2936bc135b
Launcher Type: SUN_STANDARD

[Global flags]
     intx CICompilerCount                          = 12                                        {product} {ergonomic}
     uint ConcGCThreads                            = 3                                         {product} {ergonomic}
     uint G1ConcRefinementThreads                  = 13                                        {product} {ergonomic}
   size_t G1HeapRegionSize                         = 2097152                                   {product} {ergonomic}
    uintx GCDrainStackTargetSize                   = 64                                        {product} {ergonomic}
   size_t InitialHeapSize                          = 260046848                                 {product} {ergonomic}
   size_t MarkStackSize                            = 4194304                                   {product} {ergonomic}
   size_t MaxHeapSize                              = 4135583744                                {product} {ergonomic}
   size_t MaxNewSize                               = 2480930816                                {product} {ergonomic}
   size_t MinHeapDeltaBytes                        = 2097152                                   {product} {ergonomic}
   size_t MinHeapSize                              = 8388608                                   {product} {ergonomic}
    uintx NonNMethodCodeHeapSize                   = 7602480                                {pd product} {ergonomic}
    uintx NonProfiledCodeHeapSize                  = 122027880                              {pd product} {ergonomic}
    uintx ProfiledCodeHeapSize                     = 122027880                              {pd product} {ergonomic}
    uintx ReservedCodeCacheSize                    = 251658240                              {pd product} {ergonomic}
     bool SegmentedCodeCache                       = true                                      {product} {ergonomic}
     bool ShowCodeDetailsInExceptionMessages       = true                                   {manageable} {command line}
   size_t SoftMaxHeapSize                          = 4135583744                             {manageable} {ergonomic}
     bool UseCompressedClassPointers               = true                           {product lp64_product} {ergonomic}
     bool UseCompressedOops                        = true                           {product lp64_product} {ergonomic}
     bool UseG1GC                                  = true                                      {product} {ergonomic}
     bool UseLargePagesIndividualAllocation        = false                                  {pd product} {ergonomic}

Logging:
Log output configuration:
 #0: stdout all=warning uptime,level,tags
 #1: stderr all=off uptime,level,tags

Environment Variables:
PATH=C:\Users\isaac\bin;C:\Program Files\Git\mingw64\bin;C:\Program Files\Git\usr\local\bin;C:\Program Files\Git\usr\bin;C:\Program Files\Git\usr\bin;C:\Program Files\Git\mingw64\bin;C:\Program Files\Git\usr\bin;C:\Users\isaac\bin;C:\Program Files\Common Files\Oracle\Java\javapath;C:\Program Files (x86)\Common Files\Oracle\Java\javapath;C:\Windows\system32;C:\Windows;C:\Windows\System32\Wbem;C:\Windows\System32\WindowsPowerShell\v1.0;C:\Windows\System32\OpenSSH;C:\Program Files\Microsoft SQL Server\Client SDK\ODBC\170\Tools\Binn;C:\Program Files (x86)\Microsoft SQL Server\150\Tools\Binn;C:\Program Files\Microsoft SQL Server\150\Tools\Binn;C:\Program Files\Microsoft SQL Server\150\DTS\Binn;C:\Program Files (x86)\Microsoft SQL Server\150\DTS\Binn;C:\Program Files\Azure Data Studio\bin;C:\Program Files\Git\cmd;C:\Program Files\PuTTY;C:\Program Files (x86)\Pololu\USB AVR Programmer v2\bin;C:\Program Files\nodejs;C:\Users\isaac\AppData\Local\Programs\Python\Python310\Scripts;C:\Users\isaac\AppData\Local\Programs\Python\Python310;C:\Users\isaac\AppData\Local\Microsoft\WindowsApps;C:\Users\isaac\AppData\Local\Programs\Microsoft VS Code\bin;C:\Program Files\Azure Data Studio\bin;C:\Users\isaac\AppData\Roaming\npm;C:\Program Files\Git\usr\bin\vendor_perl;C:\Program Files\Git\usr\bin\core_perl
USERNAME=isaac
SHELL=C:\Program Files\Git\usr\bin\bash.exe
DISPLAY=needs-to-be-defined
LANG=en_US.UTF-8
OS=Windows_NT
PROCESSOR_IDENTIFIER=AMD64 Family 23 Model 104 Stepping 1, AuthenticAMD



---------------  S Y S T E M  ---------------

OS:
 Windows 10 , 64 bit Build 19041 (10.0.19041.3393)
OS uptime: 5 days 7:58 hours

CPU: total 16 (initial active 16) (16 cores per cpu, 2 threads per core) family 23 model 104 stepping 1 microcode 0x0, cx8, cmov, fxsr, ht, mmx, 3dnowpref, sse, sse2, sse3, ssse3, sse4a, sse4.1, sse4.2, popcnt, lzcnt, tsc, tscinvbit, avx, avx2, aes, clmul, bmi1, bmi2, adx, sha, fma, vzeroupper, clflush, clflushopt

Memory: 4k page, system-wide physical 15769M (6261M free)
TotalPageFile size 19865M (AvailPageFile size 4020M)
current process WorkingSet (physical memory assigned to process): 478M, peak: 515M
current process commit charge ("private bytes"): 769M, peak: 807M

vm_info: Java HotSpot(TM) 64-Bit Server VM (17.0.6+9-LTS-190) for windows-amd64 JRE (17.0.6+9-LTS-190), built on Dec  6 2022 15:53:54 by "mach5one" with MS VC++ 17.1 (VS2022)

END.
