#
# A fatal error has been detected by the Java Runtime Environment:
#
#  EXCEPTION_ACCESS_VIOLATION (0xc0000005) at pc=0x00007ffe2cf29530, pid=13412, tid=26032
#
# JRE version: Java(TM) SE Runtime Environment (17.0.6+9) (build 17.0.6+9-LTS-190)
# Java VM: Java HotSpot(TM) 64-Bit Server VM (17.0.6+9-LTS-190, mixed mode, sharing, tiered, compressed oops, compressed class ptrs, g1 gc, windows-amd64)
# Problematic frame:
# C  [atio6axx.dll+0xbb9530]
#
# No core dump will be written. Minidumps are not enabled by default on client versions of Windows
#
# If you would like to submit a bug report, please visit:
#   https://bugreport.java.com/bugreport/crash.jsp
# The crash happened outside the Java Virtual Machine in native code.
# See problematic frame for where to report the bug.
#

---------------  S U M M A R Y ------------

Command Line: -XX:+ShowCodeDetailsInExceptionMessages com.csse3200.game.desktop.DesktopLauncher

Host: AMD Ryzen 7 5700U with Radeon Graphics         , 16 cores, 15G,  Windows 10 , 64 bit Build 19041 (10.0.19041.3393)
Time: Wed Oct  4 14:42:38 2023 E. Australia Standard Time elapsed time: 234.748959 seconds (0d 0h 3m 54s)

---------------  T H R E A D  ---------------

Current thread (0x000001c2a029ed00):  JavaThread "main" [_thread_in_native, id=26032, stack(0x000000a605900000,0x000000a605a00000)]

Stack: [0x000000a605900000,0x000000a605a00000],  sp=0x000000a6059feb40,  free space=1018k
Native frames: (J=compiled Java code, j=interpreted, Vv=VM code, C=native code)
C  [atio6axx.dll+0xbb9530]

Java frames: (J=compiled Java code, j=interpreted, Vv=VM code)
J 1422  org.lwjgl.opengl.GL11C.nglDrawElements(IIIJ)V (0 bytes) @ 0x000001c2af7515f6 [0x000001c2af7515a0+0x0000000000000056]
J 1758 c2 com.badlogic.gdx.graphics.g2d.SpriteBatch.flush()V (193 bytes) @ 0x000001c2af7796cc [0x000001c2af779220+0x00000000000004ac]
J 2398 c2 com.badlogic.gdx.graphics.g2d.SpriteBatch.draw(Lcom/badlogic/gdx/graphics/Texture;[FII)V (165 bytes) @ 0x000001c2af8680e0 [0x000001c2af868060+0x0000000000000080]
J 2397 c1 com.badlogic.gdx.graphics.g2d.BitmapFontCache.draw(Lcom/badlogic/gdx/graphics/g2d/Batch;)V (73 bytes) @ 0x000001c2a7f4e374 [0x000001c2a7f4df80+0x00000000000003f4]
J 2221 c1 com.csse3200.game.screens.text.AnimatedText.draw(Lcom/badlogic/gdx/graphics/g2d/Batch;FF)V (42 bytes) @ 0x000001c2a7f27754 [0x000001c2a7f27580+0x00000000000001d4]
J 2194 c1 com.csse3200.game.screens.LevelSelectScreen.render(F)V (135 bytes) @ 0x000001c2a7f22a04 [0x000001c2a7f22400+0x0000000000000604]
J 3873 c2 com.badlogic.gdx.backends.lwjgl3.Lwjgl3Window.update()Z (217 bytes) @ 0x000001c2af99377c [0x000001c2af993000+0x000000000000077c]
j  com.badlogic.gdx.backends.lwjgl3.Lwjgl3Application.loop()V+111
j  com.badlogic.gdx.backends.lwjgl3.Lwjgl3Application.<init>(Lcom/badlogic/gdx/ApplicationListener;Lcom/badlogic/gdx/backends/lwjgl3/Lwjgl3ApplicationConfiguration;)V+269
j  com.csse3200.game.desktop.DesktopLauncher.main([Ljava/lang/String;)V+19
v  ~StubRoutines::call_stub

siginfo: EXCEPTION_ACCESS_VIOLATION (0xc0000005), reading address 0x000001c2d2600c18


Register to memory mapping:

RIP=0x00007ffe2cf29530 atio6axx.dll
RAX=0x000001c2d2600c18 is an unknown value
RBX=0x000001c2cb501624 points into unknown readable memory: 00 c0 82 44
RCX=0x00000000ffffffff is an unknown value
RDX=0xfffffffff8f00a0c is an unknown value
RSP=0x000000a6059feb40 is pointing into the stack for thread: 0x000001c2a029ed00
RBP=0x0000000000000001 is an unknown value
RSI=0x000001c2c731f440 points into unknown readable memory: 0x000001c2c72fc8c0 | c0 c8 2f c7 c2 01 00 00
RDI=0x000001c2d0cfc844 points into unknown readable memory: c2 01 00 00
R8 =0x0 is NULL
R9 =0x0000000000000004 is an unknown value
R10=0x000000a6059febe8 is pointing into the stack for thread: 0x000001c2a029ed00
R11=0x0000000000000004 is an unknown value
R12=0x0000000000000001 is an unknown value
R13=0x0000000000008b10 is an unknown value
R14=0x0000000000009610 is an unknown value
R15=0x0 is NULL


Registers:
RAX=0x000001c2d2600c18, RBX=0x000001c2cb501624, RCX=0x00000000ffffffff, RDX=0xfffffffff8f00a0c
RSP=0x000000a6059feb40, RBP=0x0000000000000001, RSI=0x000001c2c731f440, RDI=0x000001c2d0cfc844
R8 =0x0000000000000000, R9 =0x0000000000000004, R10=0x000000a6059febe8, R11=0x0000000000000004
R12=0x0000000000000001, R13=0x0000000000008b10, R14=0x0000000000009610, R15=0x0000000000000000
RIP=0x00007ffe2cf29530, EFLAGS=0x0000000000010297

Top of Stack: (sp=0x000000a6059feb40)
0x000000a6059feb40:   000001c2c731f780 000001c2d0cfc840
0x000000a6059feb50:   000001c2c72fc900 0000000000000000
0x000000a6059feb60:   0000000000000000 0000000000000000
0x000000a6059feb70:   0000000000000000 0000000000000000
0x000000a6059feb80:   0000000000000000 0000000000000000
0x000000a6059feb90:   0000000000000000 0000000000000000
0x000000a6059feba0:   0000000000000000 0000000000000000
0x000000a6059febb0:   0000000000000004 000001c2d0cfc84c
0x000000a6059febc0:   000001c2c72fc8c0 000001c2c72fd090
0x000000a6059febd0:   000001c2cb501620 0000000000000000
0x000000a6059febe0:   000001c2d25452d8 0000000400000014
0x000000a6059febf0:   0000000000000000 0000000000000000
0x000000a6059fec00:   0000000000000000 0000000000000000
0x000000a6059fec10:   0000000000000000 0000000000000000
0x000000a6059fec20:   0000000000000000 0000000000000000
0x000000a6059fec30:   0000000000000000 0000000000000000 

Instructions: (pc=0x00007ffe2cf29530)
0x00007ffe2cf29430:   58 41 89 41 0c 49 83 c1 10 41 ff c0 4c 0f bc d2
0x00007ffe2cf29440:   0f 95 c0 84 c0 74 09 41 8b ca 48 d3 ea 45 03 c2
0x00007ffe2cf29450:   48 85 d2 75 bb 4d 85 ff 74 46 41 83 e6 01 b9 70
0x00007ffe2cf29460:   0a 00 00 b8 60 00 00 00 0f 44 c1 4d 85 f6 b9 60
0x00007ffe2cf29470:   0a 00 00 48 8b 04 28 49 89 01 b8 50 00 00 00 0f
0x00007ffe2cf29480:   44 c1 b9 68 0a 00 00 8b 04 28 41 89 41 08 b8 58
0x00007ffe2cf29490:   00 00 00 0f 44 c1 41 ff c4 8b 04 28 41 89 41 0c
0x00007ffe2cf294a0:   49 3b fb 0f 83 b6 00 00 00 44 8b bc 24 f8 04 00
0x00007ffe2cf294b0:   00 0f 1f 40 00 66 66 66 0f 1f 84 00 00 00 00 00
0x00007ffe2cf294c0:   0f b7 07 48 83 c7 02 45 85 e4 0f 84 86 00 00 00
0x00007ffe2cf294d0:   45 8d 34 07 41 8b ec 4c 8d 94 24 a8 00 00 00 90
0x00007ffe2cf294e0:   41 8b 02 48 8b d3 45 8b 5a 04 41 0f af c6 45 8b
0x00007ffe2cf294f0:   c3 41 83 e0 f8 45 8b cb 45 2b c8 41 c1 e8 03 49
0x00007ffe2cf29500:   03 42 f8 45 85 c0 74 20 0f 1f 84 00 00 00 00 00
0x00007ffe2cf29510:   48 8b 08 48 83 c0 08 48 89 0a 48 83 c2 08 b9 ff
0x00007ffe2cf29520:   ff ff ff 44 03 c1 75 e8 45 85 c9 74 17 48 2b d0
0x00007ffe2cf29530:   0f b6 08 88 0c 10 48 8d 40 01 b9 ff ff ff ff 44
0x00007ffe2cf29540:   03 c9 75 ec 49 03 db 49 83 c2 10 48 83 ed 01 75
0x00007ffe2cf29550:   8f 4c 8b 5c 24 78 49 3b fb 0f 82 61 ff ff ff 44
0x00007ffe2cf29560:   8b 64 24 70 48 8b bc 24 88 00 00 00 4c 8b 8c 24
0x00007ffe2cf29570:   90 00 00 00 8b 5f 3c 48 03 5f 30 49 3b d9 74 73
0x00007ffe2cf29580:   44 8b bc 24 e8 04 00 00 48 8b cb 41 81 ff 00 02
0x00007ffe2cf29590:   00 00 76 0d 45 8b c7 49 8b d1 e8 41 de e6 ff eb
0x00007ffe2cf295a0:   5a 41 8b d7 45 8b c7 83 e2 f8 41 ba ff ff ff ff
0x00007ffe2cf295b0:   44 2b c2 c1 ea 03 85 d2 74 19 66 0f 1f 44 00 00
0x00007ffe2cf295c0:   49 8b 01 49 83 c1 08 48 89 01 48 83 c1 08 41 03
0x00007ffe2cf295d0:   d2 75 ed 45 85 c0 74 23 49 2b c9 0f 1f 44 00 00
0x00007ffe2cf295e0:   41 0f b6 01 41 88 04 09 4d 8d 49 01 45 03 c2 75
0x00007ffe2cf295f0:   ef eb 08 44 8b bc 24 e8 04 00 00 f6 47 40 04 74
0x00007ffe2cf29600:   1c 48 8b 0f 44 8b 47 3c 48 8b 57 10 45 8b cf 48
0x00007ffe2cf29610:   8b 49 18 48 89 5c 24 20 e8 c3 d8 76 00 4c 8b b4
0x00007ffe2cf29620:   24 80 00 00 00 45 01 be 0c 08 00 00 80 bc 24 d0 


Stack slot to memory mapping:
stack at sp + 0 slots: 0x000001c2c731f780 points into unknown readable memory: 0x0000000000000000 | 00 00 00 00 00 00 00 00
stack at sp + 1 slots: 0x000001c2d0cfc840 points into unknown readable memory: 0x000001c296100080 | 80 00 10 96 c2 01 00 00
stack at sp + 2 slots: 0x000001c2c72fc900 points into unknown readable memory: 0x000001c2c72fc8c0 | c0 c8 2f c7 c2 01 00 00
stack at sp + 3 slots: 0x0 is NULL
stack at sp + 4 slots: 0x0 is NULL
stack at sp + 5 slots: 0x0 is NULL
stack at sp + 6 slots: 0x0 is NULL
stack at sp + 7 slots: 0x0 is NULL


---------------  P R O C E S S  ---------------

Threads class SMR info:
_java_thread_list=0x000001c2867c3060, length=29, elements={
0x000001c2a029ed00, 0x000001c2c35bef00, 0x000001c2c35bfb70, 0x000001c2c35d4c40,
0x000001c2c35d55f0, 0x000001c2c35d5fa0, 0x000001c2c35d6950, 0x000001c2c35d86f0,
0x000001c2c35d95a0, 0x000001c2c4008ec0, 0x000001c2c41409a0, 0x000001c2c414f540,
0x000001c2cbd8ab80, 0x000001c2cbfbca90, 0x000001c2c40ab800, 0x000001c2d36c3d10,
0x000001c2a0288370, 0x000001c2a028a520, 0x000001c2a0288d10, 0x000001c2a02891e0,
0x000001c2a028a050, 0x000001c2a0289b80, 0x000001c2d35e3d50, 0x000001c2d35e4bc0,
0x000001c2d35e8580, 0x000001c2d35e33b0, 0x000001c2d35e8a50, 0x000001c2d35e7be0,
0x000001c2d35e7240
}

Java Threads: ( => current thread )
=>0x000001c2a029ed00 JavaThread "main" [_thread_in_native, id=26032, stack(0x000000a605900000,0x000000a605a00000)]
  0x000001c2c35bef00 JavaThread "Reference Handler" daemon [_thread_blocked, id=6828, stack(0x000000a606000000,0x000000a606100000)]
  0x000001c2c35bfb70 JavaThread "Finalizer" daemon [_thread_blocked, id=27116, stack(0x000000a606100000,0x000000a606200000)]
  0x000001c2c35d4c40 JavaThread "Signal Dispatcher" daemon [_thread_blocked, id=26868, stack(0x000000a606200000,0x000000a606300000)]
  0x000001c2c35d55f0 JavaThread "Attach Listener" daemon [_thread_blocked, id=12112, stack(0x000000a606300000,0x000000a606400000)]
  0x000001c2c35d5fa0 JavaThread "Service Thread" daemon [_thread_blocked, id=15652, stack(0x000000a606400000,0x000000a606500000)]
  0x000001c2c35d6950 JavaThread "Monitor Deflation Thread" daemon [_thread_blocked, id=23016, stack(0x000000a606500000,0x000000a606600000)]
  0x000001c2c35d86f0 JavaThread "C2 CompilerThread0" daemon [_thread_blocked, id=13840, stack(0x000000a606600000,0x000000a606700000)]
  0x000001c2c35d95a0 JavaThread "C1 CompilerThread0" daemon [_thread_blocked, id=23864, stack(0x000000a606700000,0x000000a606800000)]
  0x000001c2c4008ec0 JavaThread "Sweeper thread" daemon [_thread_blocked, id=13844, stack(0x000000a606800000,0x000000a606900000)]
  0x000001c2c41409a0 JavaThread "Notification Thread" daemon [_thread_blocked, id=18236, stack(0x000000a606b00000,0x000000a606c00000)]
  0x000001c2c414f540 JavaThread "Common-Cleaner" daemon [_thread_blocked, id=6016, stack(0x000000a606d00000,0x000000a606e00000)]
  0x000001c2cbd8ab80 JavaThread "AssetManager" daemon [_thread_blocked, id=14700, stack(0x000000a608d40000,0x000000a608e40000)]
  0x000001c2cbfbca90 JavaThread "LWJGL3 Timer" daemon [_thread_blocked, id=25848, stack(0x000000a606900000,0x000000a606a00000)]
  0x000001c2c40ab800 JavaThread "AssetManager" daemon [_thread_blocked, id=1872, stack(0x000000a606a00000,0x000000a606b00000)]
  0x000001c2d36c3d10 JavaThread "AssetManager" daemon [_thread_blocked, id=3996, stack(0x000000a608e40000,0x000000a608f40000)]
  0x000001c2a0288370 JavaThread "AssetManager" daemon [_thread_blocked, id=21244, stack(0x000000a609040000,0x000000a609140000)]
  0x000001c2a028a520 JavaThread "Timer" daemon [_thread_blocked, id=26748, stack(0x000000a605700000,0x000000a605800000)]
  0x000001c2a0288d10 JavaThread "AssetManager" daemon [_thread_blocked, id=1644, stack(0x000000a605600000,0x000000a605700000)]
  0x000001c2a02891e0 JavaThread "AssetManager" daemon [_thread_blocked, id=11760, stack(0x000000a605800000,0x000000a605900000)]
  0x000001c2a028a050 JavaThread "AssetManager" daemon [_thread_blocked, id=13628, stack(0x000000a608040000,0x000000a608140000)]
  0x000001c2a0289b80 JavaThread "AssetManager" daemon [_thread_blocked, id=23944, stack(0x000000a608f40000,0x000000a609040000)]
  0x000001c2d35e3d50 JavaThread "AssetManager" daemon [_thread_blocked, id=15740, stack(0x000000a609440000,0x000000a609540000)]
  0x000001c2d35e4bc0 JavaThread "AssetManager" daemon [_thread_blocked, id=27752, stack(0x000000a609540000,0x000000a609640000)]
  0x000001c2d35e8580 JavaThread "AssetManager" daemon [_thread_blocked, id=25372, stack(0x000000a609840000,0x000000a609940000)]
  0x000001c2d35e33b0 JavaThread "AssetManager" daemon [_thread_blocked, id=1548, stack(0x000000a609640000,0x000000a609740000)]
  0x000001c2d35e8a50 JavaThread "AssetManager" daemon [_thread_blocked, id=15484, stack(0x000000a609740000,0x000000a609840000)]
  0x000001c2d35e7be0 JavaThread "AssetManager" daemon [_thread_blocked, id=23396, stack(0x000000a609940000,0x000000a609a40000)]
  0x000001c2d35e7240 JavaThread "AssetManager" daemon [_thread_blocked, id=8728, stack(0x000000a609b40000,0x000000a609c40000)]

Other Threads:
  0x000001c2c35b8b40 VMThread "VM Thread" [stack: 0x000000a605f00000,0x000000a606000000] [id=27328]
  0x000001c2c4149ac0 WatcherThread [stack: 0x000000a606c00000,0x000000a606d00000] [id=21144]
  0x000001c2a0311970 GCTaskThread "GC Thread#0" [stack: 0x000000a605a00000,0x000000a605b00000] [id=27012]
  0x000001c2c76dfbe0 GCTaskThread "GC Thread#1" [stack: 0x000000a607e00000,0x000000a607f00000] [id=26832]
  0x000001c2c76e16c0 GCTaskThread "GC Thread#2" [stack: 0x000000a608640000,0x000000a608740000] [id=26668]
  0x000001c2c76e1970 GCTaskThread "GC Thread#3" [stack: 0x000000a608740000,0x000000a608840000] [id=13852]
  0x000001c2c76debc0 GCTaskThread "GC Thread#4" [stack: 0x000000a608840000,0x000000a608940000] [id=22460]
  0x000001c2c76dfe90 GCTaskThread "GC Thread#5" [stack: 0x000000a608940000,0x000000a608a40000] [id=14040]
  0x000001c2c76dee70 GCTaskThread "GC Thread#6" [stack: 0x000000a608a40000,0x000000a608b40000] [id=25948]
  0x000001c2cbd48030 GCTaskThread "GC Thread#7" [stack: 0x000000a608b40000,0x000000a608c40000] [id=12200]
  0x000001c2cbd462a0 GCTaskThread "GC Thread#8" [stack: 0x000000a608c40000,0x000000a608d40000] [id=27528]
  0x000001c2cbd48590 GCTaskThread "GC Thread#9" [stack: 0x000000a609240000,0x000000a609340000] [id=21988]
  0x000001c2d3f26760 GCTaskThread "GC Thread#10" [stack: 0x000000a609a40000,0x000000a609b40000] [id=24564]
  0x000001c2d3f24f30 GCTaskThread "GC Thread#11" [stack: 0x000000a609140000,0x000000a609240000] [id=18364]
  0x000001c2cbf28050 GCTaskThread "GC Thread#12" [stack: 0x000000a609340000,0x000000a609440000] [id=22200]
  0x000001c2a0321e30 ConcurrentGCThread "G1 Main Marker" [stack: 0x000000a605b00000,0x000000a605c00000] [id=22104]
  0x000001c2a0323ef0 ConcurrentGCThread "G1 Conc#0" [stack: 0x000000a605c00000,0x000000a605d00000] [id=11828]
  0x000001c2c34724e0 ConcurrentGCThread "G1 Refine#0" [stack: 0x000000a605d00000,0x000000a605e00000] [id=11248]
  0x000001c2c3472e00 ConcurrentGCThread "G1 Service" [stack: 0x000000a605e00000,0x000000a605f00000] [id=11808]

Threads with active compile tasks:

VM state: not at safepoint (normal execution)

VM Mutex/Monitor currently owned by a thread: None

Heap address: 0x0000000709800000, size: 3944 MB, Compressed Oops mode: Zero based, Oop shift amount: 3

CDS archive(s) mapped at: [0x0000000800000000-0x0000000800bd0000-0x0000000800bd0000), size 12386304, SharedBaseAddress: 0x0000000800000000, ArchiveRelocationMode: 0.
Compressed class space mapped at: 0x0000000800c00000-0x0000000840c00000, reserved size: 1073741824
Narrow klass base: 0x0000000800000000, Narrow klass shift: 0, Narrow klass range: 0x100000000

GC Precious Log:
 CPUs: 16 total, 16 available
 Memory: 15769M
 Large Page Support: Disabled
 NUMA Support: Disabled
 Compressed Oops: Enabled (Zero based)
 Heap Region Size: 2M
 Heap Min Capacity: 8M
 Heap Initial Capacity: 248M
 Heap Max Capacity: 3944M
 Pre-touch: Disabled
 Parallel Workers: 13
 Concurrent Workers: 3
 Concurrent Refinement Workers: 13
 Periodic GC: Disabled

Heap:
 garbage-first heap   total 253952K, used 86886K [0x0000000709800000, 0x0000000800000000)
  region size 2048K, 28 young (57344K), 4 survivors (8192K)
 Metaspace       used 12447K, committed 12672K, reserved 1064960K
  class space    used 1067K, committed 1216K, reserved 1048576K

Heap Regions: E=young(eden), S=young(survivor), O=old, HS=humongous(starts), HC=humongous(continues), CS=collection set, F=free, OA=open archive, CA=closed archive, TAMS=top-at-mark-start (previous, next)
|   0|0x0000000709800000, 0x0000000709a00000, 0x0000000709a00000|100%|HS|  |TAMS 0x0000000709800000, 0x0000000709800000| Complete 
|   1|0x0000000709a00000, 0x0000000709c00000, 0x0000000709c00000|100%|HC|  |TAMS 0x0000000709a00000, 0x0000000709a00000| Complete 
|   2|0x0000000709c00000, 0x0000000709e00000, 0x0000000709e00000|100%|HC|  |TAMS 0x0000000709c00000, 0x0000000709c00000| Complete 
|   3|0x0000000709e00000, 0x000000070a000000, 0x000000070a000000|100%|HS|  |TAMS 0x0000000709e00000, 0x0000000709e00000| Complete 
|   4|0x000000070a000000, 0x000000070a200000, 0x000000070a200000|100%|HC|  |TAMS 0x000000070a000000, 0x000000070a000000| Complete 
|   5|0x000000070a200000, 0x000000070a400000, 0x000000070a400000|100%|HS|  |TAMS 0x000000070a200000, 0x000000070a200000| Complete 
|   6|0x000000070a400000, 0x000000070a600000, 0x000000070a600000|100%|HS|  |TAMS 0x000000070a400000, 0x000000070a400000| Complete 
|   7|0x000000070a600000, 0x000000070a800000, 0x000000070a800000|100%|HC|  |TAMS 0x000000070a600000, 0x000000070a600000| Complete 
|   8|0x000000070a800000, 0x000000070aa00000, 0x000000070aa00000|100%|HS|  |TAMS 0x000000070a800000, 0x000000070a800000| Complete 
|   9|0x000000070aa00000, 0x000000070ac00000, 0x000000070ac00000|100%|HC|  |TAMS 0x000000070aa00000, 0x000000070aa00000| Complete 
|  10|0x000000070ac00000, 0x000000070ae00000, 0x000000070ae00000|100%|HC|  |TAMS 0x000000070ac00000, 0x000000070ac00000| Complete 
|  11|0x000000070ae00000, 0x000000070b000000, 0x000000070b000000|100%|HS|  |TAMS 0x000000070ae00000, 0x000000070ae00000| Complete 
|  12|0x000000070b000000, 0x000000070b200000, 0x000000070b200000|100%|HC|  |TAMS 0x000000070b000000, 0x000000070b000000| Complete 
|  13|0x000000070b200000, 0x000000070b200000, 0x000000070b400000|  0%| F|  |TAMS 0x000000070b200000, 0x000000070b200000| Untracked 
|  14|0x000000070b400000, 0x000000070b400000, 0x000000070b600000|  0%| F|  |TAMS 0x000000070b400000, 0x000000070b400000| Untracked 
|  15|0x000000070b600000, 0x000000070b600000, 0x000000070b800000|  0%| F|  |TAMS 0x000000070b600000, 0x000000070b600000| Untracked 
|  16|0x000000070b800000, 0x000000070b800000, 0x000000070ba00000|  0%| F|  |TAMS 0x000000070b800000, 0x000000070b800000| Untracked 
|  17|0x000000070ba00000, 0x000000070ba00000, 0x000000070bc00000|  0%| F|  |TAMS 0x000000070ba00000, 0x000000070ba00000| Untracked 
|  18|0x000000070bc00000, 0x000000070bc00000, 0x000000070be00000|  0%| F|  |TAMS 0x000000070bc00000, 0x000000070bc00000| Untracked 
|  19|0x000000070be00000, 0x000000070be00000, 0x000000070c000000|  0%| F|  |TAMS 0x000000070be00000, 0x000000070be00000| Untracked 
|  20|0x000000070c000000, 0x000000070c000000, 0x000000070c200000|  0%| F|  |TAMS 0x000000070c000000, 0x000000070c000000| Untracked 
|  21|0x000000070c200000, 0x000000070c200000, 0x000000070c400000|  0%| F|  |TAMS 0x000000070c200000, 0x000000070c200000| Untracked 
|  22|0x000000070c400000, 0x000000070c400000, 0x000000070c600000|  0%| F|  |TAMS 0x000000070c400000, 0x000000070c400000| Untracked 
|  23|0x000000070c600000, 0x000000070c600000, 0x000000070c800000|  0%| F|  |TAMS 0x000000070c600000, 0x000000070c600000| Untracked 
|  24|0x000000070c800000, 0x000000070c800000, 0x000000070ca00000|  0%| F|  |TAMS 0x000000070c800000, 0x000000070c800000| Untracked 
|  25|0x000000070ca00000, 0x000000070ca00000, 0x000000070cc00000|  0%| F|  |TAMS 0x000000070ca00000, 0x000000070ca00000| Untracked 
|  26|0x000000070cc00000, 0x000000070cc00000, 0x000000070ce00000|  0%| F|  |TAMS 0x000000070cc00000, 0x000000070cc00000| Untracked 
|  27|0x000000070ce00000, 0x000000070ce00000, 0x000000070d000000|  0%| F|  |TAMS 0x000000070ce00000, 0x000000070ce00000| Untracked 
|  28|0x000000070d000000, 0x000000070d000000, 0x000000070d200000|  0%| F|  |TAMS 0x000000070d000000, 0x000000070d000000| Untracked 
|  29|0x000000070d200000, 0x000000070d200000, 0x000000070d400000|  0%| F|  |TAMS 0x000000070d200000, 0x000000070d200000| Untracked 
|  30|0x000000070d400000, 0x000000070d400000, 0x000000070d600000|  0%| F|  |TAMS 0x000000070d400000, 0x000000070d400000| Untracked 
|  31|0x000000070d600000, 0x000000070d600000, 0x000000070d800000|  0%| F|  |TAMS 0x000000070d600000, 0x000000070d600000| Untracked 
|  32|0x000000070d800000, 0x000000070d800000, 0x000000070da00000|  0%| F|  |TAMS 0x000000070d800000, 0x000000070d800000| Untracked 
|  33|0x000000070da00000, 0x000000070da00000, 0x000000070dc00000|  0%| F|  |TAMS 0x000000070da00000, 0x000000070da00000| Untracked 
|  34|0x000000070dc00000, 0x000000070de00000, 0x000000070de00000|100%| O|  |TAMS 0x000000070dc00000, 0x000000070de00000| Untracked 
|  35|0x000000070de00000, 0x000000070df01400, 0x000000070e000000| 50%| O|  |TAMS 0x000000070de00000, 0x000000070df01400| Untracked 
|  36|0x000000070e000000, 0x000000070e000000, 0x000000070e200000|  0%| F|  |TAMS 0x000000070e000000, 0x000000070e000000| Untracked 
|  37|0x000000070e200000, 0x000000070e200000, 0x000000070e400000|  0%| F|  |TAMS 0x000000070e200000, 0x000000070e200000| Untracked 
|  38|0x000000070e400000, 0x000000070e400000, 0x000000070e600000|  0%| F|  |TAMS 0x000000070e400000, 0x000000070e400000| Untracked 
|  39|0x000000070e600000, 0x000000070e600000, 0x000000070e800000|  0%| F|  |TAMS 0x000000070e600000, 0x000000070e600000| Untracked 
|  40|0x000000070e800000, 0x000000070e800000, 0x000000070ea00000|  0%| F|  |TAMS 0x000000070e800000, 0x000000070e800000| Untracked 
|  41|0x000000070ea00000, 0x000000070ea00000, 0x000000070ec00000|  0%| F|  |TAMS 0x000000070ea00000, 0x000000070ea00000| Untracked 
|  42|0x000000070ec00000, 0x000000070ec00000, 0x000000070ee00000|  0%| F|  |TAMS 0x000000070ec00000, 0x000000070ec00000| Untracked 
|  43|0x000000070ee00000, 0x000000070ee00000, 0x000000070f000000|  0%| F|  |TAMS 0x000000070ee00000, 0x000000070ee00000| Untracked 
|  44|0x000000070f000000, 0x000000070f000000, 0x000000070f200000|  0%| F|  |TAMS 0x000000070f000000, 0x000000070f000000| Untracked 
|  45|0x000000070f200000, 0x000000070f200000, 0x000000070f400000|  0%| F|  |TAMS 0x000000070f200000, 0x000000070f200000| Untracked 
|  46|0x000000070f400000, 0x000000070f400000, 0x000000070f600000|  0%| F|  |TAMS 0x000000070f400000, 0x000000070f400000| Untracked 
|  47|0x000000070f600000, 0x000000070f600000, 0x000000070f800000|  0%| F|  |TAMS 0x000000070f600000, 0x000000070f600000| Untracked 
|  48|0x000000070f800000, 0x000000070f800000, 0x000000070fa00000|  0%| F|  |TAMS 0x000000070f800000, 0x000000070f800000| Untracked 
|  49|0x000000070fa00000, 0x000000070fa00000, 0x000000070fc00000|  0%| F|  |TAMS 0x000000070fa00000, 0x000000070fa00000| Untracked 
|  50|0x000000070fc00000, 0x000000070fc00000, 0x000000070fe00000|  0%| F|  |TAMS 0x000000070fc00000, 0x000000070fc00000| Untracked 
|  51|0x000000070fe00000, 0x000000070fe00000, 0x0000000710000000|  0%| F|  |TAMS 0x000000070fe00000, 0x000000070fe00000| Untracked 
|  52|0x0000000710000000, 0x0000000710000000, 0x0000000710200000|  0%| F|  |TAMS 0x0000000710000000, 0x0000000710000000| Untracked 
|  53|0x0000000710200000, 0x0000000710200000, 0x0000000710400000|  0%| F|  |TAMS 0x0000000710200000, 0x0000000710200000| Untracked 
|  54|0x0000000710400000, 0x0000000710600000, 0x0000000710600000|100%|HS|  |TAMS 0x0000000710400000, 0x0000000710600000| Complete 
|  55|0x0000000710600000, 0x0000000710800000, 0x0000000710800000|100%|HC|  |TAMS 0x0000000710600000, 0x0000000710800000| Complete 
|  56|0x0000000710800000, 0x0000000710800000, 0x0000000710a00000|  0%| F|  |TAMS 0x0000000710800000, 0x0000000710800000| Untracked 
|  57|0x0000000710a00000, 0x0000000710a00000, 0x0000000710c00000|  0%| F|  |TAMS 0x0000000710a00000, 0x0000000710a00000| Untracked 
|  58|0x0000000710c00000, 0x0000000710c00000, 0x0000000710e00000|  0%| F|  |TAMS 0x0000000710c00000, 0x0000000710c00000| Untracked 
|  59|0x0000000710e00000, 0x0000000710e00000, 0x0000000711000000|  0%| F|  |TAMS 0x0000000710e00000, 0x0000000710e00000| Untracked 
|  60|0x0000000711000000, 0x0000000711000000, 0x0000000711200000|  0%| F|  |TAMS 0x0000000711000000, 0x0000000711000000| Untracked 
|  61|0x0000000711200000, 0x0000000711200000, 0x0000000711400000|  0%| F|  |TAMS 0x0000000711200000, 0x0000000711200000| Untracked 
|  62|0x0000000711400000, 0x0000000711400000, 0x0000000711600000|  0%| F|  |TAMS 0x0000000711400000, 0x0000000711400000| Untracked 
|  63|0x0000000711600000, 0x0000000711600000, 0x0000000711800000|  0%| F|  |TAMS 0x0000000711600000, 0x0000000711600000| Untracked 
|  64|0x0000000711800000, 0x0000000711800000, 0x0000000711a00000|  0%| F|  |TAMS 0x0000000711800000, 0x0000000711800000| Untracked 
|  65|0x0000000711a00000, 0x0000000711a00000, 0x0000000711c00000|  0%| F|  |TAMS 0x0000000711a00000, 0x0000000711a00000| Untracked 
|  66|0x0000000711c00000, 0x0000000711c00000, 0x0000000711e00000|  0%| F|  |TAMS 0x0000000711c00000, 0x0000000711c00000| Untracked 
|  67|0x0000000711e00000, 0x0000000711e00000, 0x0000000712000000|  0%| F|  |TAMS 0x0000000711e00000, 0x0000000711e00000| Untracked 
|  68|0x0000000712000000, 0x0000000712000000, 0x0000000712200000|  0%| F|  |TAMS 0x0000000712000000, 0x0000000712000000| Untracked 
|  69|0x0000000712200000, 0x0000000712200000, 0x0000000712400000|  0%| F|  |TAMS 0x0000000712200000, 0x0000000712200000| Untracked 
|  70|0x0000000712400000, 0x0000000712400000, 0x0000000712600000|  0%| F|  |TAMS 0x0000000712400000, 0x0000000712400000| Untracked 
|  71|0x0000000712600000, 0x0000000712600000, 0x0000000712800000|  0%| F|  |TAMS 0x0000000712600000, 0x0000000712600000| Untracked 
|  72|0x0000000712800000, 0x0000000712800000, 0x0000000712a00000|  0%| F|  |TAMS 0x0000000712800000, 0x0000000712800000| Untracked 
|  73|0x0000000712a00000, 0x0000000712a00000, 0x0000000712c00000|  0%| F|  |TAMS 0x0000000712a00000, 0x0000000712a00000| Untracked 
|  74|0x0000000712c00000, 0x0000000712c00000, 0x0000000712e00000|  0%| F|  |TAMS 0x0000000712c00000, 0x0000000712c00000| Untracked 
|  75|0x0000000712e00000, 0x0000000712e00000, 0x0000000713000000|  0%| F|  |TAMS 0x0000000712e00000, 0x0000000712e00000| Untracked 
|  76|0x0000000713000000, 0x0000000713000000, 0x0000000713200000|  0%| F|  |TAMS 0x0000000713000000, 0x0000000713000000| Untracked 
|  77|0x0000000713200000, 0x0000000713200000, 0x0000000713400000|  0%| F|  |TAMS 0x0000000713200000, 0x0000000713200000| Untracked 
|  78|0x0000000713400000, 0x0000000713400000, 0x0000000713600000|  0%| F|  |TAMS 0x0000000713400000, 0x0000000713400000| Untracked 
|  79|0x0000000713600000, 0x0000000713600000, 0x0000000713800000|  0%| F|  |TAMS 0x0000000713600000, 0x0000000713600000| Untracked 
|  80|0x0000000713800000, 0x0000000713800000, 0x0000000713a00000|  0%| F|  |TAMS 0x0000000713800000, 0x0000000713800000| Untracked 
|  81|0x0000000713a00000, 0x0000000713bd87a8, 0x0000000713c00000| 92%| S|CS|TAMS 0x0000000713a00000, 0x0000000713a00000| Complete 
|  82|0x0000000713c00000, 0x0000000713e00000, 0x0000000713e00000|100%| S|CS|TAMS 0x0000000713c00000, 0x0000000713c00000| Complete 
|  83|0x0000000713e00000, 0x0000000714000000, 0x0000000714000000|100%| S|CS|TAMS 0x0000000713e00000, 0x0000000713e00000| Complete 
|  84|0x0000000714000000, 0x0000000714200000, 0x0000000714200000|100%| S|CS|TAMS 0x0000000714000000, 0x0000000714000000| Complete 
|  85|0x0000000714200000, 0x0000000714200000, 0x0000000714400000|  0%| F|  |TAMS 0x0000000714200000, 0x0000000714200000| Untracked 
|  86|0x0000000714400000, 0x0000000714400000, 0x0000000714600000|  0%| F|  |TAMS 0x0000000714400000, 0x0000000714400000| Untracked 
|  87|0x0000000714600000, 0x0000000714600000, 0x0000000714800000|  0%| F|  |TAMS 0x0000000714600000, 0x0000000714600000| Untracked 
|  88|0x0000000714800000, 0x0000000714800000, 0x0000000714a00000|  0%| F|  |TAMS 0x0000000714800000, 0x0000000714800000| Untracked 
|  89|0x0000000714a00000, 0x0000000714a00000, 0x0000000714c00000|  0%| F|  |TAMS 0x0000000714a00000, 0x0000000714a00000| Untracked 
|  90|0x0000000714c00000, 0x0000000714c00000, 0x0000000714e00000|  0%| F|  |TAMS 0x0000000714c00000, 0x0000000714c00000| Untracked 
|  91|0x0000000714e00000, 0x0000000714e00000, 0x0000000715000000|  0%| F|  |TAMS 0x0000000714e00000, 0x0000000714e00000| Untracked 
|  92|0x0000000715000000, 0x0000000715000000, 0x0000000715200000|  0%| F|  |TAMS 0x0000000715000000, 0x0000000715000000| Untracked 
|  93|0x0000000715200000, 0x0000000715200000, 0x0000000715400000|  0%| F|  |TAMS 0x0000000715200000, 0x0000000715200000| Untracked 
|  94|0x0000000715400000, 0x0000000715400000, 0x0000000715600000|  0%| F|  |TAMS 0x0000000715400000, 0x0000000715400000| Untracked 
|  95|0x0000000715600000, 0x0000000715600000, 0x0000000715800000|  0%| F|  |TAMS 0x0000000715600000, 0x0000000715600000| Untracked 
|  96|0x0000000715800000, 0x0000000715800000, 0x0000000715a00000|  0%| F|  |TAMS 0x0000000715800000, 0x0000000715800000| Untracked 
|  97|0x0000000715a00000, 0x0000000715a00000, 0x0000000715c00000|  0%| F|  |TAMS 0x0000000715a00000, 0x0000000715a00000| Untracked 
|  98|0x0000000715c00000, 0x0000000715c00000, 0x0000000715e00000|  0%| F|  |TAMS 0x0000000715c00000, 0x0000000715c00000| Untracked 
|  99|0x0000000715e00000, 0x0000000715e00000, 0x0000000716000000|  0%| F|  |TAMS 0x0000000715e00000, 0x0000000715e00000| Untracked 
| 100|0x0000000716000000, 0x0000000716200000, 0x0000000716200000|100%| E|  |TAMS 0x0000000716000000, 0x0000000716000000| Complete 
| 101|0x0000000716200000, 0x0000000716400000, 0x0000000716400000|100%| E|CS|TAMS 0x0000000716200000, 0x0000000716200000| Complete 
| 102|0x0000000716400000, 0x0000000716600000, 0x0000000716600000|100%| E|CS|TAMS 0x0000000716400000, 0x0000000716400000| Complete 
| 103|0x0000000716600000, 0x0000000716800000, 0x0000000716800000|100%| E|CS|TAMS 0x0000000716600000, 0x0000000716600000| Complete 
| 104|0x0000000716800000, 0x0000000716a00000, 0x0000000716a00000|100%| E|CS|TAMS 0x0000000716800000, 0x0000000716800000| Complete 
| 105|0x0000000716a00000, 0x0000000716c00000, 0x0000000716c00000|100%| E|CS|TAMS 0x0000000716a00000, 0x0000000716a00000| Complete 
| 106|0x0000000716c00000, 0x0000000716e00000, 0x0000000716e00000|100%| E|CS|TAMS 0x0000000716c00000, 0x0000000716c00000| Complete 
| 107|0x0000000716e00000, 0x0000000717000000, 0x0000000717000000|100%| E|CS|TAMS 0x0000000716e00000, 0x0000000716e00000| Complete 
| 108|0x0000000717000000, 0x0000000717200000, 0x0000000717200000|100%| E|CS|TAMS 0x0000000717000000, 0x0000000717000000| Complete 
| 109|0x0000000717200000, 0x0000000717400000, 0x0000000717400000|100%| E|CS|TAMS 0x0000000717200000, 0x0000000717200000| Complete 
| 110|0x0000000717400000, 0x0000000717600000, 0x0000000717600000|100%| E|CS|TAMS 0x0000000717400000, 0x0000000717400000| Complete 
| 111|0x0000000717600000, 0x0000000717800000, 0x0000000717800000|100%| E|CS|TAMS 0x0000000717600000, 0x0000000717600000| Complete 
| 112|0x0000000717800000, 0x0000000717a00000, 0x0000000717a00000|100%| E|  |TAMS 0x0000000717800000, 0x0000000717800000| Complete 
| 113|0x0000000717a00000, 0x0000000717c00000, 0x0000000717c00000|100%| E|CS|TAMS 0x0000000717a00000, 0x0000000717a00000| Complete 
| 114|0x0000000717c00000, 0x0000000717e00000, 0x0000000717e00000|100%| E|CS|TAMS 0x0000000717c00000, 0x0000000717c00000| Complete 
| 115|0x0000000717e00000, 0x0000000718000000, 0x0000000718000000|100%| E|CS|TAMS 0x0000000717e00000, 0x0000000717e00000| Complete 
| 116|0x0000000718000000, 0x0000000718200000, 0x0000000718200000|100%| E|CS|TAMS 0x0000000718000000, 0x0000000718000000| Complete 
| 117|0x0000000718200000, 0x0000000718400000, 0x0000000718400000|100%| E|CS|TAMS 0x0000000718200000, 0x0000000718200000| Complete 
| 118|0x0000000718400000, 0x0000000718600000, 0x0000000718600000|100%| E|CS|TAMS 0x0000000718400000, 0x0000000718400000| Complete 
| 119|0x0000000718600000, 0x0000000718800000, 0x0000000718800000|100%| E|CS|TAMS 0x0000000718600000, 0x0000000718600000| Complete 
| 120|0x0000000718800000, 0x0000000718a00000, 0x0000000718a00000|100%| E|CS|TAMS 0x0000000718800000, 0x0000000718800000| Complete 
| 121|0x0000000718a00000, 0x0000000718c00000, 0x0000000718c00000|100%| E|CS|TAMS 0x0000000718a00000, 0x0000000718a00000| Complete 
| 122|0x0000000718c00000, 0x0000000718e00000, 0x0000000718e00000|100%| E|CS|TAMS 0x0000000718c00000, 0x0000000718c00000| Complete 
| 123|0x0000000718e00000, 0x0000000719000000, 0x0000000719000000|100%| E|CS|TAMS 0x0000000718e00000, 0x0000000718e00000| Complete 

Card table byte_map: [0x000001c2b7b50000,0x000001c2b8310000] _byte_map_base: 0x000001c2b4304000

Marking Bits (Prev, Next): (CMBitMap*) 0x000001c2a0311e80, (CMBitMap*) 0x000001c2a0311ec0
 Prev Bits: [0x000001c2b8ad0000, 0x000001c2bc870000)
 Next Bits: [0x000001c2bc870000, 0x000001c2c0610000)

Polling page: 0x000001c29e050000

Metaspace:

Usage:
  Non-class:     11.11 MB used.
      Class:      1.04 MB used.
       Both:     12.16 MB used.

Virtual space:
  Non-class space:       16.00 MB reserved,      11.19 MB ( 70%) committed,  2 nodes.
      Class space:        1.00 GB reserved,       1.19 MB ( <1%) committed,  1 nodes.
             Both:        1.02 GB reserved,      12.38 MB (  1%) committed. 

Chunk freelists:
   Non-Class:  448.00 KB
       Class:  2.68 MB
        Both:  3.12 MB

MaxMetaspaceSize: unlimited
CompressedClassSpaceSize: 1.00 GB
Initial GC threshold: 21.00 MB
Current GC threshold: 21.00 MB
CDS: on
MetaspaceReclaimPolicy: balanced
 - commit_granule_bytes: 65536.
 - commit_granule_words: 8192.
 - virtual_space_node_default_size: 1048576.
 - enlarge_chunks_in_place: 1.
 - new_chunks_are_fully_committed: 0.
 - uncommit_free_chunks: 1.
 - use_allocation_guard: 0.
 - handle_deallocations: 1.


Internal statistics:

num_allocs_failed_limit: 0.
num_arena_births: 212.
num_arena_deaths: 0.
num_vsnodes_births: 3.
num_vsnodes_deaths: 0.
num_space_committed: 196.
num_space_uncommitted: 0.
num_chunks_returned_to_freelist: 0.
num_chunks_taken_from_freelist: 625.
num_chunk_merges: 0.
num_chunk_splits: 403.
num_chunks_enlarged: 280.
num_purges: 0.
num_inconsistent_stats: 0.

CodeHeap 'non-profiled nmethods': size=119168Kb used=4254Kb max_used=4254Kb free=114913Kb
 bounds [0x000001c2af6b0000, 0x000001c2afae0000, 0x000001c2b6b10000]
CodeHeap 'profiled nmethods': size=119104Kb used=7439Kb max_used=7439Kb free=111664Kb
 bounds [0x000001c2a7b10000, 0x000001c2a8260000, 0x000001c2aef60000]
CodeHeap 'non-nmethods': size=7488Kb used=1664Kb max_used=3373Kb free=5823Kb
 bounds [0x000001c2aef60000, 0x000001c2af2b0000, 0x000001c2af6b0000]
 total_blobs=5085 nmethods=3977 adapters=1020
 compilation: enabled
              stopped_count=0, restarted_count=0
 full_count=0

Compilation events (20 events):
Event: 234.652 Thread 0x000001c2c35d86f0 4629 %     4       com.badlogic.gdx.graphics.g2d.BitmapFont::load @ 43 (128 bytes)
Event: 234.665 Thread 0x000001c2c35d86f0 nmethod 4629% 0x000001c2afad5410 code [0x000001c2afad55e0, 0x000001c2afad5ba8]
Event: 234.668 Thread 0x000001c2c35d86f0 4630       4       java.io.FilterInputStream::read (11 bytes)
Event: 234.679 Thread 0x000001c2c35d86f0 nmethod 4630 0x000001c2afad6110 code [0x000001c2afad6300, 0x000001c2afad6e08]
Event: 234.680 Thread 0x000001c2c35d95a0 4631       3       java.util.ArrayList::subList (20 bytes)
Event: 234.680 Thread 0x000001c2c35d95a0 nmethod 4631 0x000001c2a8252810 code [0x000001c2a82529e0, 0x000001c2a8252da8]
Event: 234.681 Thread 0x000001c2c35d95a0 4632       3       com.badlogic.gdx.scenes.scene2d.ui.Table::<init> (104 bytes)
Event: 234.682 Thread 0x000001c2c35d95a0 nmethod 4632 0x000001c2a8252f10 code [0x000001c2a82531a0, 0x000001c2a82543a8]
Event: 234.682 Thread 0x000001c2c35d95a0 4633       3       com.badlogic.gdx.scenes.scene2d.ui.WidgetGroup::<init> (15 bytes)
Event: 234.683 Thread 0x000001c2c35d95a0 nmethod 4633 0x000001c2a8254790 code [0x000001c2a8254920, 0x000001c2a8254a68]
Event: 234.683 Thread 0x000001c2c35d95a0 4634       3       com.badlogic.gdx.scenes.scene2d.utils.ClickListener::<init> (40 bytes)
Event: 234.683 Thread 0x000001c2c35d95a0 nmethod 4634 0x000001c2a8254b10 code [0x000001c2a8254cc0, 0x000001c2a8254eb8]
Event: 234.686 Thread 0x000001c2c35d86f0 4635       4       java.lang.AbstractStringBuilder::isLatin1 (19 bytes)
Event: 234.687 Thread 0x000001c2c35d86f0 nmethod 4635 0x000001c2afad7510 code [0x000001c2afad7680, 0x000001c2afad7718]
Event: 234.697 Thread 0x000001c2c35d86f0 4636       4       java.util.regex.Pattern::has (15 bytes)
Event: 234.697 Thread 0x000001c2c35d86f0 nmethod 4636 0x000001c2afad7810 code [0x000001c2afad7980, 0x000001c2afad7a18]
Event: 234.704 Thread 0x000001c2c35d95a0 4637       3       java.util.zip.ZipFile$ZipFileInflaterInputStream::available (44 bytes)
Event: 234.704 Thread 0x000001c2c35d95a0 nmethod 4637 0x000001c2a8254f90 code [0x000001c2a8255160, 0x000001c2a82554e8]
Event: 234.704 Thread 0x000001c2c35d95a0 4638   !   3       java.util.zip.Inflater::getBytesWritten (23 bytes)
Event: 234.704 Thread 0x000001c2c35d95a0 nmethod 4638 0x000001c2a8255610 code [0x000001c2a82557c0, 0x000001c2a82559e8]

GC Heap History (20 events):
Event: 18.911 GC heap before
{Heap before GC invocations=1 (full 0):
 garbage-first heap   total 253952K, used 103980K [0x0000000709800000, 0x0000000800000000)
  region size 2048K, 18 young (36864K), 2 survivors (4096K)
 Metaspace       used 8692K, committed 8832K, reserved 1064960K
  class space    used 692K, committed 768K, reserved 1048576K
}
Event: 18.917 GC heap after
{Heap after GC invocations=2 (full 0):
 garbage-first heap   total 253952K, used 4612K [0x0000000709800000, 0x0000000800000000)
  region size 2048K, 1 young (2048K), 1 survivors (2048K)
 Metaspace       used 8692K, committed 8832K, reserved 1064960K
  class space    used 692K, committed 768K, reserved 1048576K
}
Event: 36.944 GC heap before
{Heap before GC invocations=2 (full 0):
 garbage-first heap   total 253952K, used 154116K [0x0000000709800000, 0x0000000800000000)
  region size 2048K, 74 young (151552K), 1 survivors (2048K)
 Metaspace       used 8709K, committed 8832K, reserved 1064960K
  class space    used 693K, committed 768K, reserved 1048576K
}
Event: 36.946 GC heap after
{Heap after GC invocations=3 (full 0):
 garbage-first heap   total 253952K, used 5377K [0x0000000709800000, 0x0000000800000000)
  region size 2048K, 2 young (4096K), 2 survivors (4096K)
 Metaspace       used 8709K, committed 8832K, reserved 1064960K
  class space    used 693K, committed 768K, reserved 1048576K
}
Event: 55.368 GC heap before
{Heap before GC invocations=3 (full 0):
 garbage-first heap   total 253952K, used 232705K [0x0000000709800000, 0x0000000800000000)
  region size 2048K, 63 young (129024K), 2 survivors (4096K)
 Metaspace       used 9152K, committed 9344K, reserved 1064960K
  class space    used 737K, committed 832K, reserved 1048576K
}
Event: 55.373 GC heap after
{Heap after GC invocations=4 (full 0):
 garbage-first heap   total 253952K, used 13594K [0x0000000709800000, 0x0000000800000000)
  region size 2048K, 4 young (8192K), 4 survivors (8192K)
 Metaspace       used 9152K, committed 9344K, reserved 1064960K
  class space    used 737K, committed 832K, reserved 1048576K
}
Event: 57.685 GC heap before
{Heap before GC invocations=4 (full 0):
 garbage-first heap   total 253952K, used 167194K [0x0000000709800000, 0x0000000800000000)
  region size 2048K, 29 young (59392K), 4 survivors (8192K)
 Metaspace       used 10229K, committed 10368K, reserved 1064960K
  class space    used 851K, committed 896K, reserved 1048576K
}
Event: 57.689 GC heap after
{Heap after GC invocations=5 (full 0):
 garbage-first heap   total 253952K, used 10234K [0x0000000709800000, 0x0000000800000000)
  region size 2048K, 4 young (8192K), 4 survivors (8192K)
 Metaspace       used 10229K, committed 10368K, reserved 1064960K
  class space    used 851K, committed 896K, reserved 1048576K
}
Event: 143.799 GC heap before
{Heap before GC invocations=5 (full 0):
 garbage-first heap   total 253952K, used 217082K [0x0000000709800000, 0x0000000800000000)
  region size 2048K, 55 young (112640K), 4 survivors (8192K)
 Metaspace       used 12028K, committed 12224K, reserved 1064960K
  class space    used 1053K, committed 1152K, reserved 1048576K
}
Event: 143.803 GC heap after
{Heap after GC invocations=6 (full 0):
 garbage-first heap   total 253952K, used 16712K [0x0000000709800000, 0x0000000800000000)
  region size 2048K, 4 young (8192K), 4 survivors (8192K)
 Metaspace       used 12028K, committed 12224K, reserved 1064960K
  class space    used 1053K, committed 1152K, reserved 1048576K
}
Event: 144.550 GC heap before
{Heap before GC invocations=6 (full 0):
 garbage-first heap   total 253952K, used 129352K [0x0000000709800000, 0x0000000800000000)
  region size 2048K, 10 young (20480K), 4 survivors (8192K)
 Metaspace       used 12033K, committed 12224K, reserved 1064960K
  class space    used 1053K, committed 1152K, reserved 1048576K
}
Event: 144.554 GC heap after
{Heap after GC invocations=7 (full 0):
 garbage-first heap   total 253952K, used 12527K [0x0000000709800000, 0x0000000800000000)
  region size 2048K, 4 young (8192K), 4 survivors (8192K)
 Metaspace       used 12033K, committed 12224K, reserved 1064960K
  class space    used 1053K, committed 1152K, reserved 1048576K
}
Event: 178.111 GC heap before
{Heap before GC invocations=7 (full 0):
 garbage-first heap   total 253952K, used 202991K [0x0000000709800000, 0x0000000800000000)
  region size 2048K, 46 young (94208K), 4 survivors (8192K)
 Metaspace       used 12161K, committed 12352K, reserved 1064960K
  class space    used 1057K, committed 1152K, reserved 1048576K
}
Event: 178.119 GC heap after
{Heap after GC invocations=8 (full 0):
 garbage-first heap   total 253952K, used 8235K [0x0000000709800000, 0x0000000800000000)
  region size 2048K, 3 young (6144K), 3 survivors (6144K)
 Metaspace       used 12161K, committed 12352K, reserved 1064960K
  class space    used 1057K, committed 1152K, reserved 1048576K
}
Event: 190.390 GC heap before
{Heap before GC invocations=8 (full 0):
 garbage-first heap   total 253952K, used 167979K [0x0000000709800000, 0x0000000800000000)
  region size 2048K, 30 young (61440K), 3 survivors (6144K)
 Metaspace       used 12277K, committed 12544K, reserved 1064960K
  class space    used 1064K, committed 1216K, reserved 1048576K
}
Event: 190.395 GC heap after
{Heap after GC invocations=9 (full 0):
 garbage-first heap   total 253952K, used 14848K [0x0000000709800000, 0x0000000800000000)
  region size 2048K, 4 young (8192K), 4 survivors (8192K)
 Metaspace       used 12277K, committed 12544K, reserved 1064960K
  class space    used 1064K, committed 1216K, reserved 1048576K
}
Event: 191.145 GC heap before
{Heap before GC invocations=9 (full 0):
 garbage-first heap   total 253952K, used 127488K [0x0000000709800000, 0x0000000800000000)
  region size 2048K, 9 young (18432K), 4 survivors (8192K)
 Metaspace       used 12279K, committed 12544K, reserved 1064960K
  class space    used 1064K, committed 1216K, reserved 1048576K
}
Event: 191.150 GC heap after
{Heap after GC invocations=10 (full 0):
 garbage-first heap   total 253952K, used 16928K [0x0000000709800000, 0x0000000800000000)
  region size 2048K, 4 young (8192K), 4 survivors (8192K)
 Metaspace       used 12279K, committed 12544K, reserved 1064960K
  class space    used 1064K, committed 1216K, reserved 1048576K
}
Event: 193.441 GC heap before
{Heap before GC invocations=10 (full 0):
 garbage-first heap   total 253952K, used 188960K [0x0000000709800000, 0x0000000800000000)
  region size 2048K, 39 young (79872K), 4 survivors (8192K)
 Metaspace       used 12319K, committed 12608K, reserved 1064960K
  class space    used 1064K, committed 1216K, reserved 1048576K
}
Event: 193.446 GC heap after
{Heap after GC invocations=11 (full 0):
 garbage-first heap   total 253952K, used 15206K [0x0000000709800000, 0x0000000800000000)
  region size 2048K, 4 young (8192K), 4 survivors (8192K)
 Metaspace       used 12319K, committed 12608K, reserved 1064960K
  class space    used 1064K, committed 1216K, reserved 1048576K
}

Deoptimization events (20 events):
Event: 191.512 Thread 0x000001c2a029ed00 DEOPT PACKING pc=0x000001c2a7fbf7e2 sp=0x000000a6059fedf0
Event: 191.512 Thread 0x000001c2a029ed00 DEOPT UNPACKING pc=0x000001c2aefb2b43 sp=0x000000a6059fe360 mode 0
Event: 191.512 Thread 0x000001c2a029ed00 DEOPT PACKING pc=0x000001c2a7fbf7e2 sp=0x000000a6059fedf0
Event: 191.512 Thread 0x000001c2a029ed00 DEOPT UNPACKING pc=0x000001c2aefb2b43 sp=0x000000a6059fe360 mode 0
Event: 199.387 Thread 0x000001c2a029ed00 Uncommon trap: trap_request=0xffffff45 fr.pc=0x000001c2afa20998 relative=0x00000000000006d8
Event: 199.387 Thread 0x000001c2a029ed00 Uncommon trap: reason=unstable_if action=reinterpret pc=0x000001c2afa20998 method=sun.security.provider.SHA2.implReset()V @ 8 c2
Event: 199.387 Thread 0x000001c2a029ed00 DEOPT PACKING pc=0x000001c2afa20998 sp=0x000000a6059feca0
Event: 199.387 Thread 0x000001c2a029ed00 DEOPT UNPACKING pc=0x000001c2aefb23a3 sp=0x000000a6059feb98 mode 2
Event: 211.483 Thread 0x000001c2a029ed00 Uncommon trap: trap_request=0xffffff45 fr.pc=0x000001c2afa0aa34 relative=0x0000000000001874
Event: 211.484 Thread 0x000001c2a029ed00 Uncommon trap: reason=unstable_if action=reinterpret pc=0x000001c2afa0aa34 method=com.badlogic.gdx.utils.ComparableTimSort.doSort([Ljava/lang/Object;II)V @ 28 c2
Event: 211.484 Thread 0x000001c2a029ed00 DEOPT PACKING pc=0x000001c2afa0aa34 sp=0x000000a6059ff580
Event: 211.484 Thread 0x000001c2a029ed00 DEOPT UNPACKING pc=0x000001c2aefb23a3 sp=0x000000a6059ff3e0 mode 2
Event: 212.483 Thread 0x000001c2a029ed00 Uncommon trap: trap_request=0xffffff45 fr.pc=0x000001c2afa0875c relative=0x000000000000067c
Event: 212.483 Thread 0x000001c2a029ed00 Uncommon trap: reason=unstable_if action=reinterpret pc=0x000001c2afa0875c method=com.badlogic.gdx.utils.ComparableTimSort.countRunAndMakeAscending([Ljava/lang/Object;II)I @ 6 c2
Event: 212.483 Thread 0x000001c2a029ed00 DEOPT PACKING pc=0x000001c2afa0875c sp=0x000000a6059ff410
Event: 212.483 Thread 0x000001c2a029ed00 DEOPT UNPACKING pc=0x000001c2aefb23a3 sp=0x000000a6059ff3c8 mode 2
Event: 225.614 Thread 0x000001c2a029ed00 Uncommon trap: trap_request=0xffffffde fr.pc=0x000001c2af825e68 relative=0x00000000000017c8
Event: 225.614 Thread 0x000001c2a029ed00 Uncommon trap: reason=class_check action=maybe_recompile pc=0x000001c2af825e68 method=com.csse3200.game.components.tasks.MobWanderTask.update()V @ 70 c2
Event: 225.614 Thread 0x000001c2a029ed00 DEOPT PACKING pc=0x000001c2af825e68 sp=0x000000a6059ff4f0
Event: 225.614 Thread 0x000001c2a029ed00 DEOPT UNPACKING pc=0x000001c2aefb23a3 sp=0x000000a6059ff4d0 mode 2

Classes unloaded (0 events):
No events

Classes redefined (0 events):
No events

Internal exceptions (20 events):
Event: 1.123 Thread 0x000001c2a029ed00 Exception <a 'sun/nio/fs/WindowsException'{0x0000000718336b00}> (0x0000000718336b00) 
thrown [s\open\src\hotspot\share\prims\jni.cpp, line 516]
Event: 1.127 Thread 0x000001c2a029ed00 Exception <a 'sun/nio/fs/WindowsException'{0x0000000718347008}> (0x0000000718347008) 
thrown [s\open\src\hotspot\share\prims\jni.cpp, line 516]
Event: 1.127 Thread 0x000001c2a029ed00 Exception <a 'sun/nio/fs/WindowsException'{0x00000007183472e8}> (0x00000007183472e8) 
thrown [s\open\src\hotspot\share\prims\jni.cpp, line 516]
Event: 1.412 Thread 0x000001c2a029ed00 Exception <a 'java/lang/ClassNotFoundException'{0x0000000717e76910}: sun/util/logging/resources/spi/loggingProvider> (0x0000000717e76910) 
thrown [s\open\src\hotspot\share\classfile\systemDictionary.cpp, line 256]
Event: 1.445 Thread 0x000001c2a029ed00 Exception <a 'java/io/FileNotFoundException'{0x0000000717efc6e8}> (0x0000000717efc6e8) 
thrown [s\open\src\hotspot\share\prims\jni.cpp, line 516]
Event: 1.485 Thread 0x000001c2a029ed00 Exception <a 'java/lang/NoSuchMethodError'{0x0000000717f4f358}: 'int java.lang.invoke.DirectMethodHandle$Holder.invokeVirtual(java.lang.Object, java.lang.Object)'> (0x0000000717f4f358) 
thrown [s\open\src\hotspot\share\interpreter\linkResolver.cpp, line 759]
Event: 1.487 Thread 0x000001c2a029ed00 Exception <a 'java/lang/NoSuchMethodError'{0x0000000717f599c0}: 'java.lang.Object java.lang.invoke.Invokers$Holder.invokeExact_MT(java.lang.Object, java.lang.Object, java.lang.Object, java.lang.Object, java.lang.Object, java.lang.Object)'> (0x0000000717f599c0) 
thrown [s\open\src\hotspot\share\interpreter\linkResolver.cpp, line 759]
Event: 10.023 Thread 0x000001c2a029ed00 Implicit null exception at 0x000001c2af75392c to 0x000001c2af753ba8
Event: 46.645 Thread 0x000001c2a029ed00 Implicit null exception at 0x000001c2af80f549 to 0x000001c2af81126c
Event: 54.263 Thread 0x000001c2a029ed00 Exception <a 'java/lang/NoSuchMethodError'{0x0000000712b4bbe0}: 'void java.lang.invoke.DirectMethodHandle$Holder.invokeStatic(java.lang.Object, java.lang.Object, java.lang.Object)'> (0x0000000712b4bbe0) 
thrown [s\open\src\hotspot\share\interpreter\linkResolver.cpp, line 759]
Event: 54.280 Thread 0x000001c2a0288370 Implicit null exception at 0x000001c2af7b9adf to 0x000001c2af7b9b9c
Event: 56.068 Thread 0x000001c2a029ed00 Exception <a 'java/lang/NoSuchMethodError'{0x0000000717e3ba20}: 'java.lang.Object java.lang.invoke.DirectMethodHandle$Holder.invokeStaticInit(java.lang.Object, int, int, int, int)'> (0x0000000717e3ba20) 
thrown [s\open\src\hotspot\share\interpreter\linkResolver.cpp, line 759]
Event: 58.692 Thread 0x000001c2a029ed00 Exception <a 'java/lang/NoSuchMethodError'{0x0000000716f65330}: 'int java.lang.invoke.DirectMethodHandle$Holder.invokeInterface(java.lang.Object, java.lang.Object)'> (0x0000000716f65330) 
thrown [s\open\src\hotspot\share\interpreter\linkResolver.cpp, line 759]
Event: 62.738 Thread 0x000001c2a029ed00 Exception <a 'java/lang/NoSuchMethodError'{0x0000000716cd5288}: 'void java.lang.invoke.DirectMethodHandle$Holder.invokeVirtual(java.lang.Object, java.lang.Object, java.lang.Object, int)'> (0x0000000716cd5288) 
thrown [s\open\src\hotspot\share\interpreter\linkResolver.cpp, line 759]
Event: 62.740 Thread 0x000001c2a029ed00 Exception <a 'java/lang/NoSuchMethodError'{0x0000000716cdcda8}: 'void java.lang.invoke.DirectMethodHandle$Holder.invokeVirtual(java.lang.Object, java.lang.Object)'> (0x0000000716cdcda8) 
thrown [s\open\src\hotspot\share\interpreter\linkResolver.cpp, line 759]
Event: 62.750 Thread 0x000001c2a029ed00 Exception <a 'java/lang/NoSuchMethodError'{0x0000000716d0ca78}: 'void java.lang.invoke.DirectMethodHandle$Holder.invokeSpecial(java.lang.Object, java.lang.Object, int)'> (0x0000000716d0ca78) 
thrown [s\open\src\hotspot\share\interpreter\linkResolver.cpp, line 759]
Event: 63.707 Thread 0x000001c2a029ed00 Exception <a 'java/lang/NoSuchMethodError'{0x0000000716db7918}: 'void java.lang.invoke.DirectMethodHandle$Holder.invokeVirtual(java.lang.Object, java.lang.Object, java.lang.Object, java.lang.Object)'> (0x0000000716db7918) 
thrown [s\open\src\hotspot\share\interpreter\linkResolver.cpp, line 759]
Event: 68.816 Thread 0x000001c2a029ed00 Exception <a 'java/lang/NoSuchMethodError'{0x000000071688adc0}: 'java.lang.Object java.lang.invoke.DirectMethodHandle$Holder.invokeStaticInit(java.lang.Object, java.lang.Object, int, int, int, int)'> (0x000000071688adc0) 
thrown [s\open\src\hotspot\share\interpreter\linkResolver.cpp, line 759]
Event: 69.349 Thread 0x000001c2a029ed00 Exception <a 'java/lang/NoSuchMethodError'{0x00000007166043c0}: 'void java.lang.invoke.DirectMethodHandle$Holder.invokeStatic(java.lang.Object, java.lang.Object, java.lang.Object, java.lang.Object)'> (0x00000007166043c0) 
thrown [s\open\src\hotspot\share\interpreter\linkResolver.cpp, line 759]
Event: 199.387 Thread 0x000001c2a029ed00 Implicit null exception at 0x000001c2afa2038e to 0x000001c2afa2096c

VM Operations (20 events):
Event: 210.454 Executing VM operation: Cleanup
Event: 210.454 Executing VM operation: Cleanup done
Event: 212.455 Executing VM operation: Cleanup
Event: 212.455 Executing VM operation: Cleanup done
Event: 214.456 Executing VM operation: Cleanup
Event: 214.456 Executing VM operation: Cleanup done
Event: 217.457 Executing VM operation: Cleanup
Event: 217.457 Executing VM operation: Cleanup done
Event: 219.458 Executing VM operation: Cleanup
Event: 219.458 Executing VM operation: Cleanup done
Event: 222.459 Executing VM operation: Cleanup
Event: 222.459 Executing VM operation: Cleanup done
Event: 224.460 Executing VM operation: Cleanup
Event: 224.460 Executing VM operation: Cleanup done
Event: 227.462 Executing VM operation: Cleanup
Event: 227.462 Executing VM operation: Cleanup done
Event: 230.463 Executing VM operation: Cleanup
Event: 230.463 Executing VM operation: Cleanup done
Event: 232.463 Executing VM operation: Cleanup
Event: 232.464 Executing VM operation: Cleanup done

Events (20 events):
Event: 146.926 Thread 0x000001c2d3fa5a30 Thread added: 0x000001c2d3fa5a30
Event: 147.422 Thread 0x000001c2d3fa5a30 Thread exited: 0x000001c2d3fa5a30
Event: 175.297 Thread 0x000001c2d3fa5520 Thread added: 0x000001c2d3fa5520
Event: 175.903 Thread 0x000001c2d3fa5520 Thread exited: 0x000001c2d3fa5520
Event: 178.802 Thread 0x000001c2d35e3d50 Thread added: 0x000001c2d35e3d50
Event: 183.442 Thread 0x000001c2d35e4bc0 Thread added: 0x000001c2d35e4bc0
Event: 183.764 Thread 0x000001c2c4008ec0 flushing nmethod 0x000001c2a80ead10
Event: 185.426 Thread 0x000001c2d3fa45f0 Thread added: 0x000001c2d3fa45f0
Event: 185.426 Thread 0x000001c2d3fa5010 Thread added: 0x000001c2d3fa5010
Event: 186.079 Thread 0x000001c2d35e8580 Thread added: 0x000001c2d35e8580
Event: 187.035 Thread 0x000001c2d3fa5010 Thread exited: 0x000001c2d3fa5010
Event: 187.155 Thread 0x000001c2d3fa45f0 Thread exited: 0x000001c2d3fa45f0
Event: 189.934 Thread 0x000001c2d35e33b0 Thread added: 0x000001c2d35e33b0
Event: 191.849 Thread 0x000001c2d3fa2ca0 Thread added: 0x000001c2d3fa2ca0
Event: 191.850 Thread 0x000001c2d3fa31b0 Thread added: 0x000001c2d3fa31b0
Event: 192.752 Thread 0x000001c2d3fa31b0 Thread exited: 0x000001c2d3fa31b0
Event: 199.385 Thread 0x000001c2d3fa2ca0 Thread exited: 0x000001c2d3fa2ca0
Event: 231.652 Thread 0x000001c2d35e8a50 Thread added: 0x000001c2d35e8a50
Event: 232.736 Thread 0x000001c2d35e7be0 Thread added: 0x000001c2d35e7be0
Event: 234.522 Thread 0x000001c2d35e7240 Thread added: 0x000001c2d35e7240


Dynamic libraries:
0x00007ff718e10000 - 0x00007ff718e20000 	C:\Program Files\Java\jdk-17\bin\java.exe
0x00007ffebc7f0000 - 0x00007ffebc9e8000 	C:\Windows\SYSTEM32\ntdll.dll
0x00007ffebc5e0000 - 0x00007ffebc69d000 	C:\Windows\System32\KERNEL32.DLL
0x00007ffeba190000 - 0x00007ffeba486000 	C:\Windows\System32\KERNELBASE.dll
0x00007ffeba000000 - 0x00007ffeba100000 	C:\Windows\System32\ucrtbase.dll
0x00007ffeb3290000 - 0x00007ffeb32a8000 	C:\Program Files\Java\jdk-17\bin\jli.dll
0x00007ffeab5b0000 - 0x00007ffeab5cb000 	C:\Program Files\Java\jdk-17\bin\VCRUNTIME140.dll
0x00007ffebb690000 - 0x00007ffebb73e000 	C:\Windows\System32\ADVAPI32.dll
0x00007ffebc080000 - 0x00007ffebc11e000 	C:\Windows\System32\msvcrt.dll
0x00007ffebc120000 - 0x00007ffebc1bc000 	C:\Windows\System32\sechost.dll
0x00007ffebb740000 - 0x00007ffebb866000 	C:\Windows\System32\RPCRT4.dll
0x00007ffebbe30000 - 0x00007ffebbfce000 	C:\Windows\System32\USER32.dll
0x00007ffeb9ed0000 - 0x00007ffeb9ef2000 	C:\Windows\System32\win32u.dll
0x00007ffead0d0000 - 0x00007ffead36a000 	C:\Windows\WinSxS\amd64_microsoft.windows.common-controls_6595b64144ccf1df_6.0.19041.1110_none_60b5254171f9507e\COMCTL32.dll
0x00007ffebb940000 - 0x00007ffebb96c000 	C:\Windows\System32\GDI32.dll
0x00007ffeba690000 - 0x00007ffeba7aa000 	C:\Windows\System32\gdi32full.dll
0x00007ffeba7b0000 - 0x00007ffeba84d000 	C:\Windows\System32\msvcp_win.dll
0x00007ffeaf720000 - 0x00007ffeaf72a000 	C:\Windows\SYSTEM32\VERSION.dll
0x00007ffeba970000 - 0x00007ffeba9a0000 	C:\Windows\System32\IMM32.DLL
0x00007ffeb52b0000 - 0x00007ffeb52bc000 	C:\Program Files\Java\jdk-17\bin\vcruntime140_1.dll
0x00007ffeaac20000 - 0x00007ffeaacae000 	C:\Program Files\Java\jdk-17\bin\msvcp140.dll
0x00007ffe31940000 - 0x00007ffe32517000 	C:\Program Files\Java\jdk-17\bin\server\jvm.dll
0x00007ffebc700000 - 0x00007ffebc708000 	C:\Windows\System32\PSAPI.DLL
0x00007ffea7c60000 - 0x00007ffea7c69000 	C:\Windows\SYSTEM32\WSOCK32.dll
0x00007ffeaf500000 - 0x00007ffeaf527000 	C:\Windows\SYSTEM32\WINMM.dll
0x00007ffebae10000 - 0x00007ffebae7b000 	C:\Windows\System32\WS2_32.dll
0x00007ffeb7f20000 - 0x00007ffeb7f32000 	C:\Windows\SYSTEM32\kernel.appcore.dll
0x00007ffeac410000 - 0x00007ffeac41a000 	C:\Program Files\Java\jdk-17\bin\jimage.dll
0x00007ffeb7bd0000 - 0x00007ffeb7db4000 	C:\Windows\SYSTEM32\DBGHELP.DLL
0x00007ffeab810000 - 0x00007ffeab844000 	C:\Windows\SYSTEM32\dbgcore.DLL
0x00007ffeba100000 - 0x00007ffeba182000 	C:\Windows\System32\bcryptPrimitives.dll
0x00007ffeaab30000 - 0x00007ffeaab55000 	C:\Program Files\Java\jdk-17\bin\java.dll
0x00007ffe7e1c0000 - 0x00007ffe7e297000 	C:\Program Files\Java\jdk-17\bin\jsvml.dll
0x00007ffebaee0000 - 0x00007ffebb625000 	C:\Windows\System32\SHELL32.dll
0x00007ffeb7f60000 - 0x00007ffeb86fb000 	C:\Windows\SYSTEM32\windows.storage.dll
0x00007ffebc280000 - 0x00007ffebc5d4000 	C:\Windows\System32\combase.dll
0x00007ffeb98c0000 - 0x00007ffeb98ee000 	C:\Windows\SYSTEM32\Wldp.dll
0x00007ffebbfd0000 - 0x00007ffebc07d000 	C:\Windows\System32\SHCORE.dll
0x00007ffebb630000 - 0x00007ffebb685000 	C:\Windows\System32\shlwapi.dll
0x00007ffeb9e00000 - 0x00007ffeb9e25000 	C:\Windows\SYSTEM32\profapi.dll
0x00007ffeaac00000 - 0x00007ffeaac19000 	C:\Program Files\Java\jdk-17\bin\net.dll
0x00007ffeb3f20000 - 0x00007ffeb402a000 	C:\Windows\SYSTEM32\WINHTTP.dll
0x0000000180000000 - 0x000000018008c000 	C:\Windows\system32\ASProxy64.dll
0x00007ffebba00000 - 0x00007ffebbb2a000 	C:\Windows\System32\ole32.dll
0x00007ffebb870000 - 0x00007ffebb93d000 	C:\Windows\System32\OLEAUT32.dll
0x00007ffeb92f0000 - 0x00007ffeb932b000 	C:\Windows\SYSTEM32\IPHLPAPI.DLL
0x00007ffeb9600000 - 0x00007ffeb966a000 	C:\Windows\SYSTEM32\MSWSOCK.dll
0x00007ffeb9d80000 - 0x00007ffeb9db2000 	C:\Windows\SYSTEM32\SspiCli.dll
0x00007ffeaab10000 - 0x00007ffeaab26000 	C:\Program Files\Java\jdk-17\bin\nio.dll
0x00007ffeaaaf0000 - 0x00007ffeaab08000 	C:\Program Files\Java\jdk-17\bin\zip.dll
0x00007ffeb7250000 - 0x00007ffeb72ee000 	C:\Windows\system32\uxtheme.dll
0x00007ffeab1d0000 - 0x00007ffeab1e0000 	C:\Program Files\Java\jdk-17\bin\verify.dll
0x00000000756d0000 - 0x00000000756f9000 	C:\Users\isaac\AppData\Local\Temp\libgdxisaac\e787ab0a\gdx64.dll
0x00007ffe790c0000 - 0x00007ffe79135000 	C:\Users\isaac\AppData\Local\Temp\lwjglisaac\3.3.1-build-7\lwjgl.dll
0x00007ffe3cff0000 - 0x00007ffe3d249000 	C:\Users\isaac\AppData\Local\Temp\lwjglisaac\3.3.1-build-7\jemalloc.dll
0x00007ffe7a5a0000 - 0x00007ffe7a601000 	C:\Users\isaac\AppData\Local\Temp\lwjglisaac\3.3.1-build-7\glfw.dll
0x00007ffe78aa0000 - 0x00007ffe78ae5000 	C:\Windows\SYSTEM32\dinput8.dll
0x00007ffe93d60000 - 0x00007ffe93d71000 	C:\Windows\SYSTEM32\xinput1_4.dll
0x00007ffeb9f00000 - 0x00007ffeb9f4e000 	C:\Windows\System32\cfgmgr32.dll
0x00007ffeb9c60000 - 0x00007ffeb9c93000 	C:\Windows\SYSTEM32\DEVOBJ.dll
0x00007ffeb7510000 - 0x00007ffeb753f000 	C:\Windows\SYSTEM32\dwmapi.dll
0x00007ffeaa790000 - 0x00007ffeaa8e2000 	C:\Windows\SYSTEM32\inputhost.dll
0x00007ffeb55d0000 - 0x00007ffeb5725000 	C:\Windows\SYSTEM32\wintypes.dll
0x00007ffeb6d70000 - 0x00007ffeb6e62000 	C:\Windows\SYSTEM32\CoreMessaging.dll
0x00007ffeb7dc0000 - 0x00007ffeb7eb6000 	C:\Windows\SYSTEM32\PROPSYS.dll
0x00007ffeb6690000 - 0x00007ffeb69ee000 	C:\Windows\SYSTEM32\CoreUIComponents.dll
0x00007ffeb9030000 - 0x00007ffeb9063000 	C:\Windows\SYSTEM32\ntmarta.dll
0x00007ffeba850000 - 0x00007ffeba964000 	C:\Windows\System32\MSCTF.dll
0x00007ffe3d7d0000 - 0x00007ffe3d967000 	C:\Users\isaac\AppData\Local\Temp\lwjglisaac\3.3.1-build-7\OpenAL.dll
0x00007ffebc1d0000 - 0x00007ffebc279000 	C:\Windows\System32\clbcatq.dll
0x00007ffeb1860000 - 0x00007ffeb18e5000 	C:\Windows\System32\MMDevApi.dll
0x00007ffeb1930000 - 0x00007ffeb1ab2000 	C:\Windows\SYSTEM32\AUDIOSES.DLL
0x00007ffeb98f0000 - 0x00007ffeb993b000 	C:\Windows\SYSTEM32\powrprof.dll
0x00007ffeb98a0000 - 0x00007ffeb98b2000 	C:\Windows\SYSTEM32\UMPDC.dll
0x00007ffeb74f0000 - 0x00007ffeb7504000 	C:\Windows\SYSTEM32\resourcepolicyclient.dll
0x00007ffe71960000 - 0x00007ffe71a85000 	C:\Windows\SYSTEM32\opengl32.dll
0x00007ffe7f7f0000 - 0x00007ffe7f81c000 	C:\Windows\SYSTEM32\GLU32.dll
0x00007ffeb15a0000 - 0x00007ffeb16a2000 	C:\Windows\System32\AppXDeploymentClient.dll
0x00007ffe7f690000 - 0x00007ffe7f6ba000 	C:\Windows\System32\DriverStore\FileRepository\u0363312.inf_amd64_08fc5018b1b99545\B363211\atig6pxx.dll
0x00007ffe2c370000 - 0x00007ffe2f115000 	C:\Windows\System32\DriverStore\FileRepository\u0363312.inf_amd64_08fc5018b1b99545\B363211\atio6axx.dll
0x00007ffeba9a0000 - 0x00007ffebae0e000 	C:\Windows\System32\SETUPAPI.dll
0x00007ffeba490000 - 0x00007ffeba4b7000 	C:\Windows\System32\bcrypt.dll
0x00007ffeb2b20000 - 0x00007ffeb2b44000 	C:\Windows\SYSTEM32\dxva2.dll
0x00007ffe78810000 - 0x00007ffe7884c000 	C:\Windows\System32\DriverStore\FileRepository\u0363312.inf_amd64_08fc5018b1b99545\B363211\atig6txx.dll
0x00007ffe3ce30000 - 0x00007ffe3cfef000 	C:\Windows\SYSTEM32\atiadlxx.dll
0x00007ffeba4c0000 - 0x00007ffeba527000 	C:\Windows\System32\WINTRUST.dll
0x00007ffeba530000 - 0x00007ffeba68e000 	C:\Windows\System32\CRYPT32.dll
0x00007ffeb9aa0000 - 0x00007ffeb9ab2000 	C:\Windows\SYSTEM32\MSASN1.dll
0x00007ffeb36f0000 - 0x00007ffeb372b000 	C:\Windows\SYSTEM32\dxcore.dll
0x00007ffe77640000 - 0x00007ffe7769d000 	C:\Users\isaac\AppData\Local\Temp\lwjglisaac\3.3.1-build-7\lwjgl_opengl.dll
0x00007ffeaa8f0000 - 0x00007ffeaa9ea000 	C:\Windows\SYSTEM32\textinputframework.dll
0x00007ffe915b0000 - 0x00007ffe91616000 	C:\Windows\system32\Oleacc.dll
0x00007ffeb34d0000 - 0x00007ffeb357e000 	C:\Windows\SYSTEM32\mscms.dll
0x00007ffeb9dc0000 - 0x00007ffeb9dee000 	C:\Windows\SYSTEM32\USERENV.dll
0x00007ffeb34a0000 - 0x00007ffeb34b1000 	C:\Windows\SYSTEM32\ColorAdapterClient.dll
0x00007ffe784c0000 - 0x00007ffe78503000 	C:\Windows\SYSTEM32\icm32.dll
0x00007ffe91200000 - 0x00007ffe914f5000 	C:\Windows\System32\uiautomationcore.dll
0x00007ffeb97f0000 - 0x00007ffeb97fc000 	C:\Windows\SYSTEM32\CRYPTBASE.DLL
0x0000000075670000 - 0x00000000756ca000 	C:\Users\isaac\AppData\Local\Temp\libgdxisaac\888fe1bc\gdx-box2d64.dll
0x00007ffeb9800000 - 0x00007ffeb9818000 	C:\Windows\SYSTEM32\CRYPTSP.dll
0x00007ffeb8f10000 - 0x00007ffeb8f44000 	C:\Windows\system32\rsaenh.dll
0x00007ffebc1c0000 - 0x00007ffebc1c8000 	C:\Windows\System32\NSI.dll
0x00007ffeaf760000 - 0x00007ffeaf777000 	C:\Windows\SYSTEM32\dhcpcsvc6.DLL
0x00007ffeb01b0000 - 0x00007ffeb01cd000 	C:\Windows\SYSTEM32\dhcpcsvc.DLL
0x00007ffeb9330000 - 0x00007ffeb93fa000 	C:\Windows\SYSTEM32\DNSAPI.dll

dbghelp: loaded successfully - version: 4.0.5 - missing functions: none
symbol engine: initialized successfully - sym options: 0x614 - pdb path: .;C:\Program Files\Java\jdk-17\bin;C:\Windows\SYSTEM32;C:\Windows\WinSxS\amd64_microsoft.windows.common-controls_6595b64144ccf1df_6.0.19041.1110_none_60b5254171f9507e;C:\Program Files\Java\jdk-17\bin\server;C:\Users\isaac\AppData\Local\Temp\libgdxisaac\e787ab0a;C:\Users\isaac\AppData\Local\Temp\lwjglisaac\3.3.1-build-7;C:\Windows\System32\DriverStore\FileRepository\u0363312.inf_amd64_08fc5018b1b99545\B363211;C:\Users\isaac\AppData\Local\Temp\libgdxisaac\888fe1bc

VM Arguments:
jvm_args: -XX:+ShowCodeDetailsInExceptionMessages 
java_command: com.csse3200.game.desktop.DesktopLauncher
java_class_path (initial): C:\Users\isaac\OneDrive\Documents\School\University of Queensland\UQ 2023\UQ 2023 Semester 2\CSSE3200\2023-studio-3\source\desktop\bin\main;\csse3200-game-core\bin\default;C:\Users\isaac\OneDrive\Documents\School\University of Queensland\UQ 2023\UQ 2023 Semester 2\CSSE3200\2023-studio-3\source\core\bin\main;C:\Users\isaac\.gradle\caches\modules-2\files-2.1\com.badlogicgames.gdx\gdx-backend-lwjgl3\1.11.0\58a96db4cd349be4292d547856aa1e1c5f065f4e\gdx-backend-lwjgl3-1.11.0.jar;C:\Users\isaac\.gradle\caches\modules-2\files-2.1\com.badlogicgames.gdx\gdx-platform\1.11.0\697fb13eada6d3c6ca648c9788692b0159add126\gdx-platform-1.11.0-natives-desktop.jar;C:\Users\isaac\.gradle\caches\modules-2\files-2.1\com.badlogicgames.gdx\gdx-box2d-platform\1.11.0\62ff9baa1e57a11e0a4428a38c9660bf9f312fdc\gdx-box2d-platform-1.11.0-natives-desktop.jar;C:\Users\isaac\.gradle\caches\modules-2\files-2.1\com.badlogicgames.gdx\gdx-tools\1.11.0\a5d30eafd0f2fbab314efdf6d98ebc27388b7c0a\gdx-tools-1.11.0.jar;C:\Users\isaac\.gradle\caches\modules-2\files-2.1\com.badlogicgames.gdx-controllers\gdx-controllers-desktop\2.2.2\625b3bdbe803e9c4af181b4791202cfcf776d805\gdx-controllers-desktop-2.2.2.jar;C:\Users\isaac\.gradle\caches\modules-2\files-2.1\com.badlogicgames.gdx\gdx-backend-lwjgl\1.11.0\33555a2cf8b4d9db4122b2fe42e7674b343d8b4\gdx-backend-lwjgl-1.11.0.jar;C:\Users\isaac\.gradle\caches\modules-2\files-2.1\com.badlogicgames.gdx\gdx-freetype\1.11.0\a3634ad2e6c56d251268d6ab5c0f66eee2841f2c\gdx-freetype-1.11.0.jar;C:\Users\isaac\.gradle\caches\modules-2\files-2.1\com.badlogicgames.gdx\gdx-backend-headless\1.11.0\3c3d0c951db72891d894df1725d09179fd0bca00\gdx-backend-headless-1.11.0.jar;C:\Users\isaac\.gradle\caches\modules-2\files-2.1\net.dermetfan.libgdx-utils\libgdx-utils-box2d\0.13.4\918d79a20ea3c898cdb3611782c5b2bfa6ec575b\libgdx-utils-box2d-0.13.4.jar;C:\Users\isaac\.gradle\caches\modules-2\files-2.1\com.badlogicgames.gdx\gdx-box2d\1.11.0\ad4facee800dd945d6d6e93dea2936bc135b
Launcher Type: SUN_STANDARD

[Global flags]
     intx CICompilerCount                          = 12                                        {product} {ergonomic}
     uint ConcGCThreads                            = 3                                         {product} {ergonomic}
     uint G1ConcRefinementThreads                  = 13                                        {product} {ergonomic}
   size_t G1HeapRegionSize                         = 2097152                                   {product} {ergonomic}
    uintx GCDrainStackTargetSize                   = 64                                        {product} {ergonomic}
   size_t InitialHeapSize                          = 260046848                                 {product} {ergonomic}
   size_t MarkStackSize                            = 4194304                                   {product} {ergonomic}
   size_t MaxHeapSize                              = 4135583744                                {product} {ergonomic}
   size_t MaxNewSize                               = 2480930816                                {product} {ergonomic}
   size_t MinHeapDeltaBytes                        = 2097152                                   {product} {ergonomic}
   size_t MinHeapSize                              = 8388608                                   {product} {ergonomic}
    uintx NonNMethodCodeHeapSize                   = 7602480                                {pd product} {ergonomic}
    uintx NonProfiledCodeHeapSize                  = 122027880                              {pd product} {ergonomic}
    uintx ProfiledCodeHeapSize                     = 122027880                              {pd product} {ergonomic}
    uintx ReservedCodeCacheSize                    = 251658240                              {pd product} {ergonomic}
     bool SegmentedCodeCache                       = true                                      {product} {ergonomic}
     bool ShowCodeDetailsInExceptionMessages       = true                                   {manageable} {command line}
   size_t SoftMaxHeapSize                          = 4135583744                             {manageable} {ergonomic}
     bool UseCompressedClassPointers               = true                           {product lp64_product} {ergonomic}
     bool UseCompressedOops                        = true                           {product lp64_product} {ergonomic}
     bool UseG1GC                                  = true                                      {product} {ergonomic}
     bool UseLargePagesIndividualAllocation        = false                                  {pd product} {ergonomic}

Logging:
Log output configuration:
 #0: stdout all=warning uptime,level,tags
 #1: stderr all=off uptime,level,tags

Environment Variables:
PATH=C:\Users\isaac\bin;C:\Program Files\Git\mingw64\bin;C:\Program Files\Git\usr\local\bin;C:\Program Files\Git\usr\bin;C:\Program Files\Git\usr\bin;C:\Program Files\Git\mingw64\bin;C:\Program Files\Git\usr\bin;C:\Users\isaac\bin;C:\Program Files\Common Files\Oracle\Java\javapath;C:\Program Files (x86)\Common Files\Oracle\Java\javapath;C:\Windows\system32;C:\Windows;C:\Windows\System32\Wbem;C:\Windows\System32\WindowsPowerShell\v1.0;C:\Windows\System32\OpenSSH;C:\Program Files\Microsoft SQL Server\Client SDK\ODBC\170\Tools\Binn;C:\Program Files (x86)\Microsoft SQL Server\150\Tools\Binn;C:\Program Files\Microsoft SQL Server\150\Tools\Binn;C:\Program Files\Microsoft SQL Server\150\DTS\Binn;C:\Program Files (x86)\Microsoft SQL Server\150\DTS\Binn;C:\Program Files\Azure Data Studio\bin;C:\Program Files\Git\cmd;C:\Program Files\PuTTY;C:\Program Files (x86)\Pololu\USB AVR Programmer v2\bin;C:\Program Files\nodejs;C:\Users\isaac\AppData\Local\Programs\Python\Python310\Scripts;C:\Users\isaac\AppData\Local\Programs\Python\Python310;C:\Users\isaac\AppData\Local\Microsoft\WindowsApps;C:\Users\isaac\AppData\Local\Programs\Microsoft VS Code\bin;C:\Program Files\Azure Data Studio\bin;C:\Users\isaac\AppData\Roaming\npm;C:\Program Files\Git\usr\bin\vendor_perl;C:\Program Files\Git\usr\bin\core_perl
USERNAME=isaac
SHELL=C:\Program Files\Git\usr\bin\bash.exe
DISPLAY=needs-to-be-defined
LANG=en_US.UTF-8
OS=Windows_NT
PROCESSOR_IDENTIFIER=AMD64 Family 23 Model 104 Stepping 1, AuthenticAMD



---------------  S Y S T E M  ---------------

OS:
 Windows 10 , 64 bit Build 19041 (10.0.19041.3393)
OS uptime: 1 days 4:57 hours

CPU: total 16 (initial active 16) (16 cores per cpu, 2 threads per core) family 23 model 104 stepping 1 microcode 0x0, cx8, cmov, fxsr, ht, mmx, 3dnowpref, sse, sse2, sse3, ssse3, sse4a, sse4.1, sse4.2, popcnt, lzcnt, tsc, tscinvbit, avx, avx2, aes, clmul, bmi1, bmi2, adx, sha, fma, vzeroupper, clflush, clflushopt

Memory: 4k page, system-wide physical 15769M (4140M free)
TotalPageFile size 21401M (AvailPageFile size 4873M)
current process WorkingSet (physical memory assigned to process): 1103M, peak: 1311M
current process commit charge ("private bytes"): 1317M, peak: 1523M

vm_info: Java HotSpot(TM) 64-Bit Server VM (17.0.6+9-LTS-190) for windows-amd64 JRE (17.0.6+9-LTS-190), built on Dec  6 2022 15:53:54 by "mach5one" with MS VC++ 17.1 (VS2022)

END.
