#
# A fatal error has been detected by the Java Runtime Environment:
#
#  EXCEPTION_ACCESS_VIOLATION (0xc0000005) at pc=0x00000000503cf46a, pid=22716, tid=11740
#
# JRE version: Java(TM) SE Runtime Environment (17.0.6+9) (build 17.0.6+9-LTS-190)
# Java VM: Java HotSpot(TM) 64-Bit Server VM (17.0.6+9-LTS-190, mixed mode, sharing, tiered, compressed oops, compressed class ptrs, g1 gc, windows-amd64)
# Problematic frame:
# C  [gdx-box2d64.dll+0x1f46a]
#
# No core dump will be written. Minidumps are not enabled by default on client versions of Windows
#
# If you would like to submit a bug report, please visit:
#   https://bugreport.java.com/bugreport/crash.jsp
# The crash happened outside the Java Virtual Machine in native code.
# See problematic frame for where to report the bug.
#

---------------  S U M M A R Y ------------

Command Line: -XX:+ShowCodeDetailsInExceptionMessages com.csse3200.game.desktop.DesktopLauncher

Host: AMD Ryzen 7 5700U with Radeon Graphics         , 16 cores, 15G,  Windows 10 , 64 bit Build 19041 (10.0.19041.3393)
Time: Sat Sep 30 14:50:15 2023 E. Australia Standard Time elapsed time: 10.328440 seconds (0d 0h 0m 10s)

---------------  T H R E A D  ---------------

Current thread (0x000001f90ec7c340):  JavaThread "Timer-0" [_thread_in_native, id=11740, stack(0x00000062e3600000,0x00000062e3700000)]

Stack: [0x00000062e3600000,0x00000062e3700000],  sp=0x00000062e36feef8,  free space=1019k
Native frames: (J=compiled Java code, j=interpreted, Vv=VM code, C=native code)
C  [gdx-box2d64.dll+0x1f46a]

Java frames: (J=compiled Java code, j=interpreted, Vv=VM code)
j  com.badlogic.gdx.physics.box2d.Body.jniCreateFixture(JJFFFZSSS)J+0
j  com.badlogic.gdx.physics.box2d.Body.createFixture(Lcom/badlogic/gdx/physics/box2d/FixtureDef;)Lcom/badlogic/gdx/physics/box2d/Fixture;+49
j  com.csse3200.game.physics.components.ColliderComponent.create()V+54
j  com.csse3200.game.entities.Entity.create()V+55
j  com.csse3200.game.entities.EntityService.register(Lcom/csse3200/game/entities/Entity;)V+20
j  com.csse3200.game.areas.GameArea.spawnEntity(Lcom/csse3200/game/entities/Entity;)V+15
j  com.csse3200.game.areas.GameArea.spawnEntityAt(Lcom/csse3200/game/entities/Entity;Lcom/badlogic/gdx/math/GridPoint2;ZZ)V+80
j  com.csse3200.game.areas.ForestGameArea.spawnWaterQueen()V+70
j  com.csse3200.game.areas.ForestGameArea.spawnWave()V+57
j  com.csse3200.game.areas.ForestGameArea$1.run()V+4
j  java.util.TimerThread.mainLoop()V+221 java.base@17.0.6
j  java.util.TimerThread.run()V+1 java.base@17.0.6
v  ~StubRoutines::call_stub

siginfo: EXCEPTION_ACCESS_VIOLATION (0xc0000005), writing address 0x000001f900000030


Register to memory mapping:

RIP=0x00000000503cf46a gdx-box2d64.dll
RAX=0xffff000100000000 is an unknown value
RBX=0x000001f907e2bda0 points into unknown readable memory: 0x0000003600000002 | 02 00 00 00 36 00 00 00
RCX=0x000001f900000000 points into unknown readable memory: 0x0000001000001000 | 00 10 00 00 10 00 00 00
RDX=0x0000000000000048 is an unknown value
RSP=0x00000062e36feef8 is pointing into the stack for thread: 0x000001f90ec7c340
RBP=0x00000062e36fef70 is pointing into the stack for thread: 0x000001f90ec7c340
RSI=0x000001f900000000 points into unknown readable memory: 0x0000001000001000 | 00 10 00 00 10 00 00 00
RDI=0x000001f97d192550 points into unknown readable memory: 0x000001f97d1ab8e0 | e0 b8 1a 7d f9 01 00 00
R8 =0x000001f907e2bda0 points into unknown readable memory: 0x0000003600000002 | 02 00 00 00 36 00 00 00
R9 =0x000001f908be04a0 points into unknown readable memory: 0x00000000503f5600 | 00 56 3f 50 00 00 00 00
R10=0x000001f967c9d5f2 is at code_begin+946 in an Interpreter codelet
method entry point (kind = native)  [0x000001f967c9d240, 0x000001f967c9dbc0]  2432 bytes
R11=0x0000000000000102 is an unknown value
R12=0x0 is NULL
R13={method} {0x000001f9082293f8} 'jniCreateFixture' '(JJFFFZSSS)J' in 'com/badlogic/gdx/physics/box2d/Body'
R14=0x00000062e36ff0f8 is pointing into the stack for thread: 0x000001f90ec7c340
R15=0x000001f90ec7c340 is a thread


Registers:
RAX=0xffff000100000000, RBX=0x000001f907e2bda0, RCX=0x000001f900000000, RDX=0x0000000000000048
RSP=0x00000062e36feef8, RBP=0x00000062e36fef70, RSI=0x000001f900000000, RDI=0x000001f97d192550
R8 =0x000001f907e2bda0, R9 =0x000001f908be04a0, R10=0x000001f967c9d5f2, R11=0x0000000000000102
R12=0x0000000000000000, R13=0x000001f9082293f0, R14=0x00000062e36ff0f8, R15=0x000001f90ec7c340
RIP=0x00000000503cf46a, EFLAGS=0x0000000000010206

Top of Stack: (sp=0x00000062e36feef8)
0x00000062e36feef8:   00000000503ce3ac 0000000000000000
0x00000062e36fef08:   af071404aba62d7d 0000000000000000
0x00000062e36fef18:   00000062e36fef18 000001f97c96d518
0x00000062e36fef28:   000001f9082293f0 0000000000000120
0x00000062e36fef38:   000000000000118a 00000062e36ff080
0x00000062e36fef48:   00000000503d464d 0000000000000000
0x00000062e36fef58:   00000062e36fef70 00000062e36fefd0
0x00000062e36fef68:   000001f967c99612 000001f908be04a0
0x00000062e36fef78:   0000000000000000 000000003e4ccccd
0x00000062e36fef88:   0001000000000000 000001f90000ffff
0x00000062e36fef98:   00000062e36ff010 9e3779b97f4a7c15
0x00000062e36fefa8:   000001f967c9d621 454021de755d453b
0x00000062e36fefb8:   0000000000000000 00000062e36fefc0
0x00000062e36fefc8:   000001f97c970fc8 000000623e4ccccd
0x00000062e36fefd8:   000001f900000000 0000000000000000
0x00000062e36fefe8:   0000000700000000 000001f900000001 

Instructions: (pc=0x00000000503cf46a)
0x00000000503cf36a:   4c 8b 48 60 4c 8b 58 68 4d 85 c0 49 8b 49 10 49
0x00000000503cf37a:   8b 53 10 48 c7 40 10 00 00 00 00 4c 89 40 18 74
0x00000000503cf38a:   04 49 89 40 10 4c 8b 81 88 00 00 00 49 89 44 24
0x00000000503cf39a:   58 4c 8d 50 20 48 89 40 28 48 89 50 20 48 c7 40
0x00000000503cf3aa:   30 00 00 00 00 4d 85 c0 4c 89 40 38 74 04 4d 89
0x00000000503cf3ba:   50 10 4c 89 91 88 00 00 00 4c 8b 82 88 00 00 00
0x00000000503cf3ca:   48 89 48 40 48 c7 40 50 00 00 00 00 48 89 40 48
0x00000000503cf3da:   48 83 c0 40 4c 89 40 18 4d 85 c0 74 04 49 89 40
0x00000000503cf3ea:   10 41 80 79 3a 00 48 89 82 88 00 00 00 75 39 41
0x00000000503cf3fa:   80 7b 3a 00 75 32 0f b7 41 04 a8 02 75 11 83 c8
0x00000000503cf40a:   02 c7 81 ac 00 00 00 00 00 00 00 66 89 41 04 0f
0x00000000503cf41a:   b7 42 04 a8 02 75 11 83 c8 02 c7 82 ac 00 00 00
0x00000000503cf42a:   00 00 00 00 66 89 42 04 41 83 44 24 60 01 48 83
0x00000000503cf43a:   c4 38 5b 5e 5f 5d 41 5c 41 5d c3 90 66 2e 0f 1f
0x00000000503cf44a:   84 00 00 00 00 00 48 89 ca e9 78 af 01 00 90 90
0x00000000503cf45a:   90 90 90 90 90 90 48 b8 00 00 00 00 01 00 ff ff
0x00000000503cf46a:   48 89 41 30 31 c0 48 c7 41 40 00 00 00 00 48 c7
0x00000000503cf47a:   41 10 00 00 00 00 48 c7 41 08 00 00 00 00 48 c7
0x00000000503cf48a:   41 28 00 00 00 00 66 89 41 38 48 c7 41 18 00 00
0x00000000503cf49a:   00 00 c7 01 00 00 00 00 c3 90 66 90 66 2e 0f 1f
0x00000000503cf4aa:   84 00 00 00 00 00 55 57 56 53 48 83 ec 28 49 8b
0x00000000503cf4ba:   41 08 f3 41 0f 10 41 10 48 89 cb 48 89 d5 f3 0f
0x00000000503cf4ca:   11 41 20 4c 89 ce 48 89 41 40 41 8b 41 1e f3 41
0x00000000503cf4da:   0f 10 41 14 f3 0f 11 41 24 4c 89 41 10 48 c7 41
0x00000000503cf4ea:   08 00 00 00 00 89 41 34 41 0f b7 41 22 66 89 41
0x00000000503cf4fa:   38 41 0f b6 41 1c 88 41 3a 49 8b 09 48 8b 01 ff
0x00000000503cf50a:   50 10 48 8b 10 48 89 c1 48 89 43 18 ff 52 18 89
0x00000000503cf51a:   c2 89 c7 48 89 e9 c1 e2 05 e8 c8 c4 fe ff 85 ff
0x00000000503cf52a:   48 89 43 28 7e 27 8d 4f ff 48 8d 50 10 48 c1 e1
0x00000000503cf53a:   05 48 8d 44 08 30 48 c7 02 00 00 00 00 c7 42 0c
0x00000000503cf54a:   ff ff ff ff 48 83 c2 20 48 39 c2 75 e9 f3 0f 10
0x00000000503cf55a:   46 18 c7 43 30 00 00 00 00 f3 0f 11 03 48 83 c4 


Stack slot to memory mapping:
stack at sp + 0 slots: 0x00000000503ce3ac gdx-box2d64.dll
stack at sp + 1 slots: 0x0 is NULL
stack at sp + 2 slots: 0xaf071404aba62d7d is an unknown value
stack at sp + 3 slots: 0x0 is NULL
stack at sp + 4 slots: 0x00000062e36fef18 is pointing into the stack for thread: 0x000001f90ec7c340
stack at sp + 5 slots: 0x000001f97c96d518 is pointing into metadata
stack at sp + 6 slots: {method} {0x000001f9082293f8} 'jniCreateFixture' '(JJFFFZSSS)J' in 'com/badlogic/gdx/physics/box2d/Body'
stack at sp + 7 slots: 0x0000000000000120 is an unknown value


---------------  P R O C E S S  ---------------

Threads class SMR info:
_java_thread_list=0x000001f917d0b190, length=24, elements={
0x000001f958fcf110, 0x000001f97c2ffa50, 0x000001f97c3006c0, 0x000001f97c31a260,
0x000001f97c31ac10, 0x000001f97c31b5c0, 0x000001f97c31bf70, 0x000001f97c31cc50,
0x000001f97cd00080, 0x000001f97cd01990, 0x000001f97c2eb570, 0x000001f97ce9bbf0,
0x000001f97cea9ae0, 0x000001f9045e5060, 0x000001f9046d2c10, 0x000001f97d9cb330,
0x000001f97d9cb840, 0x000001f97dd2cea0, 0x000001f9048d8a80, 0x000001f9048d7640,
0x000001f9048d99b0, 0x000001f9048d8570, 0x000001f9048d8f90, 0x000001f90ec7c340
}

Java Threads: ( => current thread )
  0x000001f958fcf110 JavaThread "main" [_thread_in_native, id=27368, stack(0x00000062df600000,0x00000062df700000)]
  0x000001f97c2ffa50 JavaThread "Reference Handler" daemon [_thread_blocked, id=8496, stack(0x00000062dfd00000,0x00000062dfe00000)]
  0x000001f97c3006c0 JavaThread "Finalizer" daemon [_thread_blocked, id=11008, stack(0x00000062dfe00000,0x00000062dff00000)]
  0x000001f97c31a260 JavaThread "Signal Dispatcher" daemon [_thread_blocked, id=14836, stack(0x00000062dff00000,0x00000062e0000000)]
  0x000001f97c31ac10 JavaThread "Attach Listener" daemon [_thread_blocked, id=9028, stack(0x00000062e0000000,0x00000062e0100000)]
  0x000001f97c31b5c0 JavaThread "Service Thread" daemon [_thread_blocked, id=13668, stack(0x00000062e0100000,0x00000062e0200000)]
  0x000001f97c31bf70 JavaThread "Monitor Deflation Thread" daemon [_thread_blocked, id=22516, stack(0x00000062e0200000,0x00000062e0300000)]
  0x000001f97c31cc50 JavaThread "C2 CompilerThread0" daemon [_thread_blocked, id=18288, stack(0x00000062e0300000,0x00000062e0400000)]
  0x000001f97cd00080 JavaThread "C1 CompilerThread0" daemon [_thread_blocked, id=6092, stack(0x00000062e0400000,0x00000062e0500000)]
  0x000001f97cd01990 JavaThread "Sweeper thread" daemon [_thread_blocked, id=29084, stack(0x00000062e0500000,0x00000062e0600000)]
  0x000001f97c2eb570 JavaThread "C1 CompilerThread1" daemon [_thread_blocked, id=29232, stack(0x00000062e0600000,0x00000062e0700000)]
  0x000001f97ce9bbf0 JavaThread "Notification Thread" daemon [_thread_blocked, id=30360, stack(0x00000062e0700000,0x00000062e0800000)]
  0x000001f97cea9ae0 JavaThread "Common-Cleaner" daemon [_thread_blocked, id=23212, stack(0x00000062e0900000,0x00000062e0a00000)]
  0x000001f9045e5060 JavaThread "AssetManager" daemon [_thread_blocked, id=11788, stack(0x00000062e2100000,0x00000062e2200000)]
  0x000001f9046d2c10 JavaThread "LWJGL3 Timer" daemon [_thread_blocked, id=1032, stack(0x00000062e2a00000,0x00000062e2b00000)]
  0x000001f97d9cb330 JavaThread "C1 CompilerThread2" daemon [_thread_blocked, id=18308, stack(0x00000062e2d00000,0x00000062e2e00000)]
  0x000001f97d9cb840 JavaThread "C1 CompilerThread3" daemon [_thread_blocked, id=24848, stack(0x00000062e2e00000,0x00000062e2f00000)]
  0x000001f97dd2cea0 JavaThread "AssetManager" daemon [_thread_blocked, id=20796, stack(0x00000062e2c00000,0x00000062e2d00000)]
  0x000001f9048d8a80 JavaThread "C2 CompilerThread1" daemon [_thread_blocked, id=19012, stack(0x00000062e2f00000,0x00000062e3000000)]
  0x000001f9048d7640 JavaThread "C2 CompilerThread2" daemon [_thread_blocked, id=14288, stack(0x00000062e3200000,0x00000062e3300000)]
  0x000001f9048d99b0 JavaThread "C2 CompilerThread3" daemon [_thread_blocked, id=19436, stack(0x00000062e3300000,0x00000062e3400000)]
  0x000001f9048d8570 JavaThread "C2 CompilerThread4" daemon [_thread_blocked, id=19280, stack(0x00000062e3400000,0x00000062e3500000)]
  0x000001f9048d8f90 JavaThread "C2 CompilerThread5" daemon [_thread_blocked, id=29144, stack(0x00000062e3500000,0x00000062e3600000)]
=>0x000001f90ec7c340 JavaThread "Timer-0" [_thread_in_native, id=11740, stack(0x00000062e3600000,0x00000062e3700000)]

Other Threads:
  0x000001f97c2fbf60 VMThread "VM Thread" [stack: 0x00000062dfc00000,0x00000062dfd00000] [id=19716]
  0x000001f97cea0cc0 WatcherThread [stack: 0x00000062e0800000,0x00000062e0900000] [id=29456]
  0x000001f95903f6b0 GCTaskThread "GC Thread#0" [stack: 0x00000062df700000,0x00000062df800000] [id=10816]
  0x000001f97fd8e400 GCTaskThread "GC Thread#1" [stack: 0x00000062e2200000,0x00000062e2300000] [id=18392]
  0x000001f97fd8e150 GCTaskThread "GC Thread#2" [stack: 0x00000062e2300000,0x00000062e2400000] [id=20768]
  0x000001f97fd8fc30 GCTaskThread "GC Thread#3" [stack: 0x00000062e2400000,0x00000062e2500000] [id=29616]
  0x000001f97fd90440 GCTaskThread "GC Thread#4" [stack: 0x00000062e2500000,0x00000062e2600000] [id=29540]
  0x000001f97fd909a0 GCTaskThread "GC Thread#5" [stack: 0x00000062e2600000,0x00000062e2700000] [id=17304]
  0x000001f97fd8f170 GCTaskThread "GC Thread#6" [stack: 0x00000062e2700000,0x00000062e2800000] [id=26768]
  0x000001f97fd8fee0 GCTaskThread "GC Thread#7" [stack: 0x00000062e2800000,0x00000062e2900000] [id=23352]
  0x000001f97fd8f420 GCTaskThread "GC Thread#8" [stack: 0x00000062e2900000,0x00000062e2a00000] [id=10372]
  0x000001f9048226e0 GCTaskThread "GC Thread#9" [stack: 0x00000062e3000000,0x00000062e3100000] [id=4980]
  0x000001f9048206a0 GCTaskThread "GC Thread#10" [stack: 0x00000062e3100000,0x00000062e3200000] [id=4236]
  0x000001f959053fa0 ConcurrentGCThread "G1 Main Marker" [stack: 0x00000062df800000,0x00000062df900000] [id=26636]
  0x000001f9590548b0 ConcurrentGCThread "G1 Conc#0" [stack: 0x00000062df900000,0x00000062dfa00000] [id=11560]
  0x000001f97c1b7940 ConcurrentGCThread "G1 Refine#0" [stack: 0x00000062dfa00000,0x00000062dfb00000] [id=29076]
  0x000001f97c1b8170 ConcurrentGCThread "G1 Service" [stack: 0x00000062dfb00000,0x00000062dfc00000] [id=28168]

Threads with active compile tasks:

VM state: not at safepoint (normal execution)

VM Mutex/Monitor currently owned by a thread: None

Heap address: 0x0000000709800000, size: 3944 MB, Compressed Oops mode: Zero based, Oop shift amount: 3

CDS archive(s) mapped at: [0x0000000800000000-0x0000000800bd0000-0x0000000800bd0000), size 12386304, SharedBaseAddress: 0x0000000800000000, ArchiveRelocationMode: 0.
Compressed class space mapped at: 0x0000000800c00000-0x0000000840c00000, reserved size: 1073741824
Narrow klass base: 0x0000000800000000, Narrow klass shift: 0, Narrow klass range: 0x100000000

GC Precious Log:
 CPUs: 16 total, 16 available
 Memory: 15769M
 Large Page Support: Disabled
 NUMA Support: Disabled
 Compressed Oops: Enabled (Zero based)
 Heap Region Size: 2M
 Heap Min Capacity: 8M
 Heap Initial Capacity: 248M
 Heap Max Capacity: 3944M
 Pre-touch: Disabled
 Parallel Workers: 13
 Concurrent Workers: 3
 Concurrent Refinement Workers: 13
 Periodic GC: Disabled

Heap:
 garbage-first heap   total 253952K, used 56608K [0x0000000709800000, 0x0000000800000000)
  region size 2048K, 20 young (40960K), 2 survivors (4096K)
 Metaspace       used 10910K, committed 11072K, reserved 1064960K
  class space    used 960K, committed 1024K, reserved 1048576K

Heap Regions: E=young(eden), S=young(survivor), O=old, HS=humongous(starts), HC=humongous(continues), CS=collection set, F=free, OA=open archive, CA=closed archive, TAMS=top-at-mark-start (previous, next)
|   0|0x0000000709800000, 0x0000000709a00000, 0x0000000709a00000|100%| O|  |TAMS 0x0000000709800000, 0x0000000709800000| Untracked 
|   1|0x0000000709a00000, 0x0000000709b0ac00, 0x0000000709c00000| 52%| O|  |TAMS 0x0000000709a00000, 0x0000000709a00000| Untracked 
|   2|0x0000000709c00000, 0x0000000709e00000, 0x0000000709e00000|100%|HS|  |TAMS 0x0000000709c00000, 0x0000000709c00000| Complete 
|   3|0x0000000709e00000, 0x000000070a000000, 0x000000070a000000|100%|HS|  |TAMS 0x0000000709e00000, 0x0000000709e00000| Complete 
|   4|0x000000070a000000, 0x000000070a200000, 0x000000070a200000|100%|HS|  |TAMS 0x000000070a000000, 0x000000070a000000| Complete 
|   5|0x000000070a200000, 0x000000070a400000, 0x000000070a400000|100%|HS|  |TAMS 0x000000070a200000, 0x000000070a200000| Complete 
|   6|0x000000070a400000, 0x000000070a600000, 0x000000070a600000|100%|HS|  |TAMS 0x000000070a400000, 0x000000070a400000| Complete 
|   7|0x000000070a600000, 0x000000070a800000, 0x000000070a800000|100%|HC|  |TAMS 0x000000070a600000, 0x000000070a600000| Complete 
|   8|0x000000070a800000, 0x000000070aa00000, 0x000000070aa00000|100%|HS|  |TAMS 0x000000070a800000, 0x000000070a800000| Complete 
|   9|0x000000070aa00000, 0x000000070ac00000, 0x000000070ac00000|100%|HS|  |TAMS 0x000000070aa00000, 0x000000070aa00000| Complete 
|  10|0x000000070ac00000, 0x000000070ae00000, 0x000000070ae00000|100%|HS|  |TAMS 0x000000070ac00000, 0x000000070ac00000| Complete 
|  11|0x000000070ae00000, 0x000000070ae00000, 0x000000070b000000|  0%| F|  |TAMS 0x000000070ae00000, 0x000000070ae00000| Untracked 
|  12|0x000000070b000000, 0x000000070b000000, 0x000000070b200000|  0%| F|  |TAMS 0x000000070b000000, 0x000000070b000000| Untracked 
|  13|0x000000070b200000, 0x000000070b200000, 0x000000070b400000|  0%| F|  |TAMS 0x000000070b200000, 0x000000070b200000| Untracked 
|  14|0x000000070b400000, 0x000000070b400000, 0x000000070b600000|  0%| F|  |TAMS 0x000000070b400000, 0x000000070b400000| Untracked 
|  15|0x000000070b600000, 0x000000070b600000, 0x000000070b800000|  0%| F|  |TAMS 0x000000070b600000, 0x000000070b600000| Untracked 
|  16|0x000000070b800000, 0x000000070b800000, 0x000000070ba00000|  0%| F|  |TAMS 0x000000070b800000, 0x000000070b800000| Untracked 
|  17|0x000000070ba00000, 0x000000070ba00000, 0x000000070bc00000|  0%| F|  |TAMS 0x000000070ba00000, 0x000000070ba00000| Untracked 
|  18|0x000000070bc00000, 0x000000070bc00000, 0x000000070be00000|  0%| F|  |TAMS 0x000000070bc00000, 0x000000070bc00000| Untracked 
|  19|0x000000070be00000, 0x000000070be00000, 0x000000070c000000|  0%| F|  |TAMS 0x000000070be00000, 0x000000070be00000| Untracked 
|  20|0x000000070c000000, 0x000000070c000000, 0x000000070c200000|  0%| F|  |TAMS 0x000000070c000000, 0x000000070c000000| Untracked 
|  21|0x000000070c200000, 0x000000070c200000, 0x000000070c400000|  0%| F|  |TAMS 0x000000070c200000, 0x000000070c200000| Untracked 
|  22|0x000000070c400000, 0x000000070c400000, 0x000000070c600000|  0%| F|  |TAMS 0x000000070c400000, 0x000000070c400000| Untracked 
|  23|0x000000070c600000, 0x000000070c600000, 0x000000070c800000|  0%| F|  |TAMS 0x000000070c600000, 0x000000070c600000| Untracked 
|  24|0x000000070c800000, 0x000000070c800000, 0x000000070ca00000|  0%| F|  |TAMS 0x000000070c800000, 0x000000070c800000| Untracked 
|  25|0x000000070ca00000, 0x000000070ca00000, 0x000000070cc00000|  0%| F|  |TAMS 0x000000070ca00000, 0x000000070ca00000| Untracked 
|  26|0x000000070cc00000, 0x000000070cc00000, 0x000000070ce00000|  0%| F|  |TAMS 0x000000070cc00000, 0x000000070cc00000| Untracked 
|  27|0x000000070ce00000, 0x000000070ce00000, 0x000000070d000000|  0%| F|  |TAMS 0x000000070ce00000, 0x000000070ce00000| Untracked 
|  28|0x000000070d000000, 0x000000070d000000, 0x000000070d200000|  0%| F|  |TAMS 0x000000070d000000, 0x000000070d000000| Untracked 
|  29|0x000000070d200000, 0x000000070d200000, 0x000000070d400000|  0%| F|  |TAMS 0x000000070d200000, 0x000000070d200000| Untracked 
|  30|0x000000070d400000, 0x000000070d400000, 0x000000070d600000|  0%| F|  |TAMS 0x000000070d400000, 0x000000070d400000| Untracked 
|  31|0x000000070d600000, 0x000000070d600000, 0x000000070d800000|  0%| F|  |TAMS 0x000000070d600000, 0x000000070d600000| Untracked 
|  32|0x000000070d800000, 0x000000070d800000, 0x000000070da00000|  0%| F|  |TAMS 0x000000070d800000, 0x000000070d800000| Untracked 
|  33|0x000000070da00000, 0x000000070da00000, 0x000000070dc00000|  0%| F|  |TAMS 0x000000070da00000, 0x000000070da00000| Untracked 
|  34|0x000000070dc00000, 0x000000070dc00000, 0x000000070de00000|  0%| F|  |TAMS 0x000000070dc00000, 0x000000070dc00000| Untracked 
|  35|0x000000070de00000, 0x000000070de00000, 0x000000070e000000|  0%| F|  |TAMS 0x000000070de00000, 0x000000070de00000| Untracked 
|  36|0x000000070e000000, 0x000000070e000000, 0x000000070e200000|  0%| F|  |TAMS 0x000000070e000000, 0x000000070e000000| Untracked 
|  37|0x000000070e200000, 0x000000070e200000, 0x000000070e400000|  0%| F|  |TAMS 0x000000070e200000, 0x000000070e200000| Untracked 
|  38|0x000000070e400000, 0x000000070e400000, 0x000000070e600000|  0%| F|  |TAMS 0x000000070e400000, 0x000000070e400000| Untracked 
|  39|0x000000070e600000, 0x000000070e600000, 0x000000070e800000|  0%| F|  |TAMS 0x000000070e600000, 0x000000070e600000| Untracked 
|  40|0x000000070e800000, 0x000000070e800000, 0x000000070ea00000|  0%| F|  |TAMS 0x000000070e800000, 0x000000070e800000| Untracked 
|  41|0x000000070ea00000, 0x000000070ea00000, 0x000000070ec00000|  0%| F|  |TAMS 0x000000070ea00000, 0x000000070ea00000| Untracked 
|  42|0x000000070ec00000, 0x000000070ec00000, 0x000000070ee00000|  0%| F|  |TAMS 0x000000070ec00000, 0x000000070ec00000| Untracked 
|  43|0x000000070ee00000, 0x000000070ee00000, 0x000000070f000000|  0%| F|  |TAMS 0x000000070ee00000, 0x000000070ee00000| Untracked 
|  44|0x000000070f000000, 0x000000070f000000, 0x000000070f200000|  0%| F|  |TAMS 0x000000070f000000, 0x000000070f000000| Untracked 
|  45|0x000000070f200000, 0x000000070f200000, 0x000000070f400000|  0%| F|  |TAMS 0x000000070f200000, 0x000000070f200000| Untracked 
|  46|0x000000070f400000, 0x000000070f400000, 0x000000070f600000|  0%| F|  |TAMS 0x000000070f400000, 0x000000070f400000| Untracked 
|  47|0x000000070f600000, 0x000000070f600000, 0x000000070f800000|  0%| F|  |TAMS 0x000000070f600000, 0x000000070f600000| Untracked 
|  48|0x000000070f800000, 0x000000070f800000, 0x000000070fa00000|  0%| F|  |TAMS 0x000000070f800000, 0x000000070f800000| Untracked 
|  49|0x000000070fa00000, 0x000000070fa00000, 0x000000070fc00000|  0%| F|  |TAMS 0x000000070fa00000, 0x000000070fa00000| Untracked 
|  50|0x000000070fc00000, 0x000000070fc00000, 0x000000070fe00000|  0%| F|  |TAMS 0x000000070fc00000, 0x000000070fc00000| Untracked 
|  51|0x000000070fe00000, 0x000000070fe00000, 0x0000000710000000|  0%| F|  |TAMS 0x000000070fe00000, 0x000000070fe00000| Untracked 
|  52|0x0000000710000000, 0x0000000710000000, 0x0000000710200000|  0%| F|  |TAMS 0x0000000710000000, 0x0000000710000000| Untracked 
|  53|0x0000000710200000, 0x0000000710200000, 0x0000000710400000|  0%| F|  |TAMS 0x0000000710200000, 0x0000000710200000| Untracked 
|  54|0x0000000710400000, 0x0000000710400000, 0x0000000710600000|  0%| F|  |TAMS 0x0000000710400000, 0x0000000710400000| Untracked 
|  55|0x0000000710600000, 0x0000000710600000, 0x0000000710800000|  0%| F|  |TAMS 0x0000000710600000, 0x0000000710600000| Untracked 
|  56|0x0000000710800000, 0x0000000710800000, 0x0000000710a00000|  0%| F|  |TAMS 0x0000000710800000, 0x0000000710800000| Untracked 
|  57|0x0000000710a00000, 0x0000000710a00000, 0x0000000710c00000|  0%| F|  |TAMS 0x0000000710a00000, 0x0000000710a00000| Untracked 
|  58|0x0000000710c00000, 0x0000000710c00000, 0x0000000710e00000|  0%| F|  |TAMS 0x0000000710c00000, 0x0000000710c00000| Untracked 
|  59|0x0000000710e00000, 0x0000000710e00000, 0x0000000711000000|  0%| F|  |TAMS 0x0000000710e00000, 0x0000000710e00000| Untracked 
|  60|0x0000000711000000, 0x0000000711000000, 0x0000000711200000|  0%| F|  |TAMS 0x0000000711000000, 0x0000000711000000| Untracked 
|  61|0x0000000711200000, 0x0000000711200000, 0x0000000711400000|  0%| F|  |TAMS 0x0000000711200000, 0x0000000711200000| Untracked 
|  62|0x0000000711400000, 0x0000000711400000, 0x0000000711600000|  0%| F|  |TAMS 0x0000000711400000, 0x0000000711400000| Untracked 
|  63|0x0000000711600000, 0x0000000711600000, 0x0000000711800000|  0%| F|  |TAMS 0x0000000711600000, 0x0000000711600000| Untracked 
|  64|0x0000000711800000, 0x0000000711800000, 0x0000000711a00000|  0%| F|  |TAMS 0x0000000711800000, 0x0000000711800000| Untracked 
|  65|0x0000000711a00000, 0x0000000711a00000, 0x0000000711c00000|  0%| F|  |TAMS 0x0000000711a00000, 0x0000000711a00000| Untracked 
|  66|0x0000000711c00000, 0x0000000711c00000, 0x0000000711e00000|  0%| F|  |TAMS 0x0000000711c00000, 0x0000000711c00000| Untracked 
|  67|0x0000000711e00000, 0x0000000711e00000, 0x0000000712000000|  0%| F|  |TAMS 0x0000000711e00000, 0x0000000711e00000| Untracked 
|  68|0x0000000712000000, 0x0000000712000000, 0x0000000712200000|  0%| F|  |TAMS 0x0000000712000000, 0x0000000712000000| Untracked 
|  69|0x0000000712200000, 0x0000000712200000, 0x0000000712400000|  0%| F|  |TAMS 0x0000000712200000, 0x0000000712200000| Untracked 
|  70|0x0000000712400000, 0x0000000712400000, 0x0000000712600000|  0%| F|  |TAMS 0x0000000712400000, 0x0000000712400000| Untracked 
|  71|0x0000000712600000, 0x0000000712600000, 0x0000000712800000|  0%| F|  |TAMS 0x0000000712600000, 0x0000000712600000| Untracked 
|  72|0x0000000712800000, 0x0000000712800000, 0x0000000712a00000|  0%| F|  |TAMS 0x0000000712800000, 0x0000000712800000| Untracked 
|  73|0x0000000712a00000, 0x0000000712a00000, 0x0000000712c00000|  0%| F|  |TAMS 0x0000000712a00000, 0x0000000712a00000| Untracked 
|  74|0x0000000712c00000, 0x0000000712c00000, 0x0000000712e00000|  0%| F|  |TAMS 0x0000000712c00000, 0x0000000712c00000| Untracked 
|  75|0x0000000712e00000, 0x0000000712e00000, 0x0000000713000000|  0%| F|  |TAMS 0x0000000712e00000, 0x0000000712e00000| Untracked 
|  76|0x0000000713000000, 0x0000000713000000, 0x0000000713200000|  0%| F|  |TAMS 0x0000000713000000, 0x0000000713000000| Untracked 
|  77|0x0000000713200000, 0x0000000713200000, 0x0000000713400000|  0%| F|  |TAMS 0x0000000713200000, 0x0000000713200000| Untracked 
|  78|0x0000000713400000, 0x0000000713400000, 0x0000000713600000|  0%| F|  |TAMS 0x0000000713400000, 0x0000000713400000| Untracked 
|  79|0x0000000713600000, 0x0000000713600000, 0x0000000713800000|  0%| F|  |TAMS 0x0000000713600000, 0x0000000713600000| Untracked 
|  80|0x0000000713800000, 0x0000000713800000, 0x0000000713a00000|  0%| F|  |TAMS 0x0000000713800000, 0x0000000713800000| Untracked 
|  81|0x0000000713a00000, 0x0000000713a00000, 0x0000000713c00000|  0%| F|  |TAMS 0x0000000713a00000, 0x0000000713a00000| Untracked 
|  82|0x0000000713c00000, 0x0000000713c00000, 0x0000000713e00000|  0%| F|  |TAMS 0x0000000713c00000, 0x0000000713c00000| Untracked 
|  83|0x0000000713e00000, 0x0000000713e00000, 0x0000000714000000|  0%| F|  |TAMS 0x0000000713e00000, 0x0000000713e00000| Untracked 
|  84|0x0000000714000000, 0x0000000714000000, 0x0000000714200000|  0%| F|  |TAMS 0x0000000714000000, 0x0000000714000000| Untracked 
|  85|0x0000000714200000, 0x0000000714200000, 0x0000000714400000|  0%| F|  |TAMS 0x0000000714200000, 0x0000000714200000| Untracked 
|  86|0x0000000714400000, 0x0000000714400000, 0x0000000714600000|  0%| F|  |TAMS 0x0000000714400000, 0x0000000714400000| Untracked 
|  87|0x0000000714600000, 0x0000000714600000, 0x0000000714800000|  0%| F|  |TAMS 0x0000000714600000, 0x0000000714600000| Untracked 
|  88|0x0000000714800000, 0x0000000714800000, 0x0000000714a00000|  0%| F|  |TAMS 0x0000000714800000, 0x0000000714800000| Untracked 
|  89|0x0000000714a00000, 0x0000000714a00000, 0x0000000714c00000|  0%| F|  |TAMS 0x0000000714a00000, 0x0000000714a00000| Untracked 
|  90|0x0000000714c00000, 0x0000000714c00000, 0x0000000714e00000|  0%| F|  |TAMS 0x0000000714c00000, 0x0000000714c00000| Untracked 
|  91|0x0000000714e00000, 0x0000000714e00000, 0x0000000715000000|  0%| F|  |TAMS 0x0000000714e00000, 0x0000000714e00000| Untracked 
|  92|0x0000000715000000, 0x0000000715000000, 0x0000000715200000|  0%| F|  |TAMS 0x0000000715000000, 0x0000000715000000| Untracked 
|  93|0x0000000715200000, 0x0000000715200000, 0x0000000715400000|  0%| F|  |TAMS 0x0000000715200000, 0x0000000715200000| Untracked 
|  94|0x0000000715400000, 0x0000000715400000, 0x0000000715600000|  0%| F|  |TAMS 0x0000000715400000, 0x0000000715400000| Untracked 
|  95|0x0000000715600000, 0x0000000715600000, 0x0000000715800000|  0%| F|  |TAMS 0x0000000715600000, 0x0000000715600000| Untracked 
|  96|0x0000000715800000, 0x0000000715800000, 0x0000000715a00000|  0%| F|  |TAMS 0x0000000715800000, 0x0000000715800000| Untracked 
|  97|0x0000000715a00000, 0x0000000715a00000, 0x0000000715c00000|  0%| F|  |TAMS 0x0000000715a00000, 0x0000000715a00000| Untracked 
|  98|0x0000000715c00000, 0x0000000715c00000, 0x0000000715e00000|  0%| F|  |TAMS 0x0000000715c00000, 0x0000000715c00000| Untracked 
|  99|0x0000000715e00000, 0x0000000715e00000, 0x0000000716000000|  0%| F|  |TAMS 0x0000000715e00000, 0x0000000715e00000| Untracked 
| 100|0x0000000716000000, 0x0000000716000000, 0x0000000716200000|  0%| F|  |TAMS 0x0000000716000000, 0x0000000716000000| Untracked 
| 101|0x0000000716200000, 0x0000000716200000, 0x0000000716400000|  0%| F|  |TAMS 0x0000000716200000, 0x0000000716200000| Untracked 
| 102|0x0000000716400000, 0x0000000716400000, 0x0000000716600000|  0%| F|  |TAMS 0x0000000716400000, 0x0000000716400000| Untracked 
| 103|0x0000000716600000, 0x0000000716600000, 0x0000000716800000|  0%| F|  |TAMS 0x0000000716600000, 0x0000000716600000| Untracked 
| 104|0x0000000716800000, 0x00000007169b8d38, 0x0000000716a00000| 86%| E|  |TAMS 0x0000000716800000, 0x0000000716800000| Complete 
| 105|0x0000000716a00000, 0x0000000716a3d6a0, 0x0000000716c00000| 11%| S|CS|TAMS 0x0000000716a00000, 0x0000000716a00000| Complete 
| 106|0x0000000716c00000, 0x0000000716e00000, 0x0000000716e00000|100%| S|CS|TAMS 0x0000000716c00000, 0x0000000716c00000| Complete 
| 107|0x0000000716e00000, 0x0000000717000000, 0x0000000717000000|100%| E|CS|TAMS 0x0000000716e00000, 0x0000000716e00000| Complete 
| 108|0x0000000717000000, 0x0000000717200000, 0x0000000717200000|100%| E|CS|TAMS 0x0000000717000000, 0x0000000717000000| Complete 
| 109|0x0000000717200000, 0x0000000717400000, 0x0000000717400000|100%| E|CS|TAMS 0x0000000717200000, 0x0000000717200000| Complete 
| 110|0x0000000717400000, 0x0000000717600000, 0x0000000717600000|100%| E|CS|TAMS 0x0000000717400000, 0x0000000717400000| Complete 
| 111|0x0000000717600000, 0x0000000717800000, 0x0000000717800000|100%| E|CS|TAMS 0x0000000717600000, 0x0000000717600000| Complete 
| 112|0x0000000717800000, 0x0000000717a00000, 0x0000000717a00000|100%| E|CS|TAMS 0x0000000717800000, 0x0000000717800000| Complete 
| 113|0x0000000717a00000, 0x0000000717c00000, 0x0000000717c00000|100%| E|CS|TAMS 0x0000000717a00000, 0x0000000717a00000| Complete 
| 114|0x0000000717c00000, 0x0000000717e00000, 0x0000000717e00000|100%| E|CS|TAMS 0x0000000717c00000, 0x0000000717c00000| Complete 
| 115|0x0000000717e00000, 0x0000000718000000, 0x0000000718000000|100%| E|  |TAMS 0x0000000717e00000, 0x0000000717e00000| Complete 
| 116|0x0000000718000000, 0x0000000718200000, 0x0000000718200000|100%| E|CS|TAMS 0x0000000718000000, 0x0000000718000000| Complete 
| 117|0x0000000718200000, 0x0000000718400000, 0x0000000718400000|100%| E|CS|TAMS 0x0000000718200000, 0x0000000718200000| Complete 
| 118|0x0000000718400000, 0x0000000718600000, 0x0000000718600000|100%| E|CS|TAMS 0x0000000718400000, 0x0000000718400000| Complete 
| 119|0x0000000718600000, 0x0000000718800000, 0x0000000718800000|100%| E|CS|TAMS 0x0000000718600000, 0x0000000718600000| Complete 
| 120|0x0000000718800000, 0x0000000718a00000, 0x0000000718a00000|100%| E|CS|TAMS 0x0000000718800000, 0x0000000718800000| Complete 
| 121|0x0000000718a00000, 0x0000000718c00000, 0x0000000718c00000|100%| E|CS|TAMS 0x0000000718a00000, 0x0000000718a00000| Complete 
| 122|0x0000000718c00000, 0x0000000718e00000, 0x0000000718e00000|100%| E|CS|TAMS 0x0000000718c00000, 0x0000000718c00000| Complete 
| 123|0x0000000718e00000, 0x0000000719000000, 0x0000000719000000|100%| E|CS|TAMS 0x0000000718e00000, 0x0000000718e00000| Complete 

Card table byte_map: [0x000001f970880000,0x000001f971040000] _byte_map_base: 0x000001f96d034000

Marking Bits (Prev, Next): (CMBitMap*) 0x000001f959042fe0, (CMBitMap*) 0x000001f959043020
 Prev Bits: [0x000001f971800000, 0x000001f9755a0000)
 Next Bits: [0x000001f9755a0000, 0x000001f979340000)

Polling page: 0x000001f956f70000

Metaspace:

Usage:
  Non-class:      9.72 MB used.
      Class:    960.75 KB used.
       Both:     10.65 MB used.

Virtual space:
  Non-class space:       16.00 MB reserved,       9.81 MB ( 61%) committed,  2 nodes.
      Class space:        1.00 GB reserved,       1.00 MB ( <1%) committed,  1 nodes.
             Both:        1.02 GB reserved,      10.81 MB (  1%) committed. 

Chunk freelists:
   Non-Class:  1.58 MB
       Class:  3.02 MB
        Both:  4.59 MB

MaxMetaspaceSize: unlimited
CompressedClassSpaceSize: 1.00 GB
Initial GC threshold: 21.00 MB
Current GC threshold: 21.00 MB
CDS: on
MetaspaceReclaimPolicy: balanced
 - commit_granule_bytes: 65536.
 - commit_granule_words: 8192.
 - virtual_space_node_default_size: 1048576.
 - enlarge_chunks_in_place: 1.
 - new_chunks_are_fully_committed: 0.
 - uncommit_free_chunks: 1.
 - use_allocation_guard: 0.
 - handle_deallocations: 1.


Internal statistics:

num_allocs_failed_limit: 0.
num_arena_births: 144.
num_arena_deaths: 0.
num_vsnodes_births: 3.
num_vsnodes_deaths: 0.
num_space_committed: 171.
num_space_uncommitted: 0.
num_chunks_returned_to_freelist: 0.
num_chunks_taken_from_freelist: 458.
num_chunk_merges: 0.
num_chunk_splits: 313.
num_chunks_enlarged: 236.
num_purges: 0.
num_inconsistent_stats: 0.

CodeHeap 'non-profiled nmethods': size=119168Kb used=1401Kb max_used=1401Kb free=117766Kb
 bounds [0x000001f9683e0000, 0x000001f968650000, 0x000001f96f840000]
CodeHeap 'profiled nmethods': size=119104Kb used=5406Kb max_used=5406Kb free=113698Kb
 bounds [0x000001f960840000, 0x000001f960d90000, 0x000001f967c90000]
CodeHeap 'non-nmethods': size=7488Kb used=3347Kb max_used=3411Kb free=4140Kb
 bounds [0x000001f967c90000, 0x000001f967ff0000, 0x000001f9683e0000]
 total_blobs=3658 nmethods=2556 adapters=1011
 compilation: enabled
              stopped_count=0, restarted_count=0
 full_count=0

Compilation events (20 events):
Event: 10.298 Thread 0x000001f97d9cb840 nmethod 2544 0x000001f96852e290 code [0x000001f96852e420, 0x000001f96852e4f8]
Event: 10.301 Thread 0x000001f9048d99b0 2545   !   4       java.net.URL::<init> (543 bytes)
Event: 10.301 Thread 0x000001f97c31cc50 nmethod 2517% 0x000001f96852e590 code [0x000001f96852e720, 0x000001f96852f238]
Event: 10.303 Thread 0x000001f97d9cb330 2546       3       jdk.internal.org.objectweb.asm.ClassWriter::visitMethod (57 bytes)
Event: 10.303 Thread 0x000001f97cd00080 2547       3       jdk.internal.org.objectweb.asm.MethodWriter::<init> (232 bytes)
Event: 10.303 Thread 0x000001f97c2eb570 2548       3       jdk.internal.org.objectweb.asm.MethodVisitor::<init> (7 bytes)
Event: 10.303 Thread 0x000001f97d9cb840 2549       3       jdk.internal.org.objectweb.asm.MethodWriter::visitEnd (1 bytes)
Event: 10.303 Thread 0x000001f97c2eb570 nmethod 2548 0x000001f960d7e610 code [0x000001f960d7e7c0, 0x000001f960d7e908]
Event: 10.303 Thread 0x000001f97d9cb840 nmethod 2549 0x000001f960d7e990 code [0x000001f960d7eb20, 0x000001f960d7ec38]
Event: 10.303 Thread 0x000001f97c2eb570 2550       3       jdk.internal.org.objectweb.asm.MethodWriter::computeMethodInfoSize (571 bytes)
Event: 10.303 Thread 0x000001f97d9cb840 2552       3       jdk.internal.org.objectweb.asm.MethodWriter::hasFrames (13 bytes)
Event: 10.303 Thread 0x000001f97d9cb330 nmethod 2546 0x000001f960d7ed10 code [0x000001f960d7eec0, 0x000001f960d7f248]
Event: 10.303 Thread 0x000001f97d9cb330 2553       3       jdk.internal.org.objectweb.asm.MethodWriter::putMethodInfo (1274 bytes)
Event: 10.303 Thread 0x000001f97c31cc50 2555   !   4       java.lang.ref.ReferenceQueue::poll (28 bytes)
Event: 10.303 Thread 0x000001f97d9cb840 nmethod 2552 0x000001f960d7f390 code [0x000001f960d7f520, 0x000001f960d7f698]
Event: 10.303 Thread 0x000001f97d9cb840 2554       3       jdk.internal.org.objectweb.asm.Handler::putExceptionTable (63 bytes)
Event: 10.304 Thread 0x000001f97d9cb840 nmethod 2554 0x000001f960d7f710 code [0x000001f960d7f920, 0x000001f960d7fda8]
Event: 10.304 Thread 0x000001f97d9cb840 2556       3       jdk.internal.org.objectweb.asm.MethodWriter::visitMaxs (60 bytes)
Event: 10.304 Thread 0x000001f97cd00080 nmethod 2547 0x000001f960d80090 code [0x000001f960d80320, 0x000001f960d810f8]
Event: 10.304 Thread 0x000001f97cd00080 2551       1       jdk.internal.org.objectweb.asm.SymbolTable::getConstantPoolCount (5 bytes)

GC Heap History (4 events):
Event: 2.982 GC heap before
{Heap before GC invocations=0 (full 0):
 garbage-first heap   total 253952K, used 26624K [0x0000000709800000, 0x0000000800000000)
  region size 2048K, 11 young (22528K), 0 survivors (0K)
 Metaspace       used 6601K, committed 6784K, reserved 1064960K
  class space    used 503K, committed 576K, reserved 1048576K
}
Event: 2.987 GC heap after
{Heap after GC invocations=1 (full 0):
 garbage-first heap   total 253952K, used 3824K [0x0000000709800000, 0x0000000800000000)
  region size 2048K, 2 young (4096K), 2 survivors (4096K)
 Metaspace       used 6601K, committed 6784K, reserved 1064960K
  class space    used 503K, committed 576K, reserved 1048576K
}
Event: 9.108 GC heap before
{Heap before GC invocations=1 (full 0):
 garbage-first heap   total 253952K, used 32496K [0x0000000709800000, 0x0000000800000000)
  region size 2048K, 17 young (34816K), 2 survivors (4096K)
 Metaspace       used 9237K, committed 9472K, reserved 1064960K
  class space    used 765K, committed 896K, reserved 1048576K
}
Event: 9.113 GC heap after
{Heap after GC invocations=2 (full 0):
 garbage-first heap   total 253952K, used 5408K [0x0000000709800000, 0x0000000800000000)
  region size 2048K, 2 young (4096K), 2 survivors (4096K)
 Metaspace       used 9237K, committed 9472K, reserved 1064960K
  class space    used 765K, committed 896K, reserved 1048576K
}

Deoptimization events (20 events):
Event: 9.857 Thread 0x000001f958fcf110 Uncommon trap: trap_request=0xffffffc6 fr.pc=0x000001f9684a80b4 relative=0x0000000000000ab4
Event: 9.857 Thread 0x000001f958fcf110 Uncommon trap: reason=bimorphic_or_optimized_type_check action=maybe_recompile pc=0x000001f9684a80b4 method=com.badlogic.gdx.assets.AssetLoadingTask.handleAsyncLoader()V @ 137 c2
Event: 9.857 Thread 0x000001f958fcf110 DEOPT PACKING pc=0x000001f9684a80b4 sp=0x00000062df6fe940
Event: 9.857 Thread 0x000001f958fcf110 DEOPT UNPACKING pc=0x000001f967ce23a3 sp=0x00000062df6fe820 mode 2
Event: 9.857 Thread 0x000001f958fcf110 Uncommon trap: trap_request=0xffffff45 fr.pc=0x000001f968481498 relative=0x0000000000000418
Event: 9.857 Thread 0x000001f958fcf110 Uncommon trap: reason=unstable_if action=reinterpret pc=0x000001f968481498 method=com.badlogic.gdx.assets.AssetManager.update(I)Z @ 15 c2
Event: 9.857 Thread 0x000001f958fcf110 DEOPT PACKING pc=0x000001f968481498 sp=0x00000062df6fe9d0
Event: 9.857 Thread 0x000001f958fcf110 DEOPT UNPACKING pc=0x000001f967ce23a3 sp=0x00000062df6fe988 mode 2
Event: 10.165 Thread 0x000001f958fcf110 DEOPT PACKING pc=0x000001f960c2c725 sp=0x00000062df6fe450
Event: 10.165 Thread 0x000001f958fcf110 DEOPT UNPACKING pc=0x000001f967ce2b43 sp=0x00000062df6fd8e8 mode 0
Event: 10.169 Thread 0x000001f958fcf110 DEOPT PACKING pc=0x000001f960c2c725 sp=0x00000062df6fe450
Event: 10.169 Thread 0x000001f958fcf110 DEOPT UNPACKING pc=0x000001f967ce2b43 sp=0x00000062df6fd8e8 mode 0
Event: 10.174 Thread 0x000001f958fcf110 DEOPT PACKING pc=0x000001f960c2c725 sp=0x00000062df6fe450
Event: 10.174 Thread 0x000001f958fcf110 DEOPT UNPACKING pc=0x000001f967ce2b43 sp=0x00000062df6fd8e8 mode 0
Event: 10.177 Thread 0x000001f958fcf110 DEOPT PACKING pc=0x000001f960c2c725 sp=0x00000062df6fe450
Event: 10.177 Thread 0x000001f958fcf110 DEOPT UNPACKING pc=0x000001f967ce2b43 sp=0x00000062df6fd8e8 mode 0
Event: 10.185 Thread 0x000001f90ec7c340 Uncommon trap: trap_request=0xffffff45 fr.pc=0x000001f96847ee4c relative=0x0000000000000eac
Event: 10.185 Thread 0x000001f90ec7c340 Uncommon trap: reason=unstable_if action=reinterpret pc=0x000001f96847ee4c method=java.util.concurrent.ConcurrentHashMap.putVal(Ljava/lang/Object;Ljava/lang/Object;Z)Ljava/lang/Object; @ 97 c2
Event: 10.185 Thread 0x000001f90ec7c340 DEOPT PACKING pc=0x000001f96847ee4c sp=0x00000062e36fe020
Event: 10.185 Thread 0x000001f90ec7c340 DEOPT UNPACKING pc=0x000001f967ce23a3 sp=0x00000062e36fdfa8 mode 2

Classes unloaded (0 events):
No events

Classes redefined (0 events):
No events

Internal exceptions (20 events):
Event: 0.598 Thread 0x000001f958fcf110 Exception <a 'sun/nio/fs/WindowsException'{0x0000000718497e88}> (0x0000000718497e88) 
thrown [s\open\src\hotspot\share\prims\jni.cpp, line 516]
Event: 0.598 Thread 0x000001f958fcf110 Exception <a 'sun/nio/fs/WindowsException'{0x00000007184981e8}> (0x00000007184981e8) 
thrown [s\open\src\hotspot\share\prims\jni.cpp, line 516]
Event: 0.659 Thread 0x000001f958fcf110 Exception <a 'sun/nio/fs/WindowsException'{0x00000007185340a0}> (0x00000007185340a0) 
thrown [s\open\src\hotspot\share\prims\jni.cpp, line 516]
Event: 0.660 Thread 0x000001f958fcf110 Exception <a 'sun/nio/fs/WindowsException'{0x0000000718534420}> (0x0000000718534420) 
thrown [s\open\src\hotspot\share\prims\jni.cpp, line 516]
Event: 1.812 Thread 0x000001f958fcf110 Exception <a 'java/lang/NoSuchMethodError'{0x00000007185849c8}: 'java.lang.Object java.lang.invoke.DirectMethodHandle$Holder.newInvokeSpecial(java.lang.Object, long)'> (0x00000007185849c8) 
thrown [s\open\src\hotspot\share\interpreter\linkResolver.cpp, line 759]
Event: 2.209 Thread 0x000001f958fcf110 Exception <a 'sun/nio/fs/WindowsException'{0x00000007182c0b10}> (0x00000007182c0b10) 
thrown [s\open\src\hotspot\share\prims\jni.cpp, line 516]
Event: 2.209 Thread 0x000001f958fcf110 Exception <a 'sun/nio/fs/WindowsException'{0x00000007182c0eb8}> (0x00000007182c0eb8) 
thrown [s\open\src\hotspot\share\prims\jni.cpp, line 516]
Event: 2.213 Thread 0x000001f958fcf110 Exception <a 'sun/nio/fs/WindowsException'{0x00000007182cc480}> (0x00000007182cc480) 
thrown [s\open\src\hotspot\share\prims\jni.cpp, line 516]
Event: 2.213 Thread 0x000001f958fcf110 Exception <a 'sun/nio/fs/WindowsException'{0x00000007182cc760}> (0x00000007182cc760) 
thrown [s\open\src\hotspot\share\prims\jni.cpp, line 516]
Event: 2.482 Thread 0x000001f958fcf110 Exception <a 'java/lang/ClassNotFoundException'{0x00000007181f7ae0}: sun/util/logging/resources/spi/loggingProvider> (0x00000007181f7ae0) 
thrown [s\open\src\hotspot\share\classfile\systemDictionary.cpp, line 256]
Event: 2.514 Thread 0x000001f958fcf110 Exception <a 'java/io/FileNotFoundException'{0x0000000717e7ea38}> (0x0000000717e7ea38) 
thrown [s\open\src\hotspot\share\prims\jni.cpp, line 516]
Event: 2.550 Thread 0x000001f958fcf110 Exception <a 'java/lang/NoSuchMethodError'{0x0000000717ecd588}: 'int java.lang.invoke.DirectMethodHandle$Holder.invokeVirtual(java.lang.Object, java.lang.Object)'> (0x0000000717ecd588) 
thrown [s\open\src\hotspot\share\interpreter\linkResolver.cpp, line 759]
Event: 2.553 Thread 0x000001f958fcf110 Exception <a 'java/lang/NoSuchMethodError'{0x0000000717ed79a8}: 'java.lang.Object java.lang.invoke.Invokers$Holder.invokeExact_MT(java.lang.Object, java.lang.Object, java.lang.Object, java.lang.Object, java.lang.Object, java.lang.Object)'> (0x0000000717ed79a8) 
thrown [s\open\src\hotspot\share\interpreter\linkResolver.cpp, line 759]
Event: 5.702 Thread 0x000001f958fcf110 Implicit null exception at 0x000001f968454d96 to 0x000001f968455020
Event: 7.962 Thread 0x000001f958fcf110 Exception <a 'java/lang/NoSuchMethodError'{0x00000007181333f0}: 'void java.lang.invoke.DirectMethodHandle$Holder.invokeStatic(java.lang.Object, java.lang.Object, java.lang.Object)'> (0x00000007181333f0) 
thrown [s\open\src\hotspot\share\interpreter\linkResolver.cpp, line 759]
Event: 8.099 Thread 0x000001f958fcf110 Exception <a 'java/lang/NoSuchMethodError'{0x00000007181de8d8}: 'java.lang.Object java.lang.invoke.DirectMethodHandle$Holder.invokeStaticInit(java.lang.Object, int, int, int, int)'> (0x00000007181de8d8) 
thrown [s\open\src\hotspot\share\interpreter\linkResolver.cpp, line 759]
Event: 10.113 Thread 0x000001f958fcf110 Exception <a 'java/lang/NoSuchMethodError'{0x0000000716ecaaf0}: 'void java.lang.invoke.DirectMethodHandle$Holder.invokeVirtual(java.lang.Object, java.lang.Object, java.lang.Object, java.lang.Object)'> (0x0000000716ecaaf0) 
thrown [s\open\src\hotspot\share\interpreter\linkResolver.cpp, line 759]
Event: 10.116 Thread 0x000001f958fcf110 Exception <a 'java/lang/NoSuchMethodError'{0x0000000716ed9100}: 'void java.lang.invoke.DirectMethodHandle$Holder.invokeVirtual(java.lang.Object, java.lang.Object)'> (0x0000000716ed9100) 
thrown [s\open\src\hotspot\share\interpreter\linkResolver.cpp, line 759]
Event: 10.117 Thread 0x000001f958fcf110 Exception <a 'java/lang/NoSuchMethodError'{0x0000000716ee2878}: 'void java.lang.invoke.DirectMethodHandle$Holder.invokeVirtual(java.lang.Object, java.lang.Object, int)'> (0x0000000716ee2878) 
thrown [s\open\src\hotspot\share\interpreter\linkResolver.cpp, line 759]
Event: 10.273 Thread 0x000001f958fcf110 Exception <a 'java/lang/NoSuchMethodError'{0x00000007168c2e40}: 'java.lang.Object java.lang.invoke.DirectMethodHandle$Holder.invokeStaticInit(java.lang.Object, java.lang.Object, int, int, int, int)'> (0x00000007168c2e40) 
thrown [s\open\src\hotspot\share\interpreter\linkResolver.cpp, line 759]

VM Operations (20 events):
Event: 5.121 Executing VM operation: Cleanup
Event: 5.121 Executing VM operation: Cleanup done
Event: 6.122 Executing VM operation: Cleanup
Event: 6.122 Executing VM operation: Cleanup done
Event: 8.080 Executing VM operation: HandshakeAllThreads
Event: 8.080 Executing VM operation: HandshakeAllThreads done
Event: 8.080 Executing VM operation: Cleanup
Event: 8.080 Executing VM operation: Cleanup done
Event: 9.108 Executing VM operation: G1CollectForAllocation
Event: 9.113 Executing VM operation: G1CollectForAllocation done
Event: 9.911 Executing VM operation: HandshakeAllThreads
Event: 9.911 Executing VM operation: HandshakeAllThreads done
Event: 10.084 Executing VM operation: HandshakeAllThreads
Event: 10.084 Executing VM operation: HandshakeAllThreads done
Event: 10.182 Executing VM operation: HandshakeAllThreads
Event: 10.182 Executing VM operation: HandshakeAllThreads done
Event: 10.183 Executing VM operation: Cleanup
Event: 10.183 Executing VM operation: Cleanup done
Event: 10.216 Executing VM operation: HandshakeAllThreads
Event: 10.216 Executing VM operation: HandshakeAllThreads done

Events (20 events):
Event: 10.207 loading class java/lang/constant/DynamicConstantDesc$AnonymousDynamicConstantDesc
Event: 10.207 loading class java/lang/constant/DynamicConstantDesc$AnonymousDynamicConstantDesc done
Event: 10.234 loading class java/net/NetworkInterface$1
Event: 10.234 loading class java/net/NetworkInterface$1 done
Event: 10.256 loading class java/nio/file/Files$AcceptAllFilter
Event: 10.256 loading class java/nio/file/DirectoryStream$Filter
Event: 10.256 loading class java/nio/file/DirectoryStream$Filter done
Event: 10.256 loading class java/nio/file/Files$AcceptAllFilter done
Event: 10.256 loading class sun/nio/fs/WindowsDirectoryStream$WindowsDirectoryIterator
Event: 10.256 loading class sun/nio/fs/WindowsDirectoryStream$WindowsDirectoryIterator done
Event: 10.257 loading class sun/nio/fs/WindowsPath$WindowsPathWithAttributes
Event: 10.257 loading class sun/nio/fs/BasicFileAttributesHolder
Event: 10.257 loading class sun/nio/fs/BasicFileAttributesHolder done
Event: 10.257 loading class sun/nio/fs/WindowsPath$WindowsPathWithAttributes done
Event: 10.275 loading class sun/security/provider/AbstractDrbg$NonceProvider
Event: 10.275 loading class sun/security/provider/AbstractDrbg$NonceProvider done
Event: 10.275 loading class sun/security/provider/SHA2$SHA256
Event: 10.275 loading class sun/security/provider/SHA2
Event: 10.275 loading class sun/security/provider/SHA2 done
Event: 10.275 loading class sun/security/provider/SHA2$SHA256 done


Dynamic libraries:
0x00007ff6473f0000 - 0x00007ff647400000 	C:\Program Files\Java\jdk-17\bin\java.exe
0x00007ffba77b0000 - 0x00007ffba79a8000 	C:\Windows\SYSTEM32\ntdll.dll
0x00007ffba7300000 - 0x00007ffba73bd000 	C:\Windows\System32\KERNEL32.DLL
0x00007ffba4f20000 - 0x00007ffba5216000 	C:\Windows\System32\KERNELBASE.dll
0x00007ffba5220000 - 0x00007ffba5320000 	C:\Windows\System32\ucrtbase.dll
0x00007ffb93320000 - 0x00007ffb93338000 	C:\Program Files\Java\jdk-17\bin\jli.dll
0x00007ffb932e0000 - 0x00007ffb932fb000 	C:\Program Files\Java\jdk-17\bin\VCRUNTIME140.dll
0x00007ffba7250000 - 0x00007ffba72fe000 	C:\Windows\System32\ADVAPI32.dll
0x00007ffba5810000 - 0x00007ffba58ae000 	C:\Windows\System32\msvcrt.dll
0x00007ffba58b0000 - 0x00007ffba594c000 	C:\Windows\System32\sechost.dll
0x00007ffba60e0000 - 0x00007ffba6206000 	C:\Windows\System32\RPCRT4.dll
0x00007ffba73c0000 - 0x00007ffba755e000 	C:\Windows\System32\USER32.dll
0x00007ffb9a290000 - 0x00007ffb9a52a000 	C:\Windows\WinSxS\amd64_microsoft.windows.common-controls_6595b64144ccf1df_6.0.19041.1110_none_60b5254171f9507e\COMCTL32.dll
0x00007ffba53f0000 - 0x00007ffba5412000 	C:\Windows\System32\win32u.dll
0x00007ffba6210000 - 0x00007ffba623c000 	C:\Windows\System32\GDI32.dll
0x00007ffba5640000 - 0x00007ffba575a000 	C:\Windows\System32\gdi32full.dll
0x00007ffba5350000 - 0x00007ffba53ed000 	C:\Windows\System32\msvcp_win.dll
0x00007ffb98ea0000 - 0x00007ffb98eaa000 	C:\Windows\SYSTEM32\VERSION.dll
0x00007ffba6250000 - 0x00007ffba6280000 	C:\Windows\System32\IMM32.DLL
0x00007ffb95130000 - 0x00007ffb9513c000 	C:\Program Files\Java\jdk-17\bin\vcruntime140_1.dll
0x00007ffb74be0000 - 0x00007ffb74c6e000 	C:\Program Files\Java\jdk-17\bin\msvcp140.dll
0x00007ffb5a8f0000 - 0x00007ffb5b4c7000 	C:\Program Files\Java\jdk-17\bin\server\jvm.dll
0x00007ffba6240000 - 0x00007ffba6248000 	C:\Windows\System32\PSAPI.DLL
0x00007ffb98e70000 - 0x00007ffb98e97000 	C:\Windows\SYSTEM32\WINMM.dll
0x00007ffb84120000 - 0x00007ffb84129000 	C:\Windows\SYSTEM32\WSOCK32.dll
0x00007ffba71e0000 - 0x00007ffba724b000 	C:\Windows\System32\WS2_32.dll
0x00007ffba36e0000 - 0x00007ffba36f2000 	C:\Windows\SYSTEM32\kernel.appcore.dll
0x00007ffb95040000 - 0x00007ffb9504a000 	C:\Program Files\Java\jdk-17\bin\jimage.dll
0x00007ffba2bb0000 - 0x00007ffba2d94000 	C:\Windows\SYSTEM32\DBGHELP.DLL
0x00007ffb96480000 - 0x00007ffb964b4000 	C:\Windows\SYSTEM32\dbgcore.DLL
0x00007ffba4e90000 - 0x00007ffba4f12000 	C:\Windows\System32\bcryptPrimitives.dll
0x00007ffb81d60000 - 0x00007ffb81d85000 	C:\Program Files\Java\jdk-17\bin\java.dll
0x00007ffb6f9c0000 - 0x00007ffb6fa97000 	C:\Program Files\Java\jdk-17\bin\jsvml.dll
0x00007ffba63f0000 - 0x00007ffba6b35000 	C:\Windows\System32\SHELL32.dll
0x00007ffba2f00000 - 0x00007ffba369b000 	C:\Windows\SYSTEM32\windows.storage.dll
0x00007ffba5c50000 - 0x00007ffba5fa4000 	C:\Windows\System32\combase.dll
0x00007ffba4860000 - 0x00007ffba488e000 	C:\Windows\SYSTEM32\Wldp.dll
0x00007ffba6b40000 - 0x00007ffba6bed000 	C:\Windows\System32\SHCORE.dll
0x00007ffba5b20000 - 0x00007ffba5b75000 	C:\Windows\System32\shlwapi.dll
0x00007ffba4dc0000 - 0x00007ffba4de5000 	C:\Windows\SYSTEM32\profapi.dll
0x00007ffb84150000 - 0x00007ffb84169000 	C:\Program Files\Java\jdk-17\bin\net.dll
0x00007ffb9f190000 - 0x00007ffb9f29a000 	C:\Windows\SYSTEM32\WINHTTP.dll
0x0000000180000000 - 0x000000018008c000 	C:\Windows\system32\ASProxy64.dll
0x00007ffba5fb0000 - 0x00007ffba60da000 	C:\Windows\System32\ole32.dll
0x00007ffba5b80000 - 0x00007ffba5c4d000 	C:\Windows\System32\OLEAUT32.dll
0x00007ffba42b0000 - 0x00007ffba42eb000 	C:\Windows\SYSTEM32\IPHLPAPI.DLL
0x00007ffba45c0000 - 0x00007ffba462a000 	C:\Windows\SYSTEM32\MSWSOCK.dll
0x00007ffba4d40000 - 0x00007ffba4d72000 	C:\Windows\SYSTEM32\SspiCli.dll
0x00007ffb83d50000 - 0x00007ffb83d66000 	C:\Program Files\Java\jdk-17\bin\nio.dll
0x00007ffb83bb0000 - 0x00007ffb83bc8000 	C:\Program Files\Java\jdk-17\bin\zip.dll
0x00007ffba2120000 - 0x00007ffba21be000 	C:\Windows\system32\uxtheme.dll
0x00007ffb94c00000 - 0x00007ffb94c10000 	C:\Program Files\Java\jdk-17\bin\verify.dll
0x0000000050410000 - 0x0000000050439000 	C:\Users\isaac\AppData\Local\Temp\libgdxisaac\e787ab0a\gdx64.dll
0x00007ffb83c80000 - 0x00007ffb83cf5000 	C:\Users\isaac\AppData\Local\Temp\lwjglisaac\3.3.1-build-7\lwjgl.dll
0x00007ffb5f670000 - 0x00007ffb5f8c9000 	C:\Users\isaac\AppData\Local\Temp\lwjglisaac\3.3.1-build-7\jemalloc.dll
0x00007ffb77370000 - 0x00007ffb773d1000 	C:\Users\isaac\AppData\Local\Temp\lwjglisaac\3.3.1-build-7\glfw.dll
0x00007ffb7e950000 - 0x00007ffb7e995000 	C:\Windows\SYSTEM32\dinput8.dll
0x00007ffb9d440000 - 0x00007ffb9d451000 	C:\Windows\SYSTEM32\xinput1_4.dll
0x00007ffba5420000 - 0x00007ffba546e000 	C:\Windows\System32\cfgmgr32.dll
0x00007ffba4c40000 - 0x00007ffba4c73000 	C:\Windows\SYSTEM32\DEVOBJ.dll
0x00007ffba24b0000 - 0x00007ffba24df000 	C:\Windows\SYSTEM32\dwmapi.dll
0x00007ffb7c850000 - 0x00007ffb7c9a2000 	C:\Windows\SYSTEM32\inputhost.dll
0x00007ffba0590000 - 0x00007ffba06e5000 	C:\Windows\SYSTEM32\wintypes.dll
0x00007ffba1d30000 - 0x00007ffba1e22000 	C:\Windows\SYSTEM32\CoreMessaging.dll
0x00007ffba2da0000 - 0x00007ffba2e96000 	C:\Windows\SYSTEM32\PROPSYS.dll
0x00007ffba1650000 - 0x00007ffba19ae000 	C:\Windows\SYSTEM32\CoreUIComponents.dll
0x00007ffba3fe0000 - 0x00007ffba4013000 	C:\Windows\SYSTEM32\ntmarta.dll
0x00007ffba7570000 - 0x00007ffba7684000 	C:\Windows\System32\MSCTF.dll
0x00007ffb6c360000 - 0x00007ffb6c4f7000 	C:\Users\isaac\AppData\Local\Temp\lwjglisaac\3.3.1-build-7\OpenAL.dll
0x00007ffba6bf0000 - 0x00007ffba6c99000 	C:\Windows\System32\clbcatq.dll
0x00007ffb9d930000 - 0x00007ffb9d9b5000 	C:\Windows\System32\MMDevApi.dll
0x00007ffb9d2a0000 - 0x00007ffb9d422000 	C:\Windows\SYSTEM32\AUDIOSES.DLL
0x00007ffba4bd0000 - 0x00007ffba4c1b000 	C:\Windows\SYSTEM32\powrprof.dll
0x00007ffba4bb0000 - 0x00007ffba4bc2000 	C:\Windows\SYSTEM32\UMPDC.dll
0x00007ffba24e0000 - 0x00007ffba24f4000 	C:\Windows\SYSTEM32\resourcepolicyclient.dll
0x00007ffb69540000 - 0x00007ffb69665000 	C:\Windows\SYSTEM32\opengl32.dll
0x00007ffb94f50000 - 0x00007ffb94f7c000 	C:\Windows\SYSTEM32\GLU32.dll
0x00007ffb9c490000 - 0x00007ffb9c592000 	C:\Windows\System32\AppXDeploymentClient.dll
0x00007ffb93280000 - 0x00007ffb932aa000 	C:\Windows\System32\DriverStore\FileRepository\u0363312.inf_amd64_08fc5018b1b99545\B363211\atig6pxx.dll
0x00007ffb55350000 - 0x00007ffb580f5000 	C:\Windows\System32\DriverStore\FileRepository\u0363312.inf_amd64_08fc5018b1b99545\B363211\atio6axx.dll
0x00007ffba6d10000 - 0x00007ffba717e000 	C:\Windows\System32\SETUPAPI.dll
0x00007ffba5320000 - 0x00007ffba5347000 	C:\Windows\System32\bcrypt.dll
0x00007ffb94f20000 - 0x00007ffb94f44000 	C:\Windows\SYSTEM32\dxva2.dll
0x00007ffb83e90000 - 0x00007ffb83ecc000 	C:\Windows\System32\DriverStore\FileRepository\u0363312.inf_amd64_08fc5018b1b99545\B363211\atig6txx.dll
0x00007ffb5eab0000 - 0x00007ffb5ec6f000 	C:\Windows\SYSTEM32\atiadlxx.dll
0x00007ffba55d0000 - 0x00007ffba5637000 	C:\Windows\System32\WINTRUST.dll
0x00007ffba5470000 - 0x00007ffba55ce000 	C:\Windows\System32\CRYPT32.dll
0x00007ffba49f0000 - 0x00007ffba4a02000 	C:\Windows\SYSTEM32\MSASN1.dll
0x00007ffb9eba0000 - 0x00007ffb9ebdb000 	C:\Windows\SYSTEM32\dxcore.dll
0x00007ffb752f0000 - 0x00007ffb7534d000 	C:\Users\isaac\AppData\Local\Temp\lwjglisaac\3.3.1-build-7\lwjgl_opengl.dll
0x00007ffb7c9b0000 - 0x00007ffb7caaa000 	C:\Windows\SYSTEM32\textinputframework.dll
0x00007ffb7f310000 - 0x00007ffb7f376000 	C:\Windows\system32\Oleacc.dll
0x00007ffb72850000 - 0x00007ffb72b45000 	C:\Windows\System32\uiautomationcore.dll
0x00007ffba47d0000 - 0x00007ffba47dc000 	C:\Windows\SYSTEM32\CRYPTBASE.DLL
0x00000000503b0000 - 0x000000005040a000 	C:\Users\isaac\AppData\Local\Temp\libgdxisaac\888fe1bc\gdx-box2d64.dll
0x00007ffba47b0000 - 0x00007ffba47c8000 	C:\Windows\SYSTEM32\CRYPTSP.dll
0x00007ffba3ec0000 - 0x00007ffba3ef4000 	C:\Windows\system32\rsaenh.dll
0x00007ffba4d80000 - 0x00007ffba4dae000 	C:\Windows\SYSTEM32\USERENV.dll
0x00007ffba6d00000 - 0x00007ffba6d08000 	C:\Windows\System32\NSI.dll
0x00007ffb9b8c0000 - 0x00007ffb9b8d7000 	C:\Windows\SYSTEM32\dhcpcsvc6.DLL
0x00007ffb9ce90000 - 0x00007ffb9cead000 	C:\Windows\SYSTEM32\dhcpcsvc.DLL
0x00007ffba42f0000 - 0x00007ffba43ba000 	C:\Windows\SYSTEM32\DNSAPI.dll

dbghelp: loaded successfully - version: 4.0.5 - missing functions: none
symbol engine: initialized successfully - sym options: 0x614 - pdb path: .;C:\Program Files\Java\jdk-17\bin;C:\Windows\SYSTEM32;C:\Windows\WinSxS\amd64_microsoft.windows.common-controls_6595b64144ccf1df_6.0.19041.1110_none_60b5254171f9507e;C:\Program Files\Java\jdk-17\bin\server;C:\Users\isaac\AppData\Local\Temp\libgdxisaac\e787ab0a;C:\Users\isaac\AppData\Local\Temp\lwjglisaac\3.3.1-build-7;C:\Windows\System32\DriverStore\FileRepository\u0363312.inf_amd64_08fc5018b1b99545\B363211;C:\Users\isaac\AppData\Local\Temp\libgdxisaac\888fe1bc

VM Arguments:
jvm_args: -XX:+ShowCodeDetailsInExceptionMessages 
java_command: com.csse3200.game.desktop.DesktopLauncher
java_class_path (initial): C:\Users\isaac\OneDrive\Documents\School\University of Queensland\UQ 2023\UQ 2023 Semester 2\CSSE3200\2023-studio-3\source\desktop\bin\main;\csse3200-game-core\bin\default;C:\Users\isaac\OneDrive\Documents\School\University of Queensland\UQ 2023\UQ 2023 Semester 2\CSSE3200\2023-studio-3\source\core\bin\main;C:\Users\isaac\.gradle\caches\modules-2\files-2.1\com.badlogicgames.gdx\gdx-backend-lwjgl3\1.11.0\58a96db4cd349be4292d547856aa1e1c5f065f4e\gdx-backend-lwjgl3-1.11.0.jar;C:\Users\isaac\.gradle\caches\modules-2\files-2.1\com.badlogicgames.gdx\gdx-platform\1.11.0\697fb13eada6d3c6ca648c9788692b0159add126\gdx-platform-1.11.0-natives-desktop.jar;C:\Users\isaac\.gradle\caches\modules-2\files-2.1\com.badlogicgames.gdx\gdx-box2d-platform\1.11.0\62ff9baa1e57a11e0a4428a38c9660bf9f312fdc\gdx-box2d-platform-1.11.0-natives-desktop.jar;C:\Users\isaac\.gradle\caches\modules-2\files-2.1\com.badlogicgames.gdx\gdx-tools\1.11.0\a5d30eafd0f2fbab314efdf6d98ebc27388b7c0a\gdx-tools-1.11.0.jar;C:\Users\isaac\.gradle\caches\modules-2\files-2.1\com.badlogicgames.gdx-controllers\gdx-controllers-desktop\2.2.2\625b3bdbe803e9c4af181b4791202cfcf776d805\gdx-controllers-desktop-2.2.2.jar;C:\Users\isaac\.gradle\caches\modules-2\files-2.1\com.badlogicgames.gdx\gdx-backend-lwjgl\1.11.0\33555a2cf8b4d9db4122b2fe42e7674b343d8b4\gdx-backend-lwjgl-1.11.0.jar;C:\Users\isaac\.gradle\caches\modules-2\files-2.1\com.badlogicgames.gdx\gdx-freetype\1.11.0\a3634ad2e6c56d251268d6ab5c0f66eee2841f2c\gdx-freetype-1.11.0.jar;C:\Users\isaac\.gradle\caches\modules-2\files-2.1\com.badlogicgames.gdx\gdx-backend-headless\1.11.0\3c3d0c951db72891d894df1725d09179fd0bca00\gdx-backend-headless-1.11.0.jar;C:\Users\isaac\.gradle\caches\modules-2\files-2.1\net.dermetfan.libgdx-utils\libgdx-utils-box2d\0.13.4\918d79a20ea3c898cdb3611782c5b2bfa6ec575b\libgdx-utils-box2d-0.13.4.jar;C:\Users\isaac\.gradle\caches\modules-2\files-2.1\com.badlogicgames.gdx\gdx-box2d\1.11.0\ad4facee800dd945d6d6e93dea2936bc135b
Launcher Type: SUN_STANDARD

[Global flags]
     intx CICompilerCount                          = 12                                        {product} {ergonomic}
     uint ConcGCThreads                            = 3                                         {product} {ergonomic}
     uint G1ConcRefinementThreads                  = 13                                        {product} {ergonomic}
   size_t G1HeapRegionSize                         = 2097152                                   {product} {ergonomic}
    uintx GCDrainStackTargetSize                   = 64                                        {product} {ergonomic}
   size_t InitialHeapSize                          = 260046848                                 {product} {ergonomic}
   size_t MarkStackSize                            = 4194304                                   {product} {ergonomic}
   size_t MaxHeapSize                              = 4135583744                                {product} {ergonomic}
   size_t MaxNewSize                               = 2480930816                                {product} {ergonomic}
   size_t MinHeapDeltaBytes                        = 2097152                                   {product} {ergonomic}
   size_t MinHeapSize                              = 8388608                                   {product} {ergonomic}
    uintx NonNMethodCodeHeapSize                   = 7602480                                {pd product} {ergonomic}
    uintx NonProfiledCodeHeapSize                  = 122027880                              {pd product} {ergonomic}
    uintx ProfiledCodeHeapSize                     = 122027880                              {pd product} {ergonomic}
    uintx ReservedCodeCacheSize                    = 251658240                              {pd product} {ergonomic}
     bool SegmentedCodeCache                       = true                                      {product} {ergonomic}
     bool ShowCodeDetailsInExceptionMessages       = true                                   {manageable} {command line}
   size_t SoftMaxHeapSize                          = 4135583744                             {manageable} {ergonomic}
     bool UseCompressedClassPointers               = true                           {product lp64_product} {ergonomic}
     bool UseCompressedOops                        = true                           {product lp64_product} {ergonomic}
     bool UseG1GC                                  = true                                      {product} {ergonomic}
     bool UseLargePagesIndividualAllocation        = false                                  {pd product} {ergonomic}

Logging:
Log output configuration:
 #0: stdout all=warning uptime,level,tags
 #1: stderr all=off uptime,level,tags

Environment Variables:
PATH=C:\Users\isaac\bin;C:\Program Files\Git\mingw64\bin;C:\Program Files\Git\usr\local\bin;C:\Program Files\Git\usr\bin;C:\Program Files\Git\usr\bin;C:\Program Files\Git\mingw64\bin;C:\Program Files\Git\usr\bin;C:\Users\isaac\bin;C:\Program Files\Common Files\Oracle\Java\javapath;C:\Program Files (x86)\Common Files\Oracle\Java\javapath;C:\Windows\system32;C:\Windows;C:\Windows\System32\Wbem;C:\Windows\System32\WindowsPowerShell\v1.0;C:\Windows\System32\OpenSSH;C:\Program Files\Microsoft SQL Server\Client SDK\ODBC\170\Tools\Binn;C:\Program Files (x86)\Microsoft SQL Server\150\Tools\Binn;C:\Program Files\Microsoft SQL Server\150\Tools\Binn;C:\Program Files\Microsoft SQL Server\150\DTS\Binn;C:\Program Files (x86)\Microsoft SQL Server\150\DTS\Binn;C:\Program Files\Azure Data Studio\bin;C:\Program Files\Git\cmd;C:\Program Files\PuTTY;C:\Program Files (x86)\Pololu\USB AVR Programmer v2\bin;C:\Program Files\nodejs;C:\Users\isaac\AppData\Local\Programs\Python\Python310\Scripts;C:\Users\isaac\AppData\Local\Programs\Python\Python310;C:\Users\isaac\AppData\Local\Microsoft\WindowsApps;C:\Users\isaac\AppData\Local\Programs\Microsoft VS Code\bin;C:\Program Files\Azure Data Studio\bin;C:\Users\isaac\AppData\Roaming\npm;C:\Program Files\Git\usr\bin\vendor_perl;C:\Program Files\Git\usr\bin\core_perl
USERNAME=isaac
SHELL=C:\Program Files\Git\usr\bin\bash.exe
DISPLAY=needs-to-be-defined
LANG=en_US.UTF-8
OS=Windows_NT
PROCESSOR_IDENTIFIER=AMD64 Family 23 Model 104 Stepping 1, AuthenticAMD



---------------  S Y S T E M  ---------------

OS:
 Windows 10 , 64 bit Build 19041 (10.0.19041.3393)
OS uptime: 8 days 4:51 hours

CPU: total 16 (initial active 16) (16 cores per cpu, 2 threads per core) family 23 model 104 stepping 1 microcode 0x0, cx8, cmov, fxsr, ht, mmx, 3dnowpref, sse, sse2, sse3, ssse3, sse4a, sse4.1, sse4.2, popcnt, lzcnt, tsc, tscinvbit, avx, avx2, aes, clmul, bmi1, bmi2, adx, sha, fma, vzeroupper, clflush, clflushopt

Memory: 4k page, system-wide physical 15769M (5041M free)
TotalPageFile size 19865M (AvailPageFile size 2918M)
current process WorkingSet (physical memory assigned to process): 462M, peak: 474M
current process commit charge ("private bytes"): 761M, peak: 775M

vm_info: Java HotSpot(TM) 64-Bit Server VM (17.0.6+9-LTS-190) for windows-amd64 JRE (17.0.6+9-LTS-190), built on Dec  6 2022 15:53:54 by "mach5one" with MS VC++ 17.1 (VS2022)

END.
