#
# A fatal error has been detected by the Java Runtime Environment:
#
#  EXCEPTION_ACCESS_VIOLATION (0xc0000005) at pc=0x00000000503eb9e2, pid=26164, tid=14356
#
# JRE version: Java(TM) SE Runtime Environment (17.0.6+9) (build 17.0.6+9-LTS-190)
# Java VM: Java HotSpot(TM) 64-Bit Server VM (17.0.6+9-LTS-190, mixed mode, sharing, tiered, compressed oops, compressed class ptrs, g1 gc, windows-amd64)
# Problematic frame:
# C  [gdx-box2d64.dll+0x3b9e2]
#
# No core dump will be written. Minidumps are not enabled by default on client versions of Windows
#
# If you would like to submit a bug report, please visit:
#   https://bugreport.java.com/bugreport/crash.jsp
# The crash happened outside the Java Virtual Machine in native code.
# See problematic frame for where to report the bug.
#

---------------  S U M M A R Y ------------

Command Line: -XX:+ShowCodeDetailsInExceptionMessages com.csse3200.game.desktop.DesktopLauncher

Host: AMD Ryzen 7 5700U with Radeon Graphics         , 16 cores, 15G,  Windows 10 , 64 bit Build 19041 (10.0.19041.3393)
Time: Wed Sep 27 17:55:38 2023 E. Australia Standard Time elapsed time: 25.131595 seconds (0d 0h 0m 25s)

---------------  T H R E A D  ---------------

Current thread (0x00000233200d0ae0):  JavaThread "main" [_thread_in_native, id=14356, stack(0x000000be0c800000,0x000000be0c900000)]

Stack: [0x000000be0c800000,0x000000be0c900000],  sp=0x000000be0c8fe9e0,  free space=1018k
Native frames: (J=compiled Java code, j=interpreted, Vv=VM code, C=native code)
C  [gdx-box2d64.dll+0x3b9e2]

Java frames: (J=compiled Java code, j=interpreted, Vv=VM code)
J 2417  com.badlogic.gdx.physics.box2d.World.jniRayCast(JFFFF)V (0 bytes) @ 0x000002332f6143f9 [0x000002332f6143a0+0x0000000000000059]
J 2799 c2 com.csse3200.game.components.tasks.StunTowerCombatTask.getPriority()I (16 bytes) @ 0x000002332f685dd4 [0x000002332f685ca0+0x0000000000000134]
J 2854 c2 com.csse3200.game.ai.tasks.AITaskComponent.update()V (42 bytes) @ 0x000002332f6a1fec [0x000002332f6a1e00+0x00000000000001ec]
J 2826 c2 com.csse3200.game.entities.EntityService.update()V (39 bytes) @ 0x000002332f69358c [0x000002332f6932c0+0x00000000000002cc]
J 2708 c1 com.csse3200.game.screens.MainGameScreen.render(F)V (122 bytes) @ 0x0000023327ea487c [0x0000023327ea4200+0x000000000000067c]
J 2554 c1 com.badlogic.gdx.backends.lwjgl3.Lwjgl3Window.update()Z (217 bytes) @ 0x0000023327e5f67c [0x0000023327e5e900+0x0000000000000d7c]
j  com.badlogic.gdx.backends.lwjgl3.Lwjgl3Application.loop()V+111
j  com.badlogic.gdx.backends.lwjgl3.Lwjgl3Application.<init>(Lcom/badlogic/gdx/ApplicationListener;Lcom/badlogic/gdx/backends/lwjgl3/Lwjgl3ApplicationConfiguration;)V+269
j  com.csse3200.game.desktop.DesktopLauncher.main([Ljava/lang/String;)V+19
v  ~StubRoutines::call_stub

siginfo: EXCEPTION_ACCESS_VIOLATION (0xc0000005), reading address 0x0000000000000000


Register to memory mapping:

RIP=0x00000000503eb9e2 gdx-box2d64.dll
RAX=0x000002334ee33f80 points into unknown readable memory: 0x000002334ee34f00 | 00 4f e3 4e 33 02 00 00
RBX=0x000002334ee2ca60 points into unknown readable memory: 0x000002334ee2f8e0 | e0 f8 e2 4e 33 02 00 00
RCX=0x0 is NULL
RDX=0x000002334ee3caa0 points into unknown readable memory: 0x000002334ee3dee0 | e0 de e3 4e 33 02 00 00
RSP=0x000000be0c8fe9e0 is pointing into the stack for thread: 0x00000233200d0ae0
RBP=0x000002334374b740 points into unknown readable memory: 0x0000000000000132 | 32 01 00 00 00 00 00 00
RSI=0x000000be0c8fea34 is pointing into the stack for thread: 0x00000233200d0ae0
RDI=0x000000be0c8fea68 is pointing into the stack for thread: 0x00000233200d0ae0
R8 =0x0 is NULL
R9 =0x000002334ee28c9c points into unknown readable memory: 4f 0f a9 40
R10=0x00000233200c9570 points into unknown readable memory: 0x0000004000000001 | 01 00 00 00 40 00 00 00
R11=0x000000be0c8fe920 is pointing into the stack for thread: 0x00000233200d0ae0
R12=0x000000be0c8fef90 is pointing into the stack for thread: 0x00000233200d0ae0
R13=0x000000be0c8fea60 is pointing into the stack for thread: 0x00000233200d0ae0
R14=0x000000be0c8fef80 is pointing into the stack for thread: 0x00000233200d0ae0
R15=0x000000be0c8fea40 is pointing into the stack for thread: 0x00000233200d0ae0


Registers:
RAX=0x000002334ee33f80, RBX=0x000002334ee2ca60, RCX=0x0000000000000000, RDX=0x000002334ee3caa0
RSP=0x000000be0c8fe9e0, RBP=0x000002334374b740, RSI=0x000000be0c8fea34, RDI=0x000000be0c8fea68
R8 =0x0000000000000000, R9 =0x000002334ee28c9c, R10=0x00000233200c9570, R11=0x000000be0c8fe920
R12=0x000000be0c8fef90, R13=0x000000be0c8fea60, R14=0x000000be0c8fef80, R15=0x000000be0c8fea40
RIP=0x00000000503eb9e2, EFLAGS=0x0000000000010283

Top of Stack: (sp=0x000000be0c8fe9e0)
0x000000be0c8fe9e0:   0000000000000000 0000000000000000
0x000000be0c8fe9f0:   0000000000000000 00000000503bc593
0x000000be0c8fea00:   000000be00000000 00000000503e3ced
0x000000be0c8fea10:   800000003f800000 3f8000003f800000
0x000000be0c8fea20:   000002334ee28150 40e68c92867c5fb9
0x000000be0c8fea30:   bf80000040200000 3e120a0f00000000
0x000000be0c8fea40:   402000003fc00000 4020000042260000
0x000000be0c8fea50:   000000003f800000 000000be0c8ff748
0x000000be0c8fea60:   000000be0c8fea68 0000011a00000070
0x000000be0c8fea70:   0000005700000230 0000001b00000094
0x000000be0c8fea80:   00000143000001df 0000000040000000
0x000000be0c8fea90:   00000000400c17e2 4105152c00000000
0x000000be0c8feaa0:   0000000000000000 4105152c400c17e2
0x000000be0c8feab0:   4000000000000000 800000003f800000
0x000000be0c8feac0:   0000000080000000 0000000000000000
0x000000be0c8fead0:   3dcccccd41200000 000000004f149810 

Instructions: (pc=0x00000000503eb9e2)
0x00000000503eb8e2:   0f 28 bc 24 a0 04 00 00 44 0f 28 84 24 b0 04 00
0x00000000503eb8f2:   00 44 0f 28 8c 24 c0 04 00 00 44 0f 28 94 24 d0
0x00000000503eb902:   04 00 00 44 0f 28 9c 24 e0 04 00 00 44 0f 28 a4
0x00000000503eb912:   24 f0 04 00 00 44 0f 28 ac 24 00 05 00 00 44 0f
0x00000000503eb922:   28 b4 24 10 05 00 00 44 0f 28 bc 24 20 05 00 00
0x00000000503eb932:   48 81 c4 38 05 00 00 5b 5e 5f 5d 41 5c 41 5d 41
0x00000000503eb942:   5e 41 5f c3 66 2e 0f 1f 84 00 00 00 00 00 45 0f
0x00000000503eb952:   28 d3 f3 44 0f 11 64 24 30 e9 3a fd ff ff 48 8d
0x00000000503eb962:   15 71 5f 00 00 48 8d 0d d9 60 00 00 41 b8 d1 00
0x00000000503eb972:   00 00 e8 17 82 ff ff e9 da fc ff ff 66 90 49 8b
0x00000000503eb982:   04 24 f3 0f 10 5c 24 3c 85 d2 f3 0f 11 5c 24 70
0x00000000503eb992:   49 8b 36 48 89 44 24 60 49 8b 44 24 08 48 89 44
0x00000000503eb9a2:   24 68 78 05 3b 56 14 7c 19 48 8d 15 26 5f 00 00
0x00000000503eb9b2:   48 8d 0d 47 5f 00 00 41 b8 9e 00 00 00 e8 cc 81
0x00000000503eb9c2:   ff ff 48 8b 46 08 48 8d 74 24 54 48 8b 44 18 10
0x00000000503eb9d2:   48 8b 58 10 44 8b 40 18 48 8b 4b 18 48 8b 53 10
0x00000000503eb9e2:   48 8b 01 4c 8d 4a 0c 44 89 44 24 20 48 89 f2 4d
0x00000000503eb9f2:   89 f8 ff 50 28 84 c0 f3 0f 10 44 24 70 0f 85 37
0x00000000503eba02:   01 00 00 0f 2e c6 7a 06 0f 84 a1 01 00 00 0f 2e
0x00000000503eba12:   c6 76 4f 45 0f 28 cb 45 0f 28 c4 41 0f 28 df f3
0x00000000503eba22:   44 0f 59 c8 45 0f 28 ef f3 44 0f 59 c0 41 0f 28
0x00000000503eba32:   fe f3 45 0f 58 cf f3 45 0f 58 c6 f3 41 0f 5f d9
0x00000000503eba42:   45 0f 2e f0 f3 45 0f 5d e9 f3 41 0f 5d f8 44 0f
0x00000000503eba52:   28 cb 0f 86 4c 01 00 00 45 0f 28 c6 f3 0f 11 44
0x00000000503eba62:   24 3c 8b 84 24 88 04 00 00 48 8b bc 24 80 00 00
0x00000000503eba72:   00 85 c0 0f 8f e6 fc ff ff e9 48 fe ff ff 8d 14
0x00000000503eba82:   00 8d 0c c5 00 00 00 00 89 94 24 8c 04 00 00 e8
0x00000000503eba92:   da 07 fd ff 4c 63 84 24 88 04 00 00 48 89 fa 48
0x00000000503ebaa2:   89 c1 48 89 84 24 80 00 00 00 49 c1 e0 02 e8 03
0x00000000503ebab2:   d4 ff ff 49 8d 45 08 48 39 c7 74 08 48 89 f9 e8
0x00000000503ebac2:   ba 07 fd ff 48 8b bc 24 80 00 00 00 8b 84 24 88
0x00000000503ebad2:   04 00 00 e9 c8 fd ff ff 8d 14 00 8d 0c c5 00 00 


Stack slot to memory mapping:
stack at sp + 0 slots: 0x0 is NULL
stack at sp + 1 slots: 0x0 is NULL
stack at sp + 2 slots: 0x0 is NULL
stack at sp + 3 slots: 0x00000000503bc593 gdx-box2d64.dll
stack at sp + 4 slots: 0x000000be00000000 is an unknown value
stack at sp + 5 slots: 0x00000000503e3ced gdx-box2d64.dll
stack at sp + 6 slots: 0x800000003f800000 is an unknown value
stack at sp + 7 slots: 0x3f8000003f800000 is an unknown value


---------------  P R O C E S S  ---------------

Threads class SMR info:
_java_thread_list=0x0000023344b319c0, length=109, elements={
0x00000233200d0ae0, 0x00000233433a1c00, 0x00000233433a2870, 0x00000233433be800,
0x0000023344000470, 0x0000023344000d30, 0x0000023344003600, 0x0000023344004390,
0x0000023344005650, 0x0000023344006f60, 0x000002334417e0c0, 0x0000023344192020,
0x000002334bd4a8e0, 0x000002334bc7c6f0, 0x000002334be9bd40, 0x00000233568b40e0,
0x0000023355d10700, 0x00000233200bf1d0, 0x00000233200bfb70, 0x00000233200c1380,
0x00000233200c0040, 0x00000233200c1850, 0x00000233200c0510, 0x00000233200c09e0,
0x00000233200c0eb0, 0x0000023355a42050, 0x0000023355a44200, 0x0000023355a45540,
0x0000023355a42520, 0x0000023355a429f0, 0x0000023355a42ec0, 0x0000023355a45070,
0x0000023355a45ee0, 0x0000023355a47bc0, 0x0000023355a43390, 0x0000023355a43d30,
0x0000023355a45a10, 0x0000023355a41b80, 0x0000023355a43860, 0x0000023355a40d10,
0x0000023355a446d0, 0x0000023355a44ba0, 0x0000023355a463b0, 0x0000023355a46d50,
0x0000023355a46880, 0x0000023355a416b0, 0x0000023355a47220, 0x0000023355a476f0,
0x0000023355a48560, 0x0000023355a411e0, 0x0000023346eb4970, 0x0000023346eb57e0,
0x0000023346eb0ae0, 0x0000023346eb6180, 0x0000023346eb5cb0, 0x0000023346eaf7a0,
0x0000023346eb0fb0, 0x0000023346eb2c90, 0x0000023346eb5310, 0x0000023346eafc70,
0x0000023346eb6650, 0x0000023346eb4e40, 0x0000023346eb22f0, 0x0000023346eaf2d0,
0x0000023346eb0140, 0x0000023346eb1480, 0x0000023346eb0610, 0x0000023346eb1e20,
0x0000023346eb6b20, 0x0000023346eb3b00, 0x0000023346eb27c0, 0x0000023346eb3160,
0x0000023346eb3630, 0x0000023346eb3fd0, 0x0000023346eb44a0, 0x0000023346939ee0,
0x000002334693d3d0, 0x000002334693a3b0, 0x000002334693c560, 0x0000023346939070,
0x0000023346935b80, 0x0000023346937d30, 0x0000023346939540, 0x000002334693ad50,
0x0000023346938200, 0x0000023346936520, 0x00000233469386d0, 0x0000023346936050,
0x00000233469369f0, 0x0000023346939a10, 0x0000023346936ec0, 0x0000023346938ba0,
0x000002334693a880, 0x000002334693b220, 0x000002334693b6f0, 0x000002334693bbc0,
0x0000023346937390, 0x000002334693ca30, 0x000002334693cf00, 0x000002334693c090,
0x0000023346937860, 0x0000023355a48090, 0x000002334704a0b0, 0x0000023347051430,
0x000002334704a580, 0x000002334704aa50, 0x000002334704af20, 0x000002334704da70,
0x000002334704e8e0
}

Java Threads: ( => current thread )
=>0x00000233200d0ae0 JavaThread "main" [_thread_in_native, id=14356, stack(0x000000be0c800000,0x000000be0c900000)]
  0x00000233433a1c00 JavaThread "Reference Handler" daemon [_thread_blocked, id=25564, stack(0x000000be0cf00000,0x000000be0d000000)]
  0x00000233433a2870 JavaThread "Finalizer" daemon [_thread_blocked, id=23412, stack(0x000000be0d000000,0x000000be0d100000)]
  0x00000233433be800 JavaThread "Signal Dispatcher" daemon [_thread_blocked, id=7912, stack(0x000000be0d100000,0x000000be0d200000)]
  0x0000023344000470 JavaThread "Attach Listener" daemon [_thread_blocked, id=15140, stack(0x000000be0d200000,0x000000be0d300000)]
  0x0000023344000d30 JavaThread "Service Thread" daemon [_thread_blocked, id=23764, stack(0x000000be0d300000,0x000000be0d400000)]
  0x0000023344003600 JavaThread "Monitor Deflation Thread" daemon [_thread_blocked, id=1852, stack(0x000000be0d400000,0x000000be0d500000)]
  0x0000023344004390 JavaThread "C2 CompilerThread0" daemon [_thread_blocked, id=4976, stack(0x000000be0d500000,0x000000be0d600000)]
  0x0000023344005650 JavaThread "C1 CompilerThread0" daemon [_thread_blocked, id=14976, stack(0x000000be0d600000,0x000000be0d700000)]
  0x0000023344006f60 JavaThread "Sweeper thread" daemon [_thread_blocked, id=26236, stack(0x000000be0d700000,0x000000be0d800000)]
  0x000002334417e0c0 JavaThread "Notification Thread" daemon [_thread_blocked, id=17720, stack(0x000000be0d900000,0x000000be0da00000)]
  0x0000023344192020 JavaThread "Common-Cleaner" daemon [_thread_blocked, id=8752, stack(0x000000be0db00000,0x000000be0dc00000)]
  0x000002334bd4a8e0 JavaThread "AssetManager" daemon [_thread_blocked, id=17820, stack(0x000000be0f400000,0x000000be0f500000)]
  0x000002334bc7c6f0 JavaThread "LWJGL3 Timer" daemon [_thread_blocked, id=15920, stack(0x000000be0f300000,0x000000be0f400000)]
  0x000002334be9bd40 JavaThread "AssetManager" daemon [_thread_blocked, id=9884, stack(0x000000be0d800000,0x000000be0d900000)]
  0x00000233568b40e0 JavaThread "Timer-0" [_thread_blocked, id=8360, stack(0x000000be10800000,0x000000be10900000)]
  0x0000023355d10700 JavaThread "Timer" daemon [_thread_blocked, id=12580, stack(0x000000be10000000,0x000000be10100000)]
  0x00000233200bf1d0 JavaThread "Timer-1" [_thread_blocked, id=5000, stack(0x000000be0fe00000,0x000000be0ff00000)]
  0x00000233200bfb70 JavaThread "Timer-2" [_thread_blocked, id=24904, stack(0x000000be0ff00000,0x000000be10000000)]
  0x00000233200c1380 JavaThread "Timer-3" [_thread_blocked, id=26652, stack(0x000000be10100000,0x000000be10200000)]
  0x00000233200c0040 JavaThread "Timer-4" [_thread_blocked, id=10768, stack(0x000000be10300000,0x000000be10400000)]
  0x00000233200c1850 JavaThread "Timer-5" [_thread_blocked, id=5568, stack(0x000000be10400000,0x000000be10500000)]
  0x00000233200c0510 JavaThread "Timer-6" [_thread_blocked, id=3820, stack(0x000000be10500000,0x000000be10600000)]
  0x00000233200c09e0 JavaThread "Timer-7" [_thread_blocked, id=1652, stack(0x000000be10600000,0x000000be10700000)]
  0x00000233200c0eb0 JavaThread "Timer-8" [_thread_blocked, id=9032, stack(0x000000be10700000,0x000000be10800000)]
  0x0000023355a42050 JavaThread "Timer-9" [_thread_blocked, id=10548, stack(0x000000be10900000,0x000000be10a00000)]
  0x0000023355a44200 JavaThread "Timer-10" [_thread_blocked, id=11088, stack(0x000000be10a00000,0x000000be10b00000)]
  0x0000023355a45540 JavaThread "Timer-11" [_thread_blocked, id=15100, stack(0x000000be10b00000,0x000000be10c00000)]
  0x0000023355a42520 JavaThread "Timer-12" [_thread_blocked, id=2420, stack(0x000000be10c00000,0x000000be10d00000)]
  0x0000023355a429f0 JavaThread "Timer-13" [_thread_blocked, id=3120, stack(0x000000be10d00000,0x000000be10e00000)]
  0x0000023355a42ec0 JavaThread "Timer-14" [_thread_blocked, id=3960, stack(0x000000be10e00000,0x000000be10f00000)]
  0x0000023355a45070 JavaThread "Timer-15" [_thread_blocked, id=22252, stack(0x000000be10f00000,0x000000be11000000)]
  0x0000023355a45ee0 JavaThread "Timer-17" [_thread_blocked, id=18192, stack(0x000000be11100000,0x000000be11200000)]
  0x0000023355a47bc0 JavaThread "Timer-18" [_thread_blocked, id=7552, stack(0x000000be11200000,0x000000be11300000)]
  0x0000023355a43390 JavaThread "Timer-19" [_thread_blocked, id=3116, stack(0x000000be11300000,0x000000be11400000)]
  0x0000023355a43d30 JavaThread "Timer-20" [_thread_blocked, id=9012, stack(0x000000be11400000,0x000000be11500000)]
  0x0000023355a45a10 JavaThread "Timer-21" [_thread_blocked, id=26328, stack(0x000000be11500000,0x000000be11600000)]
  0x0000023355a41b80 JavaThread "Timer-22" [_thread_blocked, id=20956, stack(0x000000be11600000,0x000000be11700000)]
  0x0000023355a43860 JavaThread "Timer-23" [_thread_blocked, id=26232, stack(0x000000be11700000,0x000000be11800000)]
  0x0000023355a40d10 JavaThread "Timer-24" [_thread_blocked, id=7440, stack(0x000000be11800000,0x000000be11900000)]
  0x0000023355a446d0 JavaThread "Timer-25" [_thread_blocked, id=13392, stack(0x000000be11900000,0x000000be11a00000)]
  0x0000023355a44ba0 JavaThread "Timer-26" [_thread_blocked, id=22200, stack(0x000000be11a00000,0x000000be11b00000)]
  0x0000023355a463b0 JavaThread "Timer-27" [_thread_blocked, id=14680, stack(0x000000be11b00000,0x000000be11c00000)]
  0x0000023355a46d50 JavaThread "Timer-28" [_thread_blocked, id=16676, stack(0x000000be11c00000,0x000000be11d00000)]
  0x0000023355a46880 JavaThread "Timer-29" [_thread_blocked, id=17260, stack(0x000000be11d00000,0x000000be11e00000)]
  0x0000023355a416b0 JavaThread "Timer-30" [_thread_blocked, id=17256, stack(0x000000be11e00000,0x000000be11f00000)]
  0x0000023355a47220 JavaThread "Timer-31" [_thread_blocked, id=12880, stack(0x000000be11f00000,0x000000be12000000)]
  0x0000023355a476f0 JavaThread "Timer-32" [_thread_blocked, id=20784, stack(0x000000be12000000,0x000000be12100000)]
  0x0000023355a48560 JavaThread "Timer-33" [_thread_blocked, id=25148, stack(0x000000be12100000,0x000000be12200000)]
  0x0000023355a411e0 JavaThread "Timer-34" [_thread_blocked, id=22280, stack(0x000000be12200000,0x000000be12300000)]
  0x0000023346eb4970 JavaThread "Timer-35" [_thread_blocked, id=22536, stack(0x000000be12300000,0x000000be12400000)]
  0x0000023346eb57e0 JavaThread "Timer-36" [_thread_blocked, id=4408, stack(0x000000be12400000,0x000000be12500000)]
  0x0000023346eb0ae0 JavaThread "Timer-37" [_thread_blocked, id=22372, stack(0x000000be12500000,0x000000be12600000)]
  0x0000023346eb6180 JavaThread "Timer-38" [_thread_blocked, id=22744, stack(0x000000be12600000,0x000000be12700000)]
  0x0000023346eb5cb0 JavaThread "Timer-39" [_thread_blocked, id=20872, stack(0x000000be12700000,0x000000be12800000)]
  0x0000023346eaf7a0 JavaThread "Timer-40" [_thread_blocked, id=10552, stack(0x000000be12800000,0x000000be12900000)]
  0x0000023346eb0fb0 JavaThread "Timer-41" [_thread_blocked, id=24796, stack(0x000000be12900000,0x000000be12a00000)]
  0x0000023346eb2c90 JavaThread "Timer-42" [_thread_blocked, id=7592, stack(0x000000be12a00000,0x000000be12b00000)]
  0x0000023346eb5310 JavaThread "Timer-43" [_thread_blocked, id=20476, stack(0x000000be12b00000,0x000000be12c00000)]
  0x0000023346eafc70 JavaThread "Timer-44" [_thread_blocked, id=14484, stack(0x000000be12c00000,0x000000be12d00000)]
  0x0000023346eb6650 JavaThread "Timer-45" [_thread_blocked, id=22728, stack(0x000000be12d00000,0x000000be12e00000)]
  0x0000023346eb4e40 JavaThread "Timer-46" [_thread_blocked, id=27048, stack(0x000000be12e00000,0x000000be12f00000)]
  0x0000023346eb22f0 JavaThread "Timer-47" [_thread_blocked, id=4468, stack(0x000000be12f00000,0x000000be13000000)]
  0x0000023346eaf2d0 JavaThread "Timer-48" [_thread_blocked, id=15076, stack(0x000000be13000000,0x000000be13100000)]
  0x0000023346eb0140 JavaThread "Timer-49" [_thread_blocked, id=17804, stack(0x000000be13100000,0x000000be13200000)]
  0x0000023346eb1480 JavaThread "Timer-50" [_thread_blocked, id=21560, stack(0x000000be13200000,0x000000be13300000)]
  0x0000023346eb0610 JavaThread "Timer-51" [_thread_blocked, id=12808, stack(0x000000be13300000,0x000000be13400000)]
  0x0000023346eb1e20 JavaThread "Timer-53" [_thread_blocked, id=15476, stack(0x000000be13500000,0x000000be13600000)]
  0x0000023346eb6b20 JavaThread "Timer-54" [_thread_blocked, id=2864, stack(0x000000be13600000,0x000000be13700000)]
  0x0000023346eb3b00 JavaThread "Timer-55" [_thread_blocked, id=18696, stack(0x000000be13700000,0x000000be13800000)]
  0x0000023346eb27c0 JavaThread "Timer-56" [_thread_blocked, id=5308, stack(0x000000be13800000,0x000000be13900000)]
  0x0000023346eb3160 JavaThread "Timer-57" [_thread_blocked, id=23260, stack(0x000000be13900000,0x000000be13a00000)]
  0x0000023346eb3630 JavaThread "Timer-58" [_thread_blocked, id=6376, stack(0x000000be13a00000,0x000000be13b00000)]
  0x0000023346eb3fd0 JavaThread "Timer-59" [_thread_blocked, id=25472, stack(0x000000be13b00000,0x000000be13c00000)]
  0x0000023346eb44a0 JavaThread "Timer-60" [_thread_blocked, id=27180, stack(0x000000be13c00000,0x000000be13d00000)]
  0x0000023346939ee0 JavaThread "Timer-61" [_thread_blocked, id=2792, stack(0x000000be13d00000,0x000000be13e00000)]
  0x000002334693d3d0 JavaThread "Timer-62" [_thread_blocked, id=24884, stack(0x000000be13e00000,0x000000be13f00000)]
  0x000002334693a3b0 JavaThread "Timer-63" [_thread_blocked, id=4772, stack(0x000000be13f00000,0x000000be14000000)]
  0x000002334693c560 JavaThread "Timer-64" [_thread_blocked, id=20800, stack(0x000000be14000000,0x000000be14100000)]
  0x0000023346939070 JavaThread "Timer-65" [_thread_blocked, id=23880, stack(0x000000be14100000,0x000000be14200000)]
  0x0000023346935b80 JavaThread "Timer-66" [_thread_blocked, id=10684, stack(0x000000be14200000,0x000000be14300000)]
  0x0000023346937d30 JavaThread "Timer-67" [_thread_blocked, id=20092, stack(0x000000be11000000,0x000000be11100000)]
  0x0000023346939540 JavaThread "Timer-68" [_thread_blocked, id=5540, stack(0x000000be14300000,0x000000be14400000)]
  0x000002334693ad50 JavaThread "Timer-69" [_thread_blocked, id=25024, stack(0x000000be14400000,0x000000be14500000)]
  0x0000023346938200 JavaThread "Timer-70" [_thread_blocked, id=27632, stack(0x000000be14500000,0x000000be14600000)]
  0x0000023346936520 JavaThread "Timer-71" [_thread_blocked, id=9324, stack(0x000000be14600000,0x000000be14700000)]
  0x00000233469386d0 JavaThread "Timer-72" [_thread_blocked, id=13752, stack(0x000000be14700000,0x000000be14800000)]
  0x0000023346936050 JavaThread "Timer-73" [_thread_blocked, id=18920, stack(0x000000be14800000,0x000000be14900000)]
  0x00000233469369f0 JavaThread "Timer-74" [_thread_blocked, id=21012, stack(0x000000be14900000,0x000000be14a00000)]
  0x0000023346939a10 JavaThread "Timer-75" [_thread_blocked, id=600, stack(0x000000be14a00000,0x000000be14b00000)]
  0x0000023346936ec0 JavaThread "Timer-76" [_thread_blocked, id=3716, stack(0x000000be14b00000,0x000000be14c00000)]
  0x0000023346938ba0 JavaThread "Timer-77" [_thread_blocked, id=25108, stack(0x000000be14c00000,0x000000be14d00000)]
  0x000002334693a880 JavaThread "Timer-78" [_thread_blocked, id=17172, stack(0x000000be14d00000,0x000000be14e00000)]
  0x000002334693b220 JavaThread "Timer-79" [_thread_blocked, id=13100, stack(0x000000be14e00000,0x000000be14f00000)]
  0x000002334693b6f0 JavaThread "Timer-80" [_thread_blocked, id=22948, stack(0x000000be14f00000,0x000000be15000000)]
  0x000002334693bbc0 JavaThread "Timer-81" [_thread_blocked, id=8352, stack(0x000000be15000000,0x000000be15100000)]
  0x0000023346937390 JavaThread "Timer-82" [_thread_blocked, id=16044, stack(0x000000be15100000,0x000000be15200000)]
  0x000002334693ca30 JavaThread "Timer-83" [_thread_blocked, id=22972, stack(0x000000be15200000,0x000000be15300000)]
  0x000002334693cf00 JavaThread "Timer-84" [_thread_blocked, id=13936, stack(0x000000be15300000,0x000000be15400000)]
  0x000002334693c090 JavaThread "Timer-85" [_thread_blocked, id=27344, stack(0x000000be15400000,0x000000be15500000)]
  0x0000023346937860 JavaThread "Timer-86" [_thread_blocked, id=19160, stack(0x000000be15500000,0x000000be15600000)]
  0x0000023355a48090 JavaThread "Timer-87" [_thread_blocked, id=13080, stack(0x000000be15600000,0x000000be15700000)]
  0x000002334704a0b0 JavaThread "Timer-88" [_thread_blocked, id=22312, stack(0x000000be15700000,0x000000be15800000)]
  0x0000023347051430 JavaThread "Timer-89" [_thread_blocked, id=16752, stack(0x000000be15800000,0x000000be15900000)]
  0x000002334704a580 JavaThread "Timer-90" [_thread_blocked, id=25632, stack(0x000000be15900000,0x000000be15a00000)]
  0x000002334704aa50 JavaThread "Timer-91" [_thread_blocked, id=4548, stack(0x000000be15a00000,0x000000be15b00000)]
  0x000002334704af20 JavaThread "Timer-92" [_thread_blocked, id=15880, stack(0x000000be15b00000,0x000000be15c00000)]
  0x000002334704da70 JavaThread "Timer-93" [_thread_blocked, id=316, stack(0x000000be13400000,0x000000be13500000)]
  0x000002334704e8e0 JavaThread "Timer-94" [_thread_blocked, id=20544, stack(0x000000be15c00000,0x000000be15d00000)]

Other Threads:
  0x000002334339e100 VMThread "VM Thread" [stack: 0x000000be0ce00000,0x000000be0cf00000] [id=12512]
  0x00000233441879b0 WatcherThread [stack: 0x000000be0da00000,0x000000be0db00000] [id=17700]
  0x0000023320141020 GCTaskThread "GC Thread#0" [stack: 0x000000be0c900000,0x000000be0ca00000] [id=23224]
  0x000002334bb7d360 GCTaskThread "GC Thread#1" [stack: 0x000000be0f500000,0x000000be0f600000] [id=6088]
  0x000002334bb7e0d0 GCTaskThread "GC Thread#2" [stack: 0x000000be0f600000,0x000000be0f700000] [id=23532]
  0x000002334bb7bde0 GCTaskThread "GC Thread#3" [stack: 0x000000be0f700000,0x000000be0f800000] [id=17904]
  0x000002334bb7ee40 GCTaskThread "GC Thread#4" [stack: 0x000000be0f800000,0x000000be0f900000] [id=14196]
  0x000002334bb7c8a0 GCTaskThread "GC Thread#5" [stack: 0x000000be0f900000,0x000000be0fa00000] [id=15384]
  0x000002334bb7eb90 GCTaskThread "GC Thread#6" [stack: 0x000000be0fa00000,0x000000be0fb00000] [id=14064]
  0x000002334bb7e380 GCTaskThread "GC Thread#7" [stack: 0x000000be0fb00000,0x000000be0fc00000] [id=26772]
  0x000002334bb7c090 GCTaskThread "GC Thread#8" [stack: 0x000000be0fc00000,0x000000be0fd00000] [id=23944]
  0x000002334bf0b430 GCTaskThread "GC Thread#9" [stack: 0x000000be10200000,0x000000be10300000] [id=21924]
  0x0000023320155d20 ConcurrentGCThread "G1 Main Marker" [stack: 0x000000be0ca00000,0x000000be0cb00000] [id=296]
  0x0000023320156630 ConcurrentGCThread "G1 Conc#0" [stack: 0x000000be0cb00000,0x000000be0cc00000] [id=14820]
  0x00000233432586f0 ConcurrentGCThread "G1 Refine#0" [stack: 0x000000be0cc00000,0x000000be0cd00000] [id=16716]
  0x0000023343258f20 ConcurrentGCThread "G1 Service" [stack: 0x000000be0cd00000,0x000000be0ce00000] [id=24256]

Threads with active compile tasks:

VM state: not at safepoint (normal execution)

VM Mutex/Monitor currently owned by a thread: None

Heap address: 0x0000000709800000, size: 3944 MB, Compressed Oops mode: Zero based, Oop shift amount: 3

CDS archive(s) mapped at: [0x0000000800000000-0x0000000800bd0000-0x0000000800bd0000), size 12386304, SharedBaseAddress: 0x0000000800000000, ArchiveRelocationMode: 0.
Compressed class space mapped at: 0x0000000800c00000-0x0000000840c00000, reserved size: 1073741824
Narrow klass base: 0x0000000800000000, Narrow klass shift: 0, Narrow klass range: 0x100000000

GC Precious Log:
 CPUs: 16 total, 16 available
 Memory: 15769M
 Large Page Support: Disabled
 NUMA Support: Disabled
 Compressed Oops: Enabled (Zero based)
 Heap Region Size: 2M
 Heap Min Capacity: 8M
 Heap Initial Capacity: 248M
 Heap Max Capacity: 3944M
 Pre-touch: Disabled
 Parallel Workers: 13
 Concurrent Workers: 3
 Concurrent Refinement Workers: 13
 Periodic GC: Disabled

Heap:
 garbage-first heap   total 253952K, used 64686K [0x0000000709800000, 0x0000000800000000)
  region size 2048K, 31 young (63488K), 2 survivors (4096K)
 Metaspace       used 10985K, committed 11136K, reserved 1064960K
  class space    used 972K, committed 1024K, reserved 1048576K

Heap Regions: E=young(eden), S=young(survivor), O=old, HS=humongous(starts), HC=humongous(continues), CS=collection set, F=free, OA=open archive, CA=closed archive, TAMS=top-at-mark-start (previous, next)
|   0|0x0000000709800000, 0x0000000709a00000, 0x0000000709a00000|100%| O|  |TAMS 0x0000000709800000, 0x0000000709800000| Untracked 
|   1|0x0000000709a00000, 0x0000000709b0b800, 0x0000000709c00000| 52%| O|  |TAMS 0x0000000709a00000, 0x0000000709a00000| Untracked 
|   2|0x0000000709c00000, 0x0000000709e00000, 0x0000000709e00000|100%|HS|  |TAMS 0x0000000709c00000, 0x0000000709c00000| Complete 
|   3|0x0000000709e00000, 0x0000000709e00000, 0x000000070a000000|  0%| F|  |TAMS 0x0000000709e00000, 0x0000000709e00000| Untracked 
|   4|0x000000070a000000, 0x000000070a000000, 0x000000070a200000|  0%| F|  |TAMS 0x000000070a000000, 0x000000070a000000| Untracked 
|   5|0x000000070a200000, 0x000000070a200000, 0x000000070a400000|  0%| F|  |TAMS 0x000000070a200000, 0x000000070a200000| Untracked 
|   6|0x000000070a400000, 0x000000070a400000, 0x000000070a600000|  0%| F|  |TAMS 0x000000070a400000, 0x000000070a400000| Untracked 
|   7|0x000000070a600000, 0x000000070a600000, 0x000000070a800000|  0%| F|  |TAMS 0x000000070a600000, 0x000000070a600000| Untracked 
|   8|0x000000070a800000, 0x000000070a800000, 0x000000070aa00000|  0%| F|  |TAMS 0x000000070a800000, 0x000000070a800000| Untracked 
|   9|0x000000070aa00000, 0x000000070aa00000, 0x000000070ac00000|  0%| F|  |TAMS 0x000000070aa00000, 0x000000070aa00000| Untracked 
|  10|0x000000070ac00000, 0x000000070ac00000, 0x000000070ae00000|  0%| F|  |TAMS 0x000000070ac00000, 0x000000070ac00000| Untracked 
|  11|0x000000070ae00000, 0x000000070ae00000, 0x000000070b000000|  0%| F|  |TAMS 0x000000070ae00000, 0x000000070ae00000| Untracked 
|  12|0x000000070b000000, 0x000000070b000000, 0x000000070b200000|  0%| F|  |TAMS 0x000000070b000000, 0x000000070b000000| Untracked 
|  13|0x000000070b200000, 0x000000070b200000, 0x000000070b400000|  0%| F|  |TAMS 0x000000070b200000, 0x000000070b200000| Untracked 
|  14|0x000000070b400000, 0x000000070b400000, 0x000000070b600000|  0%| F|  |TAMS 0x000000070b400000, 0x000000070b400000| Untracked 
|  15|0x000000070b600000, 0x000000070b600000, 0x000000070b800000|  0%| F|  |TAMS 0x000000070b600000, 0x000000070b600000| Untracked 
|  16|0x000000070b800000, 0x000000070b800000, 0x000000070ba00000|  0%| F|  |TAMS 0x000000070b800000, 0x000000070b800000| Untracked 
|  17|0x000000070ba00000, 0x000000070ba00000, 0x000000070bc00000|  0%| F|  |TAMS 0x000000070ba00000, 0x000000070ba00000| Untracked 
|  18|0x000000070bc00000, 0x000000070bc00000, 0x000000070be00000|  0%| F|  |TAMS 0x000000070bc00000, 0x000000070bc00000| Untracked 
|  19|0x000000070be00000, 0x000000070be00000, 0x000000070c000000|  0%| F|  |TAMS 0x000000070be00000, 0x000000070be00000| Untracked 
|  20|0x000000070c000000, 0x000000070c000000, 0x000000070c200000|  0%| F|  |TAMS 0x000000070c000000, 0x000000070c000000| Untracked 
|  21|0x000000070c200000, 0x000000070c200000, 0x000000070c400000|  0%| F|  |TAMS 0x000000070c200000, 0x000000070c200000| Untracked 
|  22|0x000000070c400000, 0x000000070c400000, 0x000000070c600000|  0%| F|  |TAMS 0x000000070c400000, 0x000000070c400000| Untracked 
|  23|0x000000070c600000, 0x000000070c600000, 0x000000070c800000|  0%| F|  |TAMS 0x000000070c600000, 0x000000070c600000| Untracked 
|  24|0x000000070c800000, 0x000000070c800000, 0x000000070ca00000|  0%| F|  |TAMS 0x000000070c800000, 0x000000070c800000| Untracked 
|  25|0x000000070ca00000, 0x000000070ca00000, 0x000000070cc00000|  0%| F|  |TAMS 0x000000070ca00000, 0x000000070ca00000| Untracked 
|  26|0x000000070cc00000, 0x000000070cc00000, 0x000000070ce00000|  0%| F|  |TAMS 0x000000070cc00000, 0x000000070cc00000| Untracked 
|  27|0x000000070ce00000, 0x000000070ce00000, 0x000000070d000000|  0%| F|  |TAMS 0x000000070ce00000, 0x000000070ce00000| Untracked 
|  28|0x000000070d000000, 0x000000070d000000, 0x000000070d200000|  0%| F|  |TAMS 0x000000070d000000, 0x000000070d000000| Untracked 
|  29|0x000000070d200000, 0x000000070d200000, 0x000000070d400000|  0%| F|  |TAMS 0x000000070d200000, 0x000000070d200000| Untracked 
|  30|0x000000070d400000, 0x000000070d400000, 0x000000070d600000|  0%| F|  |TAMS 0x000000070d400000, 0x000000070d400000| Untracked 
|  31|0x000000070d600000, 0x000000070d600000, 0x000000070d800000|  0%| F|  |TAMS 0x000000070d600000, 0x000000070d600000| Untracked 
|  32|0x000000070d800000, 0x000000070d800000, 0x000000070da00000|  0%| F|  |TAMS 0x000000070d800000, 0x000000070d800000| Untracked 
|  33|0x000000070da00000, 0x000000070da00000, 0x000000070dc00000|  0%| F|  |TAMS 0x000000070da00000, 0x000000070da00000| Untracked 
|  34|0x000000070dc00000, 0x000000070dc00000, 0x000000070de00000|  0%| F|  |TAMS 0x000000070dc00000, 0x000000070dc00000| Untracked 
|  35|0x000000070de00000, 0x000000070de00000, 0x000000070e000000|  0%| F|  |TAMS 0x000000070de00000, 0x000000070de00000| Untracked 
|  36|0x000000070e000000, 0x000000070e000000, 0x000000070e200000|  0%| F|  |TAMS 0x000000070e000000, 0x000000070e000000| Untracked 
|  37|0x000000070e200000, 0x000000070e200000, 0x000000070e400000|  0%| F|  |TAMS 0x000000070e200000, 0x000000070e200000| Untracked 
|  38|0x000000070e400000, 0x000000070e400000, 0x000000070e600000|  0%| F|  |TAMS 0x000000070e400000, 0x000000070e400000| Untracked 
|  39|0x000000070e600000, 0x000000070e600000, 0x000000070e800000|  0%| F|  |TAMS 0x000000070e600000, 0x000000070e600000| Untracked 
|  40|0x000000070e800000, 0x000000070e800000, 0x000000070ea00000|  0%| F|  |TAMS 0x000000070e800000, 0x000000070e800000| Untracked 
|  41|0x000000070ea00000, 0x000000070ea00000, 0x000000070ec00000|  0%| F|  |TAMS 0x000000070ea00000, 0x000000070ea00000| Untracked 
|  42|0x000000070ec00000, 0x000000070ec00000, 0x000000070ee00000|  0%| F|  |TAMS 0x000000070ec00000, 0x000000070ec00000| Untracked 
|  43|0x000000070ee00000, 0x000000070ee00000, 0x000000070f000000|  0%| F|  |TAMS 0x000000070ee00000, 0x000000070ee00000| Untracked 
|  44|0x000000070f000000, 0x000000070f000000, 0x000000070f200000|  0%| F|  |TAMS 0x000000070f000000, 0x000000070f000000| Untracked 
|  45|0x000000070f200000, 0x000000070f200000, 0x000000070f400000|  0%| F|  |TAMS 0x000000070f200000, 0x000000070f200000| Untracked 
|  46|0x000000070f400000, 0x000000070f400000, 0x000000070f600000|  0%| F|  |TAMS 0x000000070f400000, 0x000000070f400000| Untracked 
|  47|0x000000070f600000, 0x000000070f600000, 0x000000070f800000|  0%| F|  |TAMS 0x000000070f600000, 0x000000070f600000| Untracked 
|  48|0x000000070f800000, 0x000000070f800000, 0x000000070fa00000|  0%| F|  |TAMS 0x000000070f800000, 0x000000070f800000| Untracked 
|  49|0x000000070fa00000, 0x000000070fa00000, 0x000000070fc00000|  0%| F|  |TAMS 0x000000070fa00000, 0x000000070fa00000| Untracked 
|  50|0x000000070fc00000, 0x000000070fc00000, 0x000000070fe00000|  0%| F|  |TAMS 0x000000070fc00000, 0x000000070fc00000| Untracked 
|  51|0x000000070fe00000, 0x000000070fe00000, 0x0000000710000000|  0%| F|  |TAMS 0x000000070fe00000, 0x000000070fe00000| Untracked 
|  52|0x0000000710000000, 0x0000000710000000, 0x0000000710200000|  0%| F|  |TAMS 0x0000000710000000, 0x0000000710000000| Untracked 
|  53|0x0000000710200000, 0x0000000710200000, 0x0000000710400000|  0%| F|  |TAMS 0x0000000710200000, 0x0000000710200000| Untracked 
|  54|0x0000000710400000, 0x0000000710400000, 0x0000000710600000|  0%| F|  |TAMS 0x0000000710400000, 0x0000000710400000| Untracked 
|  55|0x0000000710600000, 0x0000000710600000, 0x0000000710800000|  0%| F|  |TAMS 0x0000000710600000, 0x0000000710600000| Untracked 
|  56|0x0000000710800000, 0x0000000710800000, 0x0000000710a00000|  0%| F|  |TAMS 0x0000000710800000, 0x0000000710800000| Untracked 
|  57|0x0000000710a00000, 0x0000000710a00000, 0x0000000710c00000|  0%| F|  |TAMS 0x0000000710a00000, 0x0000000710a00000| Untracked 
|  58|0x0000000710c00000, 0x0000000710c00000, 0x0000000710e00000|  0%| F|  |TAMS 0x0000000710c00000, 0x0000000710c00000| Untracked 
|  59|0x0000000710e00000, 0x0000000710e00000, 0x0000000711000000|  0%| F|  |TAMS 0x0000000710e00000, 0x0000000710e00000| Untracked 
|  60|0x0000000711000000, 0x0000000711000000, 0x0000000711200000|  0%| F|  |TAMS 0x0000000711000000, 0x0000000711000000| Untracked 
|  61|0x0000000711200000, 0x0000000711200000, 0x0000000711400000|  0%| F|  |TAMS 0x0000000711200000, 0x0000000711200000| Untracked 
|  62|0x0000000711400000, 0x0000000711400000, 0x0000000711600000|  0%| F|  |TAMS 0x0000000711400000, 0x0000000711400000| Untracked 
|  63|0x0000000711600000, 0x0000000711600000, 0x0000000711800000|  0%| F|  |TAMS 0x0000000711600000, 0x0000000711600000| Untracked 
|  64|0x0000000711800000, 0x0000000711800000, 0x0000000711a00000|  0%| F|  |TAMS 0x0000000711800000, 0x0000000711800000| Untracked 
|  65|0x0000000711a00000, 0x0000000711a00000, 0x0000000711c00000|  0%| F|  |TAMS 0x0000000711a00000, 0x0000000711a00000| Untracked 
|  66|0x0000000711c00000, 0x0000000711c00000, 0x0000000711e00000|  0%| F|  |TAMS 0x0000000711c00000, 0x0000000711c00000| Untracked 
|  67|0x0000000711e00000, 0x0000000711e00000, 0x0000000712000000|  0%| F|  |TAMS 0x0000000711e00000, 0x0000000711e00000| Untracked 
|  68|0x0000000712000000, 0x0000000712000000, 0x0000000712200000|  0%| F|  |TAMS 0x0000000712000000, 0x0000000712000000| Untracked 
|  69|0x0000000712200000, 0x0000000712200000, 0x0000000712400000|  0%| F|  |TAMS 0x0000000712200000, 0x0000000712200000| Untracked 
|  70|0x0000000712400000, 0x0000000712400000, 0x0000000712600000|  0%| F|  |TAMS 0x0000000712400000, 0x0000000712400000| Untracked 
|  71|0x0000000712600000, 0x0000000712600000, 0x0000000712800000|  0%| F|  |TAMS 0x0000000712600000, 0x0000000712600000| Untracked 
|  72|0x0000000712800000, 0x0000000712800000, 0x0000000712a00000|  0%| F|  |TAMS 0x0000000712800000, 0x0000000712800000| Untracked 
|  73|0x0000000712a00000, 0x0000000712a00000, 0x0000000712c00000|  0%| F|  |TAMS 0x0000000712a00000, 0x0000000712a00000| Untracked 
|  74|0x0000000712c00000, 0x0000000712c00000, 0x0000000712e00000|  0%| F|  |TAMS 0x0000000712c00000, 0x0000000712c00000| Untracked 
|  75|0x0000000712e00000, 0x0000000712e00000, 0x0000000713000000|  0%| F|  |TAMS 0x0000000712e00000, 0x0000000712e00000| Untracked 
|  76|0x0000000713000000, 0x0000000713000000, 0x0000000713200000|  0%| F|  |TAMS 0x0000000713000000, 0x0000000713000000| Untracked 
|  77|0x0000000713200000, 0x0000000713200000, 0x0000000713400000|  0%| F|  |TAMS 0x0000000713200000, 0x0000000713200000| Untracked 
|  78|0x0000000713400000, 0x0000000713400000, 0x0000000713600000|  0%| F|  |TAMS 0x0000000713400000, 0x0000000713400000| Untracked 
|  79|0x0000000713600000, 0x0000000713600000, 0x0000000713800000|  0%| F|  |TAMS 0x0000000713600000, 0x0000000713600000| Untracked 
|  80|0x0000000713800000, 0x0000000713800000, 0x0000000713a00000|  0%| F|  |TAMS 0x0000000713800000, 0x0000000713800000| Untracked 
|  81|0x0000000713a00000, 0x0000000713a00000, 0x0000000713c00000|  0%| F|  |TAMS 0x0000000713a00000, 0x0000000713a00000| Untracked 
|  82|0x0000000713c00000, 0x0000000713c00000, 0x0000000713e00000|  0%| F|  |TAMS 0x0000000713c00000, 0x0000000713c00000| Untracked 
|  83|0x0000000713e00000, 0x0000000713e00000, 0x0000000714000000|  0%| F|  |TAMS 0x0000000713e00000, 0x0000000713e00000| Untracked 
|  84|0x0000000714000000, 0x0000000714000000, 0x0000000714200000|  0%| F|  |TAMS 0x0000000714000000, 0x0000000714000000| Untracked 
|  85|0x0000000714200000, 0x0000000714200000, 0x0000000714400000|  0%| F|  |TAMS 0x0000000714200000, 0x0000000714200000| Untracked 
|  86|0x0000000714400000, 0x0000000714400000, 0x0000000714600000|  0%| F|  |TAMS 0x0000000714400000, 0x0000000714400000| Untracked 
|  87|0x0000000714600000, 0x0000000714600000, 0x0000000714800000|  0%| F|  |TAMS 0x0000000714600000, 0x0000000714600000| Untracked 
|  88|0x0000000714800000, 0x0000000714800000, 0x0000000714a00000|  0%| F|  |TAMS 0x0000000714800000, 0x0000000714800000| Untracked 
|  89|0x0000000714a00000, 0x0000000714a00000, 0x0000000714c00000|  0%| F|  |TAMS 0x0000000714a00000, 0x0000000714a00000| Untracked 
|  90|0x0000000714c00000, 0x0000000714c00000, 0x0000000714e00000|  0%| F|  |TAMS 0x0000000714c00000, 0x0000000714c00000| Untracked 
|  91|0x0000000714e00000, 0x0000000714e00000, 0x0000000715000000|  0%| F|  |TAMS 0x0000000714e00000, 0x0000000714e00000| Untracked 
|  92|0x0000000715000000, 0x0000000715000000, 0x0000000715200000|  0%| F|  |TAMS 0x0000000715000000, 0x0000000715000000| Untracked 
|  93|0x0000000715200000, 0x00000007153ec080, 0x0000000715400000| 96%| E|  |TAMS 0x0000000715200000, 0x0000000715200000| Complete 
|  94|0x0000000715400000, 0x0000000715600000, 0x0000000715600000|100%| E|CS|TAMS 0x0000000715400000, 0x0000000715400000| Complete 
|  95|0x0000000715600000, 0x0000000715800000, 0x0000000715800000|100%| E|CS|TAMS 0x0000000715600000, 0x0000000715600000| Complete 
|  96|0x0000000715800000, 0x0000000715a00000, 0x0000000715a00000|100%| E|CS|TAMS 0x0000000715800000, 0x0000000715800000| Complete 
|  97|0x0000000715a00000, 0x0000000715c00000, 0x0000000715c00000|100%| E|CS|TAMS 0x0000000715a00000, 0x0000000715a00000| Complete 
|  98|0x0000000715c00000, 0x0000000715e00000, 0x0000000715e00000|100%| E|CS|TAMS 0x0000000715c00000, 0x0000000715c00000| Complete 
|  99|0x0000000715e00000, 0x0000000716000000, 0x0000000716000000|100%| E|CS|TAMS 0x0000000715e00000, 0x0000000715e00000| Complete 
| 100|0x0000000716000000, 0x0000000716200000, 0x0000000716200000|100%| E|CS|TAMS 0x0000000716000000, 0x0000000716000000| Complete 
| 101|0x0000000716200000, 0x0000000716400000, 0x0000000716400000|100%| E|CS|TAMS 0x0000000716200000, 0x0000000716200000| Complete 
| 102|0x0000000716400000, 0x0000000716600000, 0x0000000716600000|100%| E|CS|TAMS 0x0000000716400000, 0x0000000716400000| Complete 
| 103|0x0000000716600000, 0x0000000716800000, 0x0000000716800000|100%| E|CS|TAMS 0x0000000716600000, 0x0000000716600000| Complete 
| 104|0x0000000716800000, 0x0000000716820010, 0x0000000716a00000|  6%| S|CS|TAMS 0x0000000716800000, 0x0000000716800000| Complete 
| 105|0x0000000716a00000, 0x0000000716c00000, 0x0000000716c00000|100%| S|CS|TAMS 0x0000000716a00000, 0x0000000716a00000| Complete 
| 106|0x0000000716c00000, 0x0000000716e00000, 0x0000000716e00000|100%| E|CS|TAMS 0x0000000716c00000, 0x0000000716c00000| Complete 
| 107|0x0000000716e00000, 0x0000000717000000, 0x0000000717000000|100%| E|CS|TAMS 0x0000000716e00000, 0x0000000716e00000| Complete 
| 108|0x0000000717000000, 0x0000000717200000, 0x0000000717200000|100%| E|CS|TAMS 0x0000000717000000, 0x0000000717000000| Complete 
| 109|0x0000000717200000, 0x0000000717400000, 0x0000000717400000|100%| E|CS|TAMS 0x0000000717200000, 0x0000000717200000| Complete 
| 110|0x0000000717400000, 0x0000000717600000, 0x0000000717600000|100%| E|CS|TAMS 0x0000000717400000, 0x0000000717400000| Complete 
| 111|0x0000000717600000, 0x0000000717800000, 0x0000000717800000|100%| E|CS|TAMS 0x0000000717600000, 0x0000000717600000| Complete 
| 112|0x0000000717800000, 0x0000000717a00000, 0x0000000717a00000|100%| E|CS|TAMS 0x0000000717800000, 0x0000000717800000| Complete 
| 113|0x0000000717a00000, 0x0000000717c00000, 0x0000000717c00000|100%| E|CS|TAMS 0x0000000717a00000, 0x0000000717a00000| Complete 
| 114|0x0000000717c00000, 0x0000000717e00000, 0x0000000717e00000|100%| E|CS|TAMS 0x0000000717c00000, 0x0000000717c00000| Complete 
| 115|0x0000000717e00000, 0x0000000718000000, 0x0000000718000000|100%| E|CS|TAMS 0x0000000717e00000, 0x0000000717e00000| Complete 
| 116|0x0000000718000000, 0x0000000718200000, 0x0000000718200000|100%| E|CS|TAMS 0x0000000718000000, 0x0000000718000000| Complete 
| 117|0x0000000718200000, 0x0000000718400000, 0x0000000718400000|100%| E|CS|TAMS 0x0000000718200000, 0x0000000718200000| Complete 
| 118|0x0000000718400000, 0x0000000718600000, 0x0000000718600000|100%| E|CS|TAMS 0x0000000718400000, 0x0000000718400000| Complete 
| 119|0x0000000718600000, 0x0000000718800000, 0x0000000718800000|100%| E|CS|TAMS 0x0000000718600000, 0x0000000718600000| Complete 
| 120|0x0000000718800000, 0x0000000718a00000, 0x0000000718a00000|100%| E|CS|TAMS 0x0000000718800000, 0x0000000718800000| Complete 
| 121|0x0000000718a00000, 0x0000000718c00000, 0x0000000718c00000|100%| E|CS|TAMS 0x0000000718a00000, 0x0000000718a00000| Complete 
| 122|0x0000000718c00000, 0x0000000718e00000, 0x0000000718e00000|100%| E|CS|TAMS 0x0000000718c00000, 0x0000000718c00000| Complete 
| 123|0x0000000718e00000, 0x0000000719000000, 0x0000000719000000|100%| E|CS|TAMS 0x0000000718e00000, 0x0000000718e00000| Complete 

Card table byte_map: [0x0000023337980000,0x0000023338140000] _byte_map_base: 0x0000023334134000

Marking Bits (Prev, Next): (CMBitMap*) 0x0000023320144550, (CMBitMap*) 0x0000023320144590
 Prev Bits: [0x0000023338900000, 0x000002333c6a0000)
 Next Bits: [0x000002333c6a0000, 0x0000023340440000)

Polling page: 0x000002331f890000

Metaspace:

Usage:
  Non-class:      9.78 MB used.
      Class:    972.82 KB used.
       Both:     10.73 MB used.

Virtual space:
  Non-class space:       16.00 MB reserved,       9.88 MB ( 62%) committed,  2 nodes.
      Class space:        1.00 GB reserved,       1.00 MB ( <1%) committed,  1 nodes.
             Both:        1.02 GB reserved,      10.88 MB (  1%) committed. 

Chunk freelists:
   Non-Class:  1.02 MB
       Class:  3.00 MB
        Both:  4.02 MB

MaxMetaspaceSize: unlimited
CompressedClassSpaceSize: 1.00 GB
Initial GC threshold: 21.00 MB
Current GC threshold: 21.00 MB
CDS: on
MetaspaceReclaimPolicy: balanced
 - commit_granule_bytes: 65536.
 - commit_granule_words: 8192.
 - virtual_space_node_default_size: 1048576.
 - enlarge_chunks_in_place: 1.
 - new_chunks_are_fully_committed: 0.
 - uncommit_free_chunks: 1.
 - use_allocation_guard: 0.
 - handle_deallocations: 1.


Internal statistics:

num_allocs_failed_limit: 0.
num_arena_births: 144.
num_arena_deaths: 0.
num_vsnodes_births: 3.
num_vsnodes_deaths: 0.
num_space_committed: 172.
num_space_uncommitted: 0.
num_chunks_returned_to_freelist: 0.
num_chunks_taken_from_freelist: 486.
num_chunk_merges: 0.
num_chunk_splits: 336.
num_chunks_enlarged: 254.
num_purges: 0.
num_inconsistent_stats: 0.

CodeHeap 'non-profiled nmethods': size=119168Kb used=1937Kb max_used=1937Kb free=117230Kb
 bounds [0x000002332f4e0000, 0x000002332f750000, 0x0000023336940000]
CodeHeap 'profiled nmethods': size=119104Kb used=6079Kb max_used=6079Kb free=113024Kb
 bounds [0x0000023327940000, 0x0000023327f30000, 0x000002332ed90000]
CodeHeap 'non-nmethods': size=7488Kb used=1648Kb max_used=3333Kb free=5839Kb
 bounds [0x000002332ed90000, 0x000002332f0e0000, 0x000002332f4e0000]
 total_blobs=4132 nmethods=3036 adapters=1009
 compilation: enabled
              stopped_count=0, restarted_count=0
 full_count=0

Compilation events (20 events):
Event: 24.720 Thread 0x0000023344005650 3027       3       com.csse3200.game.components.tasks.TrajectTask::stop (29 bytes)
Event: 24.721 Thread 0x0000023344005650 nmethod 3027 0x0000023327f22f10 code [0x0000023327f23180, 0x0000023327f23ce8]
Event: 24.754 Thread 0x0000023344005650 3028       3       com.csse3200.game.entities.Entity::setScale (18 bytes)
Event: 24.755 Thread 0x0000023344005650 nmethod 3028 0x0000023327f24110 code [0x0000023327f242a0, 0x0000023327f243d8]
Event: 24.771 Thread 0x0000023344005650 3029       3       com.csse3200.game.entities.factories.ProjectileFactory::createEffectProjectile (395 bytes)
Event: 24.771 Thread 0x0000023344004390 3035       4       com.csse3200.game.components.Component::create (1 bytes)
Event: 24.771 Thread 0x0000023344004390 nmethod 3035 0x000002332f6c4310 code [0x000002332f6c4480, 0x000002332f6c44f8]
Event: 24.773 Thread 0x0000023344005650 nmethod 3029 0x0000023327f24490 code [0x0000023327f24b60, 0x0000023327f27e78]
Event: 24.773 Thread 0x0000023344005650 3030   !   3       com.csse3200.game.entities.factories.ProjectileFactory::$SWITCH_TABLE$com$csse3200$game$components$ProjectileEffects (74 bytes)
Event: 24.773 Thread 0x0000023344005650 nmethod 3030 0x0000023327f28f90 code [0x0000023327f29160, 0x0000023327f295e8]
Event: 24.773 Thread 0x0000023344005650 3031       3       com.csse3200.game.components.EffectsComponent::<init> (48 bytes)
Event: 24.773 Thread 0x0000023344005650 nmethod 3031 0x0000023327f29790 code [0x0000023327f29980, 0x0000023327f2a178]
Event: 24.773 Thread 0x0000023344005650 3032       3       com.csse3200.game.components.EffectsComponent::create (53 bytes)
Event: 24.774 Thread 0x0000023344005650 nmethod 3032 0x0000023327f2a390 code [0x0000023327f2a660, 0x0000023327f2b618]
Event: 24.774 Thread 0x0000023344005650 3033       3       com.csse3200.game.components.EffectsComponent$$Lambda$123/0x0000000800cf9c80::<init> (10 bytes)
Event: 24.774 Thread 0x0000023344005650 nmethod 3033 0x0000023327f2bc10 code [0x0000023327f2bda0, 0x0000023327f2bf58]
Event: 24.774 Thread 0x0000023344005650 3034       3       com.csse3200.game.components.EffectsComponent$$Lambda$124/0x0000000800cf9ea0::<init> (10 bytes)
Event: 24.774 Thread 0x0000023344005650 nmethod 3034 0x0000023327f2c010 code [0x0000023327f2c1a0, 0x0000023327f2c358]
Event: 25.107 Thread 0x0000023344005650 3036       3       sun.nio.cs.SingleByte$Encoder::encodeArrayLoop (280 bytes)
Event: 25.109 Thread 0x0000023344005650 nmethod 3036 0x0000023327f2c410 code [0x0000023327f2c920, 0x0000023327f2f188]

GC Heap History (4 events):
Event: 1.419 GC heap before
{Heap before GC invocations=0 (full 0):
 garbage-first heap   total 253952K, used 26624K [0x0000000709800000, 0x0000000800000000)
  region size 2048K, 11 young (22528K), 0 survivors (0K)
 Metaspace       used 6598K, committed 6720K, reserved 1064960K
  class space    used 507K, committed 576K, reserved 1048576K
}
Event: 1.422 GC heap after
{Heap after GC invocations=1 (full 0):
 garbage-first heap   total 253952K, used 3683K [0x0000000709800000, 0x0000000800000000)
  region size 2048K, 2 young (4096K), 2 survivors (4096K)
 Metaspace       used 6598K, committed 6720K, reserved 1064960K
  class space    used 507K, committed 576K, reserved 1048576K
}
Event: 5.307 GC heap before
{Heap before GC invocations=1 (full 0):
 garbage-first heap   total 253952K, used 34403K [0x0000000709800000, 0x0000000800000000)
  region size 2048K, 18 young (36864K), 2 survivors (4096K)
 Metaspace       used 9420K, committed 9600K, reserved 1064960K
  class space    used 777K, committed 896K, reserved 1048576K
}
Event: 5.311 GC heap after
{Heap after GC invocations=2 (full 0):
 garbage-first heap   total 253952K, used 5294K [0x0000000709800000, 0x0000000800000000)
  region size 2048K, 2 young (4096K), 2 survivors (4096K)
 Metaspace       used 9420K, committed 9600K, reserved 1064960K
  class space    used 777K, committed 896K, reserved 1048576K
}

Deoptimization events (20 events):
Event: 14.454 Thread 0x00000233200d0ae0 Uncommon trap: trap_request=0xffffff45 fr.pc=0x000002332f646070 relative=0x00000000000000d0
Event: 14.454 Thread 0x00000233200d0ae0 Uncommon trap: reason=unstable_if action=reinterpret pc=0x000002332f646070 method=java.util.ArrayList$Itr.next()Ljava/lang/Object; @ 17 c2
Event: 14.454 Thread 0x00000233200d0ae0 DEOPT PACKING pc=0x000002332f646070 sp=0x000000be0c8fef90
Event: 14.454 Thread 0x00000233200d0ae0 DEOPT UNPACKING pc=0x000002332ede23a3 sp=0x000000be0c8fef28 mode 2
Event: 15.104 Thread 0x00000233200d0ae0 DEOPT PACKING pc=0x0000023327e73c22 sp=0x000000be0c8ff050
Event: 15.104 Thread 0x00000233200d0ae0 DEOPT UNPACKING pc=0x000002332ede2b43 sp=0x000000be0c8fe510 mode 0
Event: 16.038 Thread 0x00000233200d0ae0 DEOPT PACKING pc=0x0000023327e74fe6 sp=0x000000be0c8ff0c0
Event: 16.038 Thread 0x00000233200d0ae0 DEOPT UNPACKING pc=0x000002332ede2b43 sp=0x000000be0c8fe578 mode 0
Event: 17.705 Thread 0x00000233200d0ae0 Uncommon trap: trap_request=0xffffffde fr.pc=0x000002332f69adf4 relative=0x00000000000029b4
Event: 17.705 Thread 0x00000233200d0ae0 Uncommon trap: reason=class_check action=maybe_recompile pc=0x000002332f69adf4 method=com.badlogic.gdx.utils.ComparableTimSort.countRunAndMakeAscending([Ljava/lang/Object;II)I @ 39 c2
Event: 17.705 Thread 0x00000233200d0ae0 DEOPT PACKING pc=0x000002332f69adf4 sp=0x000000be0c8ff080
Event: 17.705 Thread 0x00000233200d0ae0 DEOPT UNPACKING pc=0x000002332ede23a3 sp=0x000000be0c8fee80 mode 2
Event: 22.756 Thread 0x00000233200d0ae0 Uncommon trap: trap_request=0xffffffde fr.pc=0x000002332f69adf4 relative=0x00000000000029b4
Event: 22.756 Thread 0x00000233200d0ae0 Uncommon trap: reason=class_check action=maybe_recompile pc=0x000002332f69adf4 method=com.badlogic.gdx.utils.ComparableTimSort.countRunAndMakeAscending([Ljava/lang/Object;II)I @ 39 c2
Event: 22.756 Thread 0x00000233200d0ae0 DEOPT PACKING pc=0x000002332f69adf4 sp=0x000000be0c8ff080
Event: 22.756 Thread 0x00000233200d0ae0 DEOPT UNPACKING pc=0x000002332ede23a3 sp=0x000000be0c8fee80 mode 2
Event: 25.105 Thread 0x0000023346eb1950 Uncommon trap: trap_request=0xffffff45 fr.pc=0x000002332f6135f8 relative=0x0000000000000078
Event: 25.105 Thread 0x0000023346eb1950 Uncommon trap: reason=unstable_if action=reinterpret pc=0x000002332f6135f8 method=com.badlogic.gdx.utils.Array$ArrayIterator.hasNext()Z @ 4 c2
Event: 25.105 Thread 0x0000023346eb1950 DEOPT PACKING pc=0x000002332f6135f8 sp=0x000000be134ff2e0
Event: 25.105 Thread 0x0000023346eb1950 DEOPT UNPACKING pc=0x000002332ede23a3 sp=0x000000be134ff278 mode 2

Classes unloaded (0 events):
No events

Classes redefined (0 events):
No events

Internal exceptions (20 events):
Event: 0.302 Thread 0x00000233200d0ae0 Exception <a 'sun/nio/fs/WindowsException'{0x0000000718532580}> (0x0000000718532580) 
thrown [s\open\src\hotspot\share\prims\jni.cpp, line 516]
Event: 0.302 Thread 0x00000233200d0ae0 Exception <a 'sun/nio/fs/WindowsException'{0x0000000718532900}> (0x0000000718532900) 
thrown [s\open\src\hotspot\share\prims\jni.cpp, line 516]
Event: 0.823 Thread 0x00000233200d0ae0 Exception <a 'java/lang/NoSuchMethodError'{0x0000000718582200}: 'java.lang.Object java.lang.invoke.DirectMethodHandle$Holder.newInvokeSpecial(java.lang.Object, long)'> (0x0000000718582200) 
thrown [s\open\src\hotspot\share\interpreter\linkResolver.cpp, line 759]
Event: 1.030 Thread 0x00000233200d0ae0 Exception <a 'sun/nio/fs/WindowsException'{0x00000007182bd530}> (0x00000007182bd530) 
thrown [s\open\src\hotspot\share\prims\jni.cpp, line 516]
Event: 1.030 Thread 0x00000233200d0ae0 Exception <a 'sun/nio/fs/WindowsException'{0x00000007182bd8d8}> (0x00000007182bd8d8) 
thrown [s\open\src\hotspot\share\prims\jni.cpp, line 516]
Event: 1.032 Thread 0x00000233200d0ae0 Exception <a 'sun/nio/fs/WindowsException'{0x00000007182c8ea0}> (0x00000007182c8ea0) 
thrown [s\open\src\hotspot\share\prims\jni.cpp, line 516]
Event: 1.032 Thread 0x00000233200d0ae0 Exception <a 'sun/nio/fs/WindowsException'{0x00000007182c9180}> (0x00000007182c9180) 
thrown [s\open\src\hotspot\share\prims\jni.cpp, line 516]
Event: 1.185 Thread 0x00000233200d0ae0 Exception <a 'java/lang/ClassNotFoundException'{0x00000007181f6410}: sun/util/logging/resources/spi/loggingProvider> (0x00000007181f6410) 
thrown [s\open\src\hotspot\share\classfile\systemDictionary.cpp, line 256]
Event: 1.201 Thread 0x00000233200d0ae0 Exception <a 'java/io/FileNotFoundException'{0x0000000717e7ce18}> (0x0000000717e7ce18) 
thrown [s\open\src\hotspot\share\prims\jni.cpp, line 516]
Event: 1.220 Thread 0x00000233200d0ae0 Exception <a 'java/lang/NoSuchMethodError'{0x0000000717ecb968}: 'int java.lang.invoke.DirectMethodHandle$Holder.invokeVirtual(java.lang.Object, java.lang.Object)'> (0x0000000717ecb968) 
thrown [s\open\src\hotspot\share\interpreter\linkResolver.cpp, line 759]
Event: 1.221 Thread 0x00000233200d0ae0 Exception <a 'java/lang/NoSuchMethodError'{0x0000000717ed5d88}: 'java.lang.Object java.lang.invoke.Invokers$Holder.invokeExact_MT(java.lang.Object, java.lang.Object, java.lang.Object, java.lang.Object, java.lang.Object, java.lang.Object)'> (0x0000000717ed5d88) 
thrown [s\open\src\hotspot\share\interpreter\linkResolver.cpp, line 759]
Event: 4.678 Thread 0x00000233200d0ae0 Exception <a 'java/lang/NoSuchMethodError'{0x00000007180b8f48}: 'void java.lang.invoke.DirectMethodHandle$Holder.invokeStatic(java.lang.Object, java.lang.Object, java.lang.Object)'> (0x00000007180b8f48) 
thrown [s\open\src\hotspot\share\interpreter\linkResolver.cpp, line 759]
Event: 5.558 Thread 0x00000233200d0ae0 Exception <a 'java/lang/NoSuchMethodError'{0x0000000717f6d418}: 'void java.lang.invoke.DirectMethodHandle$Holder.invokeVirtual(java.lang.Object, java.lang.Object, java.lang.Object, java.lang.Object)'> (0x0000000717f6d418) 
thrown [s\open\src\hotspot\share\interpreter\linkResolver.cpp, line 759]
Event: 5.559 Thread 0x00000233200d0ae0 Exception <a 'java/lang/NoSuchMethodError'{0x0000000717f7ba08}: 'void java.lang.invoke.DirectMethodHandle$Holder.invokeVirtual(java.lang.Object, java.lang.Object)'> (0x0000000717f7ba08) 
thrown [s\open\src\hotspot\share\interpreter\linkResolver.cpp, line 759]
Event: 5.560 Thread 0x00000233200d0ae0 Exception <a 'java/lang/NoSuchMethodError'{0x0000000717f85180}: 'void java.lang.invoke.DirectMethodHandle$Holder.invokeVirtual(java.lang.Object, java.lang.Object, int)'> (0x0000000717f85180) 
thrown [s\open\src\hotspot\share\interpreter\linkResolver.cpp, line 759]
Event: 5.634 Thread 0x00000233200d0ae0 Exception <a 'java/lang/NoSuchMethodError'{0x0000000717ca2a60}: 'void java.lang.invoke.DirectMethodHandle$Holder.invokeVirtual(java.lang.Object, java.lang.Object, java.lang.Object, int)'> (0x0000000717ca2a60) 
thrown [s\open\src\hotspot\share\interpreter\linkResolver.cpp, line 759]
Event: 5.650 Thread 0x00000233200d0ae0 Exception <a 'java/lang/NoSuchMethodError'{0x0000000717a29c90}: 'void java.lang.invoke.DirectMethodHandle$Holder.invokeStatic(java.lang.Object, java.lang.Object, java.lang.Object, java.lang.Object)'> (0x0000000717a29c90) 
thrown [s\open\src\hotspot\share\interpreter\linkResolver.cpp, line 759]
Event: 5.654 Thread 0x00000233200d0ae0 Exception <a 'java/lang/NoSuchMethodError'{0x0000000717a33e60}: 'int java.lang.invoke.DirectMethodHandle$Holder.invokeInterface(java.lang.Object, java.lang.Object)'> (0x0000000717a33e60) 
thrown [s\open\src\hotspot\share\interpreter\linkResolver.cpp, line 759]
Event: 21.904 Thread 0x0000023355a48090 Implicit null exception at 0x0000023327eb683f to 0x0000023327eb752d
Event: 21.904 Thread 0x0000023355a48090 Exception <a 'java/lang/NullPointerException'{0x00000007166f72f8}> (0x00000007166f72f8) 
thrown [s\open\src\hotspot\share\runtime\sharedRuntime.cpp, line 628]

VM Operations (20 events):
Event: 13.808 Executing VM operation: Cleanup
Event: 13.808 Executing VM operation: Cleanup done
Event: 14.809 Executing VM operation: Cleanup
Event: 14.809 Executing VM operation: Cleanup done
Event: 15.810 Executing VM operation: Cleanup
Event: 15.810 Executing VM operation: Cleanup done
Event: 17.811 Executing VM operation: Cleanup
Event: 17.811 Executing VM operation: Cleanup done
Event: 19.811 Executing VM operation: Cleanup
Event: 19.811 Executing VM operation: Cleanup done
Event: 20.811 Executing VM operation: Cleanup
Event: 20.811 Executing VM operation: Cleanup done
Event: 21.812 Executing VM operation: Cleanup
Event: 21.812 Executing VM operation: Cleanup done
Event: 22.812 Executing VM operation: Cleanup
Event: 22.812 Executing VM operation: Cleanup done
Event: 23.813 Executing VM operation: Cleanup
Event: 23.813 Executing VM operation: Cleanup done
Event: 24.813 Executing VM operation: Cleanup
Event: 24.814 Executing VM operation: Cleanup done

Events (20 events):
Event: 22.987 Thread 0x0000023346936ec0 Thread added: 0x0000023346936ec0
Event: 22.987 Thread 0x0000023346938ba0 Thread added: 0x0000023346938ba0
Event: 23.054 Thread 0x000002334693a880 Thread added: 0x000002334693a880
Event: 23.270 Thread 0x000002334693b220 Thread added: 0x000002334693b220
Event: 23.470 Thread 0x000002334693b6f0 Thread added: 0x000002334693b6f0
Event: 23.570 Thread 0x000002334693bbc0 Thread added: 0x000002334693bbc0
Event: 23.637 Thread 0x0000023346937390 Thread added: 0x0000023346937390
Event: 23.704 Thread 0x000002334693ca30 Thread added: 0x000002334693ca30
Event: 23.737 Thread 0x000002334693cf00 Thread added: 0x000002334693cf00
Event: 23.787 Thread 0x000002334693c090 Thread added: 0x000002334693c090
Event: 24.337 Thread 0x0000023346937860 Thread added: 0x0000023346937860
Event: 24.354 Thread 0x0000023355a48090 Thread added: 0x0000023355a48090
Event: 24.387 Thread 0x000002334704a0b0 Thread added: 0x000002334704a0b0
Event: 24.454 Thread 0x0000023347051430 Thread added: 0x0000023347051430
Event: 24.554 Thread 0x000002334704a580 Thread added: 0x000002334704a580
Event: 24.620 Thread 0x000002334704aa50 Thread added: 0x000002334704aa50
Event: 24.854 Thread 0x000002334704af20 Thread added: 0x000002334704af20
Event: 25.108 Thread 0x0000023346eb1950 Thread exited: 0x0000023346eb1950
Event: 25.120 Thread 0x000002334704da70 Thread added: 0x000002334704da70
Event: 25.121 Thread 0x000002334704e8e0 Thread added: 0x000002334704e8e0


Dynamic libraries:
0x00007ff726ee0000 - 0x00007ff726ef0000 	C:\Program Files\Java\jdk-17\bin\java.exe
0x00007ffba77b0000 - 0x00007ffba79a8000 	C:\Windows\SYSTEM32\ntdll.dll
0x00007ffba7300000 - 0x00007ffba73bd000 	C:\Windows\System32\KERNEL32.DLL
0x00007ffba4f20000 - 0x00007ffba5216000 	C:\Windows\System32\KERNELBASE.dll
0x00007ffba5220000 - 0x00007ffba5320000 	C:\Windows\System32\ucrtbase.dll
0x00007ffb7e7c0000 - 0x00007ffb7e7d8000 	C:\Program Files\Java\jdk-17\bin\jli.dll
0x00007ffb95200000 - 0x00007ffb9521b000 	C:\Program Files\Java\jdk-17\bin\VCRUNTIME140.dll
0x00007ffba7250000 - 0x00007ffba72fe000 	C:\Windows\System32\ADVAPI32.dll
0x00007ffba5810000 - 0x00007ffba58ae000 	C:\Windows\System32\msvcrt.dll
0x00007ffba58b0000 - 0x00007ffba594c000 	C:\Windows\System32\sechost.dll
0x00007ffba60e0000 - 0x00007ffba6206000 	C:\Windows\System32\RPCRT4.dll
0x00007ffba73c0000 - 0x00007ffba755e000 	C:\Windows\System32\USER32.dll
0x00007ffba53f0000 - 0x00007ffba5412000 	C:\Windows\System32\win32u.dll
0x00007ffb9a290000 - 0x00007ffb9a52a000 	C:\Windows\WinSxS\amd64_microsoft.windows.common-controls_6595b64144ccf1df_6.0.19041.1110_none_60b5254171f9507e\COMCTL32.dll
0x00007ffba6210000 - 0x00007ffba623c000 	C:\Windows\System32\GDI32.dll
0x00007ffba5640000 - 0x00007ffba575a000 	C:\Windows\System32\gdi32full.dll
0x00007ffba5350000 - 0x00007ffba53ed000 	C:\Windows\System32\msvcp_win.dll
0x00007ffb98ea0000 - 0x00007ffb98eaa000 	C:\Windows\SYSTEM32\VERSION.dll
0x00007ffba6250000 - 0x00007ffba6280000 	C:\Windows\System32\IMM32.DLL
0x00007ffb94620000 - 0x00007ffb9462c000 	C:\Program Files\Java\jdk-17\bin\vcruntime140_1.dll
0x00007ffb4cb50000 - 0x00007ffb4cbde000 	C:\Program Files\Java\jdk-17\bin\msvcp140.dll
0x00007ffb07fb0000 - 0x00007ffb08b87000 	C:\Program Files\Java\jdk-17\bin\server\jvm.dll
0x00007ffba6240000 - 0x00007ffba6248000 	C:\Windows\System32\PSAPI.DLL
0x00007ffb98e70000 - 0x00007ffb98e97000 	C:\Windows\SYSTEM32\WINMM.dll
0x00007ffb84120000 - 0x00007ffb84129000 	C:\Windows\SYSTEM32\WSOCK32.dll
0x00007ffba71e0000 - 0x00007ffba724b000 	C:\Windows\System32\WS2_32.dll
0x00007ffba36e0000 - 0x00007ffba36f2000 	C:\Windows\SYSTEM32\kernel.appcore.dll
0x00007ffb94420000 - 0x00007ffb9442a000 	C:\Program Files\Java\jdk-17\bin\jimage.dll
0x00007ffba2bb0000 - 0x00007ffba2d94000 	C:\Windows\SYSTEM32\DBGHELP.DLL
0x00007ffb96480000 - 0x00007ffb964b4000 	C:\Windows\SYSTEM32\dbgcore.DLL
0x00007ffba4e90000 - 0x00007ffba4f12000 	C:\Windows\System32\bcryptPrimitives.dll
0x00007ffb7e790000 - 0x00007ffb7e7b5000 	C:\Program Files\Java\jdk-17\bin\java.dll
0x00007ffb3a6a0000 - 0x00007ffb3a777000 	C:\Program Files\Java\jdk-17\bin\jsvml.dll
0x00007ffba63f0000 - 0x00007ffba6b35000 	C:\Windows\System32\SHELL32.dll
0x00007ffba2f00000 - 0x00007ffba369b000 	C:\Windows\SYSTEM32\windows.storage.dll
0x00007ffba5c50000 - 0x00007ffba5fa4000 	C:\Windows\System32\combase.dll
0x00007ffba4860000 - 0x00007ffba488e000 	C:\Windows\SYSTEM32\Wldp.dll
0x00007ffba6b40000 - 0x00007ffba6bed000 	C:\Windows\System32\SHCORE.dll
0x00007ffba5b20000 - 0x00007ffba5b75000 	C:\Windows\System32\shlwapi.dll
0x00007ffba4dc0000 - 0x00007ffba4de5000 	C:\Windows\SYSTEM32\profapi.dll
0x00007ffb7bf70000 - 0x00007ffb7bf89000 	C:\Program Files\Java\jdk-17\bin\net.dll
0x00007ffb9f190000 - 0x00007ffb9f29a000 	C:\Windows\SYSTEM32\WINHTTP.dll
0x0000000180000000 - 0x000000018008c000 	C:\Windows\system32\ASProxy64.dll
0x00007ffba5fb0000 - 0x00007ffba60da000 	C:\Windows\System32\ole32.dll
0x00007ffba5b80000 - 0x00007ffba5c4d000 	C:\Windows\System32\OLEAUT32.dll
0x00007ffba45c0000 - 0x00007ffba462a000 	C:\Windows\SYSTEM32\MSWSOCK.dll
0x00007ffba42b0000 - 0x00007ffba42eb000 	C:\Windows\SYSTEM32\IPHLPAPI.DLL
0x00007ffba4d40000 - 0x00007ffba4d72000 	C:\Windows\SYSTEM32\SspiCli.dll
0x00007ffb765b0000 - 0x00007ffb765c6000 	C:\Program Files\Java\jdk-17\bin\nio.dll
0x00007ffb74f20000 - 0x00007ffb74f38000 	C:\Program Files\Java\jdk-17\bin\zip.dll
0x00007ffb93330000 - 0x00007ffb93340000 	C:\Program Files\Java\jdk-17\bin\verify.dll
0x0000000050410000 - 0x0000000050439000 	C:\Users\isaac\AppData\Local\Temp\libgdxisaac\e787ab0a\gdx64.dll
0x00007ffba2120000 - 0x00007ffba21be000 	C:\Windows\system32\uxtheme.dll
0x00007ffb6c5b0000 - 0x00007ffb6c625000 	C:\Users\isaac\AppData\Local\Temp\lwjglisaac\3.3.1-build-7\lwjgl.dll
0x00007ffb2acc0000 - 0x00007ffb2af19000 	C:\Users\isaac\AppData\Local\Temp\lwjglisaac\3.3.1-build-7\jemalloc.dll
0x00007ffb6cf20000 - 0x00007ffb6cf81000 	C:\Users\isaac\AppData\Local\Temp\lwjglisaac\3.3.1-build-7\glfw.dll
0x00007ffb6d270000 - 0x00007ffb6d2b5000 	C:\Windows\SYSTEM32\dinput8.dll
0x00007ffb95db0000 - 0x00007ffb95dc1000 	C:\Windows\SYSTEM32\xinput1_4.dll
0x00007ffba5420000 - 0x00007ffba546e000 	C:\Windows\System32\cfgmgr32.dll
0x00007ffba4c40000 - 0x00007ffba4c73000 	C:\Windows\SYSTEM32\DEVOBJ.dll
0x00007ffba24b0000 - 0x00007ffba24df000 	C:\Windows\SYSTEM32\dwmapi.dll
0x00007ffb7c850000 - 0x00007ffb7c9a2000 	C:\Windows\SYSTEM32\inputhost.dll
0x00007ffba0590000 - 0x00007ffba06e5000 	C:\Windows\SYSTEM32\wintypes.dll
0x00007ffba1650000 - 0x00007ffba19ae000 	C:\Windows\SYSTEM32\CoreUIComponents.dll
0x00007ffba1d30000 - 0x00007ffba1e22000 	C:\Windows\SYSTEM32\CoreMessaging.dll
0x00007ffba2da0000 - 0x00007ffba2e96000 	C:\Windows\SYSTEM32\PROPSYS.dll
0x00007ffba3fe0000 - 0x00007ffba4013000 	C:\Windows\SYSTEM32\ntmarta.dll
0x00007ffba7570000 - 0x00007ffba7684000 	C:\Windows\System32\MSCTF.dll
0x00007ffb27c20000 - 0x00007ffb27db7000 	C:\Users\isaac\AppData\Local\Temp\lwjglisaac\3.3.1-build-7\OpenAL.dll
0x00007ffba6bf0000 - 0x00007ffba6c99000 	C:\Windows\System32\clbcatq.dll
0x00007ffb9d930000 - 0x00007ffb9d9b5000 	C:\Windows\System32\MMDevApi.dll
0x00007ffb9d2a0000 - 0x00007ffb9d422000 	C:\Windows\SYSTEM32\AUDIOSES.DLL
0x00007ffba4bd0000 - 0x00007ffba4c1b000 	C:\Windows\SYSTEM32\powrprof.dll
0x00007ffba4bb0000 - 0x00007ffba4bc2000 	C:\Windows\SYSTEM32\UMPDC.dll
0x00007ffba24e0000 - 0x00007ffba24f4000 	C:\Windows\SYSTEM32\resourcepolicyclient.dll
0x00007ffb34dd0000 - 0x00007ffb34ef5000 	C:\Windows\SYSTEM32\opengl32.dll
0x00007ffb793b0000 - 0x00007ffb793dc000 	C:\Windows\SYSTEM32\GLU32.dll
0x00007ffb9c490000 - 0x00007ffb9c592000 	C:\Windows\System32\AppXDeploymentClient.dll
0x00007ffb71a20000 - 0x00007ffb71a4a000 	C:\Windows\System32\DriverStore\FileRepository\u0363312.inf_amd64_08fc5018b1b99545\B363211\atig6pxx.dll
0x00007ffb05200000 - 0x00007ffb07fa5000 	C:\Windows\System32\DriverStore\FileRepository\u0363312.inf_amd64_08fc5018b1b99545\B363211\atio6axx.dll
0x00007ffba6d10000 - 0x00007ffba717e000 	C:\Windows\System32\SETUPAPI.dll
0x00007ffba5320000 - 0x00007ffba5347000 	C:\Windows\System32\bcrypt.dll
0x00007ffb94f20000 - 0x00007ffb94f44000 	C:\Windows\SYSTEM32\dxva2.dll
0x00007ffb6d8c0000 - 0x00007ffb6d8fc000 	C:\Windows\System32\DriverStore\FileRepository\u0363312.inf_amd64_08fc5018b1b99545\B363211\atig6txx.dll
0x00007ffb1fb10000 - 0x00007ffb1fccf000 	C:\Windows\SYSTEM32\atiadlxx.dll
0x00007ffba55d0000 - 0x00007ffba5637000 	C:\Windows\System32\WINTRUST.dll
0x00007ffba5470000 - 0x00007ffba55ce000 	C:\Windows\System32\CRYPT32.dll
0x00007ffba49f0000 - 0x00007ffba4a02000 	C:\Windows\SYSTEM32\MSASN1.dll
0x00007ffb9eba0000 - 0x00007ffb9ebdb000 	C:\Windows\SYSTEM32\dxcore.dll
0x00007ffb6c2e0000 - 0x00007ffb6c33d000 	C:\Users\isaac\AppData\Local\Temp\lwjglisaac\3.3.1-build-7\lwjgl_opengl.dll
0x00007ffb7c9b0000 - 0x00007ffb7caaa000 	C:\Windows\SYSTEM32\textinputframework.dll
0x00007ffb7f310000 - 0x00007ffb7f376000 	C:\Windows\system32\Oleacc.dll
0x00007ffb72850000 - 0x00007ffb72b45000 	C:\Windows\System32\uiautomationcore.dll
0x00007ffba47d0000 - 0x00007ffba47dc000 	C:\Windows\SYSTEM32\CRYPTBASE.DLL
0x00000000503b0000 - 0x000000005040a000 	C:\Users\isaac\AppData\Local\Temp\libgdxisaac\888fe1bc\gdx-box2d64.dll

dbghelp: loaded successfully - version: 4.0.5 - missing functions: none
symbol engine: initialized successfully - sym options: 0x614 - pdb path: .;C:\Program Files\Java\jdk-17\bin;C:\Windows\SYSTEM32;C:\Windows\WinSxS\amd64_microsoft.windows.common-controls_6595b64144ccf1df_6.0.19041.1110_none_60b5254171f9507e;C:\Program Files\Java\jdk-17\bin\server;C:\Users\isaac\AppData\Local\Temp\libgdxisaac\e787ab0a;C:\Users\isaac\AppData\Local\Temp\lwjglisaac\3.3.1-build-7;C:\Windows\System32\DriverStore\FileRepository\u0363312.inf_amd64_08fc5018b1b99545\B363211;C:\Users\isaac\AppData\Local\Temp\libgdxisaac\888fe1bc

VM Arguments:
jvm_args: -XX:+ShowCodeDetailsInExceptionMessages 
java_command: com.csse3200.game.desktop.DesktopLauncher
java_class_path (initial): C:\Users\isaac\OneDrive\Documents\School\University of Queensland\UQ 2023\UQ 2023 Semester 2\CSSE3200\2023-studio-3\source\desktop\bin\main;\csse3200-game-core\bin\default;C:\Users\isaac\OneDrive\Documents\School\University of Queensland\UQ 2023\UQ 2023 Semester 2\CSSE3200\2023-studio-3\source\core\bin\main;C:\Users\isaac\.gradle\caches\modules-2\files-2.1\com.badlogicgames.gdx\gdx-backend-lwjgl3\1.11.0\58a96db4cd349be4292d547856aa1e1c5f065f4e\gdx-backend-lwjgl3-1.11.0.jar;C:\Users\isaac\.gradle\caches\modules-2\files-2.1\com.badlogicgames.gdx\gdx-platform\1.11.0\697fb13eada6d3c6ca648c9788692b0159add126\gdx-platform-1.11.0-natives-desktop.jar;C:\Users\isaac\.gradle\caches\modules-2\files-2.1\com.badlogicgames.gdx\gdx-box2d-platform\1.11.0\62ff9baa1e57a11e0a4428a38c9660bf9f312fdc\gdx-box2d-platform-1.11.0-natives-desktop.jar;C:\Users\isaac\.gradle\caches\modules-2\files-2.1\com.badlogicgames.gdx\gdx-tools\1.11.0\a5d30eafd0f2fbab314efdf6d98ebc27388b7c0a\gdx-tools-1.11.0.jar;C:\Users\isaac\.gradle\caches\modules-2\files-2.1\com.badlogicgames.gdx-controllers\gdx-controllers-desktop\2.2.2\625b3bdbe803e9c4af181b4791202cfcf776d805\gdx-controllers-desktop-2.2.2.jar;C:\Users\isaac\.gradle\caches\modules-2\files-2.1\com.badlogicgames.gdx\gdx-backend-lwjgl\1.11.0\33555a2cf8b4d9db4122b2fe42e7674b343d8b4\gdx-backend-lwjgl-1.11.0.jar;C:\Users\isaac\.gradle\caches\modules-2\files-2.1\com.badlogicgames.gdx\gdx-freetype\1.11.0\a3634ad2e6c56d251268d6ab5c0f66eee2841f2c\gdx-freetype-1.11.0.jar;C:\Users\isaac\.gradle\caches\modules-2\files-2.1\com.badlogicgames.gdx\gdx-backend-headless\1.11.0\3c3d0c951db72891d894df1725d09179fd0bca00\gdx-backend-headless-1.11.0.jar;C:\Users\isaac\.gradle\caches\modules-2\files-2.1\net.dermetfan.libgdx-utils\libgdx-utils-box2d\0.13.4\918d79a20ea3c898cdb3611782c5b2bfa6ec575b\libgdx-utils-box2d-0.13.4.jar;C:\Users\isaac\.gradle\caches\modules-2\files-2.1\com.badlogicgames.gdx\gdx-box2d\1.11.0\ad4facee800dd945d6d6e93dea2936bc135b
Launcher Type: SUN_STANDARD

[Global flags]
     intx CICompilerCount                          = 12                                        {product} {ergonomic}
     uint ConcGCThreads                            = 3                                         {product} {ergonomic}
     uint G1ConcRefinementThreads                  = 13                                        {product} {ergonomic}
   size_t G1HeapRegionSize                         = 2097152                                   {product} {ergonomic}
    uintx GCDrainStackTargetSize                   = 64                                        {product} {ergonomic}
   size_t InitialHeapSize                          = 260046848                                 {product} {ergonomic}
   size_t MarkStackSize                            = 4194304                                   {product} {ergonomic}
   size_t MaxHeapSize                              = 4135583744                                {product} {ergonomic}
   size_t MaxNewSize                               = 2480930816                                {product} {ergonomic}
   size_t MinHeapDeltaBytes                        = 2097152                                   {product} {ergonomic}
   size_t MinHeapSize                              = 8388608                                   {product} {ergonomic}
    uintx NonNMethodCodeHeapSize                   = 7602480                                {pd product} {ergonomic}
    uintx NonProfiledCodeHeapSize                  = 122027880                              {pd product} {ergonomic}
    uintx ProfiledCodeHeapSize                     = 122027880                              {pd product} {ergonomic}
    uintx ReservedCodeCacheSize                    = 251658240                              {pd product} {ergonomic}
     bool SegmentedCodeCache                       = true                                      {product} {ergonomic}
     bool ShowCodeDetailsInExceptionMessages       = true                                   {manageable} {command line}
   size_t SoftMaxHeapSize                          = 4135583744                             {manageable} {ergonomic}
     bool UseCompressedClassPointers               = true                           {product lp64_product} {ergonomic}
     bool UseCompressedOops                        = true                           {product lp64_product} {ergonomic}
     bool UseG1GC                                  = true                                      {product} {ergonomic}
     bool UseLargePagesIndividualAllocation        = false                                  {pd product} {ergonomic}

Logging:
Log output configuration:
 #0: stdout all=warning uptime,level,tags
 #1: stderr all=off uptime,level,tags

Environment Variables:
PATH=C:\Users\isaac\bin;C:\Program Files\Git\mingw64\bin;C:\Program Files\Git\usr\local\bin;C:\Program Files\Git\usr\bin;C:\Program Files\Git\usr\bin;C:\Program Files\Git\mingw64\bin;C:\Program Files\Git\usr\bin;C:\Users\isaac\bin;C:\Program Files\Common Files\Oracle\Java\javapath;C:\Program Files (x86)\Common Files\Oracle\Java\javapath;C:\Windows\system32;C:\Windows;C:\Windows\System32\Wbem;C:\Windows\System32\WindowsPowerShell\v1.0;C:\Windows\System32\OpenSSH;C:\Program Files\Microsoft SQL Server\Client SDK\ODBC\170\Tools\Binn;C:\Program Files (x86)\Microsoft SQL Server\150\Tools\Binn;C:\Program Files\Microsoft SQL Server\150\Tools\Binn;C:\Program Files\Microsoft SQL Server\150\DTS\Binn;C:\Program Files (x86)\Microsoft SQL Server\150\DTS\Binn;C:\Program Files\Azure Data Studio\bin;C:\Program Files\Git\cmd;C:\Program Files\PuTTY;C:\Program Files (x86)\Pololu\USB AVR Programmer v2\bin;C:\Program Files\nodejs;C:\Users\isaac\AppData\Local\Programs\Python\Python310\Scripts;C:\Users\isaac\AppData\Local\Programs\Python\Python310;C:\Users\isaac\AppData\Local\Microsoft\WindowsApps;C:\Users\isaac\AppData\Local\Programs\Microsoft VS Code\bin;C:\Program Files\Azure Data Studio\bin;C:\Users\isaac\AppData\Roaming\npm;C:\Program Files\Git\usr\bin\vendor_perl;C:\Program Files\Git\usr\bin\core_perl
USERNAME=isaac
SHELL=C:\Program Files\Git\usr\bin\bash.exe
DISPLAY=needs-to-be-defined
LANG=en_US.UTF-8
OS=Windows_NT
PROCESSOR_IDENTIFIER=AMD64 Family 23 Model 104 Stepping 1, AuthenticAMD



---------------  S Y S T E M  ---------------

OS:
 Windows 10 , 64 bit Build 19041 (10.0.19041.3393)
OS uptime: 5 days 7:56 hours

CPU: total 16 (initial active 16) (16 cores per cpu, 2 threads per core) family 23 model 104 stepping 1 microcode 0x0, cx8, cmov, fxsr, ht, mmx, 3dnowpref, sse, sse2, sse3, ssse3, sse4a, sse4.1, sse4.2, popcnt, lzcnt, tsc, tscinvbit, avx, avx2, aes, clmul, bmi1, bmi2, adx, sha, fma, vzeroupper, clflush, clflushopt

Memory: 4k page, system-wide physical 15769M (6305M free)
TotalPageFile size 19865M (AvailPageFile size 4031M)
current process WorkingSet (physical memory assigned to process): 401M, peak: 420M
current process commit charge ("private bytes"): 714M, peak: 726M

vm_info: Java HotSpot(TM) 64-Bit Server VM (17.0.6+9-LTS-190) for windows-amd64 JRE (17.0.6+9-LTS-190), built on Dec  6 2022 15:53:54 by "mach5one" with MS VC++ 17.1 (VS2022)

END.
