#
# A fatal error has been detected by the Java Runtime Environment:
#
#  EXCEPTION_ACCESS_VIOLATION (0xc0000005) at pc=0x00000000503bba43, pid=14780, tid=21924
#
# JRE version: Java(TM) SE Runtime Environment (17.0.6+9) (build 17.0.6+9-LTS-190)
# Java VM: Java HotSpot(TM) 64-Bit Server VM (17.0.6+9-LTS-190, mixed mode, sharing, tiered, compressed oops, compressed class ptrs, g1 gc, windows-amd64)
# Problematic frame:
# C  [gdx-box2d64.dll+0xba43]
#
# No core dump will be written. Minidumps are not enabled by default on client versions of Windows
#
# If you would like to submit a bug report, please visit:
#   https://bugreport.java.com/bugreport/crash.jsp
# The crash happened outside the Java Virtual Machine in native code.
# See problematic frame for where to report the bug.
#

---------------  S U M M A R Y ------------

Command Line: -XX:+ShowCodeDetailsInExceptionMessages com.csse3200.game.desktop.DesktopLauncher

Host: AMD Ryzen 7 5700U with Radeon Graphics         , 16 cores, 15G,  Windows 10 , 64 bit Build 19041 (10.0.19041.3393)
Time: Sat Sep 30 14:49:33 2023 E. Australia Standard Time elapsed time: 8.389518 seconds (0d 0h 0m 8s)

---------------  T H R E A D  ---------------

Current thread (0x0000021c8adeb130):  JavaThread "Timer-0" [_thread_in_native, id=21924, stack(0x000000a775c00000,0x000000a775d00000)]

Stack: [0x000000a775c00000,0x000000a775d00000],  sp=0x000000a775cfec30,  free space=1019k
Native frames: (J=compiled Java code, j=interpreted, Vv=VM code, C=native code)
C  [gdx-box2d64.dll+0xba43]

Java frames: (J=compiled Java code, j=interpreted, Vv=VM code)
j  com.badlogic.gdx.physics.box2d.World.jniCreateBody(JIFFFFFFFFZZZZZF)J+0
j  com.badlogic.gdx.physics.box2d.World.createBody(Lcom/badlogic/gdx/physics/box2d/BodyDef;)Lcom/badlogic/gdx/physics/box2d/Body;+80
j  com.csse3200.game.physics.PhysicsEngine.createBody(Lcom/badlogic/gdx/physics/box2d/BodyDef;)Lcom/badlogic/gdx/physics/box2d/Body;+16
j  com.csse3200.game.physics.components.PhysicsComponent.<init>(Lcom/csse3200/game/physics/PhysicsEngine;)V+51
j  com.csse3200.game.physics.components.PhysicsComponent.<init>()V+7
j  com.csse3200.game.entities.factories.NPCFactory.createRangedBaseNPC()Lcom/csse3200/game/entities/Entity;+51
j  com.csse3200.game.entities.factories.NPCFactory.createWaterQueen()Lcom/csse3200/game/entities/Entity;+0
j  com.csse3200.game.areas.ForestGameArea.spawnWaterQueen()V+47
j  com.csse3200.game.areas.ForestGameArea.spawnWave()V+57
j  com.csse3200.game.areas.ForestGameArea$1.run()V+4
j  java.util.TimerThread.mainLoop()V+221 java.base@17.0.6
j  java.util.TimerThread.run()V+1 java.base@17.0.6
v  ~StubRoutines::call_stub

siginfo: EXCEPTION_ACCESS_VIOLATION (0xc0000005), reading address 0x00000016f9e27e30


Register to memory mapping:

RIP=0x00000000503bba43 gdx-box2d64.dll
RAX=0x00000000503ff060 gdx-box2d64.dll
RBX=0x00000016f9e27e30 is an unknown value
RCX=0x0000021cefa82500 points into unknown readable memory: 0x0000021cefa9b890 | 90 b8 a9 ef 1c 02 00 00
RDX=0x00000000000000b8 is an unknown value
RSP=0x000000a775cfec30 is pointing into the stack for thread: 0x0000021c8adeb130
RBP=0x0000021cefa82530 points into unknown readable memory: 0x0000000000000000 | 00 00 00 00 00 00 00 00
RSI=0x0000021cefa82500 points into unknown readable memory: 0x0000021cefa9b890 | 90 b8 a9 ef 1c 02 00 00
RDI=0x0000000000000148 is an unknown value
R8 =0x0000021cefa82500 points into unknown readable memory: 0x0000021cefa9b890 | 90 b8 a9 ef 1c 02 00 00
R9 =0x0000000000000002 is an unknown value
R10=0x0000000000000001 is an unknown value
R11=0x0000000000000001 is an unknown value
R12=0x0000000000000006 is an unknown value
R13={method} {0x0000021cfa148930} 'jniCreateBody' '(JIFFFFFFFFZZZZZF)J' in 'com/badlogic/gdx/physics/box2d/World'
R14=0x000000a775cfef08 is pointing into the stack for thread: 0x0000021c8adeb130
R15=0x0000021c8adeb130 is a thread


Registers:
RAX=0x00000000503ff060, RBX=0x00000016f9e27e30, RCX=0x0000021cefa82500, RDX=0x00000000000000b8
RSP=0x000000a775cfec30, RBP=0x0000021cefa82530, RSI=0x0000021cefa82500, RDI=0x0000000000000148
R8 =0x0000021cefa82500, R9 =0x0000000000000002, R10=0x0000000000000001, R11=0x0000000000000001
R12=0x0000000000000006, R13=0x0000021cfa148928, R14=0x000000a775cfef08, R15=0x0000021c8adeb130
RIP=0x00000000503bba43, EFLAGS=0x0000000000010206

Top of Stack: (sp=0x000000a775cfec30)
0x000000a775cfec30:   0000000000000020 0000021c8adeb130
0x000000a775cfec40:   000000a775cfed60 0000021c8adeb130
0x000000a775cfec50:   0000021cfa148928 0000021c8adeb130
0x000000a775cfec60:   00007ffb5b1f1f58 0000021cefa82500
0x000000a775cfec70:   000000a775cfed10 0000000000000148
0x000000a775cfec80:   000000a775cfee60 0000000000000000
0x000000a775cfec90:   0000021cfa148928 00000000503d0e22
0x000000a775cfeca0:   000000a775cfee78 000000a775cfedf0
0x000000a775cfecb0:   000000a775cfed50 000000a775cfed50
0x000000a775cfecc0:   0000ac0100000003 0000021cfa148928
0x000000a775cfecd0:   0000021c8adeb130 0000000000000001
0x000000a775cfece0:   0000021ceee7ba18 00000000503d66e6
0x000000a775cfecf0:   0000021c8adeb130 000000a775cfef08
0x000000a775cfed00:   000000a775cfee60 0000021cd9b28f0b
0x000000a775cfed10:   0000000000000002 0000000000000000
0x000000a775cfed20:   0000000000000000 40a0000000000000 

Instructions: (pc=0x00000000503bba43)
0x00000000503bb943:   f6 48 8d 2d b5 16 03 00 48 8d 3d 0e 37 04 00 4c
0x00000000503bb953:   8d 2d f7 31 03 00 4c 8d 25 55 32 03 00 eb 1a 83
0x00000000503bb963:   fe 0d 7e 11 41 b8 49 00 00 00 4c 89 ea 4c 89 e1
0x00000000503bb973:   e8 18 82 02 00 48 83 c3 01 48 63 c6 39 5c 85 00
0x00000000503bb983:   7d 03 83 c6 01 48 81 fb 80 02 00 00 40 88 34 1f
0x00000000503bb993:   75 cd c6 05 a4 36 04 00 01 48 83 c4 28 5b 5e 5f
0x00000000503bb9a3:   5d 41 5c 41 5d c3 90 66 0f 1f 44 00 00 57 56 53
0x00000000503bb9b3:   48 83 ec 20 8b 41 08 48 89 cf 85 c0 7e 1d 31 f6
0x00000000503bb9c3:   31 db 48 8b 07 83 c3 01 48 8b 4c 30 08 48 83 c6
0x00000000503bb9d3:   10 e8 a7 08 00 00 39 5f 08 7f e7 48 8b 0f 48 83
0x00000000503bb9e3:   c4 20 5b 5e 5f e9 93 08 00 00 90 66 90 41 55 41
0x00000000503bb9f3:   54 55 57 56 53 48 83 ec 38 48 63 da 48 89 ce 83
0x00000000503bba03:   fb 00 0f 84 95 01 00 00 0f 8e 6f 01 00 00 81 fb
0x00000000503bba13:   80 02 00 00 0f 8f 23 01 00 00 48 8d 05 3c 36 04
0x00000000503bba23:   00 44 0f b6 24 18 41 80 fc 0d 4c 89 e3 0f 87 da
0x00000000503bba33:   00 00 00 48 8d 2c de 48 8b 5d 10 48 85 db 74 1d
0x00000000503bba43:   48 8b 03 48 89 45 10 48 89 d8 48 83 c4 38 5b 5e
0x00000000503bba53:   5f 5d 41 5c 41 5d c3 66 0f 1f 44 00 00 48 63 46
0x00000000503bba63:   08 4c 8b 2e 3b 46 0c 0f 84 40 01 00 00 48 c1 e0
0x00000000503bba73:   04 b9 00 40 00 00 4d 63 e4 49 8d 7c 05 00 e8 ea
0x00000000503bba83:   07 00 00 48 89 c3 48 89 47 08 48 8d 05 6c 15 03
0x00000000503bba93:   00 46 8b 24 a0 b8 00 40 00 00 99 41 f7 fc 45 89
0x00000000503bbaa3:   e5 44 89 27 44 0f af e8 41 81 fd 00 40 00 00 0f
0x00000000503bbab3:   8f 9b 00 00 00 83 f8 01 7e 23 49 63 d4 83 e8 01
0x00000000503bbac3:   45 31 c0 49 89 d1 48 8d 0c 13 49 f7 d9 41 83 c0
0x00000000503bbad3:   01 4a 89 0c 09 48 01 d1 41 39 c0 75 f0 45 29 e5
0x00000000503bbae3:   4d 63 ed 4a c7 04 2b 00 00 00 00 48 8b 03 48 89
0x00000000503bbaf3:   45 10 83 46 08 01 48 89 d8 48 83 c4 38 5b 5e 5f
0x00000000503bbb03:   5d 41 5c 41 5d c3 0f 1f 80 00 00 00 00 48 8d 15
0x00000000503bbb13:   39 30 03 00 48 8d 0d b2 30 03 00 48 8d 2c de 41
0x00000000503bbb23:   b8 70 00 00 00 e8 63 80 02 00 48 8b 5d 10 48 85
0x00000000503bbb33:   db 0f 85 09 ff ff ff e9 21 ff ff ff 90 89 d9 48 


Stack slot to memory mapping:
stack at sp + 0 slots: 0x0000000000000020 is an unknown value
stack at sp + 1 slots: 0x0000021c8adeb130 is a thread
stack at sp + 2 slots: 0x000000a775cfed60 is pointing into the stack for thread: 0x0000021c8adeb130
stack at sp + 3 slots: 0x0000021c8adeb130 is a thread
stack at sp + 4 slots: {method} {0x0000021cfa148930} 'jniCreateBody' '(JIFFFFFFFFZZZZZF)J' in 'com/badlogic/gdx/physics/box2d/World'
stack at sp + 5 slots: 0x0000021c8adeb130 is a thread
stack at sp + 6 slots: 0x00007ffb5b1f1f58 jvm.dll
stack at sp + 7 slots: 0x0000021cefa82500 points into unknown readable memory: 0x0000021cefa9b890 | 90 b8 a9 ef 1c 02 00 00


---------------  P R O C E S S  ---------------

Threads class SMR info:
_java_thread_list=0x0000021c8adea250, length=26, elements={
0x0000021cc967fe00, 0x0000021cee9a45a0, 0x0000021cee9a5210, 0x0000021cee9b8a10,
0x0000021cee9b93c0, 0x0000021cee9b9d70, 0x0000021cee9baf40, 0x0000021cee9bc850,
0x0000021cee9be570, 0x0000021cef4057a0, 0x0000021cef54b130, 0x0000021cef54f650,
0x0000021cef55a3c0, 0x0000021cef569e90, 0x0000021cf6d26900, 0x0000021cf6d2ad60,
0x0000021cf7016180, 0x0000021cef741450, 0x0000021cef741960, 0x0000021cef7441e0,
0x0000021cef742890, 0x0000021cef7432b0, 0x0000021cef742380, 0x0000021cef742da0,
0x0000021cef7437c0, 0x0000021c8adeb130
}

Java Threads: ( => current thread )
  0x0000021cc967fe00 JavaThread "main" [_thread_in_native, id=25052, stack(0x000000a771a00000,0x000000a771b00000)]
  0x0000021cee9a45a0 JavaThread "Reference Handler" daemon [_thread_blocked, id=8828, stack(0x000000a772100000,0x000000a772200000)]
  0x0000021cee9a5210 JavaThread "Finalizer" daemon [_thread_blocked, id=18936, stack(0x000000a772200000,0x000000a772300000)]
  0x0000021cee9b8a10 JavaThread "Signal Dispatcher" daemon [_thread_blocked, id=24024, stack(0x000000a772300000,0x000000a772400000)]
  0x0000021cee9b93c0 JavaThread "Attach Listener" daemon [_thread_blocked, id=23844, stack(0x000000a772400000,0x000000a772500000)]
  0x0000021cee9b9d70 JavaThread "Service Thread" daemon [_thread_blocked, id=11692, stack(0x000000a772500000,0x000000a772600000)]
  0x0000021cee9baf40 JavaThread "Monitor Deflation Thread" daemon [_thread_blocked, id=9844, stack(0x000000a772600000,0x000000a772700000)]
  0x0000021cee9bc850 JavaThread "C2 CompilerThread0" daemon [_thread_blocked, id=28512, stack(0x000000a772700000,0x000000a772800000)]
  0x0000021cee9be570 JavaThread "C1 CompilerThread0" daemon [_thread_blocked, id=12252, stack(0x000000a772800000,0x000000a772900000)]
  0x0000021cef4057a0 JavaThread "Sweeper thread" daemon [_thread_blocked, id=27432, stack(0x000000a772900000,0x000000a772a00000)]
  0x0000021cef54b130 JavaThread "C1 CompilerThread1" daemon [_thread_blocked, id=26128, stack(0x000000a772a00000,0x000000a772b00000)]
  0x0000021cef54f650 JavaThread "C1 CompilerThread2" daemon [_thread_blocked, id=16368, stack(0x000000a772b00000,0x000000a772c00000)]
  0x0000021cef55a3c0 JavaThread "Notification Thread" daemon [_thread_blocked, id=26100, stack(0x000000a772c00000,0x000000a772d00000)]
  0x0000021cef569e90 JavaThread "Common-Cleaner" daemon [_thread_blocked, id=16312, stack(0x000000a772e00000,0x000000a772f00000)]
  0x0000021cf6d26900 JavaThread "AssetManager" daemon [_thread_blocked, id=27564, stack(0x000000a774e00000,0x000000a774f00000)]
  0x0000021cf6d2ad60 JavaThread "LWJGL3 Timer" daemon [_thread_blocked, id=3840, stack(0x000000a774f00000,0x000000a775000000)]
  0x0000021cf7016180 JavaThread "AssetManager" daemon [_thread_blocked, id=26440, stack(0x000000a775100000,0x000000a775200000)]
  0x0000021cef741450 JavaThread "C1 CompilerThread3" daemon [_thread_blocked, id=18460, stack(0x000000a775200000,0x000000a775300000)]
  0x0000021cef741960 JavaThread "C2 CompilerThread1" daemon [_thread_blocked, id=11212, stack(0x000000a775300000,0x000000a775400000)]
  0x0000021cef7441e0 JavaThread "C2 CompilerThread2" daemon [_thread_blocked, id=6356, stack(0x000000a775400000,0x000000a775500000)]
  0x0000021cef742890 JavaThread "C2 CompilerThread3" daemon [_thread_blocked, id=29608, stack(0x000000a775700000,0x000000a775800000)]
  0x0000021cef7432b0 JavaThread "C2 CompilerThread4" daemon [_thread_blocked, id=29912, stack(0x000000a775800000,0x000000a775900000)]
  0x0000021cef742380 JavaThread "C2 CompilerThread5" daemon [_thread_blocked, id=28752, stack(0x000000a775900000,0x000000a775a00000)]
  0x0000021cef742da0 JavaThread "C2 CompilerThread6" daemon [_thread_blocked, id=28076, stack(0x000000a775a00000,0x000000a775b00000)]
  0x0000021cef7437c0 JavaThread "C2 CompilerThread7" daemon [_thread_blocked, id=3692, stack(0x000000a775b00000,0x000000a775c00000)]
=>0x0000021c8adeb130 JavaThread "Timer-0" [_thread_in_native, id=21924, stack(0x000000a775c00000,0x000000a775d00000)]

Other Threads:
  0x0000021cee99b070 VMThread "VM Thread" [stack: 0x000000a772000000,0x000000a772100000] [id=17120]
  0x0000021cc971b140 WatcherThread [stack: 0x000000a772d00000,0x000000a772e00000] [id=23664]
  0x0000021cc96f0b90 GCTaskThread "GC Thread#0" [stack: 0x000000a771b00000,0x000000a771c00000] [id=18624]
  0x0000021cf6b16240 GCTaskThread "GC Thread#1" [stack: 0x000000a773f00000,0x000000a774000000] [id=26544]
  0x0000021cf6b16a50 GCTaskThread "GC Thread#2" [stack: 0x000000a774700000,0x000000a774800000] [id=18588]
  0x0000021cf6b164f0 GCTaskThread "GC Thread#3" [stack: 0x000000a774800000,0x000000a774900000] [id=20528]
  0x0000021cf6b13740 GCTaskThread "GC Thread#4" [stack: 0x000000a774900000,0x000000a774a00000] [id=24856]
  0x0000021cf6b167a0 GCTaskThread "GC Thread#5" [stack: 0x000000a774a00000,0x000000a774b00000] [id=15084]
  0x0000021cf6b12f30 GCTaskThread "GC Thread#6" [stack: 0x000000a774b00000,0x000000a774c00000] [id=14300]
  0x0000021cf6b13490 GCTaskThread "GC Thread#7" [stack: 0x000000a774c00000,0x000000a774d00000] [id=29596]
  0x0000021cf6b139f0 GCTaskThread "GC Thread#8" [stack: 0x000000a774d00000,0x000000a774e00000] [id=26504]
  0x0000021cf6dd3070 GCTaskThread "GC Thread#9" [stack: 0x000000a775500000,0x000000a775600000] [id=27276]
  0x0000021cf6dd1840 GCTaskThread "GC Thread#10" [stack: 0x000000a775600000,0x000000a775700000] [id=27384]
  0x0000021cc9703170 ConcurrentGCThread "G1 Main Marker" [stack: 0x000000a771c00000,0x000000a771d00000] [id=29212]
  0x0000021cc9705a90 ConcurrentGCThread "G1 Conc#0" [stack: 0x000000a771d00000,0x000000a771e00000] [id=27848]
  0x0000021cee854940 ConcurrentGCThread "G1 Refine#0" [stack: 0x000000a771e00000,0x000000a771f00000] [id=2032]
  0x0000021cee855260 ConcurrentGCThread "G1 Service" [stack: 0x000000a771f00000,0x000000a772000000] [id=28436]

Threads with active compile tasks:

VM state: not at safepoint (normal execution)

VM Mutex/Monitor currently owned by a thread: None

Heap address: 0x0000000709800000, size: 3944 MB, Compressed Oops mode: Zero based, Oop shift amount: 3

CDS archive(s) mapped at: [0x0000000800000000-0x0000000800bd0000-0x0000000800bd0000), size 12386304, SharedBaseAddress: 0x0000000800000000, ArchiveRelocationMode: 0.
Compressed class space mapped at: 0x0000000800c00000-0x0000000840c00000, reserved size: 1073741824
Narrow klass base: 0x0000000800000000, Narrow klass shift: 0, Narrow klass range: 0x100000000

GC Precious Log:
 CPUs: 16 total, 16 available
 Memory: 15769M
 Large Page Support: Disabled
 NUMA Support: Disabled
 Compressed Oops: Enabled (Zero based)
 Heap Region Size: 2M
 Heap Min Capacity: 8M
 Heap Initial Capacity: 248M
 Heap Max Capacity: 3944M
 Pre-touch: Disabled
 Parallel Workers: 13
 Concurrent Workers: 3
 Concurrent Refinement Workers: 13
 Periodic GC: Disabled

Heap:
 garbage-first heap   total 253952K, used 58349K [0x0000000709800000, 0x0000000800000000)
  region size 2048K, 20 young (40960K), 1 survivors (2048K)
 Metaspace       used 10887K, committed 11008K, reserved 1064960K
  class space    used 960K, committed 1024K, reserved 1048576K

Heap Regions: E=young(eden), S=young(survivor), O=old, HS=humongous(starts), HC=humongous(continues), CS=collection set, F=free, OA=open archive, CA=closed archive, TAMS=top-at-mark-start (previous, next)
|   0|0x0000000709800000, 0x0000000709a00000, 0x0000000709a00000|100%|HS|  |TAMS 0x0000000709800000, 0x0000000709800000| Complete 
|   1|0x0000000709a00000, 0x0000000709c00000, 0x0000000709c00000|100%|HS|  |TAMS 0x0000000709a00000, 0x0000000709a00000| Complete 
|   2|0x0000000709c00000, 0x0000000709e00000, 0x0000000709e00000|100%| O|  |TAMS 0x0000000709c00000, 0x0000000709c00000| Untracked 
|   3|0x0000000709e00000, 0x0000000709efb600, 0x000000070a000000| 49%| O|  |TAMS 0x0000000709e00000, 0x0000000709e00000| Untracked 
|   4|0x000000070a000000, 0x000000070a200000, 0x000000070a200000|100%|HS|  |TAMS 0x000000070a000000, 0x000000070a000000| Complete 
|   5|0x000000070a200000, 0x000000070a400000, 0x000000070a400000|100%|HS|  |TAMS 0x000000070a200000, 0x000000070a200000| Complete 
|   6|0x000000070a400000, 0x000000070a600000, 0x000000070a600000|100%|HS|  |TAMS 0x000000070a400000, 0x000000070a400000| Complete 
|   7|0x000000070a600000, 0x000000070a800000, 0x000000070a800000|100%|HC|  |TAMS 0x000000070a600000, 0x000000070a600000| Complete 
|   8|0x000000070a800000, 0x000000070aa00000, 0x000000070aa00000|100%|HS|  |TAMS 0x000000070a800000, 0x000000070a800000| Complete 
|   9|0x000000070aa00000, 0x000000070ac00000, 0x000000070ac00000|100%|HS|  |TAMS 0x000000070aa00000, 0x000000070aa00000| Complete 
|  10|0x000000070ac00000, 0x000000070ae00000, 0x000000070ae00000|100%|HS|  |TAMS 0x000000070ac00000, 0x000000070ac00000| Complete 
|  11|0x000000070ae00000, 0x000000070ae00000, 0x000000070b000000|  0%| F|  |TAMS 0x000000070ae00000, 0x000000070ae00000| Untracked 
|  12|0x000000070b000000, 0x000000070b000000, 0x000000070b200000|  0%| F|  |TAMS 0x000000070b000000, 0x000000070b000000| Untracked 
|  13|0x000000070b200000, 0x000000070b200000, 0x000000070b400000|  0%| F|  |TAMS 0x000000070b200000, 0x000000070b200000| Untracked 
|  14|0x000000070b400000, 0x000000070b400000, 0x000000070b600000|  0%| F|  |TAMS 0x000000070b400000, 0x000000070b400000| Untracked 
|  15|0x000000070b600000, 0x000000070b600000, 0x000000070b800000|  0%| F|  |TAMS 0x000000070b600000, 0x000000070b600000| Untracked 
|  16|0x000000070b800000, 0x000000070b800000, 0x000000070ba00000|  0%| F|  |TAMS 0x000000070b800000, 0x000000070b800000| Untracked 
|  17|0x000000070ba00000, 0x000000070ba00000, 0x000000070bc00000|  0%| F|  |TAMS 0x000000070ba00000, 0x000000070ba00000| Untracked 
|  18|0x000000070bc00000, 0x000000070bc00000, 0x000000070be00000|  0%| F|  |TAMS 0x000000070bc00000, 0x000000070bc00000| Untracked 
|  19|0x000000070be00000, 0x000000070be00000, 0x000000070c000000|  0%| F|  |TAMS 0x000000070be00000, 0x000000070be00000| Untracked 
|  20|0x000000070c000000, 0x000000070c000000, 0x000000070c200000|  0%| F|  |TAMS 0x000000070c000000, 0x000000070c000000| Untracked 
|  21|0x000000070c200000, 0x000000070c200000, 0x000000070c400000|  0%| F|  |TAMS 0x000000070c200000, 0x000000070c200000| Untracked 
|  22|0x000000070c400000, 0x000000070c400000, 0x000000070c600000|  0%| F|  |TAMS 0x000000070c400000, 0x000000070c400000| Untracked 
|  23|0x000000070c600000, 0x000000070c600000, 0x000000070c800000|  0%| F|  |TAMS 0x000000070c600000, 0x000000070c600000| Untracked 
|  24|0x000000070c800000, 0x000000070c800000, 0x000000070ca00000|  0%| F|  |TAMS 0x000000070c800000, 0x000000070c800000| Untracked 
|  25|0x000000070ca00000, 0x000000070ca00000, 0x000000070cc00000|  0%| F|  |TAMS 0x000000070ca00000, 0x000000070ca00000| Untracked 
|  26|0x000000070cc00000, 0x000000070cc00000, 0x000000070ce00000|  0%| F|  |TAMS 0x000000070cc00000, 0x000000070cc00000| Untracked 
|  27|0x000000070ce00000, 0x000000070ce00000, 0x000000070d000000|  0%| F|  |TAMS 0x000000070ce00000, 0x000000070ce00000| Untracked 
|  28|0x000000070d000000, 0x000000070d000000, 0x000000070d200000|  0%| F|  |TAMS 0x000000070d000000, 0x000000070d000000| Untracked 
|  29|0x000000070d200000, 0x000000070d200000, 0x000000070d400000|  0%| F|  |TAMS 0x000000070d200000, 0x000000070d200000| Untracked 
|  30|0x000000070d400000, 0x000000070d400000, 0x000000070d600000|  0%| F|  |TAMS 0x000000070d400000, 0x000000070d400000| Untracked 
|  31|0x000000070d600000, 0x000000070d600000, 0x000000070d800000|  0%| F|  |TAMS 0x000000070d600000, 0x000000070d600000| Untracked 
|  32|0x000000070d800000, 0x000000070d800000, 0x000000070da00000|  0%| F|  |TAMS 0x000000070d800000, 0x000000070d800000| Untracked 
|  33|0x000000070da00000, 0x000000070da00000, 0x000000070dc00000|  0%| F|  |TAMS 0x000000070da00000, 0x000000070da00000| Untracked 
|  34|0x000000070dc00000, 0x000000070dc00000, 0x000000070de00000|  0%| F|  |TAMS 0x000000070dc00000, 0x000000070dc00000| Untracked 
|  35|0x000000070de00000, 0x000000070de00000, 0x000000070e000000|  0%| F|  |TAMS 0x000000070de00000, 0x000000070de00000| Untracked 
|  36|0x000000070e000000, 0x000000070e000000, 0x000000070e200000|  0%| F|  |TAMS 0x000000070e000000, 0x000000070e000000| Untracked 
|  37|0x000000070e200000, 0x000000070e200000, 0x000000070e400000|  0%| F|  |TAMS 0x000000070e200000, 0x000000070e200000| Untracked 
|  38|0x000000070e400000, 0x000000070e400000, 0x000000070e600000|  0%| F|  |TAMS 0x000000070e400000, 0x000000070e400000| Untracked 
|  39|0x000000070e600000, 0x000000070e600000, 0x000000070e800000|  0%| F|  |TAMS 0x000000070e600000, 0x000000070e600000| Untracked 
|  40|0x000000070e800000, 0x000000070e800000, 0x000000070ea00000|  0%| F|  |TAMS 0x000000070e800000, 0x000000070e800000| Untracked 
|  41|0x000000070ea00000, 0x000000070ea00000, 0x000000070ec00000|  0%| F|  |TAMS 0x000000070ea00000, 0x000000070ea00000| Untracked 
|  42|0x000000070ec00000, 0x000000070ec00000, 0x000000070ee00000|  0%| F|  |TAMS 0x000000070ec00000, 0x000000070ec00000| Untracked 
|  43|0x000000070ee00000, 0x000000070ee00000, 0x000000070f000000|  0%| F|  |TAMS 0x000000070ee00000, 0x000000070ee00000| Untracked 
|  44|0x000000070f000000, 0x000000070f000000, 0x000000070f200000|  0%| F|  |TAMS 0x000000070f000000, 0x000000070f000000| Untracked 
|  45|0x000000070f200000, 0x000000070f200000, 0x000000070f400000|  0%| F|  |TAMS 0x000000070f200000, 0x000000070f200000| Untracked 
|  46|0x000000070f400000, 0x000000070f400000, 0x000000070f600000|  0%| F|  |TAMS 0x000000070f400000, 0x000000070f400000| Untracked 
|  47|0x000000070f600000, 0x000000070f600000, 0x000000070f800000|  0%| F|  |TAMS 0x000000070f600000, 0x000000070f600000| Untracked 
|  48|0x000000070f800000, 0x000000070f800000, 0x000000070fa00000|  0%| F|  |TAMS 0x000000070f800000, 0x000000070f800000| Untracked 
|  49|0x000000070fa00000, 0x000000070fa00000, 0x000000070fc00000|  0%| F|  |TAMS 0x000000070fa00000, 0x000000070fa00000| Untracked 
|  50|0x000000070fc00000, 0x000000070fc00000, 0x000000070fe00000|  0%| F|  |TAMS 0x000000070fc00000, 0x000000070fc00000| Untracked 
|  51|0x000000070fe00000, 0x000000070fe00000, 0x0000000710000000|  0%| F|  |TAMS 0x000000070fe00000, 0x000000070fe00000| Untracked 
|  52|0x0000000710000000, 0x0000000710000000, 0x0000000710200000|  0%| F|  |TAMS 0x0000000710000000, 0x0000000710000000| Untracked 
|  53|0x0000000710200000, 0x0000000710200000, 0x0000000710400000|  0%| F|  |TAMS 0x0000000710200000, 0x0000000710200000| Untracked 
|  54|0x0000000710400000, 0x0000000710400000, 0x0000000710600000|  0%| F|  |TAMS 0x0000000710400000, 0x0000000710400000| Untracked 
|  55|0x0000000710600000, 0x0000000710600000, 0x0000000710800000|  0%| F|  |TAMS 0x0000000710600000, 0x0000000710600000| Untracked 
|  56|0x0000000710800000, 0x0000000710800000, 0x0000000710a00000|  0%| F|  |TAMS 0x0000000710800000, 0x0000000710800000| Untracked 
|  57|0x0000000710a00000, 0x0000000710a00000, 0x0000000710c00000|  0%| F|  |TAMS 0x0000000710a00000, 0x0000000710a00000| Untracked 
|  58|0x0000000710c00000, 0x0000000710c00000, 0x0000000710e00000|  0%| F|  |TAMS 0x0000000710c00000, 0x0000000710c00000| Untracked 
|  59|0x0000000710e00000, 0x0000000710e00000, 0x0000000711000000|  0%| F|  |TAMS 0x0000000710e00000, 0x0000000710e00000| Untracked 
|  60|0x0000000711000000, 0x0000000711000000, 0x0000000711200000|  0%| F|  |TAMS 0x0000000711000000, 0x0000000711000000| Untracked 
|  61|0x0000000711200000, 0x0000000711200000, 0x0000000711400000|  0%| F|  |TAMS 0x0000000711200000, 0x0000000711200000| Untracked 
|  62|0x0000000711400000, 0x0000000711400000, 0x0000000711600000|  0%| F|  |TAMS 0x0000000711400000, 0x0000000711400000| Untracked 
|  63|0x0000000711600000, 0x0000000711600000, 0x0000000711800000|  0%| F|  |TAMS 0x0000000711600000, 0x0000000711600000| Untracked 
|  64|0x0000000711800000, 0x0000000711800000, 0x0000000711a00000|  0%| F|  |TAMS 0x0000000711800000, 0x0000000711800000| Untracked 
|  65|0x0000000711a00000, 0x0000000711a00000, 0x0000000711c00000|  0%| F|  |TAMS 0x0000000711a00000, 0x0000000711a00000| Untracked 
|  66|0x0000000711c00000, 0x0000000711c00000, 0x0000000711e00000|  0%| F|  |TAMS 0x0000000711c00000, 0x0000000711c00000| Untracked 
|  67|0x0000000711e00000, 0x0000000711e00000, 0x0000000712000000|  0%| F|  |TAMS 0x0000000711e00000, 0x0000000711e00000| Untracked 
|  68|0x0000000712000000, 0x0000000712000000, 0x0000000712200000|  0%| F|  |TAMS 0x0000000712000000, 0x0000000712000000| Untracked 
|  69|0x0000000712200000, 0x0000000712200000, 0x0000000712400000|  0%| F|  |TAMS 0x0000000712200000, 0x0000000712200000| Untracked 
|  70|0x0000000712400000, 0x0000000712400000, 0x0000000712600000|  0%| F|  |TAMS 0x0000000712400000, 0x0000000712400000| Untracked 
|  71|0x0000000712600000, 0x0000000712600000, 0x0000000712800000|  0%| F|  |TAMS 0x0000000712600000, 0x0000000712600000| Untracked 
|  72|0x0000000712800000, 0x0000000712800000, 0x0000000712a00000|  0%| F|  |TAMS 0x0000000712800000, 0x0000000712800000| Untracked 
|  73|0x0000000712a00000, 0x0000000712a00000, 0x0000000712c00000|  0%| F|  |TAMS 0x0000000712a00000, 0x0000000712a00000| Untracked 
|  74|0x0000000712c00000, 0x0000000712c00000, 0x0000000712e00000|  0%| F|  |TAMS 0x0000000712c00000, 0x0000000712c00000| Untracked 
|  75|0x0000000712e00000, 0x0000000712e00000, 0x0000000713000000|  0%| F|  |TAMS 0x0000000712e00000, 0x0000000712e00000| Untracked 
|  76|0x0000000713000000, 0x0000000713000000, 0x0000000713200000|  0%| F|  |TAMS 0x0000000713000000, 0x0000000713000000| Untracked 
|  77|0x0000000713200000, 0x0000000713200000, 0x0000000713400000|  0%| F|  |TAMS 0x0000000713200000, 0x0000000713200000| Untracked 
|  78|0x0000000713400000, 0x0000000713400000, 0x0000000713600000|  0%| F|  |TAMS 0x0000000713400000, 0x0000000713400000| Untracked 
|  79|0x0000000713600000, 0x0000000713600000, 0x0000000713800000|  0%| F|  |TAMS 0x0000000713600000, 0x0000000713600000| Untracked 
|  80|0x0000000713800000, 0x0000000713800000, 0x0000000713a00000|  0%| F|  |TAMS 0x0000000713800000, 0x0000000713800000| Untracked 
|  81|0x0000000713a00000, 0x0000000713a00000, 0x0000000713c00000|  0%| F|  |TAMS 0x0000000713a00000, 0x0000000713a00000| Untracked 
|  82|0x0000000713c00000, 0x0000000713c00000, 0x0000000713e00000|  0%| F|  |TAMS 0x0000000713c00000, 0x0000000713c00000| Untracked 
|  83|0x0000000713e00000, 0x0000000713e00000, 0x0000000714000000|  0%| F|  |TAMS 0x0000000713e00000, 0x0000000713e00000| Untracked 
|  84|0x0000000714000000, 0x0000000714000000, 0x0000000714200000|  0%| F|  |TAMS 0x0000000714000000, 0x0000000714000000| Untracked 
|  85|0x0000000714200000, 0x0000000714200000, 0x0000000714400000|  0%| F|  |TAMS 0x0000000714200000, 0x0000000714200000| Untracked 
|  86|0x0000000714400000, 0x0000000714400000, 0x0000000714600000|  0%| F|  |TAMS 0x0000000714400000, 0x0000000714400000| Untracked 
|  87|0x0000000714600000, 0x0000000714600000, 0x0000000714800000|  0%| F|  |TAMS 0x0000000714600000, 0x0000000714600000| Untracked 
|  88|0x0000000714800000, 0x0000000714800000, 0x0000000714a00000|  0%| F|  |TAMS 0x0000000714800000, 0x0000000714800000| Untracked 
|  89|0x0000000714a00000, 0x0000000714a00000, 0x0000000714c00000|  0%| F|  |TAMS 0x0000000714a00000, 0x0000000714a00000| Untracked 
|  90|0x0000000714c00000, 0x0000000714c00000, 0x0000000714e00000|  0%| F|  |TAMS 0x0000000714c00000, 0x0000000714c00000| Untracked 
|  91|0x0000000714e00000, 0x0000000714e00000, 0x0000000715000000|  0%| F|  |TAMS 0x0000000714e00000, 0x0000000714e00000| Untracked 
|  92|0x0000000715000000, 0x0000000715000000, 0x0000000715200000|  0%| F|  |TAMS 0x0000000715000000, 0x0000000715000000| Untracked 
|  93|0x0000000715200000, 0x0000000715200000, 0x0000000715400000|  0%| F|  |TAMS 0x0000000715200000, 0x0000000715200000| Untracked 
|  94|0x0000000715400000, 0x0000000715400000, 0x0000000715600000|  0%| F|  |TAMS 0x0000000715400000, 0x0000000715400000| Untracked 
|  95|0x0000000715600000, 0x0000000715600000, 0x0000000715800000|  0%| F|  |TAMS 0x0000000715600000, 0x0000000715600000| Untracked 
|  96|0x0000000715800000, 0x0000000715800000, 0x0000000715a00000|  0%| F|  |TAMS 0x0000000715800000, 0x0000000715800000| Untracked 
|  97|0x0000000715a00000, 0x0000000715a00000, 0x0000000715c00000|  0%| F|  |TAMS 0x0000000715a00000, 0x0000000715a00000| Untracked 
|  98|0x0000000715c00000, 0x0000000715c00000, 0x0000000715e00000|  0%| F|  |TAMS 0x0000000715c00000, 0x0000000715c00000| Untracked 
|  99|0x0000000715e00000, 0x0000000715e00000, 0x0000000716000000|  0%| F|  |TAMS 0x0000000715e00000, 0x0000000715e00000| Untracked 
| 100|0x0000000716000000, 0x0000000716000000, 0x0000000716200000|  0%| F|  |TAMS 0x0000000716000000, 0x0000000716000000| Untracked 
| 101|0x0000000716200000, 0x0000000716200000, 0x0000000716400000|  0%| F|  |TAMS 0x0000000716200000, 0x0000000716200000| Untracked 
| 102|0x0000000716400000, 0x0000000716400000, 0x0000000716600000|  0%| F|  |TAMS 0x0000000716400000, 0x0000000716400000| Untracked 
| 103|0x0000000716600000, 0x0000000716600000, 0x0000000716800000|  0%| F|  |TAMS 0x0000000716600000, 0x0000000716600000| Untracked 
| 104|0x0000000716800000, 0x0000000716976458, 0x0000000716a00000| 73%| E|  |TAMS 0x0000000716800000, 0x0000000716800000| Complete 
| 105|0x0000000716a00000, 0x0000000716c00000, 0x0000000716c00000|100%| S|CS|TAMS 0x0000000716a00000, 0x0000000716a00000| Complete 
| 106|0x0000000716c00000, 0x0000000716e00000, 0x0000000716e00000|100%| E|CS|TAMS 0x0000000716c00000, 0x0000000716c00000| Complete 
| 107|0x0000000716e00000, 0x0000000717000000, 0x0000000717000000|100%| E|CS|TAMS 0x0000000716e00000, 0x0000000716e00000| Complete 
| 108|0x0000000717000000, 0x0000000717200000, 0x0000000717200000|100%| E|CS|TAMS 0x0000000717000000, 0x0000000717000000| Complete 
| 109|0x0000000717200000, 0x0000000717400000, 0x0000000717400000|100%| E|CS|TAMS 0x0000000717200000, 0x0000000717200000| Complete 
| 110|0x0000000717400000, 0x0000000717600000, 0x0000000717600000|100%| E|CS|TAMS 0x0000000717400000, 0x0000000717400000| Complete 
| 111|0x0000000717600000, 0x0000000717800000, 0x0000000717800000|100%| E|CS|TAMS 0x0000000717600000, 0x0000000717600000| Complete 
| 112|0x0000000717800000, 0x0000000717a00000, 0x0000000717a00000|100%| E|CS|TAMS 0x0000000717800000, 0x0000000717800000| Complete 
| 113|0x0000000717a00000, 0x0000000717c00000, 0x0000000717c00000|100%| E|CS|TAMS 0x0000000717a00000, 0x0000000717a00000| Complete 
| 114|0x0000000717c00000, 0x0000000717e00000, 0x0000000717e00000|100%| E|  |TAMS 0x0000000717c00000, 0x0000000717c00000| Complete 
| 115|0x0000000717e00000, 0x0000000718000000, 0x0000000718000000|100%| E|CS|TAMS 0x0000000717e00000, 0x0000000717e00000| Complete 
| 116|0x0000000718000000, 0x0000000718200000, 0x0000000718200000|100%| E|CS|TAMS 0x0000000718000000, 0x0000000718000000| Complete 
| 117|0x0000000718200000, 0x0000000718400000, 0x0000000718400000|100%| E|CS|TAMS 0x0000000718200000, 0x0000000718200000| Complete 
| 118|0x0000000718400000, 0x0000000718600000, 0x0000000718600000|100%| E|CS|TAMS 0x0000000718400000, 0x0000000718400000| Complete 
| 119|0x0000000718600000, 0x0000000718800000, 0x0000000718800000|100%| E|CS|TAMS 0x0000000718600000, 0x0000000718600000| Complete 
| 120|0x0000000718800000, 0x0000000718a00000, 0x0000000718a00000|100%| E|CS|TAMS 0x0000000718800000, 0x0000000718800000| Complete 
| 121|0x0000000718a00000, 0x0000000718c00000, 0x0000000718c00000|100%| E|CS|TAMS 0x0000000718a00000, 0x0000000718a00000| Complete 
| 122|0x0000000718c00000, 0x0000000718e00000, 0x0000000718e00000|100%| E|CS|TAMS 0x0000000718c00000, 0x0000000718c00000| Complete 
| 123|0x0000000718e00000, 0x0000000719000000, 0x0000000719000000|100%| E|CS|TAMS 0x0000000718e00000, 0x0000000718e00000| Complete 

Card table byte_map: [0x0000021ce2e60000,0x0000021ce3620000] _byte_map_base: 0x0000021cdf614000

Marking Bits (Prev, Next): (CMBitMap*) 0x0000021cc96f21b0, (CMBitMap*) 0x0000021cc96f21f0
 Prev Bits: [0x0000021ce3de0000, 0x0000021ce7b80000)
 Next Bits: [0x0000021ce7b80000, 0x0000021ceb920000)

Polling page: 0x0000021cc9740000

Metaspace:

Usage:
  Non-class:      9.69 MB used.
      Class:    960.75 KB used.
       Both:     10.63 MB used.

Virtual space:
  Non-class space:       16.00 MB reserved,       9.75 MB ( 61%) committed,  2 nodes.
      Class space:        1.00 GB reserved,       1.00 MB ( <1%) committed,  1 nodes.
             Both:        1.02 GB reserved,      10.75 MB (  1%) committed. 

Chunk freelists:
   Non-Class:  1.62 MB
       Class:  3.02 MB
        Both:  4.64 MB

MaxMetaspaceSize: unlimited
CompressedClassSpaceSize: 1.00 GB
Initial GC threshold: 21.00 MB
Current GC threshold: 21.00 MB
CDS: on
MetaspaceReclaimPolicy: balanced
 - commit_granule_bytes: 65536.
 - commit_granule_words: 8192.
 - virtual_space_node_default_size: 1048576.
 - enlarge_chunks_in_place: 1.
 - new_chunks_are_fully_committed: 0.
 - uncommit_free_chunks: 1.
 - use_allocation_guard: 0.
 - handle_deallocations: 1.


Internal statistics:

num_allocs_failed_limit: 0.
num_arena_births: 144.
num_arena_deaths: 0.
num_vsnodes_births: 3.
num_vsnodes_deaths: 0.
num_space_committed: 170.
num_space_uncommitted: 0.
num_chunks_returned_to_freelist: 0.
num_chunks_taken_from_freelist: 456.
num_chunk_merges: 0.
num_chunk_splits: 311.
num_chunks_enlarged: 235.
num_purges: 0.
num_inconsistent_stats: 0.

CodeHeap 'non-profiled nmethods': size=119168Kb used=1377Kb max_used=1377Kb free=117790Kb
 bounds [0x0000021cda270000, 0x0000021cda4e0000, 0x0000021ce16d0000]
CodeHeap 'profiled nmethods': size=119104Kb used=5204Kb max_used=5204Kb free=113899Kb
 bounds [0x0000021cd26d0000, 0x0000021cd2bf0000, 0x0000021cd9b20000]
CodeHeap 'non-nmethods': size=7488Kb used=3348Kb max_used=3396Kb free=4139Kb
 bounds [0x0000021cd9b20000, 0x0000021cd9e80000, 0x0000021cda270000]
 total_blobs=3620 nmethods=2518 adapters=1011
 compilation: enabled
              stopped_count=0, restarted_count=0
 full_count=0

Compilation events (20 events):
Event: 8.356 Thread 0x0000021cef54f650 2508       1       java.lang.Boolean::booleanValue (5 bytes)
Event: 8.357 Thread 0x0000021cef54f650 nmethod 2508 0x0000021cda3b9d90 code [0x0000021cda3b9f20, 0x0000021cda3b9ff8]
Event: 8.362 Thread 0x0000021cef54f650 2509       3       jdk.internal.org.objectweb.asm.ClassWriter::visitMethod (57 bytes)
Event: 8.362 Thread 0x0000021cef741450 2510       3       jdk.internal.org.objectweb.asm.MethodWriter::<init> (232 bytes)
Event: 8.362 Thread 0x0000021cef54b130 2511       3       jdk.internal.org.objectweb.asm.MethodVisitor::<init> (7 bytes)
Event: 8.362 Thread 0x0000021cee9be570 2512       3       jdk.internal.org.objectweb.asm.MethodWriter::visitMaxs (60 bytes)
Event: 8.362 Thread 0x0000021cef54b130 nmethod 2511 0x0000021cd2bdc010 code [0x0000021cd2bdc1c0, 0x0000021cd2bdc308]
Event: 8.362 Thread 0x0000021cef54b130 2513       3       jdk.internal.org.objectweb.asm.MethodWriter::visitEnd (1 bytes)
Event: 8.362 Thread 0x0000021cef54f650 nmethod 2509 0x0000021cd2bdc390 code [0x0000021cd2bdc540, 0x0000021cd2bdc8c8]
Event: 8.362 Thread 0x0000021cef54f650 2514       3       jdk.internal.org.objectweb.asm.MethodWriter::computeMethodInfoSize (571 bytes)
Event: 8.362 Thread 0x0000021cee9be570 nmethod 2512 0x0000021cd2bdca10 code [0x0000021cd2bdcbe0, 0x0000021cd2bdceb8]
Event: 8.362 Thread 0x0000021cef54b130 nmethod 2513 0x0000021cd2bdcf90 code [0x0000021cd2bdd120, 0x0000021cd2bdd238]
Event: 8.362 Thread 0x0000021cee9be570 2516       3       jdk.internal.org.objectweb.asm.MethodWriter::hasFrames (13 bytes)
Event: 8.362 Thread 0x0000021cef54b130 2517       3       jdk.internal.org.objectweb.asm.MethodWriter::putMethodInfo (1274 bytes)
Event: 8.363 Thread 0x0000021cee9be570 nmethod 2516 0x0000021cd2bdd310 code [0x0000021cd2bdd4a0, 0x0000021cd2bdd618]
Event: 8.363 Thread 0x0000021cee9be570 2518       3       jdk.internal.org.objectweb.asm.Handler::putExceptionTable (63 bytes)
Event: 8.363 Thread 0x0000021cef741450 nmethod 2510 0x0000021cd2bdd690 code [0x0000021cd2bdd920, 0x0000021cd2bde6f8]
Event: 8.363 Thread 0x0000021cee9be570 nmethod 2518 0x0000021cd2bdec10 code [0x0000021cd2bdee20, 0x0000021cd2bdf2a8]
Event: 8.363 Thread 0x0000021cef741450 2515       1       jdk.internal.org.objectweb.asm.SymbolTable::getConstantPoolCount (5 bytes)
Event: 8.363 Thread 0x0000021cef741450 nmethod 2515 0x0000021cda3ba090 code [0x0000021cda3ba220, 0x0000021cda3ba2f8]

GC Heap History (4 events):
Event: 2.654 GC heap before
{Heap before GC invocations=0 (full 0):
 garbage-first heap   total 253952K, used 20480K [0x0000000709800000, 0x0000000800000000)
  region size 2048K, 11 young (22528K), 0 survivors (0K)
 Metaspace       used 6451K, committed 6656K, reserved 1064960K
  class space    used 485K, committed 576K, reserved 1048576K
}
Event: 2.659 GC heap after
{Heap after GC invocations=1 (full 0):
 garbage-first heap   total 253952K, used 3670K [0x0000000709800000, 0x0000000800000000)
  region size 2048K, 2 young (4096K), 2 survivors (4096K)
 Metaspace       used 6451K, committed 6656K, reserved 1064960K
  class space    used 485K, committed 576K, reserved 1048576K
}
Event: 7.012 GC heap before
{Heap before GC invocations=1 (full 0):
 garbage-first heap   total 253952K, used 38486K [0x0000000709800000, 0x0000000800000000)
  region size 2048K, 18 young (36864K), 2 survivors (4096K)
 Metaspace       used 9013K, committed 9216K, reserved 1064960K
  class space    used 736K, committed 832K, reserved 1048576K
}
Event: 7.017 GC heap after
{Heap after GC invocations=2 (full 0):
 garbage-first heap   total 253952K, used 5101K [0x0000000709800000, 0x0000000800000000)
  region size 2048K, 1 young (2048K), 1 survivors (2048K)
 Metaspace       used 9013K, committed 9216K, reserved 1064960K
  class space    used 736K, committed 832K, reserved 1048576K
}

Deoptimization events (20 events):
Event: 7.876 Thread 0x0000021cc967fe00 DEOPT PACKING pc=0x0000021cda34cfac sp=0x000000a771afe8f0
Event: 7.876 Thread 0x0000021cc967fe00 DEOPT UNPACKING pc=0x0000021cd9b723a3 sp=0x000000a771afe890 mode 2
Event: 7.876 Thread 0x0000021cc967fe00 Uncommon trap: trap_request=0xffffff45 fr.pc=0x0000021cda31a028 relative=0x0000000000000428
Event: 7.876 Thread 0x0000021cc967fe00 Uncommon trap: reason=unstable_if action=reinterpret pc=0x0000021cda31a028 method=com.badlogic.gdx.assets.AssetManager.update(I)Z @ 15 c2
Event: 7.876 Thread 0x0000021cc967fe00 DEOPT PACKING pc=0x0000021cda31a028 sp=0x000000a771afe9f0
Event: 7.876 Thread 0x0000021cc967fe00 DEOPT UNPACKING pc=0x0000021cd9b723a3 sp=0x000000a771afe9a8 mode 2
Event: 8.168 Thread 0x0000021cc967fe00 Uncommon trap: trap_request=0xffffff45 fr.pc=0x0000021cda33fb94 relative=0x00000000000000f4
Event: 8.168 Thread 0x0000021cc967fe00 Uncommon trap: reason=unstable_if action=reinterpret pc=0x0000021cda33fb94 method=com.badlogic.gdx.backends.lwjgl3.audio.OggInputStream.read()I @ 11 c2
Event: 8.168 Thread 0x0000021cc967fe00 DEOPT PACKING pc=0x0000021cda33fb94 sp=0x000000a771afe830
Event: 8.168 Thread 0x0000021cc967fe00 DEOPT UNPACKING pc=0x0000021cd9b723a3 sp=0x000000a771afe7d0 mode 2
Event: 8.208 Thread 0x0000021cc967fe00 DEOPT PACKING pc=0x0000021cd2ab3e25 sp=0x000000a771afe470
Event: 8.208 Thread 0x0000021cc967fe00 DEOPT UNPACKING pc=0x0000021cd9b72b43 sp=0x000000a771afd908 mode 0
Event: 8.213 Thread 0x0000021cc967fe00 DEOPT PACKING pc=0x0000021cd2ab3e25 sp=0x000000a771afe470
Event: 8.213 Thread 0x0000021cc967fe00 DEOPT UNPACKING pc=0x0000021cd9b72b43 sp=0x000000a771afd908 mode 0
Event: 8.218 Thread 0x0000021cc967fe00 DEOPT PACKING pc=0x0000021cd2ab3e25 sp=0x000000a771afe470
Event: 8.218 Thread 0x0000021cc967fe00 DEOPT UNPACKING pc=0x0000021cd9b72b43 sp=0x000000a771afd908 mode 0
Event: 8.361 Thread 0x0000021c8adeb130 Uncommon trap: trap_request=0xffffffde fr.pc=0x0000021cda314b3c relative=0x000000000000111c
Event: 8.361 Thread 0x0000021c8adeb130 Uncommon trap: reason=class_check action=maybe_recompile pc=0x0000021cda314b3c method=java.util.concurrent.ConcurrentHashMap.putVal(Ljava/lang/Object;Ljava/lang/Object;Z)Ljava/lang/Object; @ 159 c2
Event: 8.361 Thread 0x0000021c8adeb130 DEOPT PACKING pc=0x0000021cda314b3c sp=0x000000a775cfe150
Event: 8.362 Thread 0x0000021c8adeb130 DEOPT UNPACKING pc=0x0000021cd9b723a3 sp=0x000000a775cfe0d0 mode 2

Classes unloaded (0 events):
No events

Classes redefined (0 events):
No events

Internal exceptions (20 events):
Event: 0.558 Thread 0x0000021cc967fe00 Exception <a 'sun/nio/fs/WindowsException'{0x0000000718443580}> (0x0000000718443580) 
thrown [s\open\src\hotspot\share\prims\jni.cpp, line 516]
Event: 0.592 Thread 0x0000021cc967fe00 Exception <a 'sun/nio/fs/WindowsException'{0x00000007185088c8}> (0x00000007185088c8) 
thrown [s\open\src\hotspot\share\prims\jni.cpp, line 516]
Event: 0.592 Thread 0x0000021cc967fe00 Exception <a 'sun/nio/fs/WindowsException'{0x0000000718508c28}> (0x0000000718508c28) 
thrown [s\open\src\hotspot\share\prims\jni.cpp, line 516]
Event: 0.651 Thread 0x0000021cc967fe00 Exception <a 'sun/nio/fs/WindowsException'{0x00000007185a4d58}> (0x00000007185a4d58) 
thrown [s\open\src\hotspot\share\prims\jni.cpp, line 516]
Event: 0.651 Thread 0x0000021cc967fe00 Exception <a 'sun/nio/fs/WindowsException'{0x00000007185a50d8}> (0x00000007185a50d8) 
thrown [s\open\src\hotspot\share\prims\jni.cpp, line 516]
Event: 1.864 Thread 0x0000021cc967fe00 Exception <a 'java/lang/NoSuchMethodError'{0x00000007185f4ac0}: 'java.lang.Object java.lang.invoke.DirectMethodHandle$Holder.newInvokeSpecial(java.lang.Object, long)'> (0x00000007185f4ac0) 
thrown [s\open\src\hotspot\share\interpreter\linkResolver.cpp, line 759]
Event: 2.163 Thread 0x0000021cc967fe00 Exception <a 'sun/nio/fs/WindowsException'{0x0000000718331488}> (0x0000000718331488) 
thrown [s\open\src\hotspot\share\prims\jni.cpp, line 516]
Event: 2.163 Thread 0x0000021cc967fe00 Exception <a 'sun/nio/fs/WindowsException'{0x0000000718331830}> (0x0000000718331830) 
thrown [s\open\src\hotspot\share\prims\jni.cpp, line 516]
Event: 2.167 Thread 0x0000021cc967fe00 Exception <a 'sun/nio/fs/WindowsException'{0x000000071833cdf8}> (0x000000071833cdf8) 
thrown [s\open\src\hotspot\share\prims\jni.cpp, line 516]
Event: 2.167 Thread 0x0000021cc967fe00 Exception <a 'sun/nio/fs/WindowsException'{0x000000071833d0d8}> (0x000000071833d0d8) 
thrown [s\open\src\hotspot\share\prims\jni.cpp, line 516]
Event: 2.434 Thread 0x0000021cc967fe00 Exception <a 'java/lang/ClassNotFoundException'{0x0000000717e68ff0}: sun/util/logging/resources/spi/loggingProvider> (0x0000000717e68ff0) 
thrown [s\open\src\hotspot\share\classfile\systemDictionary.cpp, line 256]
Event: 2.465 Thread 0x0000021cc967fe00 Exception <a 'java/io/FileNotFoundException'{0x0000000717eef690}> (0x0000000717eef690) 
thrown [s\open\src\hotspot\share\prims\jni.cpp, line 516]
Event: 2.503 Thread 0x0000021cc967fe00 Exception <a 'java/lang/NoSuchMethodError'{0x0000000717f3e1e0}: 'int java.lang.invoke.DirectMethodHandle$Holder.invokeVirtual(java.lang.Object, java.lang.Object)'> (0x0000000717f3e1e0) 
thrown [s\open\src\hotspot\share\interpreter\linkResolver.cpp, line 759]
Event: 2.507 Thread 0x0000021cc967fe00 Exception <a 'java/lang/NoSuchMethodError'{0x0000000717f48600}: 'java.lang.Object java.lang.invoke.Invokers$Holder.invokeExact_MT(java.lang.Object, java.lang.Object, java.lang.Object, java.lang.Object, java.lang.Object, java.lang.Object)'> (0x0000000717f48600) 
thrown [s\open\src\hotspot\share\interpreter\linkResolver.cpp, line 759]
Event: 5.941 Thread 0x0000021cc967fe00 Exception <a 'java/lang/NoSuchMethodError'{0x0000000717d1c590}: 'void java.lang.invoke.DirectMethodHandle$Holder.invokeStatic(java.lang.Object, java.lang.Object, java.lang.Object)'> (0x0000000717d1c590) 
thrown [s\open\src\hotspot\share\interpreter\linkResolver.cpp, line 759]
Event: 6.066 Thread 0x0000021cc967fe00 Exception <a 'java/lang/NoSuchMethodError'{0x0000000717b1b5c8}: 'java.lang.Object java.lang.invoke.DirectMethodHandle$Holder.invokeStaticInit(java.lang.Object, int, int, int, int)'> (0x0000000717b1b5c8) 
thrown [s\open\src\hotspot\share\interpreter\linkResolver.cpp, line 759]
Event: 8.152 Thread 0x0000021cc967fe00 Exception <a 'java/lang/NoSuchMethodError'{0x0000000716cdbcd8}: 'void java.lang.invoke.DirectMethodHandle$Holder.invokeVirtual(java.lang.Object, java.lang.Object, java.lang.Object, java.lang.Object)'> (0x0000000716cdbcd8) 
thrown [s\open\src\hotspot\share\interpreter\linkResolver.cpp, line 759]
Event: 8.155 Thread 0x0000021cc967fe00 Exception <a 'java/lang/NoSuchMethodError'{0x0000000716cea2e8}: 'void java.lang.invoke.DirectMethodHandle$Holder.invokeVirtual(java.lang.Object, java.lang.Object)'> (0x0000000716cea2e8) 
thrown [s\open\src\hotspot\share\interpreter\linkResolver.cpp, line 759]
Event: 8.157 Thread 0x0000021cc967fe00 Exception <a 'java/lang/NoSuchMethodError'{0x0000000716cf3a60}: 'void java.lang.invoke.DirectMethodHandle$Holder.invokeVirtual(java.lang.Object, java.lang.Object, int)'> (0x0000000716cf3a60) 
thrown [s\open\src\hotspot\share\interpreter\linkResolver.cpp, line 759]
Event: 8.330 Thread 0x0000021c8adeb130 Exception <a 'java/lang/NoSuchMethodError'{0x00000007168ee498}: 'java.lang.Object java.lang.invoke.DirectMethodHandle$Holder.invokeStaticInit(java.lang.Object, java.lang.Object, int, int, int, int)'> (0x00000007168ee498) 
thrown [s\open\src\hotspot\share\interpreter\linkResolver.cpp, line 759]

VM Operations (20 events):
Event: 2.654 Executing VM operation: G1CollectForAllocation
Event: 2.659 Executing VM operation: G1CollectForAllocation done
Event: 3.052 Executing VM operation: HandshakeAllThreads
Event: 3.052 Executing VM operation: HandshakeAllThreads done
Event: 4.063 Executing VM operation: Cleanup
Event: 4.063 Executing VM operation: Cleanup done
Event: 5.064 Executing VM operation: Cleanup
Event: 5.064 Executing VM operation: Cleanup done
Event: 6.049 Executing VM operation: HandshakeAllThreads
Event: 6.049 Executing VM operation: HandshakeAllThreads done
Event: 7.012 Executing VM operation: G1CollectForAllocation
Event: 7.017 Executing VM operation: G1CollectForAllocation done
Event: 7.936 Executing VM operation: HandshakeAllThreads
Event: 7.936 Executing VM operation: HandshakeAllThreads done
Event: 8.234 Executing VM operation: HandshakeAllThreads
Event: 8.234 Executing VM operation: HandshakeAllThreads done
Event: 8.234 Executing VM operation: Cleanup
Event: 8.236 Executing VM operation: Cleanup done
Event: 8.276 Executing VM operation: HandshakeAllThreads
Event: 8.276 Executing VM operation: HandshakeAllThreads done

Events (20 events):
Event: 8.267 loading class java/lang/constant/DynamicConstantDesc$AnonymousDynamicConstantDesc
Event: 8.267 loading class java/lang/constant/DynamicConstantDesc$AnonymousDynamicConstantDesc done
Event: 8.291 loading class java/net/NetworkInterface$1
Event: 8.291 loading class java/net/NetworkInterface$1 done
Event: 8.311 loading class java/nio/file/Files$AcceptAllFilter
Event: 8.311 loading class java/nio/file/DirectoryStream$Filter
Event: 8.311 loading class java/nio/file/DirectoryStream$Filter done
Event: 8.311 loading class java/nio/file/Files$AcceptAllFilter done
Event: 8.311 loading class sun/nio/fs/WindowsDirectoryStream$WindowsDirectoryIterator
Event: 8.311 loading class sun/nio/fs/WindowsDirectoryStream$WindowsDirectoryIterator done
Event: 8.312 loading class sun/nio/fs/WindowsPath$WindowsPathWithAttributes
Event: 8.312 loading class sun/nio/fs/BasicFileAttributesHolder
Event: 8.312 loading class sun/nio/fs/BasicFileAttributesHolder done
Event: 8.312 loading class sun/nio/fs/WindowsPath$WindowsPathWithAttributes done
Event: 8.332 loading class sun/security/provider/AbstractDrbg$NonceProvider
Event: 8.332 loading class sun/security/provider/AbstractDrbg$NonceProvider done
Event: 8.332 loading class sun/security/provider/SHA2$SHA256
Event: 8.332 loading class sun/security/provider/SHA2
Event: 8.332 loading class sun/security/provider/SHA2 done
Event: 8.332 loading class sun/security/provider/SHA2$SHA256 done


Dynamic libraries:
0x00007ff6473f0000 - 0x00007ff647400000 	C:\Program Files\Java\jdk-17\bin\java.exe
0x00007ffba77b0000 - 0x00007ffba79a8000 	C:\Windows\SYSTEM32\ntdll.dll
0x00007ffba7300000 - 0x00007ffba73bd000 	C:\Windows\System32\KERNEL32.DLL
0x00007ffba4f20000 - 0x00007ffba5216000 	C:\Windows\System32\KERNELBASE.dll
0x00007ffba5220000 - 0x00007ffba5320000 	C:\Windows\System32\ucrtbase.dll
0x00007ffb932e0000 - 0x00007ffb932fb000 	C:\Program Files\Java\jdk-17\bin\VCRUNTIME140.dll
0x00007ffb93320000 - 0x00007ffb93338000 	C:\Program Files\Java\jdk-17\bin\jli.dll
0x00007ffba7250000 - 0x00007ffba72fe000 	C:\Windows\System32\ADVAPI32.dll
0x00007ffba5810000 - 0x00007ffba58ae000 	C:\Windows\System32\msvcrt.dll
0x00007ffba58b0000 - 0x00007ffba594c000 	C:\Windows\System32\sechost.dll
0x00007ffba60e0000 - 0x00007ffba6206000 	C:\Windows\System32\RPCRT4.dll
0x00007ffba73c0000 - 0x00007ffba755e000 	C:\Windows\System32\USER32.dll
0x00007ffba53f0000 - 0x00007ffba5412000 	C:\Windows\System32\win32u.dll
0x00007ffb9a290000 - 0x00007ffb9a52a000 	C:\Windows\WinSxS\amd64_microsoft.windows.common-controls_6595b64144ccf1df_6.0.19041.1110_none_60b5254171f9507e\COMCTL32.dll
0x00007ffba6210000 - 0x00007ffba623c000 	C:\Windows\System32\GDI32.dll
0x00007ffba5640000 - 0x00007ffba575a000 	C:\Windows\System32\gdi32full.dll
0x00007ffba5350000 - 0x00007ffba53ed000 	C:\Windows\System32\msvcp_win.dll
0x00007ffb98ea0000 - 0x00007ffb98eaa000 	C:\Windows\SYSTEM32\VERSION.dll
0x00007ffba6250000 - 0x00007ffba6280000 	C:\Windows\System32\IMM32.DLL
0x00007ffb95130000 - 0x00007ffb9513c000 	C:\Program Files\Java\jdk-17\bin\vcruntime140_1.dll
0x00007ffb74be0000 - 0x00007ffb74c6e000 	C:\Program Files\Java\jdk-17\bin\msvcp140.dll
0x00007ffb5a8f0000 - 0x00007ffb5b4c7000 	C:\Program Files\Java\jdk-17\bin\server\jvm.dll
0x00007ffba6240000 - 0x00007ffba6248000 	C:\Windows\System32\PSAPI.DLL
0x00007ffb84120000 - 0x00007ffb84129000 	C:\Windows\SYSTEM32\WSOCK32.dll
0x00007ffb98e70000 - 0x00007ffb98e97000 	C:\Windows\SYSTEM32\WINMM.dll
0x00007ffba71e0000 - 0x00007ffba724b000 	C:\Windows\System32\WS2_32.dll
0x00007ffba36e0000 - 0x00007ffba36f2000 	C:\Windows\SYSTEM32\kernel.appcore.dll
0x00007ffb95040000 - 0x00007ffb9504a000 	C:\Program Files\Java\jdk-17\bin\jimage.dll
0x00007ffba2bb0000 - 0x00007ffba2d94000 	C:\Windows\SYSTEM32\DBGHELP.DLL
0x00007ffb96480000 - 0x00007ffb964b4000 	C:\Windows\SYSTEM32\dbgcore.DLL
0x00007ffba4e90000 - 0x00007ffba4f12000 	C:\Windows\System32\bcryptPrimitives.dll
0x00007ffb81d60000 - 0x00007ffb81d85000 	C:\Program Files\Java\jdk-17\bin\java.dll
0x00007ffb6f9c0000 - 0x00007ffb6fa97000 	C:\Program Files\Java\jdk-17\bin\jsvml.dll
0x00007ffba63f0000 - 0x00007ffba6b35000 	C:\Windows\System32\SHELL32.dll
0x00007ffba2f00000 - 0x00007ffba369b000 	C:\Windows\SYSTEM32\windows.storage.dll
0x00007ffba5c50000 - 0x00007ffba5fa4000 	C:\Windows\System32\combase.dll
0x00007ffba4860000 - 0x00007ffba488e000 	C:\Windows\SYSTEM32\Wldp.dll
0x00007ffba6b40000 - 0x00007ffba6bed000 	C:\Windows\System32\SHCORE.dll
0x00007ffba5b20000 - 0x00007ffba5b75000 	C:\Windows\System32\shlwapi.dll
0x00007ffba4dc0000 - 0x00007ffba4de5000 	C:\Windows\SYSTEM32\profapi.dll
0x00007ffb84150000 - 0x00007ffb84169000 	C:\Program Files\Java\jdk-17\bin\net.dll
0x00007ffb9f190000 - 0x00007ffb9f29a000 	C:\Windows\SYSTEM32\WINHTTP.dll
0x0000000180000000 - 0x000000018008c000 	C:\Windows\system32\ASProxy64.dll
0x00007ffba5fb0000 - 0x00007ffba60da000 	C:\Windows\System32\ole32.dll
0x00007ffba5b80000 - 0x00007ffba5c4d000 	C:\Windows\System32\OLEAUT32.dll
0x00007ffba42b0000 - 0x00007ffba42eb000 	C:\Windows\SYSTEM32\IPHLPAPI.DLL
0x00007ffba45c0000 - 0x00007ffba462a000 	C:\Windows\SYSTEM32\MSWSOCK.dll
0x00007ffba4d40000 - 0x00007ffba4d72000 	C:\Windows\SYSTEM32\SspiCli.dll
0x00007ffb83d50000 - 0x00007ffb83d66000 	C:\Program Files\Java\jdk-17\bin\nio.dll
0x00007ffb83bb0000 - 0x00007ffb83bc8000 	C:\Program Files\Java\jdk-17\bin\zip.dll
0x00007ffba2120000 - 0x00007ffba21be000 	C:\Windows\system32\uxtheme.dll
0x00007ffb94c00000 - 0x00007ffb94c10000 	C:\Program Files\Java\jdk-17\bin\verify.dll
0x0000000050410000 - 0x0000000050439000 	C:\Users\isaac\AppData\Local\Temp\libgdxisaac\e787ab0a\gdx64.dll
0x00007ffb83c80000 - 0x00007ffb83cf5000 	C:\Users\isaac\AppData\Local\Temp\lwjglisaac\3.3.1-build-7\lwjgl.dll
0x00007ffb5f670000 - 0x00007ffb5f8c9000 	C:\Users\isaac\AppData\Local\Temp\lwjglisaac\3.3.1-build-7\jemalloc.dll
0x00007ffb77370000 - 0x00007ffb773d1000 	C:\Users\isaac\AppData\Local\Temp\lwjglisaac\3.3.1-build-7\glfw.dll
0x00007ffb7e950000 - 0x00007ffb7e995000 	C:\Windows\SYSTEM32\dinput8.dll
0x00007ffb9d440000 - 0x00007ffb9d451000 	C:\Windows\SYSTEM32\xinput1_4.dll
0x00007ffba5420000 - 0x00007ffba546e000 	C:\Windows\System32\cfgmgr32.dll
0x00007ffba4c40000 - 0x00007ffba4c73000 	C:\Windows\SYSTEM32\DEVOBJ.dll
0x00007ffba24b0000 - 0x00007ffba24df000 	C:\Windows\SYSTEM32\dwmapi.dll
0x00007ffb7c850000 - 0x00007ffb7c9a2000 	C:\Windows\SYSTEM32\inputhost.dll
0x00007ffba1d30000 - 0x00007ffba1e22000 	C:\Windows\SYSTEM32\CoreMessaging.dll
0x00007ffba2da0000 - 0x00007ffba2e96000 	C:\Windows\SYSTEM32\PROPSYS.dll
0x00007ffba0590000 - 0x00007ffba06e5000 	C:\Windows\SYSTEM32\wintypes.dll
0x00007ffba1650000 - 0x00007ffba19ae000 	C:\Windows\SYSTEM32\CoreUIComponents.dll
0x00007ffba3fe0000 - 0x00007ffba4013000 	C:\Windows\SYSTEM32\ntmarta.dll
0x00007ffba7570000 - 0x00007ffba7684000 	C:\Windows\System32\MSCTF.dll
0x00007ffb6c360000 - 0x00007ffb6c4f7000 	C:\Users\isaac\AppData\Local\Temp\lwjglisaac\3.3.1-build-7\OpenAL.dll
0x00007ffba6bf0000 - 0x00007ffba6c99000 	C:\Windows\System32\clbcatq.dll
0x00007ffb9d930000 - 0x00007ffb9d9b5000 	C:\Windows\System32\MMDevApi.dll
0x00007ffb9d2a0000 - 0x00007ffb9d422000 	C:\Windows\SYSTEM32\AUDIOSES.DLL
0x00007ffba4bd0000 - 0x00007ffba4c1b000 	C:\Windows\SYSTEM32\powrprof.dll
0x00007ffba4bb0000 - 0x00007ffba4bc2000 	C:\Windows\SYSTEM32\UMPDC.dll
0x00007ffba24e0000 - 0x00007ffba24f4000 	C:\Windows\SYSTEM32\resourcepolicyclient.dll
0x00007ffb69540000 - 0x00007ffb69665000 	C:\Windows\SYSTEM32\opengl32.dll
0x00007ffb94f50000 - 0x00007ffb94f7c000 	C:\Windows\SYSTEM32\GLU32.dll
0x00007ffb9c490000 - 0x00007ffb9c592000 	C:\Windows\System32\AppXDeploymentClient.dll
0x00007ffb93280000 - 0x00007ffb932aa000 	C:\Windows\System32\DriverStore\FileRepository\u0363312.inf_amd64_08fc5018b1b99545\B363211\atig6pxx.dll
0x00007ffb55350000 - 0x00007ffb580f5000 	C:\Windows\System32\DriverStore\FileRepository\u0363312.inf_amd64_08fc5018b1b99545\B363211\atio6axx.dll
0x00007ffba6d10000 - 0x00007ffba717e000 	C:\Windows\System32\SETUPAPI.dll
0x00007ffba5320000 - 0x00007ffba5347000 	C:\Windows\System32\bcrypt.dll
0x00007ffb94f20000 - 0x00007ffb94f44000 	C:\Windows\SYSTEM32\dxva2.dll
0x00007ffb83e90000 - 0x00007ffb83ecc000 	C:\Windows\System32\DriverStore\FileRepository\u0363312.inf_amd64_08fc5018b1b99545\B363211\atig6txx.dll
0x00007ffb5eab0000 - 0x00007ffb5ec6f000 	C:\Windows\SYSTEM32\atiadlxx.dll
0x00007ffba55d0000 - 0x00007ffba5637000 	C:\Windows\System32\WINTRUST.dll
0x00007ffba5470000 - 0x00007ffba55ce000 	C:\Windows\System32\CRYPT32.dll
0x00007ffba49f0000 - 0x00007ffba4a02000 	C:\Windows\SYSTEM32\MSASN1.dll
0x00007ffb9eba0000 - 0x00007ffb9ebdb000 	C:\Windows\SYSTEM32\dxcore.dll
0x00007ffb752f0000 - 0x00007ffb7534d000 	C:\Users\isaac\AppData\Local\Temp\lwjglisaac\3.3.1-build-7\lwjgl_opengl.dll
0x00007ffb7c9b0000 - 0x00007ffb7caaa000 	C:\Windows\SYSTEM32\textinputframework.dll
0x00007ffb7f310000 - 0x00007ffb7f376000 	C:\Windows\system32\Oleacc.dll
0x00007ffb72850000 - 0x00007ffb72b45000 	C:\Windows\System32\uiautomationcore.dll
0x00007ffba47d0000 - 0x00007ffba47dc000 	C:\Windows\SYSTEM32\CRYPTBASE.DLL
0x00000000503b0000 - 0x000000005040a000 	C:\Users\isaac\AppData\Local\Temp\libgdxisaac\888fe1bc\gdx-box2d64.dll
0x00007ffba47b0000 - 0x00007ffba47c8000 	C:\Windows\SYSTEM32\CRYPTSP.dll
0x00007ffba3ec0000 - 0x00007ffba3ef4000 	C:\Windows\system32\rsaenh.dll
0x00007ffba4d80000 - 0x00007ffba4dae000 	C:\Windows\SYSTEM32\USERENV.dll
0x00007ffba6d00000 - 0x00007ffba6d08000 	C:\Windows\System32\NSI.dll
0x00007ffb9b8c0000 - 0x00007ffb9b8d7000 	C:\Windows\SYSTEM32\dhcpcsvc6.DLL
0x00007ffb9ce90000 - 0x00007ffb9cead000 	C:\Windows\SYSTEM32\dhcpcsvc.DLL
0x00007ffba42f0000 - 0x00007ffba43ba000 	C:\Windows\SYSTEM32\DNSAPI.dll

dbghelp: loaded successfully - version: 4.0.5 - missing functions: none
symbol engine: initialized successfully - sym options: 0x614 - pdb path: .;C:\Program Files\Java\jdk-17\bin;C:\Windows\SYSTEM32;C:\Windows\WinSxS\amd64_microsoft.windows.common-controls_6595b64144ccf1df_6.0.19041.1110_none_60b5254171f9507e;C:\Program Files\Java\jdk-17\bin\server;C:\Users\isaac\AppData\Local\Temp\libgdxisaac\e787ab0a;C:\Users\isaac\AppData\Local\Temp\lwjglisaac\3.3.1-build-7;C:\Windows\System32\DriverStore\FileRepository\u0363312.inf_amd64_08fc5018b1b99545\B363211;C:\Users\isaac\AppData\Local\Temp\libgdxisaac\888fe1bc

VM Arguments:
jvm_args: -XX:+ShowCodeDetailsInExceptionMessages 
java_command: com.csse3200.game.desktop.DesktopLauncher
java_class_path (initial): C:\Users\isaac\OneDrive\Documents\School\University of Queensland\UQ 2023\UQ 2023 Semester 2\CSSE3200\2023-studio-3\source\desktop\bin\main;\csse3200-game-core\bin\default;C:\Users\isaac\OneDrive\Documents\School\University of Queensland\UQ 2023\UQ 2023 Semester 2\CSSE3200\2023-studio-3\source\core\bin\main;C:\Users\isaac\.gradle\caches\modules-2\files-2.1\com.badlogicgames.gdx\gdx-backend-lwjgl3\1.11.0\58a96db4cd349be4292d547856aa1e1c5f065f4e\gdx-backend-lwjgl3-1.11.0.jar;C:\Users\isaac\.gradle\caches\modules-2\files-2.1\com.badlogicgames.gdx\gdx-platform\1.11.0\697fb13eada6d3c6ca648c9788692b0159add126\gdx-platform-1.11.0-natives-desktop.jar;C:\Users\isaac\.gradle\caches\modules-2\files-2.1\com.badlogicgames.gdx\gdx-box2d-platform\1.11.0\62ff9baa1e57a11e0a4428a38c9660bf9f312fdc\gdx-box2d-platform-1.11.0-natives-desktop.jar;C:\Users\isaac\.gradle\caches\modules-2\files-2.1\com.badlogicgames.gdx\gdx-tools\1.11.0\a5d30eafd0f2fbab314efdf6d98ebc27388b7c0a\gdx-tools-1.11.0.jar;C:\Users\isaac\.gradle\caches\modules-2\files-2.1\com.badlogicgames.gdx-controllers\gdx-controllers-desktop\2.2.2\625b3bdbe803e9c4af181b4791202cfcf776d805\gdx-controllers-desktop-2.2.2.jar;C:\Users\isaac\.gradle\caches\modules-2\files-2.1\com.badlogicgames.gdx\gdx-backend-lwjgl\1.11.0\33555a2cf8b4d9db4122b2fe42e7674b343d8b4\gdx-backend-lwjgl-1.11.0.jar;C:\Users\isaac\.gradle\caches\modules-2\files-2.1\com.badlogicgames.gdx\gdx-freetype\1.11.0\a3634ad2e6c56d251268d6ab5c0f66eee2841f2c\gdx-freetype-1.11.0.jar;C:\Users\isaac\.gradle\caches\modules-2\files-2.1\com.badlogicgames.gdx\gdx-backend-headless\1.11.0\3c3d0c951db72891d894df1725d09179fd0bca00\gdx-backend-headless-1.11.0.jar;C:\Users\isaac\.gradle\caches\modules-2\files-2.1\net.dermetfan.libgdx-utils\libgdx-utils-box2d\0.13.4\918d79a20ea3c898cdb3611782c5b2bfa6ec575b\libgdx-utils-box2d-0.13.4.jar;C:\Users\isaac\.gradle\caches\modules-2\files-2.1\com.badlogicgames.gdx\gdx-box2d\1.11.0\ad4facee800dd945d6d6e93dea2936bc135b
Launcher Type: SUN_STANDARD

[Global flags]
     intx CICompilerCount                          = 12                                        {product} {ergonomic}
     uint ConcGCThreads                            = 3                                         {product} {ergonomic}
     uint G1ConcRefinementThreads                  = 13                                        {product} {ergonomic}
   size_t G1HeapRegionSize                         = 2097152                                   {product} {ergonomic}
    uintx GCDrainStackTargetSize                   = 64                                        {product} {ergonomic}
   size_t InitialHeapSize                          = 260046848                                 {product} {ergonomic}
   size_t MarkStackSize                            = 4194304                                   {product} {ergonomic}
   size_t MaxHeapSize                              = 4135583744                                {product} {ergonomic}
   size_t MaxNewSize                               = 2480930816                                {product} {ergonomic}
   size_t MinHeapDeltaBytes                        = 2097152                                   {product} {ergonomic}
   size_t MinHeapSize                              = 8388608                                   {product} {ergonomic}
    uintx NonNMethodCodeHeapSize                   = 7602480                                {pd product} {ergonomic}
    uintx NonProfiledCodeHeapSize                  = 122027880                              {pd product} {ergonomic}
    uintx ProfiledCodeHeapSize                     = 122027880                              {pd product} {ergonomic}
    uintx ReservedCodeCacheSize                    = 251658240                              {pd product} {ergonomic}
     bool SegmentedCodeCache                       = true                                      {product} {ergonomic}
     bool ShowCodeDetailsInExceptionMessages       = true                                   {manageable} {command line}
   size_t SoftMaxHeapSize                          = 4135583744                             {manageable} {ergonomic}
     bool UseCompressedClassPointers               = true                           {product lp64_product} {ergonomic}
     bool UseCompressedOops                        = true                           {product lp64_product} {ergonomic}
     bool UseG1GC                                  = true                                      {product} {ergonomic}
     bool UseLargePagesIndividualAllocation        = false                                  {pd product} {ergonomic}

Logging:
Log output configuration:
 #0: stdout all=warning uptime,level,tags
 #1: stderr all=off uptime,level,tags

Environment Variables:
PATH=C:\Users\isaac\bin;C:\Program Files\Git\mingw64\bin;C:\Program Files\Git\usr\local\bin;C:\Program Files\Git\usr\bin;C:\Program Files\Git\usr\bin;C:\Program Files\Git\mingw64\bin;C:\Program Files\Git\usr\bin;C:\Users\isaac\bin;C:\Program Files\Common Files\Oracle\Java\javapath;C:\Program Files (x86)\Common Files\Oracle\Java\javapath;C:\Windows\system32;C:\Windows;C:\Windows\System32\Wbem;C:\Windows\System32\WindowsPowerShell\v1.0;C:\Windows\System32\OpenSSH;C:\Program Files\Microsoft SQL Server\Client SDK\ODBC\170\Tools\Binn;C:\Program Files (x86)\Microsoft SQL Server\150\Tools\Binn;C:\Program Files\Microsoft SQL Server\150\Tools\Binn;C:\Program Files\Microsoft SQL Server\150\DTS\Binn;C:\Program Files (x86)\Microsoft SQL Server\150\DTS\Binn;C:\Program Files\Azure Data Studio\bin;C:\Program Files\Git\cmd;C:\Program Files\PuTTY;C:\Program Files (x86)\Pololu\USB AVR Programmer v2\bin;C:\Program Files\nodejs;C:\Users\isaac\AppData\Local\Programs\Python\Python310\Scripts;C:\Users\isaac\AppData\Local\Programs\Python\Python310;C:\Users\isaac\AppData\Local\Microsoft\WindowsApps;C:\Users\isaac\AppData\Local\Programs\Microsoft VS Code\bin;C:\Program Files\Azure Data Studio\bin;C:\Users\isaac\AppData\Roaming\npm;C:\Program Files\Git\usr\bin\vendor_perl;C:\Program Files\Git\usr\bin\core_perl
USERNAME=isaac
SHELL=C:\Program Files\Git\usr\bin\bash.exe
DISPLAY=needs-to-be-defined
LANG=en_US.UTF-8
OS=Windows_NT
PROCESSOR_IDENTIFIER=AMD64 Family 23 Model 104 Stepping 1, AuthenticAMD



---------------  S Y S T E M  ---------------

OS:
 Windows 10 , 64 bit Build 19041 (10.0.19041.3393)
OS uptime: 8 days 4:50 hours

CPU: total 16 (initial active 16) (16 cores per cpu, 2 threads per core) family 23 model 104 stepping 1 microcode 0x0, cx8, cmov, fxsr, ht, mmx, 3dnowpref, sse, sse2, sse3, ssse3, sse4a, sse4.1, sse4.2, popcnt, lzcnt, tsc, tscinvbit, avx, avx2, aes, clmul, bmi1, bmi2, adx, sha, fma, vzeroupper, clflush, clflushopt

Memory: 4k page, system-wide physical 15769M (5057M free)
TotalPageFile size 19865M (AvailPageFile size 2955M)
current process WorkingSet (physical memory assigned to process): 482M, peak: 493M
current process commit charge ("private bytes"): 765M, peak: 778M

vm_info: Java HotSpot(TM) 64-Bit Server VM (17.0.6+9-LTS-190) for windows-amd64 JRE (17.0.6+9-LTS-190), built on Dec  6 2022 15:53:54 by "mach5one" with MS VC++ 17.1 (VS2022)

END.
