#
# A fatal error has been detected by the Java Runtime Environment:
#
#  EXCEPTION_ACCESS_VIOLATION (0xc0000005) at pc=0x00000000503bba43, pid=28328, tid=16616
#
# JRE version: Java(TM) SE Runtime Environment (17.0.6+9) (build 17.0.6+9-LTS-190)
# Java VM: Java HotSpot(TM) 64-Bit Server VM (17.0.6+9-LTS-190, mixed mode, sharing, tiered, compressed oops, compressed class ptrs, g1 gc, windows-amd64)
# Problematic frame:
# C  [gdx-box2d64.dll+0xba43]
#
# No core dump will be written. Minidumps are not enabled by default on client versions of Windows
#
# If you would like to submit a bug report, please visit:
#   https://bugreport.java.com/bugreport/crash.jsp
# The crash happened outside the Java Virtual Machine in native code.
# See problematic frame for where to report the bug.
#

---------------  S U M M A R Y ------------

Command Line: -XX:+ShowCodeDetailsInExceptionMessages com.csse3200.game.desktop.DesktopLauncher

Host: AMD Ryzen 7 5700U with Radeon Graphics         , 16 cores, 15G,  Windows 10 , 64 bit Build 19041 (10.0.19041.3393)
Time: Sat Sep 30 17:24:38 2023 E. Australia Standard Time elapsed time: 28.851041 seconds (0d 0h 0m 28s)

---------------  T H R E A D  ---------------

Current thread (0x000001bb11a80260):  JavaThread "main" [_thread_in_native, id=16616, stack(0x0000005c3ac00000,0x0000005c3ad00000)]

Stack: [0x0000005c3ac00000,0x0000005c3ad00000],  sp=0x0000005c3acfe7b0,  free space=1017k
Native frames: (J=compiled Java code, j=interpreted, Vv=VM code, C=native code)
C  [gdx-box2d64.dll+0xba43]

Java frames: (J=compiled Java code, j=interpreted, Vv=VM code)
J 3222  com.badlogic.gdx.physics.box2d.World.jniCreateBody(JIFFFFFFFFZZZZZF)J (0 bytes) @ 0x000001bb228318ce [0x000001bb22831820+0x00000000000000ae]
J 3221 c1 com.badlogic.gdx.physics.box2d.World.createBody(Lcom/badlogic/gdx/physics/box2d/BodyDef;)Lcom/badlogic/gdx/physics/box2d/Body; (120 bytes) @ 0x000001bb1b14a8c4 [0x000001bb1b14a7a0+0x0000000000000124]
J 3218 c1 com.csse3200.game.physics.components.PhysicsComponent.<init>(Lcom/csse3200/game/physics/PhysicsEngine;)V (58 bytes) @ 0x000001bb1b148fc4 [0x000001bb1b148d00+0x00000000000002c4]
J 3356 c1 com.csse3200.game.entities.factories.ProjectileFactory.createBaseProjectile(SLcom/badlogic/gdx/math/Vector2;Lcom/badlogic/gdx/math/Vector2;)Lcom/csse3200/game/entities/Entity; (151 bytes) @ 0x000001bb1b18cb34 [0x000001bb1b18c280+0x00000000000008b4]
j  com.csse3200.game.entities.factories.ProjectileFactory.createMobBall(SLcom/badlogic/gdx/math/Vector2;Lcom/badlogic/gdx/math/Vector2;)Lcom/csse3200/game/entities/Entity;+3
J 3420 c1 com.csse3200.game.components.tasks.MobRangedAttackTask.updateMobState()V (563 bytes) @ 0x000001bb1b1b0234 [0x000001bb1b1ac4e0+0x0000000000003d54]
j  com.csse3200.game.components.tasks.MobRangedAttackTask.update()V+1
J 3467 c2 com.csse3200.game.ai.tasks.AITaskComponent.update()V (42 bytes) @ 0x000001bb228e513c [0x000001bb228e4f00+0x000000000000023c]
J 3301 c2 com.csse3200.game.entities.EntityService.update()V (39 bytes) @ 0x000001bb22882a8c [0x000001bb228827c0+0x00000000000002cc]
J 3125 c1 com.csse3200.game.screens.MainGameScreen.render(F)V (122 bytes) @ 0x000001bb1b10a6fc [0x000001bb1b10a080+0x000000000000067c]
J 3004 c1 com.badlogic.gdx.backends.lwjgl3.Lwjgl3Window.update()Z (217 bytes) @ 0x000001bb1b0dd37c [0x000001bb1b0dc600+0x0000000000000d7c]
j  com.badlogic.gdx.backends.lwjgl3.Lwjgl3Application.loop()V+111
j  com.badlogic.gdx.backends.lwjgl3.Lwjgl3Application.<init>(Lcom/badlogic/gdx/ApplicationListener;Lcom/badlogic/gdx/backends/lwjgl3/Lwjgl3ApplicationConfiguration;)V+269
j  com.csse3200.game.desktop.DesktopLauncher.main([Ljava/lang/String;)V+19
v  ~StubRoutines::call_stub

siginfo: EXCEPTION_ACCESS_VIOLATION (0xc0000005), reading address 0x000001ba42160090


Register to memory mapping:

RIP=0x00000000503bba43 gdx-box2d64.dll
RAX=0x00000000503ff060 gdx-box2d64.dll
RBX=0x000001ba42160090 is an unknown value
RCX=0x000001bb37c924d0 points into unknown readable memory: 0x000001bb37cab860 | 60 b8 ca 37 bb 01 00 00
RDX=0x00000000000000b8 is an unknown value
RSP=0x0000005c3acfe7b0 is pointing into the stack for thread: 0x000001bb11a80260
RBP=0x000001bb37c92500 points into unknown readable memory: 0x0000000000000000 | 00 00 00 00 00 00 00 00
RSI=0x000001bb37c924d0 points into unknown readable memory: 0x000001bb37cab860 | 60 b8 ca 37 bb 01 00 00
RDI=0x0000000000000001 is an unknown value
R8 =0x000001bb37c924d0 points into unknown readable memory: 0x000001bb37cab860 | 60 b8 ca 37 bb 01 00 00
R9 =0x0000000000000002 is an unknown value
R10=0x0000000000000001 is an unknown value
R11=0x0000000000000001 is an unknown value
R12=0x0000000000000006 is an unknown value
R13=0x000001bb427060f0 is pointing into metadata
R14=0x0000000000000001 is an unknown value
R15=0x000001bb11a80260 is a thread


Registers:
RAX=0x00000000503ff060, RBX=0x000001ba42160090, RCX=0x000001bb37c924d0, RDX=0x00000000000000b8
RSP=0x0000005c3acfe7b0, RBP=0x000001bb37c92500, RSI=0x000001bb37c924d0, RDI=0x0000000000000001
R8 =0x000001bb37c924d0, R9 =0x0000000000000002, R10=0x0000000000000001, R11=0x0000000000000001
R12=0x0000000000000006, R13=0x000001bb427060f0, R14=0x0000000000000001, R15=0x000001bb11a80260
RIP=0x00000000503bba43, EFLAGS=0x0000000000010206

Top of Stack: (sp=0x0000005c3acfe7b0)
0x0000005c3acfe7b0:   abdcd8add301f07b b2a38653d6a71a70
0x0000005c3acfe7c0:   c47301f8ec6b8116 c130a85ba7f5055b
0x0000005c3acfe7d0:   0000000000000040 000001bb2280da29
0x0000005c3acfe7e0:   0000000000000008 000001bb37c924d0
0x0000005c3acfe7f0:   0000005c3acfe890 0000000000000001
0x0000005c3acfe800:   0000005c3acfe9b0 0000000000000000
0x0000005c3acfe810:   000001bb427060f0 00000000503d0e22
0x0000005c3acfe820:   000001bb21f43ce0 000001bb11a80260
0x0000005c3acfe830:   0000000000000008 0000000000000008
0x0000005c3acfe840:   0000000000000000 0000000716c52bc8
0x0000005c3acfe850:   00000007171b2fd0 0000000000000001
0x0000005c3acfe860:   0000000000000001 00000000503d66e6
0x0000005c3acfe870:   4014000000000000 4014000000000000
0x0000005c3acfe880:   0000000042000000 0000000000000000
0x0000005c3acfe890:   0000000000000002 0000000000000000
0x0000005c3acfe8a0:   0000000000000000 40a0000000000000 

Instructions: (pc=0x00000000503bba43)
0x00000000503bb943:   f6 48 8d 2d b5 16 03 00 48 8d 3d 0e 37 04 00 4c
0x00000000503bb953:   8d 2d f7 31 03 00 4c 8d 25 55 32 03 00 eb 1a 83
0x00000000503bb963:   fe 0d 7e 11 41 b8 49 00 00 00 4c 89 ea 4c 89 e1
0x00000000503bb973:   e8 18 82 02 00 48 83 c3 01 48 63 c6 39 5c 85 00
0x00000000503bb983:   7d 03 83 c6 01 48 81 fb 80 02 00 00 40 88 34 1f
0x00000000503bb993:   75 cd c6 05 a4 36 04 00 01 48 83 c4 28 5b 5e 5f
0x00000000503bb9a3:   5d 41 5c 41 5d c3 90 66 0f 1f 44 00 00 57 56 53
0x00000000503bb9b3:   48 83 ec 20 8b 41 08 48 89 cf 85 c0 7e 1d 31 f6
0x00000000503bb9c3:   31 db 48 8b 07 83 c3 01 48 8b 4c 30 08 48 83 c6
0x00000000503bb9d3:   10 e8 a7 08 00 00 39 5f 08 7f e7 48 8b 0f 48 83
0x00000000503bb9e3:   c4 20 5b 5e 5f e9 93 08 00 00 90 66 90 41 55 41
0x00000000503bb9f3:   54 55 57 56 53 48 83 ec 38 48 63 da 48 89 ce 83
0x00000000503bba03:   fb 00 0f 84 95 01 00 00 0f 8e 6f 01 00 00 81 fb
0x00000000503bba13:   80 02 00 00 0f 8f 23 01 00 00 48 8d 05 3c 36 04
0x00000000503bba23:   00 44 0f b6 24 18 41 80 fc 0d 4c 89 e3 0f 87 da
0x00000000503bba33:   00 00 00 48 8d 2c de 48 8b 5d 10 48 85 db 74 1d
0x00000000503bba43:   48 8b 03 48 89 45 10 48 89 d8 48 83 c4 38 5b 5e
0x00000000503bba53:   5f 5d 41 5c 41 5d c3 66 0f 1f 44 00 00 48 63 46
0x00000000503bba63:   08 4c 8b 2e 3b 46 0c 0f 84 40 01 00 00 48 c1 e0
0x00000000503bba73:   04 b9 00 40 00 00 4d 63 e4 49 8d 7c 05 00 e8 ea
0x00000000503bba83:   07 00 00 48 89 c3 48 89 47 08 48 8d 05 6c 15 03
0x00000000503bba93:   00 46 8b 24 a0 b8 00 40 00 00 99 41 f7 fc 45 89
0x00000000503bbaa3:   e5 44 89 27 44 0f af e8 41 81 fd 00 40 00 00 0f
0x00000000503bbab3:   8f 9b 00 00 00 83 f8 01 7e 23 49 63 d4 83 e8 01
0x00000000503bbac3:   45 31 c0 49 89 d1 48 8d 0c 13 49 f7 d9 41 83 c0
0x00000000503bbad3:   01 4a 89 0c 09 48 01 d1 41 39 c0 75 f0 45 29 e5
0x00000000503bbae3:   4d 63 ed 4a c7 04 2b 00 00 00 00 48 8b 03 48 89
0x00000000503bbaf3:   45 10 83 46 08 01 48 89 d8 48 83 c4 38 5b 5e 5f
0x00000000503bbb03:   5d 41 5c 41 5d c3 0f 1f 80 00 00 00 00 48 8d 15
0x00000000503bbb13:   39 30 03 00 48 8d 0d b2 30 03 00 48 8d 2c de 41
0x00000000503bbb23:   b8 70 00 00 00 e8 63 80 02 00 48 8b 5d 10 48 85
0x00000000503bbb33:   db 0f 85 09 ff ff ff e9 21 ff ff ff 90 89 d9 48 


Stack slot to memory mapping:
stack at sp + 0 slots: 0xabdcd8add301f07b is an unknown value
stack at sp + 1 slots: 0xb2a38653d6a71a70 is an unknown value
stack at sp + 2 slots: 0xc47301f8ec6b8116 is an unknown value
stack at sp + 3 slots: 0xc130a85ba7f5055b is an unknown value
stack at sp + 4 slots: 0x0000000000000040 is an unknown value
stack at sp + 5 slots: 0x000001bb2280da29 is at entry_point+1225 in (nmethod*)0x000001bb2280d390
stack at sp + 6 slots: 0x0000000000000008 is an unknown value
stack at sp + 7 slots: 0x000001bb37c924d0 points into unknown readable memory: 0x000001bb37cab860 | 60 b8 ca 37 bb 01 00 00


---------------  P R O C E S S  ---------------

Threads class SMR info:
_java_thread_list=0x000001bb4fcb8c30, length=84, elements={
0x000001bb11a80260, 0x000001bb36d6b600, 0x000001bb36d6bfb0, 0x000001bb36d87c20,
0x000001bb36d885d0, 0x000001bb36d8af90, 0x000001bb36d8d0f0, 0x000001bb37800080,
0x000001bb37804620, 0x000001bb378106d0, 0x000001bb3795ac70, 0x000001bb37965950,
0x000001bb3ee8b3c0, 0x000001bb3ef54030, 0x000001bb3f2f96a0, 0x000001bb4f37f130,
0x000001bb11a69ce0, 0x000001bb11a69810, 0x000001bb11a69340, 0x000001bb11a6c360,
0x000001bb11a6a1b0, 0x000001bb11a6c830, 0x000001bb5329fd50, 0x000001bb5329f880,
0x000001bb532a0220, 0x000001bb532a2d70, 0x000001bb532a3240, 0x000001bb5329e070,
0x000001bb532a06f0, 0x000001bb532a23d0, 0x000001bb532a0bc0, 0x000001bb532a1560,
0x000001bb532a4f20, 0x000001bb532a3710, 0x000001bb532a4a50, 0x000001bb532a40b0,
0x000001bb532a1a30, 0x000001bb5329eee0, 0x000001bb532a3be0, 0x000001bb532a1090,
0x000001bb532a4580, 0x000001bb532a1f00, 0x000001bb532a28a0, 0x000001bb5329d6d0,
0x000001bb5329e540, 0x000001bb5329f3b0, 0x000001bb5329ea10, 0x000001bb3f1a0cd0,
0x000001bb3f1a0330, 0x000001bb3f19eb20, 0x000001bb3f1a11a0, 0x000001bb3f19f990,
0x000001bb3f19fe60, 0x000001bb3f19d310, 0x000001bb3f19c4a0, 0x000001bb3f19c970,
0x000001bb3f19ce40, 0x000001bb3f19ac90, 0x000001bb3f1a1670, 0x000001bb3f19e180,
0x000001bb3f19d7e0, 0x000001bb3f1a1b40, 0x000001bb3f19b160, 0x000001bb3f19bb00,
0x000001bb3f19eff0, 0x000001bb3f19e650, 0x000001bb3f1a2010, 0x000001bb3f1a0800,
0x000001bb3f19a7c0, 0x000001bb3f19b630, 0x000001bb3f19bfd0, 0x000001bb3f19dcb0,
0x000001bb379d5a30, 0x000001bb379d5090, 0x000001bb379d7be0, 0x000001bb379d7240,
0x000001bb379d8580, 0x000001bb379d93f0, 0x000001bb379d2a10, 0x000001bb379d5f00,
0x000001bb379d2540, 0x000001bb379d80b0, 0x000001bb379d4bc0, 0x000001bb379d8f20
}

Java Threads: ( => current thread )
=>0x000001bb11a80260 JavaThread "main" [_thread_in_native, id=16616, stack(0x0000005c3ac00000,0x0000005c3ad00000)]
  0x000001bb36d6b600 JavaThread "Reference Handler" daemon [_thread_blocked, id=8912, stack(0x0000005c3b300000,0x0000005c3b400000)]
  0x000001bb36d6bfb0 JavaThread "Finalizer" daemon [_thread_blocked, id=15264, stack(0x0000005c3b400000,0x0000005c3b500000)]
  0x000001bb36d87c20 JavaThread "Signal Dispatcher" daemon [_thread_blocked, id=8136, stack(0x0000005c3b500000,0x0000005c3b600000)]
  0x000001bb36d885d0 JavaThread "Attach Listener" daemon [_thread_blocked, id=10300, stack(0x0000005c3b600000,0x0000005c3b700000)]
  0x000001bb36d8af90 JavaThread "Service Thread" daemon [_thread_blocked, id=21784, stack(0x0000005c3b700000,0x0000005c3b800000)]
  0x000001bb36d8d0f0 JavaThread "Monitor Deflation Thread" daemon [_thread_blocked, id=30332, stack(0x0000005c3b800000,0x0000005c3b900000)]
  0x000001bb37800080 JavaThread "C2 CompilerThread0" daemon [_thread_blocked, id=3424, stack(0x0000005c3b900000,0x0000005c3ba00000)]
  0x000001bb37804620 JavaThread "C1 CompilerThread0" daemon [_thread_blocked, id=16424, stack(0x0000005c3ba00000,0x0000005c3bb00000)]
  0x000001bb378106d0 JavaThread "Sweeper thread" daemon [_thread_blocked, id=20532, stack(0x0000005c3bb00000,0x0000005c3bc00000)]
  0x000001bb3795ac70 JavaThread "Notification Thread" daemon [_thread_blocked, id=25836, stack(0x0000005c3be00000,0x0000005c3bf00000)]
  0x000001bb37965950 JavaThread "Common-Cleaner" daemon [_thread_blocked, id=26996, stack(0x0000005c3c000000,0x0000005c3c100000)]
  0x000001bb3ee8b3c0 JavaThread "AssetManager" daemon [_thread_blocked, id=14844, stack(0x0000005c3df80000,0x0000005c3e080000)]
  0x000001bb3ef54030 JavaThread "LWJGL3 Timer" daemon [_thread_blocked, id=14080, stack(0x0000005c3e080000,0x0000005c3e180000)]
  0x000001bb3f2f96a0 JavaThread "AssetManager" daemon [_thread_blocked, id=13980, stack(0x0000005c3e480000,0x0000005c3e580000)]
  0x000001bb4f37f130 JavaThread "Timer" daemon [_thread_blocked, id=28940, stack(0x0000005c3ec80000,0x0000005c3ed80000)]
  0x000001bb11a69ce0 JavaThread "Timer-0" [_thread_blocked, id=12412, stack(0x0000005c3e580000,0x0000005c3e680000)]
  0x000001bb11a69810 JavaThread "Timer-1" [_thread_blocked, id=30380, stack(0x0000005c3e680000,0x0000005c3e780000)]
  0x000001bb11a69340 JavaThread "Timer-2" [_thread_blocked, id=9852, stack(0x0000005c3e280000,0x0000005c3e380000)]
  0x000001bb11a6c360 JavaThread "Timer-3" [_thread_blocked, id=27852, stack(0x0000005c3e380000,0x0000005c3e480000)]
  0x000001bb11a6a1b0 JavaThread "Timer-4" [_thread_blocked, id=10584, stack(0x0000005c3e980000,0x0000005c3ea80000)]
  0x000001bb11a6c830 JavaThread "Timer-5" [_thread_blocked, id=13516, stack(0x0000005c3ed80000,0x0000005c3ee80000)]
  0x000001bb5329fd50 JavaThread "Timer-6" [_thread_blocked, id=27028, stack(0x0000005c3ee80000,0x0000005c3ef80000)]
  0x000001bb5329f880 JavaThread "Timer-7" [_thread_blocked, id=17140, stack(0x0000005c3eb80000,0x0000005c3ec80000)]
  0x000001bb532a0220 JavaThread "Timer-8" [_thread_blocked, id=19540, stack(0x0000005c3ea80000,0x0000005c3eb80000)]
  0x000001bb532a2d70 JavaThread "Timer-9" [_thread_blocked, id=18592, stack(0x0000005c3ef80000,0x0000005c3f080000)]
  0x000001bb532a3240 JavaThread "Timer-10" [_thread_blocked, id=3288, stack(0x0000005c3f080000,0x0000005c3f180000)]
  0x000001bb5329e070 JavaThread "Timer-11" [_thread_blocked, id=1688, stack(0x0000005c3f280000,0x0000005c3f380000)]
  0x000001bb532a06f0 JavaThread "Timer-12" [_thread_blocked, id=18872, stack(0x0000005c3f380000,0x0000005c3f480000)]
  0x000001bb532a23d0 JavaThread "Timer-13" [_thread_blocked, id=2268, stack(0x0000005c3f480000,0x0000005c3f580000)]
  0x000001bb532a0bc0 JavaThread "Timer-14" [_thread_blocked, id=13040, stack(0x0000005c3f580000,0x0000005c3f680000)]
  0x000001bb532a1560 JavaThread "Timer-15" [_thread_blocked, id=25028, stack(0x0000005c3f680000,0x0000005c3f780000)]
  0x000001bb532a4f20 JavaThread "Timer-16" [_thread_blocked, id=29596, stack(0x0000005c3f780000,0x0000005c3f880000)]
  0x000001bb532a3710 JavaThread "Timer-17" [_thread_blocked, id=5176, stack(0x0000005c3f880000,0x0000005c3f980000)]
  0x000001bb532a4a50 JavaThread "Timer-18" [_thread_blocked, id=17456, stack(0x0000005c3f180000,0x0000005c3f280000)]
  0x000001bb532a40b0 JavaThread "Timer-19" [_thread_blocked, id=25692, stack(0x0000005c3f980000,0x0000005c3fa80000)]
  0x000001bb532a1a30 JavaThread "Timer-20" [_thread_blocked, id=27516, stack(0x0000005c3fa80000,0x0000005c3fb80000)]
  0x000001bb5329eee0 JavaThread "Timer-21" [_thread_blocked, id=23720, stack(0x0000005c3fb80000,0x0000005c3fc80000)]
  0x000001bb532a3be0 JavaThread "Timer-22" [_thread_blocked, id=15080, stack(0x0000005c3fc80000,0x0000005c3fd80000)]
  0x000001bb532a1090 JavaThread "Timer-23" [_thread_blocked, id=17396, stack(0x0000005c3fd80000,0x0000005c3fe80000)]
  0x000001bb532a4580 JavaThread "Timer-24" [_thread_blocked, id=3696, stack(0x0000005c3fe80000,0x0000005c3ff80000)]
  0x000001bb532a1f00 JavaThread "Timer-25" [_thread_blocked, id=7844, stack(0x0000005c3ff80000,0x0000005c40080000)]
  0x000001bb532a28a0 JavaThread "Timer-26" [_thread_blocked, id=17848, stack(0x0000005c40080000,0x0000005c40180000)]
  0x000001bb5329d6d0 JavaThread "Timer-27" [_thread_blocked, id=23792, stack(0x0000005c40180000,0x0000005c40280000)]
  0x000001bb5329e540 JavaThread "Timer-28" [_thread_blocked, id=29396, stack(0x0000005c40280000,0x0000005c40380000)]
  0x000001bb5329f3b0 JavaThread "Timer-30" [_thread_blocked, id=3960, stack(0x0000005c3bc00000,0x0000005c3bd00000)]
  0x000001bb5329ea10 JavaThread "Timer-31" [_thread_blocked, id=17948, stack(0x0000005c40480000,0x0000005c40580000)]
  0x000001bb3f1a0cd0 JavaThread "Timer-32" [_thread_blocked, id=24512, stack(0x0000005c40580000,0x0000005c40680000)]
  0x000001bb3f1a0330 JavaThread "Timer-33" [_thread_blocked, id=2604, stack(0x0000005c40680000,0x0000005c40780000)]
  0x000001bb3f19eb20 JavaThread "Timer-34" [_thread_blocked, id=14836, stack(0x0000005c40780000,0x0000005c40880000)]
  0x000001bb3f1a11a0 JavaThread "Timer-35" [_thread_blocked, id=592, stack(0x0000005c40880000,0x0000005c40980000)]
  0x000001bb3f19f990 JavaThread "Timer-36" [_thread_blocked, id=25112, stack(0x0000005c40980000,0x0000005c40a80000)]
  0x000001bb3f19fe60 JavaThread "Timer-37" [_thread_blocked, id=28784, stack(0x0000005c40a80000,0x0000005c40b80000)]
  0x000001bb3f19d310 JavaThread "Timer-38" [_thread_blocked, id=26700, stack(0x0000005c40b80000,0x0000005c40c80000)]
  0x000001bb3f19c4a0 JavaThread "Timer-39" [_thread_blocked, id=24252, stack(0x0000005c40c80000,0x0000005c40d80000)]
  0x000001bb3f19c970 JavaThread "Timer-40" [_thread_blocked, id=28624, stack(0x0000005c40d80000,0x0000005c40e80000)]
  0x000001bb3f19ce40 JavaThread "Timer-41" [_thread_blocked, id=8392, stack(0x0000005c40e80000,0x0000005c40f80000)]
  0x000001bb3f19ac90 JavaThread "Timer-42" [_thread_blocked, id=16052, stack(0x0000005c40f80000,0x0000005c41080000)]
  0x000001bb3f1a1670 JavaThread "Timer-43" [_thread_blocked, id=17524, stack(0x0000005c41080000,0x0000005c41180000)]
  0x000001bb3f19e180 JavaThread "Timer-44" [_thread_blocked, id=17880, stack(0x0000005c41180000,0x0000005c41280000)]
  0x000001bb3f19d7e0 JavaThread "Timer-45" [_thread_blocked, id=28584, stack(0x0000005c41280000,0x0000005c41380000)]
  0x000001bb3f1a1b40 JavaThread "Timer-46" [_thread_blocked, id=8768, stack(0x0000005c41380000,0x0000005c41480000)]
  0x000001bb3f19b160 JavaThread "Timer-47" [_thread_blocked, id=2508, stack(0x0000005c41480000,0x0000005c41580000)]
  0x000001bb3f19bb00 JavaThread "Timer-48" [_thread_blocked, id=28144, stack(0x0000005c41580000,0x0000005c41680000)]
  0x000001bb3f19eff0 JavaThread "Timer-49" [_thread_blocked, id=29872, stack(0x0000005c41680000,0x0000005c41780000)]
  0x000001bb3f19e650 JavaThread "Timer-50" [_thread_blocked, id=29456, stack(0x0000005c41780000,0x0000005c41880000)]
  0x000001bb3f1a2010 JavaThread "Timer-51" [_thread_blocked, id=18212, stack(0x0000005c41880000,0x0000005c41980000)]
  0x000001bb3f1a0800 JavaThread "Timer-52" [_thread_blocked, id=28712, stack(0x0000005c41980000,0x0000005c41a80000)]
  0x000001bb3f19a7c0 JavaThread "Timer-53" [_thread_blocked, id=4488, stack(0x0000005c41a80000,0x0000005c41b80000)]
  0x000001bb3f19b630 JavaThread "Timer-54" [_thread_blocked, id=8144, stack(0x0000005c41b80000,0x0000005c41c80000)]
  0x000001bb3f19bfd0 JavaThread "Timer-55" [_thread_blocked, id=22696, stack(0x0000005c41c80000,0x0000005c41d80000)]
  0x000001bb3f19dcb0 JavaThread "Timer-56" [_thread_blocked, id=14880, stack(0x0000005c41d80000,0x0000005c41e80000)]
  0x000001bb379d5a30 JavaThread "Timer-57" [_thread_blocked, id=18004, stack(0x0000005c41e80000,0x0000005c41f80000)]
  0x000001bb379d5090 JavaThread "Timer-58" [_thread_blocked, id=19156, stack(0x0000005c41f80000,0x0000005c42080000)]
  0x000001bb379d7be0 JavaThread "Timer-59" [_thread_blocked, id=13284, stack(0x0000005c40380000,0x0000005c40480000)]
  0x000001bb379d7240 JavaThread "Timer-60" [_thread_blocked, id=4820, stack(0x0000005c42080000,0x0000005c42180000)]
  0x000001bb379d8580 JavaThread "Timer-61" [_thread_blocked, id=14192, stack(0x0000005c42180000,0x0000005c42280000)]
  0x000001bb379d93f0 JavaThread "Timer-62" [_thread_blocked, id=29644, stack(0x0000005c42280000,0x0000005c42380000)]
  0x000001bb379d2a10 JavaThread "Timer-63" [_thread_blocked, id=22432, stack(0x0000005c42380000,0x0000005c42480000)]
  0x000001bb379d5f00 JavaThread "Timer-64" [_thread_blocked, id=29432, stack(0x0000005c42480000,0x0000005c42580000)]
  0x000001bb379d2540 JavaThread "Timer-65" [_thread_blocked, id=27248, stack(0x0000005c42580000,0x0000005c42680000)]
  0x000001bb379d80b0 JavaThread "Timer-66" [_thread_blocked, id=30360, stack(0x0000005c42680000,0x0000005c42780000)]
  0x000001bb379d4bc0 JavaThread "Timer-67" [_thread_blocked, id=22172, stack(0x0000005c42780000,0x0000005c42880000)]
  0x000001bb379d8f20 JavaThread "Timer-68" [_thread_blocked, id=3980, stack(0x0000005c42880000,0x0000005c42980000)]

Other Threads:
  0x000001bb36d67090 VMThread "VM Thread" [stack: 0x0000005c3b200000,0x0000005c3b300000] [id=11652]
  0x000001bb3795d370 WatcherThread [stack: 0x0000005c3bf00000,0x0000005c3c000000] [id=26524]
  0x000001bb11af25b0 GCTaskThread "GC Thread#0" [stack: 0x0000005c3ad00000,0x0000005c3ae00000] [id=11000]
  0x000001bb3ed58da0 GCTaskThread "GC Thread#1" [stack: 0x0000005c3bd00000,0x0000005c3be00000] [id=30400]
  0x000001bb3ed59050 GCTaskThread "GC Thread#2" [stack: 0x0000005c3d880000,0x0000005c3d980000] [id=23984]
  0x000001bb3ed595b0 GCTaskThread "GC Thread#3" [stack: 0x0000005c3d980000,0x0000005c3da80000] [id=7316]
  0x000001bb3ed5ade0 GCTaskThread "GC Thread#4" [stack: 0x0000005c3da80000,0x0000005c3db80000] [id=26368]
  0x000001bb3ed59300 GCTaskThread "GC Thread#5" [stack: 0x0000005c3db80000,0x0000005c3dc80000] [id=30216]
  0x000001bb3ed59860 GCTaskThread "GC Thread#6" [stack: 0x0000005c3dc80000,0x0000005c3dd80000] [id=17484]
  0x000001bb3ed59dc0 GCTaskThread "GC Thread#7" [stack: 0x0000005c3dd80000,0x0000005c3de80000] [id=2060]
  0x000001bb3ed5a070 GCTaskThread "GC Thread#8" [stack: 0x0000005c3de80000,0x0000005c3df80000] [id=23968]
  0x000001bb3a67e500 GCTaskThread "GC Thread#9" [stack: 0x0000005c3e780000,0x0000005c3e880000] [id=27328]
  0x000001bb3a67d790 GCTaskThread "GC Thread#10" [stack: 0x0000005c3e880000,0x0000005c3e980000] [id=16340]
  0x000001bb11b02a70 ConcurrentGCThread "G1 Main Marker" [stack: 0x0000005c3ae00000,0x0000005c3af00000] [id=23168]
  0x000001bb11b03b20 ConcurrentGCThread "G1 Conc#0" [stack: 0x0000005c3af00000,0x0000005c3b000000] [id=23500]
  0x000001bb36c23160 ConcurrentGCThread "G1 Refine#0" [stack: 0x0000005c3b000000,0x0000005c3b100000] [id=3468]
  0x000001bb36c23920 ConcurrentGCThread "G1 Service" [stack: 0x0000005c3b100000,0x0000005c3b200000] [id=13212]

Threads with active compile tasks:

VM state: not at safepoint (normal execution)

VM Mutex/Monitor currently owned by a thread: None

Heap address: 0x0000000709800000, size: 3944 MB, Compressed Oops mode: Zero based, Oop shift amount: 3

CDS archive(s) mapped at: [0x0000000800000000-0x0000000800bd0000-0x0000000800bd0000), size 12386304, SharedBaseAddress: 0x0000000800000000, ArchiveRelocationMode: 0.
Compressed class space mapped at: 0x0000000800c00000-0x0000000840c00000, reserved size: 1073741824
Narrow klass base: 0x0000000800000000, Narrow klass shift: 0, Narrow klass range: 0x100000000

GC Precious Log:
 CPUs: 16 total, 16 available
 Memory: 15769M
 Large Page Support: Disabled
 NUMA Support: Disabled
 Compressed Oops: Enabled (Zero based)
 Heap Region Size: 2M
 Heap Min Capacity: 8M
 Heap Initial Capacity: 248M
 Heap Max Capacity: 3944M
 Pre-touch: Disabled
 Parallel Workers: 13
 Concurrent Workers: 3
 Concurrent Refinement Workers: 13
 Periodic GC: Disabled

Heap:
 garbage-first heap   total 253952K, used 87250K [0x0000000709800000, 0x0000000800000000)
  region size 2048K, 35 young (71680K), 2 survivors (4096K)
 Metaspace       used 11943K, committed 12160K, reserved 1064960K
  class space    used 1068K, committed 1152K, reserved 1048576K

Heap Regions: E=young(eden), S=young(survivor), O=old, HS=humongous(starts), HC=humongous(continues), CS=collection set, F=free, OA=open archive, CA=closed archive, TAMS=top-at-mark-start (previous, next)
|   0|0x0000000709800000, 0x0000000709a00000, 0x0000000709a00000|100%|HS|  |TAMS 0x0000000709800000, 0x0000000709800000| Complete 
|   1|0x0000000709a00000, 0x0000000709c00000, 0x0000000709c00000|100%|HS|  |TAMS 0x0000000709a00000, 0x0000000709a00000| Complete 
|   2|0x0000000709c00000, 0x0000000709e00000, 0x0000000709e00000|100%| O|  |TAMS 0x0000000709c00000, 0x0000000709c00000| Untracked 
|   3|0x0000000709e00000, 0x0000000709efb600, 0x000000070a000000| 49%| O|  |TAMS 0x0000000709e00000, 0x0000000709e00000| Untracked 
|   4|0x000000070a000000, 0x000000070a200000, 0x000000070a200000|100%|HS|  |TAMS 0x000000070a000000, 0x000000070a000000| Complete 
|   5|0x000000070a200000, 0x000000070a400000, 0x000000070a400000|100%|HS|  |TAMS 0x000000070a200000, 0x000000070a200000| Complete 
|   6|0x000000070a400000, 0x000000070a600000, 0x000000070a600000|100%|HS|  |TAMS 0x000000070a400000, 0x000000070a400000| Complete 
|   7|0x000000070a600000, 0x000000070a800000, 0x000000070a800000|100%|HC|  |TAMS 0x000000070a600000, 0x000000070a600000| Complete 
|   8|0x000000070a800000, 0x000000070aa00000, 0x000000070aa00000|100%|HS|  |TAMS 0x000000070a800000, 0x000000070a800000| Complete 
|   9|0x000000070aa00000, 0x000000070ac00000, 0x000000070ac00000|100%|HS|  |TAMS 0x000000070aa00000, 0x000000070aa00000| Complete 
|  10|0x000000070ac00000, 0x000000070ae00000, 0x000000070ae00000|100%|HS|  |TAMS 0x000000070ac00000, 0x000000070ac00000| Complete 
|  11|0x000000070ae00000, 0x000000070ae00000, 0x000000070b000000|  0%| F|  |TAMS 0x000000070ae00000, 0x000000070ae00000| Untracked 
|  12|0x000000070b000000, 0x000000070b000000, 0x000000070b200000|  0%| F|  |TAMS 0x000000070b000000, 0x000000070b000000| Untracked 
|  13|0x000000070b200000, 0x000000070b200000, 0x000000070b400000|  0%| F|  |TAMS 0x000000070b200000, 0x000000070b200000| Untracked 
|  14|0x000000070b400000, 0x000000070b400000, 0x000000070b600000|  0%| F|  |TAMS 0x000000070b400000, 0x000000070b400000| Untracked 
|  15|0x000000070b600000, 0x000000070b600000, 0x000000070b800000|  0%| F|  |TAMS 0x000000070b600000, 0x000000070b600000| Untracked 
|  16|0x000000070b800000, 0x000000070b800000, 0x000000070ba00000|  0%| F|  |TAMS 0x000000070b800000, 0x000000070b800000| Untracked 
|  17|0x000000070ba00000, 0x000000070ba00000, 0x000000070bc00000|  0%| F|  |TAMS 0x000000070ba00000, 0x000000070ba00000| Untracked 
|  18|0x000000070bc00000, 0x000000070bc00000, 0x000000070be00000|  0%| F|  |TAMS 0x000000070bc00000, 0x000000070bc00000| Untracked 
|  19|0x000000070be00000, 0x000000070be00000, 0x000000070c000000|  0%| F|  |TAMS 0x000000070be00000, 0x000000070be00000| Untracked 
|  20|0x000000070c000000, 0x000000070c000000, 0x000000070c200000|  0%| F|  |TAMS 0x000000070c000000, 0x000000070c000000| Untracked 
|  21|0x000000070c200000, 0x000000070c200000, 0x000000070c400000|  0%| F|  |TAMS 0x000000070c200000, 0x000000070c200000| Untracked 
|  22|0x000000070c400000, 0x000000070c400000, 0x000000070c600000|  0%| F|  |TAMS 0x000000070c400000, 0x000000070c400000| Untracked 
|  23|0x000000070c600000, 0x000000070c600000, 0x000000070c800000|  0%| F|  |TAMS 0x000000070c600000, 0x000000070c600000| Untracked 
|  24|0x000000070c800000, 0x000000070c800000, 0x000000070ca00000|  0%| F|  |TAMS 0x000000070c800000, 0x000000070c800000| Untracked 
|  25|0x000000070ca00000, 0x000000070ca00000, 0x000000070cc00000|  0%| F|  |TAMS 0x000000070ca00000, 0x000000070ca00000| Untracked 
|  26|0x000000070cc00000, 0x000000070cc00000, 0x000000070ce00000|  0%| F|  |TAMS 0x000000070cc00000, 0x000000070cc00000| Untracked 
|  27|0x000000070ce00000, 0x000000070ce00000, 0x000000070d000000|  0%| F|  |TAMS 0x000000070ce00000, 0x000000070ce00000| Untracked 
|  28|0x000000070d000000, 0x000000070d000000, 0x000000070d200000|  0%| F|  |TAMS 0x000000070d000000, 0x000000070d000000| Untracked 
|  29|0x000000070d200000, 0x000000070d200000, 0x000000070d400000|  0%| F|  |TAMS 0x000000070d200000, 0x000000070d200000| Untracked 
|  30|0x000000070d400000, 0x000000070d400000, 0x000000070d600000|  0%| F|  |TAMS 0x000000070d400000, 0x000000070d400000| Untracked 
|  31|0x000000070d600000, 0x000000070d600000, 0x000000070d800000|  0%| F|  |TAMS 0x000000070d600000, 0x000000070d600000| Untracked 
|  32|0x000000070d800000, 0x000000070d800000, 0x000000070da00000|  0%| F|  |TAMS 0x000000070d800000, 0x000000070d800000| Untracked 
|  33|0x000000070da00000, 0x000000070da00000, 0x000000070dc00000|  0%| F|  |TAMS 0x000000070da00000, 0x000000070da00000| Untracked 
|  34|0x000000070dc00000, 0x000000070dc00000, 0x000000070de00000|  0%| F|  |TAMS 0x000000070dc00000, 0x000000070dc00000| Untracked 
|  35|0x000000070de00000, 0x000000070de00000, 0x000000070e000000|  0%| F|  |TAMS 0x000000070de00000, 0x000000070de00000| Untracked 
|  36|0x000000070e000000, 0x000000070e000000, 0x000000070e200000|  0%| F|  |TAMS 0x000000070e000000, 0x000000070e000000| Untracked 
|  37|0x000000070e200000, 0x000000070e200000, 0x000000070e400000|  0%| F|  |TAMS 0x000000070e200000, 0x000000070e200000| Untracked 
|  38|0x000000070e400000, 0x000000070e400000, 0x000000070e600000|  0%| F|  |TAMS 0x000000070e400000, 0x000000070e400000| Untracked 
|  39|0x000000070e600000, 0x000000070e600000, 0x000000070e800000|  0%| F|  |TAMS 0x000000070e600000, 0x000000070e600000| Untracked 
|  40|0x000000070e800000, 0x000000070e800000, 0x000000070ea00000|  0%| F|  |TAMS 0x000000070e800000, 0x000000070e800000| Untracked 
|  41|0x000000070ea00000, 0x000000070ea00000, 0x000000070ec00000|  0%| F|  |TAMS 0x000000070ea00000, 0x000000070ea00000| Untracked 
|  42|0x000000070ec00000, 0x000000070ec00000, 0x000000070ee00000|  0%| F|  |TAMS 0x000000070ec00000, 0x000000070ec00000| Untracked 
|  43|0x000000070ee00000, 0x000000070ee00000, 0x000000070f000000|  0%| F|  |TAMS 0x000000070ee00000, 0x000000070ee00000| Untracked 
|  44|0x000000070f000000, 0x000000070f000000, 0x000000070f200000|  0%| F|  |TAMS 0x000000070f000000, 0x000000070f000000| Untracked 
|  45|0x000000070f200000, 0x000000070f200000, 0x000000070f400000|  0%| F|  |TAMS 0x000000070f200000, 0x000000070f200000| Untracked 
|  46|0x000000070f400000, 0x000000070f400000, 0x000000070f600000|  0%| F|  |TAMS 0x000000070f400000, 0x000000070f400000| Untracked 
|  47|0x000000070f600000, 0x000000070f600000, 0x000000070f800000|  0%| F|  |TAMS 0x000000070f600000, 0x000000070f600000| Untracked 
|  48|0x000000070f800000, 0x000000070f800000, 0x000000070fa00000|  0%| F|  |TAMS 0x000000070f800000, 0x000000070f800000| Untracked 
|  49|0x000000070fa00000, 0x000000070fa00000, 0x000000070fc00000|  0%| F|  |TAMS 0x000000070fa00000, 0x000000070fa00000| Untracked 
|  50|0x000000070fc00000, 0x000000070fc00000, 0x000000070fe00000|  0%| F|  |TAMS 0x000000070fc00000, 0x000000070fc00000| Untracked 
|  51|0x000000070fe00000, 0x000000070fe00000, 0x0000000710000000|  0%| F|  |TAMS 0x000000070fe00000, 0x000000070fe00000| Untracked 
|  52|0x0000000710000000, 0x0000000710000000, 0x0000000710200000|  0%| F|  |TAMS 0x0000000710000000, 0x0000000710000000| Untracked 
|  53|0x0000000710200000, 0x0000000710200000, 0x0000000710400000|  0%| F|  |TAMS 0x0000000710200000, 0x0000000710200000| Untracked 
|  54|0x0000000710400000, 0x0000000710400000, 0x0000000710600000|  0%| F|  |TAMS 0x0000000710400000, 0x0000000710400000| Untracked 
|  55|0x0000000710600000, 0x0000000710600000, 0x0000000710800000|  0%| F|  |TAMS 0x0000000710600000, 0x0000000710600000| Untracked 
|  56|0x0000000710800000, 0x0000000710800000, 0x0000000710a00000|  0%| F|  |TAMS 0x0000000710800000, 0x0000000710800000| Untracked 
|  57|0x0000000710a00000, 0x0000000710a00000, 0x0000000710c00000|  0%| F|  |TAMS 0x0000000710a00000, 0x0000000710a00000| Untracked 
|  58|0x0000000710c00000, 0x0000000710c00000, 0x0000000710e00000|  0%| F|  |TAMS 0x0000000710c00000, 0x0000000710c00000| Untracked 
|  59|0x0000000710e00000, 0x0000000710e00000, 0x0000000711000000|  0%| F|  |TAMS 0x0000000710e00000, 0x0000000710e00000| Untracked 
|  60|0x0000000711000000, 0x0000000711000000, 0x0000000711200000|  0%| F|  |TAMS 0x0000000711000000, 0x0000000711000000| Untracked 
|  61|0x0000000711200000, 0x0000000711200000, 0x0000000711400000|  0%| F|  |TAMS 0x0000000711200000, 0x0000000711200000| Untracked 
|  62|0x0000000711400000, 0x0000000711400000, 0x0000000711600000|  0%| F|  |TAMS 0x0000000711400000, 0x0000000711400000| Untracked 
|  63|0x0000000711600000, 0x0000000711600000, 0x0000000711800000|  0%| F|  |TAMS 0x0000000711600000, 0x0000000711600000| Untracked 
|  64|0x0000000711800000, 0x0000000711800000, 0x0000000711a00000|  0%| F|  |TAMS 0x0000000711800000, 0x0000000711800000| Untracked 
|  65|0x0000000711a00000, 0x0000000711a00000, 0x0000000711c00000|  0%| F|  |TAMS 0x0000000711a00000, 0x0000000711a00000| Untracked 
|  66|0x0000000711c00000, 0x0000000711c00000, 0x0000000711e00000|  0%| F|  |TAMS 0x0000000711c00000, 0x0000000711c00000| Untracked 
|  67|0x0000000711e00000, 0x0000000711e00000, 0x0000000712000000|  0%| F|  |TAMS 0x0000000711e00000, 0x0000000711e00000| Untracked 
|  68|0x0000000712000000, 0x0000000712000000, 0x0000000712200000|  0%| F|  |TAMS 0x0000000712000000, 0x0000000712000000| Untracked 
|  69|0x0000000712200000, 0x0000000712200000, 0x0000000712400000|  0%| F|  |TAMS 0x0000000712200000, 0x0000000712200000| Untracked 
|  70|0x0000000712400000, 0x0000000712400000, 0x0000000712600000|  0%| F|  |TAMS 0x0000000712400000, 0x0000000712400000| Untracked 
|  71|0x0000000712600000, 0x0000000712600000, 0x0000000712800000|  0%| F|  |TAMS 0x0000000712600000, 0x0000000712600000| Untracked 
|  72|0x0000000712800000, 0x0000000712800000, 0x0000000712a00000|  0%| F|  |TAMS 0x0000000712800000, 0x0000000712800000| Untracked 
|  73|0x0000000712a00000, 0x0000000712a00000, 0x0000000712c00000|  0%| F|  |TAMS 0x0000000712a00000, 0x0000000712a00000| Untracked 
|  74|0x0000000712c00000, 0x0000000712c00000, 0x0000000712e00000|  0%| F|  |TAMS 0x0000000712c00000, 0x0000000712c00000| Untracked 
|  75|0x0000000712e00000, 0x0000000712e00000, 0x0000000713000000|  0%| F|  |TAMS 0x0000000712e00000, 0x0000000712e00000| Untracked 
|  76|0x0000000713000000, 0x0000000713000000, 0x0000000713200000|  0%| F|  |TAMS 0x0000000713000000, 0x0000000713000000| Untracked 
|  77|0x0000000713200000, 0x0000000713200000, 0x0000000713400000|  0%| F|  |TAMS 0x0000000713200000, 0x0000000713200000| Untracked 
|  78|0x0000000713400000, 0x0000000713400000, 0x0000000713600000|  0%| F|  |TAMS 0x0000000713400000, 0x0000000713400000| Untracked 
|  79|0x0000000713600000, 0x0000000713600000, 0x0000000713800000|  0%| F|  |TAMS 0x0000000713600000, 0x0000000713600000| Untracked 
|  80|0x0000000713800000, 0x0000000713800000, 0x0000000713a00000|  0%| F|  |TAMS 0x0000000713800000, 0x0000000713800000| Untracked 
|  81|0x0000000713a00000, 0x0000000713a00000, 0x0000000713c00000|  0%| F|  |TAMS 0x0000000713a00000, 0x0000000713a00000| Untracked 
|  82|0x0000000713c00000, 0x0000000713c00000, 0x0000000713e00000|  0%| F|  |TAMS 0x0000000713c00000, 0x0000000713c00000| Untracked 
|  83|0x0000000713e00000, 0x0000000713e00000, 0x0000000714000000|  0%| F|  |TAMS 0x0000000713e00000, 0x0000000713e00000| Untracked 
|  84|0x0000000714000000, 0x0000000714000000, 0x0000000714200000|  0%| F|  |TAMS 0x0000000714000000, 0x0000000714000000| Untracked 
|  85|0x0000000714200000, 0x0000000714200000, 0x0000000714400000|  0%| F|  |TAMS 0x0000000714200000, 0x0000000714200000| Untracked 
|  86|0x0000000714400000, 0x0000000714400000, 0x0000000714600000|  0%| F|  |TAMS 0x0000000714400000, 0x0000000714400000| Untracked 
|  87|0x0000000714600000, 0x0000000714600000, 0x0000000714800000|  0%| F|  |TAMS 0x0000000714600000, 0x0000000714600000| Untracked 
|  88|0x0000000714800000, 0x0000000714800000, 0x0000000714a00000|  0%| F|  |TAMS 0x0000000714800000, 0x0000000714800000| Untracked 
|  89|0x0000000714a00000, 0x0000000714b71270, 0x0000000714c00000| 72%| E|  |TAMS 0x0000000714a00000, 0x0000000714a00000| Complete 
|  90|0x0000000714c00000, 0x0000000714e00000, 0x0000000714e00000|100%| E|CS|TAMS 0x0000000714c00000, 0x0000000714c00000| Complete 
|  91|0x0000000714e00000, 0x0000000715000000, 0x0000000715000000|100%| E|CS|TAMS 0x0000000714e00000, 0x0000000714e00000| Complete 
|  92|0x0000000715000000, 0x0000000715200000, 0x0000000715200000|100%| E|CS|TAMS 0x0000000715000000, 0x0000000715000000| Complete 
|  93|0x0000000715200000, 0x0000000715400000, 0x0000000715400000|100%| E|CS|TAMS 0x0000000715200000, 0x0000000715200000| Complete 
|  94|0x0000000715400000, 0x0000000715600000, 0x0000000715600000|100%| E|CS|TAMS 0x0000000715400000, 0x0000000715400000| Complete 
|  95|0x0000000715600000, 0x0000000715800000, 0x0000000715800000|100%| E|CS|TAMS 0x0000000715600000, 0x0000000715600000| Complete 
|  96|0x0000000715800000, 0x0000000715a00000, 0x0000000715a00000|100%| E|CS|TAMS 0x0000000715800000, 0x0000000715800000| Complete 
|  97|0x0000000715a00000, 0x0000000715c00000, 0x0000000715c00000|100%| E|CS|TAMS 0x0000000715a00000, 0x0000000715a00000| Complete 
|  98|0x0000000715c00000, 0x0000000715e00000, 0x0000000715e00000|100%| E|CS|TAMS 0x0000000715c00000, 0x0000000715c00000| Complete 
|  99|0x0000000715e00000, 0x0000000716000000, 0x0000000716000000|100%| E|CS|TAMS 0x0000000715e00000, 0x0000000715e00000| Complete 
| 100|0x0000000716000000, 0x0000000716200000, 0x0000000716200000|100%| E|CS|TAMS 0x0000000716000000, 0x0000000716000000| Complete 
| 101|0x0000000716200000, 0x0000000716400000, 0x0000000716400000|100%| E|CS|TAMS 0x0000000716200000, 0x0000000716200000| Complete 
| 102|0x0000000716400000, 0x0000000716600000, 0x0000000716600000|100%| E|CS|TAMS 0x0000000716400000, 0x0000000716400000| Complete 
| 103|0x0000000716600000, 0x0000000716800000, 0x0000000716800000|100%| E|CS|TAMS 0x0000000716600000, 0x0000000716600000| Complete 
| 104|0x0000000716800000, 0x0000000716839450, 0x0000000716a00000| 11%| S|CS|TAMS 0x0000000716800000, 0x0000000716800000| Complete 
| 105|0x0000000716a00000, 0x0000000716c00000, 0x0000000716c00000|100%| S|CS|TAMS 0x0000000716a00000, 0x0000000716a00000| Complete 
| 106|0x0000000716c00000, 0x0000000716e00000, 0x0000000716e00000|100%| E|CS|TAMS 0x0000000716c00000, 0x0000000716c00000| Complete 
| 107|0x0000000716e00000, 0x0000000717000000, 0x0000000717000000|100%| E|CS|TAMS 0x0000000716e00000, 0x0000000716e00000| Complete 
| 108|0x0000000717000000, 0x0000000717200000, 0x0000000717200000|100%| E|CS|TAMS 0x0000000717000000, 0x0000000717000000| Complete 
| 109|0x0000000717200000, 0x0000000717400000, 0x0000000717400000|100%| E|CS|TAMS 0x0000000717200000, 0x0000000717200000| Complete 
| 110|0x0000000717400000, 0x0000000717600000, 0x0000000717600000|100%| E|CS|TAMS 0x0000000717400000, 0x0000000717400000| Complete 
| 111|0x0000000717600000, 0x0000000717800000, 0x0000000717800000|100%| E|CS|TAMS 0x0000000717600000, 0x0000000717600000| Complete 
| 112|0x0000000717800000, 0x0000000717a00000, 0x0000000717a00000|100%| E|CS|TAMS 0x0000000717800000, 0x0000000717800000| Complete 
| 113|0x0000000717a00000, 0x0000000717c00000, 0x0000000717c00000|100%| E|CS|TAMS 0x0000000717a00000, 0x0000000717a00000| Complete 
| 114|0x0000000717c00000, 0x0000000717e00000, 0x0000000717e00000|100%| E|CS|TAMS 0x0000000717c00000, 0x0000000717c00000| Complete 
| 115|0x0000000717e00000, 0x0000000718000000, 0x0000000718000000|100%| E|CS|TAMS 0x0000000717e00000, 0x0000000717e00000| Complete 
| 116|0x0000000718000000, 0x0000000718200000, 0x0000000718200000|100%| E|  |TAMS 0x0000000718000000, 0x0000000718000000| Complete 
| 117|0x0000000718200000, 0x0000000718400000, 0x0000000718400000|100%| E|CS|TAMS 0x0000000718200000, 0x0000000718200000| Complete 
| 118|0x0000000718400000, 0x0000000718600000, 0x0000000718600000|100%| E|CS|TAMS 0x0000000718400000, 0x0000000718400000| Complete 
| 119|0x0000000718600000, 0x0000000718800000, 0x0000000718800000|100%| E|CS|TAMS 0x0000000718600000, 0x0000000718600000| Complete 
| 120|0x0000000718800000, 0x0000000718a00000, 0x0000000718a00000|100%| E|CS|TAMS 0x0000000718800000, 0x0000000718800000| Complete 
| 121|0x0000000718a00000, 0x0000000718c00000, 0x0000000718c00000|100%| E|CS|TAMS 0x0000000718a00000, 0x0000000718a00000| Complete 
| 122|0x0000000718c00000, 0x0000000718e00000, 0x0000000718e00000|100%| E|CS|TAMS 0x0000000718c00000, 0x0000000718c00000| Complete 
| 123|0x0000000718e00000, 0x0000000719000000, 0x0000000719000000|100%| E|CS|TAMS 0x0000000718e00000, 0x0000000718e00000| Complete 

Card table byte_map: [0x000001bb2b240000,0x000001bb2ba00000] _byte_map_base: 0x000001bb279f4000

Marking Bits (Prev, Next): (CMBitMap*) 0x000001bb11af2ac0, (CMBitMap*) 0x000001bb11af2b00
 Prev Bits: [0x000001bb2c1c0000, 0x000001bb2ff60000)
 Next Bits: [0x000001bb2ff60000, 0x000001bb33d00000)

Polling page: 0x000001bb11770000

Metaspace:

Usage:
  Non-class:     10.62 MB used.
      Class:      1.04 MB used.
       Both:     11.66 MB used.

Virtual space:
  Non-class space:       16.00 MB reserved,      10.75 MB ( 67%) committed,  2 nodes.
      Class space:        1.00 GB reserved,       1.12 MB ( <1%) committed,  1 nodes.
             Both:        1.02 GB reserved,      11.88 MB (  1%) committed. 

Chunk freelists:
   Non-Class:  864.00 KB
       Class:  2.91 MB
        Both:  3.75 MB

MaxMetaspaceSize: unlimited
CompressedClassSpaceSize: 1.00 GB
Initial GC threshold: 21.00 MB
Current GC threshold: 21.00 MB
CDS: on
MetaspaceReclaimPolicy: balanced
 - commit_granule_bytes: 65536.
 - commit_granule_words: 8192.
 - virtual_space_node_default_size: 1048576.
 - enlarge_chunks_in_place: 1.
 - new_chunks_are_fully_committed: 0.
 - uncommit_free_chunks: 1.
 - use_allocation_guard: 0.
 - handle_deallocations: 1.


Internal statistics:

num_allocs_failed_limit: 0.
num_arena_births: 156.
num_arena_deaths: 0.
num_vsnodes_births: 3.
num_vsnodes_deaths: 0.
num_space_committed: 188.
num_space_uncommitted: 0.
num_chunks_returned_to_freelist: 0.
num_chunks_taken_from_freelist: 514.
num_chunk_merges: 0.
num_chunk_splits: 350.
num_chunks_enlarged: 268.
num_purges: 0.
num_inconsistent_stats: 0.

CodeHeap 'non-profiled nmethods': size=119168Kb used=2604Kb max_used=2604Kb free=116563Kb
 bounds [0x000001bb22660000, 0x000001bb228f0000, 0x000001bb29ac0000]
CodeHeap 'profiled nmethods': size=119104Kb used=7341Kb max_used=7341Kb free=111763Kb
 bounds [0x000001bb1aac0000, 0x000001bb1b1f0000, 0x000001bb21f10000]
CodeHeap 'non-nmethods': size=7488Kb used=1659Kb max_used=3395Kb free=5828Kb
 bounds [0x000001bb21f10000, 0x000001bb222d0000, 0x000001bb22660000]
 total_blobs=4594 nmethods=3493 adapters=1013
 compilation: enabled
              stopped_count=0, restarted_count=0
 full_count=0

Compilation events (20 events):
Event: 27.275 Thread 0x000001bb37804620 3484       3       com.csse3200.game.components.TouchAttackComponent::onCollisionEnd (83 bytes)
Event: 27.276 Thread 0x000001bb37804620 nmethod 3484 0x000001bb1b1df010 code [0x000001bb1b1df240, 0x000001bb1b1dfb28]
Event: 27.276 Thread 0x000001bb37804620 3485       3       com.csse3200.game.components.TouchAttackComponent::onCollisionStart (233 bytes)
Event: 27.280 Thread 0x000001bb37804620 nmethod 3485 0x000001bb1b1dfe90 code [0x000001bb1b1e0520, 0x000001bb1b1e3f68]
Event: 27.626 Thread 0x000001bb37800080 3486       4       com.csse3200.game.physics.PhysicsLayer::contains (10 bytes)
Event: 27.626 Thread 0x000001bb37800080 nmethod 3486 0x000001bb228ea390 code [0x000001bb228ea500, 0x000001bb228ea558]
Event: 27.803 Thread 0x000001bb37800080 3487  s    4       java.io.ByteArrayOutputStream::write (43 bytes)
Event: 27.810 Thread 0x000001bb37800080 nmethod 3487 0x000001bb228ea690 code [0x000001bb228ea820, 0x000001bb228eb028]
Event: 27.892 Thread 0x000001bb37804620 3488       3       com.csse3200.game.services.GameTime::getTimeSince (7 bytes)
Event: 27.893 Thread 0x000001bb37804620 nmethod 3488 0x000001bb1b1e5610 code [0x000001bb1b1e57c0, 0x000001bb1b1e5a38]
Event: 28.076 Thread 0x000001bb37804620 3489   !   3       jdk.internal.misc.ScopedMemoryAccess::putInt (25 bytes)
Event: 28.076 Thread 0x000001bb37804620 nmethod 3489 0x000001bb1b1e5b90 code [0x000001bb1b1e5d80, 0x000001bb1b1e62f8]
Event: 28.076 Thread 0x000001bb37804620 3490   !   3       jdk.internal.misc.ScopedMemoryAccess::putIntInternal (37 bytes)
Event: 28.077 Thread 0x000001bb37804620 nmethod 3490 0x000001bb1b1e6590 code [0x000001bb1b1e6740, 0x000001bb1b1e6a68]
Event: 28.125 Thread 0x000001bb37804620 3491       3       com.csse3200.game.components.tasks.MobWanderTask::update (212 bytes)
Event: 28.129 Thread 0x000001bb37804620 nmethod 3491 0x000001bb1b1e6c10 code [0x000001bb1b1e7100, 0x000001bb1b1e9c18]
Event: 28.226 Thread 0x000001bb37804620 3492       3       com.csse3200.game.components.tasks.human.HumanWaitTask::update (23 bytes)
Event: 28.226 Thread 0x000001bb37804620 nmethod 3492 0x000001bb1b1eaa90 code [0x000001bb1b1eac40, 0x000001bb1b1eaf78]
Event: 28.242 Thread 0x000001bb37804620 3493       3       java.util.TaskQueue::isEmpty (13 bytes)
Event: 28.242 Thread 0x000001bb37804620 nmethod 3493 0x000001bb1b1eb090 code [0x000001bb1b1eb220, 0x000001bb1b1eb398]

GC Heap History (4 events):
Event: 2.801 GC heap before
{Heap before GC invocations=0 (full 0):
 garbage-first heap   total 253952K, used 20480K [0x0000000709800000, 0x0000000800000000)
  region size 2048K, 11 young (22528K), 0 survivors (0K)
 Metaspace       used 6453K, committed 6656K, reserved 1064960K
  class space    used 485K, committed 576K, reserved 1048576K
}
Event: 2.806 GC heap after
{Heap after GC invocations=1 (full 0):
 garbage-first heap   total 253952K, used 3628K [0x0000000709800000, 0x0000000800000000)
  region size 2048K, 2 young (4096K), 2 survivors (4096K)
 Metaspace       used 6453K, committed 6656K, reserved 1064960K
  class space    used 485K, committed 576K, reserved 1048576K
}
Event: 7.077 GC heap before
{Heap before GC invocations=1 (full 0):
 garbage-first heap   total 253952K, used 38444K [0x0000000709800000, 0x0000000800000000)
  region size 2048K, 18 young (36864K), 2 survivors (4096K)
 Metaspace       used 9685K, committed 9920K, reserved 1064960K
  class space    used 809K, committed 896K, reserved 1048576K
}
Event: 7.086 GC heap after
{Heap after GC invocations=2 (full 0):
 garbage-first heap   total 253952K, used 5330K [0x0000000709800000, 0x0000000800000000)
  region size 2048K, 2 young (4096K), 2 survivors (4096K)
 Metaspace       used 9685K, committed 9920K, reserved 1064960K
  class space    used 809K, committed 896K, reserved 1048576K
}

Deoptimization events (20 events):
Event: 27.258 Thread 0x000001bb11a80260 Uncommon trap: trap_request=0xffffff45 fr.pc=0x000001bb22835c10 relative=0x0000000000000330
Event: 27.258 Thread 0x000001bb11a80260 Uncommon trap: reason=unstable_if action=reinterpret pc=0x000001bb22835c10 method=com.csse3200.game.components.TouchAttackComponent.onCollisionStart(Lcom/badlogic/gdx/physics/box2d/Fixture;Lcom/badlogic/gdx/physics/box2d/Fixture;)V @ 54 c2
Event: 27.258 Thread 0x000001bb11a80260 DEOPT PACKING pc=0x000001bb22835c10 sp=0x0000005c3acfe4e0
Event: 27.258 Thread 0x000001bb11a80260 DEOPT UNPACKING pc=0x000001bb21f623a3 sp=0x0000005c3acfe520 mode 2
Event: 27.275 Thread 0x000001bb11a80260 Uncommon trap: trap_request=0xffffff45 fr.pc=0x000001bb22856084 relative=0x00000000000005e4
Event: 27.275 Thread 0x000001bb11a80260 Uncommon trap: reason=unstable_if action=reinterpret pc=0x000001bb22856084 method=com.csse3200.game.components.TouchAttackComponent.onCollisionEnd(Lcom/badlogic/gdx/physics/box2d/Fixture;Lcom/badlogic/gdx/physics/box2d/Fixture;)V @ 50 c2
Event: 27.275 Thread 0x000001bb11a80260 DEOPT PACKING pc=0x000001bb22856084 sp=0x0000005c3acfe590
Event: 27.275 Thread 0x000001bb11a80260 DEOPT UNPACKING pc=0x000001bb21f623a3 sp=0x0000005c3acfe538 mode 2
Event: 27.811 Thread 0x000001bb11a80260 Uncommon trap: trap_request=0xffffffde fr.pc=0x000001bb22898fe4 relative=0x0000000000003b44
Event: 27.811 Thread 0x000001bb11a80260 Uncommon trap: reason=class_check action=maybe_recompile pc=0x000001bb22898fe4 method=com.badlogic.gdx.utils.ComparableTimSort.countRunAndMakeAscending([Ljava/lang/Object;II)I @ 39 c2
Event: 27.811 Thread 0x000001bb11a80260 DEOPT PACKING pc=0x000001bb22898fe4 sp=0x0000005c3acfef00
Event: 27.811 Thread 0x000001bb11a80260 DEOPT UNPACKING pc=0x000001bb21f623a3 sp=0x0000005c3acfed30 mode 2
Event: 28.092 Thread 0x000001bb11a80260 Uncommon trap: trap_request=0xffffff45 fr.pc=0x000001bb228ab14c relative=0x00000000000020ac
Event: 28.092 Thread 0x000001bb11a80260 Uncommon trap: reason=unstable_if action=reinterpret pc=0x000001bb228ab14c method=com.csse3200.game.components.tasks.MovementTask.isAtTarget()Z @ 24 c2
Event: 28.092 Thread 0x000001bb11a80260 DEOPT PACKING pc=0x000001bb228ab14c sp=0x0000005c3acfeef0
Event: 28.092 Thread 0x000001bb11a80260 DEOPT UNPACKING pc=0x000001bb21f623a3 sp=0x0000005c3acfee20 mode 2
Event: 28.826 Thread 0x000001bb11a80260 Uncommon trap: trap_request=0xffffff45 fr.pc=0x000001bb22809fbc relative=0x000000000000057c
Event: 28.826 Thread 0x000001bb11a80260 Uncommon trap: reason=unstable_if action=reinterpret pc=0x000001bb22809fbc method=com.csse3200.game.components.tasks.MovementTask.isAtTarget()Z @ 24 c2
Event: 28.826 Thread 0x000001bb11a80260 DEOPT PACKING pc=0x000001bb22809fbc sp=0x0000005c3acfede0
Event: 28.826 Thread 0x000001bb11a80260 DEOPT UNPACKING pc=0x000001bb21f623a3 sp=0x0000005c3acfed58 mode 2

Classes unloaded (0 events):
No events

Classes redefined (0 events):
No events

Internal exceptions (20 events):
Event: 2.318 Thread 0x000001bb11a80260 Exception <a 'sun/nio/fs/WindowsException'{0x00000007183314e8}> (0x00000007183314e8) 
thrown [s\open\src\hotspot\share\prims\jni.cpp, line 516]
Event: 2.318 Thread 0x000001bb11a80260 Exception <a 'sun/nio/fs/WindowsException'{0x0000000718331890}> (0x0000000718331890) 
thrown [s\open\src\hotspot\share\prims\jni.cpp, line 516]
Event: 2.323 Thread 0x000001bb11a80260 Exception <a 'sun/nio/fs/WindowsException'{0x000000071833ce58}> (0x000000071833ce58) 
thrown [s\open\src\hotspot\share\prims\jni.cpp, line 516]
Event: 2.323 Thread 0x000001bb11a80260 Exception <a 'sun/nio/fs/WindowsException'{0x000000071833d138}> (0x000000071833d138) 
thrown [s\open\src\hotspot\share\prims\jni.cpp, line 516]
Event: 2.594 Thread 0x000001bb11a80260 Exception <a 'java/lang/ClassNotFoundException'{0x0000000717e68ff0}: sun/util/logging/resources/spi/loggingProvider> (0x0000000717e68ff0) 
thrown [s\open\src\hotspot\share\classfile\systemDictionary.cpp, line 256]
Event: 2.622 Thread 0x000001bb11a80260 Exception <a 'java/io/FileNotFoundException'{0x0000000717eef690}> (0x0000000717eef690) 
thrown [s\open\src\hotspot\share\prims\jni.cpp, line 516]
Event: 2.657 Thread 0x000001bb11a80260 Exception <a 'java/lang/NoSuchMethodError'{0x0000000717f3e1e0}: 'int java.lang.invoke.DirectMethodHandle$Holder.invokeVirtual(java.lang.Object, java.lang.Object)'> (0x0000000717f3e1e0) 
thrown [s\open\src\hotspot\share\interpreter\linkResolver.cpp, line 759]
Event: 2.661 Thread 0x000001bb11a80260 Exception <a 'java/lang/NoSuchMethodError'{0x0000000717f48600}: 'java.lang.Object java.lang.invoke.Invokers$Holder.invokeExact_MT(java.lang.Object, java.lang.Object, java.lang.Object, java.lang.Object, java.lang.Object, java.lang.Object)'> (0x0000000717f48600) 
thrown [s\open\src\hotspot\share\interpreter\linkResolver.cpp, line 759]
Event: 5.758 Thread 0x000001bb11a80260 Exception <a 'java/lang/NoSuchMethodError'{0x0000000718185290}: 'void java.lang.invoke.DirectMethodHandle$Holder.invokeStatic(java.lang.Object, java.lang.Object, java.lang.Object)'> (0x0000000718185290) 
thrown [s\open\src\hotspot\share\interpreter\linkResolver.cpp, line 759]
Event: 5.882 Thread 0x000001bb11a80260 Exception <a 'java/lang/NoSuchMethodError'{0x0000000717fa7e60}: 'java.lang.Object java.lang.invoke.DirectMethodHandle$Holder.invokeStaticInit(java.lang.Object, int, int, int, int)'> (0x0000000717fa7e60) 
thrown [s\open\src\hotspot\share\interpreter\linkResolver.cpp, line 759]
Event: 8.255 Thread 0x000001bb11a80260 Exception <a 'java/lang/NoSuchMethodError'{0x00000007170696c8}: 'void java.lang.invoke.DirectMethodHandle$Holder.invokeVirtual(java.lang.Object, java.lang.Object, java.lang.Object, java.lang.Object)'> (0x00000007170696c8) 
thrown [s\open\src\hotspot\share\interpreter\linkResolver.cpp, line 759]
Event: 8.257 Thread 0x000001bb11a80260 Exception <a 'java/lang/NoSuchMethodError'{0x0000000717077cd8}: 'void java.lang.invoke.DirectMethodHandle$Holder.invokeVirtual(java.lang.Object, java.lang.Object)'> (0x0000000717077cd8) 
thrown [s\open\src\hotspot\share\interpreter\linkResolver.cpp, line 759]
Event: 8.259 Thread 0x000001bb11a80260 Exception <a 'java/lang/NoSuchMethodError'{0x0000000717081450}: 'void java.lang.invoke.DirectMethodHandle$Holder.invokeVirtual(java.lang.Object, java.lang.Object, int)'> (0x0000000717081450) 
thrown [s\open\src\hotspot\share\interpreter\linkResolver.cpp, line 759]
Event: 8.407 Thread 0x000001bb11a80260 Exception <a 'java/lang/NoSuchMethodError'{0x00000007171acf80}: 'java.lang.Object java.lang.invoke.DirectMethodHandle$Holder.invokeStaticInit(java.lang.Object, java.lang.Object, int, int, int, int)'> (0x00000007171acf80) 
thrown [s\open\src\hotspot\share\interpreter\linkResolver.cpp, line 759]
Event: 8.508 Thread 0x000001bb11a80260 Exception <a 'java/lang/NoSuchMethodError'{0x0000000716f8a4f8}: 'void java.lang.invoke.DirectMethodHandle$Holder.invokeVirtual(java.lang.Object, java.lang.Object, java.lang.Object, int)'> (0x0000000716f8a4f8) 
thrown [s\open\src\hotspot\share\interpreter\linkResolver.cpp, line 759]
Event: 8.534 Thread 0x000001bb11a80260 Exception <a 'java/lang/NoSuchMethodError'{0x0000000716c2c010}: 'void java.lang.invoke.DirectMethodHandle$Holder.invokeStatic(java.lang.Object, java.lang.Object, java.lang.Object, java.lang.Object)'> (0x0000000716c2c010) 
thrown [s\open\src\hotspot\share\interpreter\linkResolver.cpp, line 759]
Event: 8.552 Thread 0x000001bb11a80260 Exception <a 'java/lang/NoSuchMethodError'{0x0000000716c418c0}: 'int java.lang.invoke.DirectMethodHandle$Holder.invokeInterface(java.lang.Object, java.lang.Object)'> (0x0000000716c418c0) 
thrown [s\open\src\hotspot\share\interpreter\linkResolver.cpp, line 759]
Event: 12.710 Thread 0x000001bb11a80260 Implicit null exception at 0x000001bb227ed990 to 0x000001bb227edf70
Event: 26.076 Thread 0x000001bb5329dba0 Implicit null exception at 0x000001bb1b14ac55 to 0x000001bb1b14ad63
Event: 26.076 Thread 0x000001bb5329dba0 Exception <a 'java/lang/NullPointerException'{0x00000007153b9550}> (0x00000007153b9550) 
thrown [s\open\src\hotspot\share\runtime\sharedRuntime.cpp, line 628]

VM Operations (20 events):
Event: 15.907 Executing VM operation: Cleanup
Event: 15.907 Executing VM operation: Cleanup done
Event: 16.908 Executing VM operation: Cleanup
Event: 16.908 Executing VM operation: Cleanup done
Event: 17.909 Executing VM operation: Cleanup
Event: 17.909 Executing VM operation: Cleanup done
Event: 19.909 Executing VM operation: Cleanup
Event: 19.909 Executing VM operation: Cleanup done
Event: 20.909 Executing VM operation: Cleanup
Event: 20.909 Executing VM operation: Cleanup done
Event: 22.910 Executing VM operation: Cleanup
Event: 22.910 Executing VM operation: Cleanup done
Event: 23.911 Executing VM operation: Cleanup
Event: 23.911 Executing VM operation: Cleanup done
Event: 24.912 Executing VM operation: Cleanup
Event: 24.912 Executing VM operation: Cleanup done
Event: 25.913 Executing VM operation: Cleanup
Event: 25.913 Executing VM operation: Cleanup done
Event: 26.913 Executing VM operation: Cleanup
Event: 26.913 Executing VM operation: Cleanup done

Events (20 events):
Event: 25.175 Thread 0x000001bb3f19b630 Thread added: 0x000001bb3f19b630
Event: 25.374 Thread 0x000001bb3f19bfd0 Thread added: 0x000001bb3f19bfd0
Event: 25.442 Thread 0x000001bb3f19dcb0 Thread added: 0x000001bb3f19dcb0
Event: 25.708 Thread 0x000001bb379d5a30 Thread added: 0x000001bb379d5a30
Event: 26.058 Thread 0x000001bb379d5090 Thread added: 0x000001bb379d5090
Event: 26.076 loading class java/lang/Throwable$WrappedPrintStream
Event: 26.076 loading class java/lang/Throwable$PrintStreamOrWriter
Event: 26.076 loading class java/lang/Throwable$PrintStreamOrWriter done
Event: 26.076 loading class java/lang/Throwable$WrappedPrintStream done
Event: 26.081 Thread 0x000001bb5329dba0 Thread exited: 0x000001bb5329dba0
Event: 26.125 Thread 0x000001bb379d7be0 Thread added: 0x000001bb379d7be0
Event: 26.226 Thread 0x000001bb379d7240 Thread added: 0x000001bb379d7240
Event: 26.910 Thread 0x000001bb379d8580 Thread added: 0x000001bb379d8580
Event: 26.958 Thread 0x000001bb379d93f0 Thread added: 0x000001bb379d93f0
Event: 27.275 Thread 0x000001bb379d2a10 Thread added: 0x000001bb379d2a10
Event: 27.725 Thread 0x000001bb379d5f00 Thread added: 0x000001bb379d5f00
Event: 27.774 Thread 0x000001bb379d2540 Thread added: 0x000001bb379d2540
Event: 28.491 Thread 0x000001bb379d80b0 Thread added: 0x000001bb379d80b0
Event: 28.541 Thread 0x000001bb379d4bc0 Thread added: 0x000001bb379d4bc0
Event: 28.575 Thread 0x000001bb379d8f20 Thread added: 0x000001bb379d8f20


Dynamic libraries:
0x00007ff6473f0000 - 0x00007ff647400000 	C:\Program Files\Java\jdk-17\bin\java.exe
0x00007ffba77b0000 - 0x00007ffba79a8000 	C:\Windows\SYSTEM32\ntdll.dll
0x00007ffba7300000 - 0x00007ffba73bd000 	C:\Windows\System32\KERNEL32.DLL
0x00007ffba4f20000 - 0x00007ffba5216000 	C:\Windows\System32\KERNELBASE.dll
0x00007ffba5220000 - 0x00007ffba5320000 	C:\Windows\System32\ucrtbase.dll
0x00007ffb93320000 - 0x00007ffb93338000 	C:\Program Files\Java\jdk-17\bin\jli.dll
0x00007ffb932e0000 - 0x00007ffb932fb000 	C:\Program Files\Java\jdk-17\bin\VCRUNTIME140.dll
0x00007ffba7250000 - 0x00007ffba72fe000 	C:\Windows\System32\ADVAPI32.dll
0x00007ffba5810000 - 0x00007ffba58ae000 	C:\Windows\System32\msvcrt.dll
0x00007ffba58b0000 - 0x00007ffba594c000 	C:\Windows\System32\sechost.dll
0x00007ffba60e0000 - 0x00007ffba6206000 	C:\Windows\System32\RPCRT4.dll
0x00007ffba73c0000 - 0x00007ffba755e000 	C:\Windows\System32\USER32.dll
0x00007ffb9a290000 - 0x00007ffb9a52a000 	C:\Windows\WinSxS\amd64_microsoft.windows.common-controls_6595b64144ccf1df_6.0.19041.1110_none_60b5254171f9507e\COMCTL32.dll
0x00007ffba53f0000 - 0x00007ffba5412000 	C:\Windows\System32\win32u.dll
0x00007ffba6210000 - 0x00007ffba623c000 	C:\Windows\System32\GDI32.dll
0x00007ffba5640000 - 0x00007ffba575a000 	C:\Windows\System32\gdi32full.dll
0x00007ffba5350000 - 0x00007ffba53ed000 	C:\Windows\System32\msvcp_win.dll
0x00007ffb98ea0000 - 0x00007ffb98eaa000 	C:\Windows\SYSTEM32\VERSION.dll
0x00007ffba6250000 - 0x00007ffba6280000 	C:\Windows\System32\IMM32.DLL
0x00007ffb95130000 - 0x00007ffb9513c000 	C:\Program Files\Java\jdk-17\bin\vcruntime140_1.dll
0x00007ffb74be0000 - 0x00007ffb74c6e000 	C:\Program Files\Java\jdk-17\bin\msvcp140.dll
0x00007ffb5a8f0000 - 0x00007ffb5b4c7000 	C:\Program Files\Java\jdk-17\bin\server\jvm.dll
0x00007ffba6240000 - 0x00007ffba6248000 	C:\Windows\System32\PSAPI.DLL
0x00007ffb98e70000 - 0x00007ffb98e97000 	C:\Windows\SYSTEM32\WINMM.dll
0x00007ffb84120000 - 0x00007ffb84129000 	C:\Windows\SYSTEM32\WSOCK32.dll
0x00007ffba71e0000 - 0x00007ffba724b000 	C:\Windows\System32\WS2_32.dll
0x00007ffba36e0000 - 0x00007ffba36f2000 	C:\Windows\SYSTEM32\kernel.appcore.dll
0x00007ffb95040000 - 0x00007ffb9504a000 	C:\Program Files\Java\jdk-17\bin\jimage.dll
0x00007ffba2bb0000 - 0x00007ffba2d94000 	C:\Windows\SYSTEM32\DBGHELP.DLL
0x00007ffb96480000 - 0x00007ffb964b4000 	C:\Windows\SYSTEM32\dbgcore.DLL
0x00007ffba4e90000 - 0x00007ffba4f12000 	C:\Windows\System32\bcryptPrimitives.dll
0x00007ffb81d60000 - 0x00007ffb81d85000 	C:\Program Files\Java\jdk-17\bin\java.dll
0x00007ffb6f9c0000 - 0x00007ffb6fa97000 	C:\Program Files\Java\jdk-17\bin\jsvml.dll
0x00007ffba63f0000 - 0x00007ffba6b35000 	C:\Windows\System32\SHELL32.dll
0x00007ffba2f00000 - 0x00007ffba369b000 	C:\Windows\SYSTEM32\windows.storage.dll
0x00007ffba5c50000 - 0x00007ffba5fa4000 	C:\Windows\System32\combase.dll
0x00007ffba4860000 - 0x00007ffba488e000 	C:\Windows\SYSTEM32\Wldp.dll
0x00007ffba6b40000 - 0x00007ffba6bed000 	C:\Windows\System32\SHCORE.dll
0x00007ffba5b20000 - 0x00007ffba5b75000 	C:\Windows\System32\shlwapi.dll
0x00007ffba4dc0000 - 0x00007ffba4de5000 	C:\Windows\SYSTEM32\profapi.dll
0x00007ffb84150000 - 0x00007ffb84169000 	C:\Program Files\Java\jdk-17\bin\net.dll
0x00007ffb9f190000 - 0x00007ffb9f29a000 	C:\Windows\SYSTEM32\WINHTTP.dll
0x0000000180000000 - 0x000000018008c000 	C:\Windows\system32\ASProxy64.dll
0x00007ffba5fb0000 - 0x00007ffba60da000 	C:\Windows\System32\ole32.dll
0x00007ffba5b80000 - 0x00007ffba5c4d000 	C:\Windows\System32\OLEAUT32.dll
0x00007ffba42b0000 - 0x00007ffba42eb000 	C:\Windows\SYSTEM32\IPHLPAPI.DLL
0x00007ffba45c0000 - 0x00007ffba462a000 	C:\Windows\SYSTEM32\MSWSOCK.dll
0x00007ffba4d40000 - 0x00007ffba4d72000 	C:\Windows\SYSTEM32\SspiCli.dll
0x00007ffb83d50000 - 0x00007ffb83d66000 	C:\Program Files\Java\jdk-17\bin\nio.dll
0x00007ffb83bb0000 - 0x00007ffb83bc8000 	C:\Program Files\Java\jdk-17\bin\zip.dll
0x00007ffba2120000 - 0x00007ffba21be000 	C:\Windows\system32\uxtheme.dll
0x00007ffb94c00000 - 0x00007ffb94c10000 	C:\Program Files\Java\jdk-17\bin\verify.dll
0x0000000050410000 - 0x0000000050439000 	C:\Users\isaac\AppData\Local\Temp\libgdxisaac\e787ab0a\gdx64.dll
0x00007ffb772a0000 - 0x00007ffb77315000 	C:\Users\isaac\AppData\Local\Temp\lwjglisaac\3.3.1-build-7\lwjgl.dll
0x00007ffb5f3f0000 - 0x00007ffb5f649000 	C:\Users\isaac\AppData\Local\Temp\lwjglisaac\3.3.1-build-7\jemalloc.dll
0x00007ffb75340000 - 0x00007ffb753a1000 	C:\Users\isaac\AppData\Local\Temp\lwjglisaac\3.3.1-build-7\glfw.dll
0x00007ffb7e740000 - 0x00007ffb7e785000 	C:\Windows\SYSTEM32\dinput8.dll
0x00007ffb951f0000 - 0x00007ffb95201000 	C:\Windows\SYSTEM32\xinput1_4.dll
0x00007ffba5420000 - 0x00007ffba546e000 	C:\Windows\System32\cfgmgr32.dll
0x00007ffba4c40000 - 0x00007ffba4c73000 	C:\Windows\SYSTEM32\DEVOBJ.dll
0x00007ffba24b0000 - 0x00007ffba24df000 	C:\Windows\SYSTEM32\dwmapi.dll
0x00007ffb7c850000 - 0x00007ffb7c9a2000 	C:\Windows\SYSTEM32\inputhost.dll
0x00007ffba0590000 - 0x00007ffba06e5000 	C:\Windows\SYSTEM32\wintypes.dll
0x00007ffba1d30000 - 0x00007ffba1e22000 	C:\Windows\SYSTEM32\CoreMessaging.dll
0x00007ffba2da0000 - 0x00007ffba2e96000 	C:\Windows\SYSTEM32\PROPSYS.dll
0x00007ffba1650000 - 0x00007ffba19ae000 	C:\Windows\SYSTEM32\CoreUIComponents.dll
0x00007ffba3fe0000 - 0x00007ffba4013000 	C:\Windows\SYSTEM32\ntmarta.dll
0x00007ffba7570000 - 0x00007ffba7684000 	C:\Windows\System32\MSCTF.dll
0x00007ffb6b210000 - 0x00007ffb6b3a7000 	C:\Users\isaac\AppData\Local\Temp\lwjglisaac\3.3.1-build-7\OpenAL.dll
0x00007ffba6bf0000 - 0x00007ffba6c99000 	C:\Windows\System32\clbcatq.dll
0x00007ffb9d930000 - 0x00007ffb9d9b5000 	C:\Windows\System32\MMDevApi.dll
0x00007ffb9d2a0000 - 0x00007ffb9d422000 	C:\Windows\SYSTEM32\AUDIOSES.DLL
0x00007ffba4bd0000 - 0x00007ffba4c1b000 	C:\Windows\SYSTEM32\powrprof.dll
0x00007ffba4bb0000 - 0x00007ffba4bc2000 	C:\Windows\SYSTEM32\UMPDC.dll
0x00007ffba24e0000 - 0x00007ffba24f4000 	C:\Windows\SYSTEM32\resourcepolicyclient.dll
0x00007ffb62e30000 - 0x00007ffb62f55000 	C:\Windows\SYSTEM32\opengl32.dll
0x00007ffb921d0000 - 0x00007ffb921fc000 	C:\Windows\SYSTEM32\GLU32.dll
0x00007ffb9c490000 - 0x00007ffb9c592000 	C:\Windows\System32\AppXDeploymentClient.dll
0x00007ffb83c80000 - 0x00007ffb83caa000 	C:\Windows\System32\DriverStore\FileRepository\u0363312.inf_amd64_08fc5018b1b99545\B363211\atig6pxx.dll
0x00007ffb57770000 - 0x00007ffb5a515000 	C:\Windows\System32\DriverStore\FileRepository\u0363312.inf_amd64_08fc5018b1b99545\B363211\atio6axx.dll
0x00007ffba6d10000 - 0x00007ffba717e000 	C:\Windows\System32\SETUPAPI.dll
0x00007ffba5320000 - 0x00007ffba5347000 	C:\Windows\System32\bcrypt.dll
0x00007ffb94f20000 - 0x00007ffb94f44000 	C:\Windows\SYSTEM32\dxva2.dll
0x00007ffb7e280000 - 0x00007ffb7e2bc000 	C:\Windows\System32\DriverStore\FileRepository\u0363312.inf_amd64_08fc5018b1b99545\B363211\atig6txx.dll
0x00007ffb575b0000 - 0x00007ffb5776f000 	C:\Windows\SYSTEM32\atiadlxx.dll
0x00007ffba55d0000 - 0x00007ffba5637000 	C:\Windows\System32\WINTRUST.dll
0x00007ffba5470000 - 0x00007ffba55ce000 	C:\Windows\System32\CRYPT32.dll
0x00007ffba49f0000 - 0x00007ffba4a02000 	C:\Windows\SYSTEM32\MSASN1.dll
0x00007ffb9eba0000 - 0x00007ffb9ebdb000 	C:\Windows\SYSTEM32\dxcore.dll
0x00007ffb752e0000 - 0x00007ffb7533d000 	C:\Users\isaac\AppData\Local\Temp\lwjglisaac\3.3.1-build-7\lwjgl_opengl.dll
0x00007ffb7c9b0000 - 0x00007ffb7caaa000 	C:\Windows\SYSTEM32\textinputframework.dll
0x00007ffb7f310000 - 0x00007ffb7f376000 	C:\Windows\system32\Oleacc.dll
0x00007ffb72850000 - 0x00007ffb72b45000 	C:\Windows\System32\uiautomationcore.dll
0x00007ffba47d0000 - 0x00007ffba47dc000 	C:\Windows\SYSTEM32\CRYPTBASE.DLL
0x00000000503b0000 - 0x000000005040a000 	C:\Users\isaac\AppData\Local\Temp\libgdxisaac\888fe1bc\gdx-box2d64.dll
0x00007ffba47b0000 - 0x00007ffba47c8000 	C:\Windows\SYSTEM32\CRYPTSP.dll
0x00007ffba3ec0000 - 0x00007ffba3ef4000 	C:\Windows\system32\rsaenh.dll
0x00007ffba4d80000 - 0x00007ffba4dae000 	C:\Windows\SYSTEM32\USERENV.dll
0x00007ffba6d00000 - 0x00007ffba6d08000 	C:\Windows\System32\NSI.dll
0x00007ffb9b8c0000 - 0x00007ffb9b8d7000 	C:\Windows\SYSTEM32\dhcpcsvc6.DLL
0x00007ffb9ce90000 - 0x00007ffb9cead000 	C:\Windows\SYSTEM32\dhcpcsvc.DLL
0x00007ffba42f0000 - 0x00007ffba43ba000 	C:\Windows\SYSTEM32\DNSAPI.dll

dbghelp: loaded successfully - version: 4.0.5 - missing functions: none
symbol engine: initialized successfully - sym options: 0x614 - pdb path: .;C:\Program Files\Java\jdk-17\bin;C:\Windows\SYSTEM32;C:\Windows\WinSxS\amd64_microsoft.windows.common-controls_6595b64144ccf1df_6.0.19041.1110_none_60b5254171f9507e;C:\Program Files\Java\jdk-17\bin\server;C:\Users\isaac\AppData\Local\Temp\libgdxisaac\e787ab0a;C:\Users\isaac\AppData\Local\Temp\lwjglisaac\3.3.1-build-7;C:\Windows\System32\DriverStore\FileRepository\u0363312.inf_amd64_08fc5018b1b99545\B363211;C:\Users\isaac\AppData\Local\Temp\libgdxisaac\888fe1bc

VM Arguments:
jvm_args: -XX:+ShowCodeDetailsInExceptionMessages 
java_command: com.csse3200.game.desktop.DesktopLauncher
java_class_path (initial): C:\Users\isaac\OneDrive\Documents\School\University of Queensland\UQ 2023\UQ 2023 Semester 2\CSSE3200\2023-studio-3\source\desktop\bin\main;\csse3200-game-core\bin\default;C:\Users\isaac\OneDrive\Documents\School\University of Queensland\UQ 2023\UQ 2023 Semester 2\CSSE3200\2023-studio-3\source\core\bin\main;C:\Users\isaac\.gradle\caches\modules-2\files-2.1\com.badlogicgames.gdx\gdx-backend-lwjgl3\1.11.0\58a96db4cd349be4292d547856aa1e1c5f065f4e\gdx-backend-lwjgl3-1.11.0.jar;C:\Users\isaac\.gradle\caches\modules-2\files-2.1\com.badlogicgames.gdx\gdx-platform\1.11.0\697fb13eada6d3c6ca648c9788692b0159add126\gdx-platform-1.11.0-natives-desktop.jar;C:\Users\isaac\.gradle\caches\modules-2\files-2.1\com.badlogicgames.gdx\gdx-box2d-platform\1.11.0\62ff9baa1e57a11e0a4428a38c9660bf9f312fdc\gdx-box2d-platform-1.11.0-natives-desktop.jar;C:\Users\isaac\.gradle\caches\modules-2\files-2.1\com.badlogicgames.gdx\gdx-tools\1.11.0\a5d30eafd0f2fbab314efdf6d98ebc27388b7c0a\gdx-tools-1.11.0.jar;C:\Users\isaac\.gradle\caches\modules-2\files-2.1\com.badlogicgames.gdx-controllers\gdx-controllers-desktop\2.2.2\625b3bdbe803e9c4af181b4791202cfcf776d805\gdx-controllers-desktop-2.2.2.jar;C:\Users\isaac\.gradle\caches\modules-2\files-2.1\com.badlogicgames.gdx\gdx-backend-lwjgl\1.11.0\33555a2cf8b4d9db4122b2fe42e7674b343d8b4\gdx-backend-lwjgl-1.11.0.jar;C:\Users\isaac\.gradle\caches\modules-2\files-2.1\com.badlogicgames.gdx\gdx-freetype\1.11.0\a3634ad2e6c56d251268d6ab5c0f66eee2841f2c\gdx-freetype-1.11.0.jar;C:\Users\isaac\.gradle\caches\modules-2\files-2.1\com.badlogicgames.gdx\gdx-backend-headless\1.11.0\3c3d0c951db72891d894df1725d09179fd0bca00\gdx-backend-headless-1.11.0.jar;C:\Users\isaac\.gradle\caches\modules-2\files-2.1\net.dermetfan.libgdx-utils\libgdx-utils-box2d\0.13.4\918d79a20ea3c898cdb3611782c5b2bfa6ec575b\libgdx-utils-box2d-0.13.4.jar;C:\Users\isaac\.gradle\caches\modules-2\files-2.1\com.badlogicgames.gdx\gdx-box2d\1.11.0\ad4facee800dd945d6d6e93dea2936bc135b
Launcher Type: SUN_STANDARD

[Global flags]
     intx CICompilerCount                          = 12                                        {product} {ergonomic}
     uint ConcGCThreads                            = 3                                         {product} {ergonomic}
     uint G1ConcRefinementThreads                  = 13                                        {product} {ergonomic}
   size_t G1HeapRegionSize                         = 2097152                                   {product} {ergonomic}
    uintx GCDrainStackTargetSize                   = 64                                        {product} {ergonomic}
   size_t InitialHeapSize                          = 260046848                                 {product} {ergonomic}
   size_t MarkStackSize                            = 4194304                                   {product} {ergonomic}
   size_t MaxHeapSize                              = 4135583744                                {product} {ergonomic}
   size_t MaxNewSize                               = 2480930816                                {product} {ergonomic}
   size_t MinHeapDeltaBytes                        = 2097152                                   {product} {ergonomic}
   size_t MinHeapSize                              = 8388608                                   {product} {ergonomic}
    uintx NonNMethodCodeHeapSize                   = 7602480                                {pd product} {ergonomic}
    uintx NonProfiledCodeHeapSize                  = 122027880                              {pd product} {ergonomic}
    uintx ProfiledCodeHeapSize                     = 122027880                              {pd product} {ergonomic}
    uintx ReservedCodeCacheSize                    = 251658240                              {pd product} {ergonomic}
     bool SegmentedCodeCache                       = true                                      {product} {ergonomic}
     bool ShowCodeDetailsInExceptionMessages       = true                                   {manageable} {command line}
   size_t SoftMaxHeapSize                          = 4135583744                             {manageable} {ergonomic}
     bool UseCompressedClassPointers               = true                           {product lp64_product} {ergonomic}
     bool UseCompressedOops                        = true                           {product lp64_product} {ergonomic}
     bool UseG1GC                                  = true                                      {product} {ergonomic}
     bool UseLargePagesIndividualAllocation        = false                                  {pd product} {ergonomic}

Logging:
Log output configuration:
 #0: stdout all=warning uptime,level,tags
 #1: stderr all=off uptime,level,tags

Environment Variables:
PATH=C:\Users\isaac\bin;C:\Program Files\Git\mingw64\bin;C:\Program Files\Git\usr\local\bin;C:\Program Files\Git\usr\bin;C:\Program Files\Git\usr\bin;C:\Program Files\Git\mingw64\bin;C:\Program Files\Git\usr\bin;C:\Users\isaac\bin;C:\Program Files\Common Files\Oracle\Java\javapath;C:\Program Files (x86)\Common Files\Oracle\Java\javapath;C:\Windows\system32;C:\Windows;C:\Windows\System32\Wbem;C:\Windows\System32\WindowsPowerShell\v1.0;C:\Windows\System32\OpenSSH;C:\Program Files\Microsoft SQL Server\Client SDK\ODBC\170\Tools\Binn;C:\Program Files (x86)\Microsoft SQL Server\150\Tools\Binn;C:\Program Files\Microsoft SQL Server\150\Tools\Binn;C:\Program Files\Microsoft SQL Server\150\DTS\Binn;C:\Program Files (x86)\Microsoft SQL Server\150\DTS\Binn;C:\Program Files\Azure Data Studio\bin;C:\Program Files\Git\cmd;C:\Program Files\PuTTY;C:\Program Files (x86)\Pololu\USB AVR Programmer v2\bin;C:\Program Files\nodejs;C:\Users\isaac\AppData\Local\Programs\Python\Python310\Scripts;C:\Users\isaac\AppData\Local\Programs\Python\Python310;C:\Users\isaac\AppData\Local\Microsoft\WindowsApps;C:\Users\isaac\AppData\Local\Programs\Microsoft VS Code\bin;C:\Program Files\Azure Data Studio\bin;C:\Users\isaac\AppData\Roaming\npm;C:\Program Files\Git\usr\bin\vendor_perl;C:\Program Files\Git\usr\bin\core_perl
USERNAME=isaac
SHELL=C:\Program Files\Git\usr\bin\bash.exe
DISPLAY=needs-to-be-defined
LANG=en_US.UTF-8
OS=Windows_NT
PROCESSOR_IDENTIFIER=AMD64 Family 23 Model 104 Stepping 1, AuthenticAMD



---------------  S Y S T E M  ---------------

OS:
 Windows 10 , 64 bit Build 19041 (10.0.19041.3393)
OS uptime: 8 days 7:25 hours

CPU: total 16 (initial active 16) (16 cores per cpu, 2 threads per core) family 23 model 104 stepping 1 microcode 0x0, cx8, cmov, fxsr, ht, mmx, 3dnowpref, sse, sse2, sse3, ssse3, sse4a, sse4.1, sse4.2, popcnt, lzcnt, tsc, tscinvbit, avx, avx2, aes, clmul, bmi1, bmi2, adx, sha, fma, vzeroupper, clflush, clflushopt

Memory: 4k page, system-wide physical 15769M (3271M free)
TotalPageFile size 22725M (AvailPageFile size 3197M)
current process WorkingSet (physical memory assigned to process): 423M, peak: 468M
current process commit charge ("private bytes"): 737M, peak: 783M

vm_info: Java HotSpot(TM) 64-Bit Server VM (17.0.6+9-LTS-190) for windows-amd64 JRE (17.0.6+9-LTS-190), built on Dec  6 2022 15:53:54 by "mach5one" with MS VC++ 17.1 (VS2022)

END.
