#
# A fatal error has been detected by the Java Runtime Environment:
#
#  EXCEPTION_ACCESS_VIOLATION (0xc0000005) at pc=0x00000000503bba43, pid=19432, tid=27576
#
# JRE version: Java(TM) SE Runtime Environment (17.0.6+9) (build 17.0.6+9-LTS-190)
# Java VM: Java HotSpot(TM) 64-Bit Server VM (17.0.6+9-LTS-190, mixed mode, sharing, tiered, compressed oops, compressed class ptrs, g1 gc, windows-amd64)
# Problematic frame:
# C  [gdx-box2d64.dll+0xba43]
#
# No core dump will be written. Minidumps are not enabled by default on client versions of Windows
#
# If you would like to submit a bug report, please visit:
#   https://bugreport.java.com/bugreport/crash.jsp
# The crash happened outside the Java Virtual Machine in native code.
# See problematic frame for where to report the bug.
#

---------------  S U M M A R Y ------------

Command Line: -XX:+ShowCodeDetailsInExceptionMessages com.csse3200.game.desktop.DesktopLauncher

Host: AMD Ryzen 7 5700U with Radeon Graphics         , 16 cores, 15G,  Windows 10 , 64 bit Build 19041 (10.0.19041.3393)
Time: Wed Sep 27 16:05:27 2023 E. Australia Standard Time elapsed time: 24.432176 seconds (0d 0h 0m 24s)

---------------  T H R E A D  ---------------

Current thread (0x000001f71e93b370):  JavaThread "Timer-4" [_thread_in_native, id=27576, stack(0x000000e96d300000,0x000000e96d400000)]

Stack: [0x000000e96d300000,0x000000e96d400000],  sp=0x000000e96d3febd0,  free space=1018k
Native frames: (J=compiled Java code, j=interpreted, Vv=VM code, C=native code)
C  [gdx-box2d64.dll+0xba43]

Java frames: (J=compiled Java code, j=interpreted, Vv=VM code)
J 2895  com.badlogic.gdx.physics.box2d.Body.jniCreateFixture(JJFFFZSSS)J (0 bytes) @ 0x000001f72df0a490 [0x000001f72df0a420+0x0000000000000070]
J 2894 c1 com.badlogic.gdx.physics.box2d.Body.createFixture(Lcom/badlogic/gdx/physics/box2d/FixtureDef;)Lcom/badlogic/gdx/physics/box2d/Fixture; (105 bytes) @ 0x000001f72676a7f4 [0x000001f72676a720+0x00000000000000d4]
J 2888 c1 com.csse3200.game.physics.components.ColliderComponent.create()V (61 bytes) @ 0x000001f72676981c [0x000001f7267693a0+0x000000000000047c]
j  com.csse3200.game.physics.components.HitboxComponent.create()V+7
J 2949 c1 com.csse3200.game.entities.Entity.create()V (73 bytes) @ 0x000001f726777a9c [0x000001f726777640+0x000000000000045c]
J 2948 c1 com.csse3200.game.entities.EntityService.register(Lcom/csse3200/game/entities/Entity;)V (24 bytes) @ 0x000001f72677835c [0x000001f7267781e0+0x000000000000017c]
j  com.csse3200.game.components.npc.SplitMoblings.spawnAdditionalMob(FFFF)V+36
j  com.csse3200.game.components.npc.SplitMoblings.onDeath()V+171
j  com.csse3200.game.components.npc.SplitMoblings$$Lambda$93+0x0000000800ceb290.handle()V+4
J 2646 c1 com.csse3200.game.events.EventHandler$$Lambda$61+0x0000000800cbc2a0.accept(Ljava/lang/Object;)V (8 bytes) @ 0x000001f72670ea34 [0x000001f72670e6e0+0x0000000000000354]
j  java.lang.Iterable.forEach(Ljava/util/function/Consumer;)V+30 java.base@17.0.6
J 2775 c1 com.csse3200.game.components.tasks.MobWanderTask.update()V (212 bytes) @ 0x000001f72674a754 [0x000001f726748800+0x0000000000001f54]
J 2774 c1 com.csse3200.game.components.tasks.MobDodgeTask.update()V (64 bytes) @ 0x000001f726745564 [0x000001f7267454e0+0x0000000000000084]
j  com.csse3200.game.ai.tasks.AITaskComponent.update()V+36
j  com.csse3200.game.ai.tasks.AITaskComponent.restore()V+77
j  com.csse3200.game.components.EffectsComponent$3.run()V+4
j  java.util.TimerThread.mainLoop()V+221 java.base@17.0.6
j  java.util.TimerThread.run()V+1 java.base@17.0.6
v  ~StubRoutines::call_stub

siginfo: EXCEPTION_ACCESS_VIOLATION (0xc0000005), reading address 0x000001f700000000


Register to memory mapping:

RIP=0x00000000503bba43 gdx-box2d64.dll
RAX=0x00000000503ff060 gdx-box2d64.dll
RBX=0x000001f700000000 is an unknown value
RCX=0x000001f741f82cd0 points into unknown readable memory: 0x000001f741f9c060 | 60 c0 f9 41 f7 01 00 00
RDX=0x0000000000000048 is an unknown value
RSP=0x000000e96d3febd0 is pointing into the stack for thread: 0x000001f71e93b370
RBP=0x000001f741f82ce8 points into unknown readable memory: 0x000001f74d0a86d0 | d0 86 0a 4d f7 01 00 00
RSI=0x000001f741f82cd0 points into unknown readable memory: 0x000001f741f9c060 | 60 c0 f9 41 f7 01 00 00
RDI=0x000001f741f82cd0 points into unknown readable memory: 0x000001f741f9c060 | 60 c0 f9 41 f7 01 00 00
R8 =0x000001f74d0ad240 points into unknown readable memory: 0x0000003600000002 | 02 00 00 00 36 00 00 00
R9 =0x000001f74d13d960 points into unknown readable memory: 0x00000000503f5600 | 00 56 3f 50 00 00 00 00
R10=0x00000000503d45d0 gdx-box2d64.dll
R11=0x000001f74d6d2ee8 is pointing into metadata
R12=0x0000000000000003 is an unknown value
R13=0x000000e96d3feed8 is pointing into the stack for thread: 0x000001f71e93b370
R14=0x000000e96d3fef38 is pointing into the stack for thread: 0x000001f71e93b370
R15=0x000001f71e93b370 is a thread


Registers:
RAX=0x00000000503ff060, RBX=0x000001f700000000, RCX=0x000001f741f82cd0, RDX=0x0000000000000048
RSP=0x000000e96d3febd0, RBP=0x000001f741f82ce8, RSI=0x000001f741f82cd0, RDI=0x000001f741f82cd0
R8 =0x000001f74d0ad240, R9 =0x000001f74d13d960, R10=0x00000000503d45d0, R11=0x000001f74d6d2ee8
R12=0x0000000000000003, R13=0x000000e96d3feed8, R14=0x000000e96d3fef38, R15=0x000001f71e93b370
RIP=0x00000000503bba43, EFLAGS=0x0000000000010206

Top of Stack: (sp=0x000000e96d3febd0)
0x000000e96d3febd0:   00000000000000a0 0000000000000008
0x000000e96d3febe0:   000001f71c8f0000 000000e96d3feca9
0x000000e96d3febf0:   0000000000000000 3ff0000000000000
0x000000e96d3fec00:   0000000000000000 000001f74d0ad240
0x000000e96d3fec10:   0000000000000008 000001f741f82cd0
0x000000e96d3fec20:   000000e96d3fecb0 0000000000000000
0x000000e96d3fec30:   000000e96d3feed8 00000000503ce39c
0x000000e96d3fec40:   0000000000000000 3ff0000000000000
0x000000e96d3fec50:   0000000000000000 00000000503e0000
0x000000e96d3fec60:   8000000000000000 00000007177c9678
0x000000e96d3fec70:   0000000000000008 0000000000000001
0x000000e96d3fec80:   000000e96d3fed80 00000000503d464d
0x000000e96d3fec90:   0000000000000000 0000000000000000
0x000000e96d3feca0:   000000e96d3fed18 00000000503e3ced
0x000000e96d3fecb0:   000001f74d13d960 0000000000000000
0x000000e96d3fecc0:   000000003e4ccccd 0008000100000000 

Instructions: (pc=0x00000000503bba43)
0x00000000503bb943:   f6 48 8d 2d b5 16 03 00 48 8d 3d 0e 37 04 00 4c
0x00000000503bb953:   8d 2d f7 31 03 00 4c 8d 25 55 32 03 00 eb 1a 83
0x00000000503bb963:   fe 0d 7e 11 41 b8 49 00 00 00 4c 89 ea 4c 89 e1
0x00000000503bb973:   e8 18 82 02 00 48 83 c3 01 48 63 c6 39 5c 85 00
0x00000000503bb983:   7d 03 83 c6 01 48 81 fb 80 02 00 00 40 88 34 1f
0x00000000503bb993:   75 cd c6 05 a4 36 04 00 01 48 83 c4 28 5b 5e 5f
0x00000000503bb9a3:   5d 41 5c 41 5d c3 90 66 0f 1f 44 00 00 57 56 53
0x00000000503bb9b3:   48 83 ec 20 8b 41 08 48 89 cf 85 c0 7e 1d 31 f6
0x00000000503bb9c3:   31 db 48 8b 07 83 c3 01 48 8b 4c 30 08 48 83 c6
0x00000000503bb9d3:   10 e8 a7 08 00 00 39 5f 08 7f e7 48 8b 0f 48 83
0x00000000503bb9e3:   c4 20 5b 5e 5f e9 93 08 00 00 90 66 90 41 55 41
0x00000000503bb9f3:   54 55 57 56 53 48 83 ec 38 48 63 da 48 89 ce 83
0x00000000503bba03:   fb 00 0f 84 95 01 00 00 0f 8e 6f 01 00 00 81 fb
0x00000000503bba13:   80 02 00 00 0f 8f 23 01 00 00 48 8d 05 3c 36 04
0x00000000503bba23:   00 44 0f b6 24 18 41 80 fc 0d 4c 89 e3 0f 87 da
0x00000000503bba33:   00 00 00 48 8d 2c de 48 8b 5d 10 48 85 db 74 1d
0x00000000503bba43:   48 8b 03 48 89 45 10 48 89 d8 48 83 c4 38 5b 5e
0x00000000503bba53:   5f 5d 41 5c 41 5d c3 66 0f 1f 44 00 00 48 63 46
0x00000000503bba63:   08 4c 8b 2e 3b 46 0c 0f 84 40 01 00 00 48 c1 e0
0x00000000503bba73:   04 b9 00 40 00 00 4d 63 e4 49 8d 7c 05 00 e8 ea
0x00000000503bba83:   07 00 00 48 89 c3 48 89 47 08 48 8d 05 6c 15 03
0x00000000503bba93:   00 46 8b 24 a0 b8 00 40 00 00 99 41 f7 fc 45 89
0x00000000503bbaa3:   e5 44 89 27 44 0f af e8 41 81 fd 00 40 00 00 0f
0x00000000503bbab3:   8f 9b 00 00 00 83 f8 01 7e 23 49 63 d4 83 e8 01
0x00000000503bbac3:   45 31 c0 49 89 d1 48 8d 0c 13 49 f7 d9 41 83 c0
0x00000000503bbad3:   01 4a 89 0c 09 48 01 d1 41 39 c0 75 f0 45 29 e5
0x00000000503bbae3:   4d 63 ed 4a c7 04 2b 00 00 00 00 48 8b 03 48 89
0x00000000503bbaf3:   45 10 83 46 08 01 48 89 d8 48 83 c4 38 5b 5e 5f
0x00000000503bbb03:   5d 41 5c 41 5d c3 0f 1f 80 00 00 00 00 48 8d 15
0x00000000503bbb13:   39 30 03 00 48 8d 0d b2 30 03 00 48 8d 2c de 41
0x00000000503bbb23:   b8 70 00 00 00 e8 63 80 02 00 48 8b 5d 10 48 85
0x00000000503bbb33:   db 0f 85 09 ff ff ff e9 21 ff ff ff 90 89 d9 48 


Stack slot to memory mapping:
stack at sp + 0 slots: 0x00000000000000a0 is an unknown value
stack at sp + 1 slots: 0x0000000000000008 is an unknown value
stack at sp + 2 slots: 0x000001f71c8f0000 points into unknown readable memory: 0x0000000000000000 | 00 00 00 00 00 00 00 00
stack at sp + 3 slots: 0x000000e96d3feca9 is pointing into the stack for thread: 0x000001f71e93b370
stack at sp + 4 slots: 0x0 is NULL
stack at sp + 5 slots: 0x3ff0000000000000 is an unknown value
stack at sp + 6 slots: 0x0 is NULL
stack at sp + 7 slots: 0x000001f74d0ad240 points into unknown readable memory: 0x0000003600000002 | 02 00 00 00 36 00 00 00


---------------  P R O C E S S  ---------------

Threads class SMR info:
_java_thread_list=0x000001f744e8f930, length=43, elements={
0x000001f71e94df20, 0x000001f7411a1480, 0x000001f7411a20f0, 0x000001f74280e2b0,
0x000001f74280ec60, 0x000001f74280f610, 0x000001f74280ffc0, 0x000001f742810d50,
0x000001f742812530, 0x000001f742818610, 0x000001f74294fc20, 0x000001f74296c170,
0x000001f749fc5a10, 0x000001f74a0096b0, 0x000001f7428736a0, 0x000001f75b6c2000,
0x000001f7545b5a80, 0x000001f75b573a20, 0x000001f71e938820, 0x000001f71e93b370,
0x000001f71e937e80, 0x000001f71e93b840, 0x000001f71e93a500, 0x000001f71e938350,
0x000001f71e93a9d0, 0x000001f7431eee30, 0x000001f7431eb470, 0x000001f7431ecc80,
0x000001f7431ef300, 0x000001f7431f2320, 0x000001f7431edfc0, 0x000001f7431eb940,
0x000001f7431f14b0, 0x000001f7431f1e50, 0x000001f7431f27f0, 0x000001f7431ed150,
0x000001f7431eafa0, 0x000001f7431ebe10, 0x000001f7431ef7d0, 0x000001f7431ed620,
0x000001f7431efca0, 0x000001f7431ec2e0, 0x000001f7431f0b10
}

Java Threads: ( => current thread )
  0x000001f71e94df20 JavaThread "main" [_thread_in_native, id=7756, stack(0x000000e969700000,0x000000e969800000)]
  0x000001f7411a1480 JavaThread "Reference Handler" daemon [_thread_blocked, id=2576, stack(0x000000e969e00000,0x000000e969f00000)]
  0x000001f7411a20f0 JavaThread "Finalizer" daemon [_thread_blocked, id=17248, stack(0x000000e969f00000,0x000000e96a000000)]
  0x000001f74280e2b0 JavaThread "Signal Dispatcher" daemon [_thread_blocked, id=14928, stack(0x000000e96a000000,0x000000e96a100000)]
  0x000001f74280ec60 JavaThread "Attach Listener" daemon [_thread_blocked, id=16000, stack(0x000000e96a100000,0x000000e96a200000)]
  0x000001f74280f610 JavaThread "Service Thread" daemon [_thread_blocked, id=3132, stack(0x000000e96a200000,0x000000e96a300000)]
  0x000001f74280ffc0 JavaThread "Monitor Deflation Thread" daemon [_thread_blocked, id=17020, stack(0x000000e96a300000,0x000000e96a400000)]
  0x000001f742810d50 JavaThread "C2 CompilerThread0" daemon [_thread_blocked, id=21652, stack(0x000000e96a400000,0x000000e96a500000)]
  0x000001f742812530 JavaThread "C1 CompilerThread0" daemon [_thread_blocked, id=16396, stack(0x000000e96a500000,0x000000e96a600000)]
  0x000001f742818610 JavaThread "Sweeper thread" daemon [_thread_blocked, id=26188, stack(0x000000e96a600000,0x000000e96a700000)]
  0x000001f74294fc20 JavaThread "Notification Thread" daemon [_thread_blocked, id=25904, stack(0x000000e96a900000,0x000000e96aa00000)]
  0x000001f74296c170 JavaThread "Common-Cleaner" daemon [_thread_blocked, id=15980, stack(0x000000e96ab00000,0x000000e96ac00000)]
  0x000001f749fc5a10 JavaThread "AssetManager" daemon [_thread_blocked, id=16852, stack(0x000000e96cb00000,0x000000e96cc00000)]
  0x000001f74a0096b0 JavaThread "LWJGL3 Timer" daemon [_thread_blocked, id=10724, stack(0x000000e96cc00000,0x000000e96cd00000)]
  0x000001f7428736a0 JavaThread "AssetManager" daemon [_thread_blocked, id=17196, stack(0x000000e96a700000,0x000000e96a800000)]
  0x000001f75b6c2000 JavaThread "Timer-0" [_thread_blocked, id=24796, stack(0x000000e96d500000,0x000000e96d600000)]
  0x000001f7545b5a80 JavaThread "Timer" daemon [_thread_blocked, id=19288, stack(0x000000e96d000000,0x000000e96d100000)]
  0x000001f75b573a20 JavaThread "Timer-1" [_thread_in_native, id=26136, stack(0x000000e96ce00000,0x000000e96cf00000)]
  0x000001f71e938820 JavaThread "Timer-2" [_thread_blocked, id=17876, stack(0x000000e96cf00000,0x000000e96d000000)]
=>0x000001f71e93b370 JavaThread "Timer-4" [_thread_in_native, id=27576, stack(0x000000e96d300000,0x000000e96d400000)]
  0x000001f71e937e80 JavaThread "Timer-5" [_thread_in_native, id=25528, stack(0x000000e96d400000,0x000000e96d500000)]
  0x000001f71e93b840 JavaThread "Timer-6" [_thread_blocked, id=6400, stack(0x000000e96d800000,0x000000e96d900000)]
  0x000001f71e93a500 JavaThread "Timer-7" [_thread_blocked, id=12340, stack(0x000000e96d700000,0x000000e96d800000)]
  0x000001f71e938350 JavaThread "Timer-8" [_thread_blocked, id=11480, stack(0x000000e96d900000,0x000000e96da00000)]
  0x000001f71e93a9d0 JavaThread "Timer-9" [_thread_blocked, id=16588, stack(0x000000e96a800000,0x000000e96a900000)]
  0x000001f7431eee30 JavaThread "Timer-10" [_thread_blocked, id=5548, stack(0x000000e96da00000,0x000000e96db00000)]
  0x000001f7431eb470 JavaThread "Timer-11" [_thread_blocked, id=10408, stack(0x000000e96db00000,0x000000e96dc00000)]
  0x000001f7431ecc80 JavaThread "Timer-12" [_thread_blocked, id=13112, stack(0x000000e96dc00000,0x000000e96dd00000)]
  0x000001f7431ef300 JavaThread "Timer-13" [_thread_blocked, id=17544, stack(0x000000e96d600000,0x000000e96d700000)]
  0x000001f7431f2320 JavaThread "Timer-14" [_thread_blocked, id=14592, stack(0x000000e96dd00000,0x000000e96de00000)]
  0x000001f7431edfc0 JavaThread "Timer-15" [_thread_blocked, id=16752, stack(0x000000e96de00000,0x000000e96df00000)]
  0x000001f7431eb940 JavaThread "Timer-16" [_thread_blocked, id=22760, stack(0x000000e96df00000,0x000000e96e000000)]
  0x000001f7431f14b0 JavaThread "Timer-17" [_thread_blocked, id=10268, stack(0x000000e96e000000,0x000000e96e100000)]
  0x000001f7431f1e50 JavaThread "Timer-18" [_thread_blocked, id=16980, stack(0x000000e96e100000,0x000000e96e200000)]
  0x000001f7431f27f0 JavaThread "Timer-19" [_thread_blocked, id=14576, stack(0x000000e96e200000,0x000000e96e300000)]
  0x000001f7431ed150 JavaThread "Timer-20" [_thread_blocked, id=12548, stack(0x000000e96e300000,0x000000e96e400000)]
  0x000001f7431eafa0 JavaThread "Timer-21" [_thread_blocked, id=23088, stack(0x000000e96e400000,0x000000e96e500000)]
  0x000001f7431ebe10 JavaThread "Timer-22" [_thread_blocked, id=4772, stack(0x000000e96e500000,0x000000e96e600000)]
  0x000001f7431ef7d0 JavaThread "Timer-23" [_thread_blocked, id=6308, stack(0x000000e96e600000,0x000000e96e700000)]
  0x000001f7431ed620 JavaThread "Timer-24" [_thread_blocked, id=26508, stack(0x000000e96e700000,0x000000e96e800000)]
  0x000001f7431efca0 JavaThread "Timer-25" [_thread_blocked, id=23600, stack(0x000000e96e800000,0x000000e96e900000)]
  0x000001f7431ec2e0 JavaThread "Timer-26" [_thread_blocked, id=2920, stack(0x000000e96e900000,0x000000e96ea00000)]
  0x000001f7431f0b10 JavaThread "Timer-27" [_thread_blocked, id=17308, stack(0x000000e96ea00000,0x000000e96eb00000)]

Other Threads:
  0x000001f74119d0c0 VMThread "VM Thread" [stack: 0x000000e969d00000,0x000000e969e00000] [id=9100]
  0x000001f742956950 WatcherThread [stack: 0x000000e96aa00000,0x000000e96ab00000] [id=20040]
  0x000001f71e9be7c0 GCTaskThread "GC Thread#0" [stack: 0x000000e969800000,0x000000e969900000] [id=15108]
  0x000001f749d8d810 GCTaskThread "GC Thread#1" [stack: 0x000000e96c300000,0x000000e96c400000] [id=9068]
  0x000001f749d8a500 GCTaskThread "GC Thread#2" [stack: 0x000000e96c400000,0x000000e96c500000] [id=8304]
  0x000001f749d8bfe0 GCTaskThread "GC Thread#3" [stack: 0x000000e96c500000,0x000000e96c600000] [id=4144]
  0x000001f749d8afc0 GCTaskThread "GC Thread#4" [stack: 0x000000e96c600000,0x000000e96c700000] [id=22144]
  0x000001f749d8b270 GCTaskThread "GC Thread#5" [stack: 0x000000e96c700000,0x000000e96c800000] [id=1428]
  0x000001f749d8b520 GCTaskThread "GC Thread#6" [stack: 0x000000e96c800000,0x000000e96c900000] [id=26444]
  0x000001f749d8b7d0 GCTaskThread "GC Thread#7" [stack: 0x000000e96c900000,0x000000e96ca00000] [id=27144]
  0x000001f749d8ba80 GCTaskThread "GC Thread#8" [stack: 0x000000e96ca00000,0x000000e96cb00000] [id=22108]
  0x000001f74a0573f0 GCTaskThread "GC Thread#9" [stack: 0x000000e96d100000,0x000000e96d200000] [id=10616]
  0x000001f71e9d0c90 ConcurrentGCThread "G1 Main Marker" [stack: 0x000000e969900000,0x000000e969a00000] [id=19272]
  0x000001f71e9d35c0 ConcurrentGCThread "G1 Conc#0" [stack: 0x000000e969a00000,0x000000e969b00000] [id=21584]
  0x000001f741059860 ConcurrentGCThread "G1 Refine#0" [stack: 0x000000e969b00000,0x000000e969c00000] [id=3812]
  0x000001f74105a090 ConcurrentGCThread "G1 Service" [stack: 0x000000e969c00000,0x000000e969d00000] [id=27092]

Threads with active compile tasks:

VM state: not at safepoint (normal execution)

VM Mutex/Monitor currently owned by a thread: None

Heap address: 0x0000000709800000, size: 3944 MB, Compressed Oops mode: Zero based, Oop shift amount: 3

CDS archive(s) mapped at: [0x0000000800000000-0x0000000800bd0000-0x0000000800bd0000), size 12386304, SharedBaseAddress: 0x0000000800000000, ArchiveRelocationMode: 0.
Compressed class space mapped at: 0x0000000800c00000-0x0000000840c00000, reserved size: 1073741824
Narrow klass base: 0x0000000800000000, Narrow klass shift: 0, Narrow klass range: 0x100000000

GC Precious Log:
 CPUs: 16 total, 16 available
 Memory: 15769M
 Large Page Support: Disabled
 NUMA Support: Disabled
 Compressed Oops: Enabled (Zero based)
 Heap Region Size: 2M
 Heap Min Capacity: 8M
 Heap Initial Capacity: 248M
 Heap Max Capacity: 3944M
 Pre-touch: Disabled
 Parallel Workers: 13
 Concurrent Workers: 3
 Concurrent Refinement Workers: 13
 Periodic GC: Disabled

Heap:
 garbage-first heap   total 253952K, used 37870K [0x0000000709800000, 0x0000000800000000)
  region size 2048K, 17 young (34816K), 1 survivors (2048K)
 Metaspace       used 10915K, committed 11136K, reserved 1064960K
  class space    used 965K, committed 1024K, reserved 1048576K

Heap Regions: E=young(eden), S=young(survivor), O=old, HS=humongous(starts), HC=humongous(continues), CS=collection set, F=free, OA=open archive, CA=closed archive, TAMS=top-at-mark-start (previous, next)
|   0|0x0000000709800000, 0x0000000709a00000, 0x0000000709a00000|100%|HS|  |TAMS 0x0000000709800000, 0x0000000709800000| Complete 
|   1|0x0000000709a00000, 0x0000000709a00000, 0x0000000709c00000|  0%| F|  |TAMS 0x0000000709a00000, 0x0000000709a00000| Untracked 
|   2|0x0000000709c00000, 0x0000000709e00000, 0x0000000709e00000|100%| O|  |TAMS 0x0000000709c00000, 0x0000000709c00000| Untracked 
|   3|0x0000000709e00000, 0x0000000709efba00, 0x000000070a000000| 49%| O|  |TAMS 0x0000000709e00000, 0x0000000709e00000| Untracked 
|   4|0x000000070a000000, 0x000000070a000000, 0x000000070a200000|  0%| F|  |TAMS 0x000000070a000000, 0x000000070a000000| Untracked 
|   5|0x000000070a200000, 0x000000070a200000, 0x000000070a400000|  0%| F|  |TAMS 0x000000070a200000, 0x000000070a200000| Untracked 
|   6|0x000000070a400000, 0x000000070a400000, 0x000000070a600000|  0%| F|  |TAMS 0x000000070a400000, 0x000000070a400000| Untracked 
|   7|0x000000070a600000, 0x000000070a600000, 0x000000070a800000|  0%| F|  |TAMS 0x000000070a600000, 0x000000070a600000| Untracked 
|   8|0x000000070a800000, 0x000000070a800000, 0x000000070aa00000|  0%| F|  |TAMS 0x000000070a800000, 0x000000070a800000| Untracked 
|   9|0x000000070aa00000, 0x000000070aa00000, 0x000000070ac00000|  0%| F|  |TAMS 0x000000070aa00000, 0x000000070aa00000| Untracked 
|  10|0x000000070ac00000, 0x000000070ac00000, 0x000000070ae00000|  0%| F|  |TAMS 0x000000070ac00000, 0x000000070ac00000| Untracked 
|  11|0x000000070ae00000, 0x000000070ae00000, 0x000000070b000000|  0%| F|  |TAMS 0x000000070ae00000, 0x000000070ae00000| Untracked 
|  12|0x000000070b000000, 0x000000070b000000, 0x000000070b200000|  0%| F|  |TAMS 0x000000070b000000, 0x000000070b000000| Untracked 
|  13|0x000000070b200000, 0x000000070b200000, 0x000000070b400000|  0%| F|  |TAMS 0x000000070b200000, 0x000000070b200000| Untracked 
|  14|0x000000070b400000, 0x000000070b400000, 0x000000070b600000|  0%| F|  |TAMS 0x000000070b400000, 0x000000070b400000| Untracked 
|  15|0x000000070b600000, 0x000000070b600000, 0x000000070b800000|  0%| F|  |TAMS 0x000000070b600000, 0x000000070b600000| Untracked 
|  16|0x000000070b800000, 0x000000070b800000, 0x000000070ba00000|  0%| F|  |TAMS 0x000000070b800000, 0x000000070b800000| Untracked 
|  17|0x000000070ba00000, 0x000000070ba00000, 0x000000070bc00000|  0%| F|  |TAMS 0x000000070ba00000, 0x000000070ba00000| Untracked 
|  18|0x000000070bc00000, 0x000000070bc00000, 0x000000070be00000|  0%| F|  |TAMS 0x000000070bc00000, 0x000000070bc00000| Untracked 
|  19|0x000000070be00000, 0x000000070be00000, 0x000000070c000000|  0%| F|  |TAMS 0x000000070be00000, 0x000000070be00000| Untracked 
|  20|0x000000070c000000, 0x000000070c000000, 0x000000070c200000|  0%| F|  |TAMS 0x000000070c000000, 0x000000070c000000| Untracked 
|  21|0x000000070c200000, 0x000000070c200000, 0x000000070c400000|  0%| F|  |TAMS 0x000000070c200000, 0x000000070c200000| Untracked 
|  22|0x000000070c400000, 0x000000070c400000, 0x000000070c600000|  0%| F|  |TAMS 0x000000070c400000, 0x000000070c400000| Untracked 
|  23|0x000000070c600000, 0x000000070c600000, 0x000000070c800000|  0%| F|  |TAMS 0x000000070c600000, 0x000000070c600000| Untracked 
|  24|0x000000070c800000, 0x000000070c800000, 0x000000070ca00000|  0%| F|  |TAMS 0x000000070c800000, 0x000000070c800000| Untracked 
|  25|0x000000070ca00000, 0x000000070ca00000, 0x000000070cc00000|  0%| F|  |TAMS 0x000000070ca00000, 0x000000070ca00000| Untracked 
|  26|0x000000070cc00000, 0x000000070cc00000, 0x000000070ce00000|  0%| F|  |TAMS 0x000000070cc00000, 0x000000070cc00000| Untracked 
|  27|0x000000070ce00000, 0x000000070ce00000, 0x000000070d000000|  0%| F|  |TAMS 0x000000070ce00000, 0x000000070ce00000| Untracked 
|  28|0x000000070d000000, 0x000000070d000000, 0x000000070d200000|  0%| F|  |TAMS 0x000000070d000000, 0x000000070d000000| Untracked 
|  29|0x000000070d200000, 0x000000070d200000, 0x000000070d400000|  0%| F|  |TAMS 0x000000070d200000, 0x000000070d200000| Untracked 
|  30|0x000000070d400000, 0x000000070d400000, 0x000000070d600000|  0%| F|  |TAMS 0x000000070d400000, 0x000000070d400000| Untracked 
|  31|0x000000070d600000, 0x000000070d600000, 0x000000070d800000|  0%| F|  |TAMS 0x000000070d600000, 0x000000070d600000| Untracked 
|  32|0x000000070d800000, 0x000000070d800000, 0x000000070da00000|  0%| F|  |TAMS 0x000000070d800000, 0x000000070d800000| Untracked 
|  33|0x000000070da00000, 0x000000070da00000, 0x000000070dc00000|  0%| F|  |TAMS 0x000000070da00000, 0x000000070da00000| Untracked 
|  34|0x000000070dc00000, 0x000000070dc00000, 0x000000070de00000|  0%| F|  |TAMS 0x000000070dc00000, 0x000000070dc00000| Untracked 
|  35|0x000000070de00000, 0x000000070de00000, 0x000000070e000000|  0%| F|  |TAMS 0x000000070de00000, 0x000000070de00000| Untracked 
|  36|0x000000070e000000, 0x000000070e000000, 0x000000070e200000|  0%| F|  |TAMS 0x000000070e000000, 0x000000070e000000| Untracked 
|  37|0x000000070e200000, 0x000000070e200000, 0x000000070e400000|  0%| F|  |TAMS 0x000000070e200000, 0x000000070e200000| Untracked 
|  38|0x000000070e400000, 0x000000070e400000, 0x000000070e600000|  0%| F|  |TAMS 0x000000070e400000, 0x000000070e400000| Untracked 
|  39|0x000000070e600000, 0x000000070e600000, 0x000000070e800000|  0%| F|  |TAMS 0x000000070e600000, 0x000000070e600000| Untracked 
|  40|0x000000070e800000, 0x000000070e800000, 0x000000070ea00000|  0%| F|  |TAMS 0x000000070e800000, 0x000000070e800000| Untracked 
|  41|0x000000070ea00000, 0x000000070ea00000, 0x000000070ec00000|  0%| F|  |TAMS 0x000000070ea00000, 0x000000070ea00000| Untracked 
|  42|0x000000070ec00000, 0x000000070ec00000, 0x000000070ee00000|  0%| F|  |TAMS 0x000000070ec00000, 0x000000070ec00000| Untracked 
|  43|0x000000070ee00000, 0x000000070ee00000, 0x000000070f000000|  0%| F|  |TAMS 0x000000070ee00000, 0x000000070ee00000| Untracked 
|  44|0x000000070f000000, 0x000000070f000000, 0x000000070f200000|  0%| F|  |TAMS 0x000000070f000000, 0x000000070f000000| Untracked 
|  45|0x000000070f200000, 0x000000070f200000, 0x000000070f400000|  0%| F|  |TAMS 0x000000070f200000, 0x000000070f200000| Untracked 
|  46|0x000000070f400000, 0x000000070f400000, 0x000000070f600000|  0%| F|  |TAMS 0x000000070f400000, 0x000000070f400000| Untracked 
|  47|0x000000070f600000, 0x000000070f600000, 0x000000070f800000|  0%| F|  |TAMS 0x000000070f600000, 0x000000070f600000| Untracked 
|  48|0x000000070f800000, 0x000000070f800000, 0x000000070fa00000|  0%| F|  |TAMS 0x000000070f800000, 0x000000070f800000| Untracked 
|  49|0x000000070fa00000, 0x000000070fa00000, 0x000000070fc00000|  0%| F|  |TAMS 0x000000070fa00000, 0x000000070fa00000| Untracked 
|  50|0x000000070fc00000, 0x000000070fc00000, 0x000000070fe00000|  0%| F|  |TAMS 0x000000070fc00000, 0x000000070fc00000| Untracked 
|  51|0x000000070fe00000, 0x000000070fe00000, 0x0000000710000000|  0%| F|  |TAMS 0x000000070fe00000, 0x000000070fe00000| Untracked 
|  52|0x0000000710000000, 0x0000000710000000, 0x0000000710200000|  0%| F|  |TAMS 0x0000000710000000, 0x0000000710000000| Untracked 
|  53|0x0000000710200000, 0x0000000710200000, 0x0000000710400000|  0%| F|  |TAMS 0x0000000710200000, 0x0000000710200000| Untracked 
|  54|0x0000000710400000, 0x0000000710400000, 0x0000000710600000|  0%| F|  |TAMS 0x0000000710400000, 0x0000000710400000| Untracked 
|  55|0x0000000710600000, 0x0000000710600000, 0x0000000710800000|  0%| F|  |TAMS 0x0000000710600000, 0x0000000710600000| Untracked 
|  56|0x0000000710800000, 0x0000000710800000, 0x0000000710a00000|  0%| F|  |TAMS 0x0000000710800000, 0x0000000710800000| Untracked 
|  57|0x0000000710a00000, 0x0000000710a00000, 0x0000000710c00000|  0%| F|  |TAMS 0x0000000710a00000, 0x0000000710a00000| Untracked 
|  58|0x0000000710c00000, 0x0000000710c00000, 0x0000000710e00000|  0%| F|  |TAMS 0x0000000710c00000, 0x0000000710c00000| Untracked 
|  59|0x0000000710e00000, 0x0000000710e00000, 0x0000000711000000|  0%| F|  |TAMS 0x0000000710e00000, 0x0000000710e00000| Untracked 
|  60|0x0000000711000000, 0x0000000711000000, 0x0000000711200000|  0%| F|  |TAMS 0x0000000711000000, 0x0000000711000000| Untracked 
|  61|0x0000000711200000, 0x0000000711200000, 0x0000000711400000|  0%| F|  |TAMS 0x0000000711200000, 0x0000000711200000| Untracked 
|  62|0x0000000711400000, 0x0000000711400000, 0x0000000711600000|  0%| F|  |TAMS 0x0000000711400000, 0x0000000711400000| Untracked 
|  63|0x0000000711600000, 0x0000000711600000, 0x0000000711800000|  0%| F|  |TAMS 0x0000000711600000, 0x0000000711600000| Untracked 
|  64|0x0000000711800000, 0x0000000711800000, 0x0000000711a00000|  0%| F|  |TAMS 0x0000000711800000, 0x0000000711800000| Untracked 
|  65|0x0000000711a00000, 0x0000000711a00000, 0x0000000711c00000|  0%| F|  |TAMS 0x0000000711a00000, 0x0000000711a00000| Untracked 
|  66|0x0000000711c00000, 0x0000000711c00000, 0x0000000711e00000|  0%| F|  |TAMS 0x0000000711c00000, 0x0000000711c00000| Untracked 
|  67|0x0000000711e00000, 0x0000000711e00000, 0x0000000712000000|  0%| F|  |TAMS 0x0000000711e00000, 0x0000000711e00000| Untracked 
|  68|0x0000000712000000, 0x0000000712000000, 0x0000000712200000|  0%| F|  |TAMS 0x0000000712000000, 0x0000000712000000| Untracked 
|  69|0x0000000712200000, 0x0000000712200000, 0x0000000712400000|  0%| F|  |TAMS 0x0000000712200000, 0x0000000712200000| Untracked 
|  70|0x0000000712400000, 0x0000000712400000, 0x0000000712600000|  0%| F|  |TAMS 0x0000000712400000, 0x0000000712400000| Untracked 
|  71|0x0000000712600000, 0x0000000712600000, 0x0000000712800000|  0%| F|  |TAMS 0x0000000712600000, 0x0000000712600000| Untracked 
|  72|0x0000000712800000, 0x0000000712800000, 0x0000000712a00000|  0%| F|  |TAMS 0x0000000712800000, 0x0000000712800000| Untracked 
|  73|0x0000000712a00000, 0x0000000712a00000, 0x0000000712c00000|  0%| F|  |TAMS 0x0000000712a00000, 0x0000000712a00000| Untracked 
|  74|0x0000000712c00000, 0x0000000712c00000, 0x0000000712e00000|  0%| F|  |TAMS 0x0000000712c00000, 0x0000000712c00000| Untracked 
|  75|0x0000000712e00000, 0x0000000712e00000, 0x0000000713000000|  0%| F|  |TAMS 0x0000000712e00000, 0x0000000712e00000| Untracked 
|  76|0x0000000713000000, 0x0000000713000000, 0x0000000713200000|  0%| F|  |TAMS 0x0000000713000000, 0x0000000713000000| Untracked 
|  77|0x0000000713200000, 0x0000000713200000, 0x0000000713400000|  0%| F|  |TAMS 0x0000000713200000, 0x0000000713200000| Untracked 
|  78|0x0000000713400000, 0x0000000713400000, 0x0000000713600000|  0%| F|  |TAMS 0x0000000713400000, 0x0000000713400000| Untracked 
|  79|0x0000000713600000, 0x0000000713600000, 0x0000000713800000|  0%| F|  |TAMS 0x0000000713600000, 0x0000000713600000| Untracked 
|  80|0x0000000713800000, 0x0000000713800000, 0x0000000713a00000|  0%| F|  |TAMS 0x0000000713800000, 0x0000000713800000| Untracked 
|  81|0x0000000713a00000, 0x0000000713a00000, 0x0000000713c00000|  0%| F|  |TAMS 0x0000000713a00000, 0x0000000713a00000| Untracked 
|  82|0x0000000713c00000, 0x0000000713c00000, 0x0000000713e00000|  0%| F|  |TAMS 0x0000000713c00000, 0x0000000713c00000| Untracked 
|  83|0x0000000713e00000, 0x0000000713e00000, 0x0000000714000000|  0%| F|  |TAMS 0x0000000713e00000, 0x0000000713e00000| Untracked 
|  84|0x0000000714000000, 0x0000000714000000, 0x0000000714200000|  0%| F|  |TAMS 0x0000000714000000, 0x0000000714000000| Untracked 
|  85|0x0000000714200000, 0x0000000714200000, 0x0000000714400000|  0%| F|  |TAMS 0x0000000714200000, 0x0000000714200000| Untracked 
|  86|0x0000000714400000, 0x0000000714400000, 0x0000000714600000|  0%| F|  |TAMS 0x0000000714400000, 0x0000000714400000| Untracked 
|  87|0x0000000714600000, 0x0000000714600000, 0x0000000714800000|  0%| F|  |TAMS 0x0000000714600000, 0x0000000714600000| Untracked 
|  88|0x0000000714800000, 0x0000000714800000, 0x0000000714a00000|  0%| F|  |TAMS 0x0000000714800000, 0x0000000714800000| Untracked 
|  89|0x0000000714a00000, 0x0000000714a00000, 0x0000000714c00000|  0%| F|  |TAMS 0x0000000714a00000, 0x0000000714a00000| Untracked 
|  90|0x0000000714c00000, 0x0000000714c00000, 0x0000000714e00000|  0%| F|  |TAMS 0x0000000714c00000, 0x0000000714c00000| Untracked 
|  91|0x0000000714e00000, 0x0000000714e00000, 0x0000000715000000|  0%| F|  |TAMS 0x0000000714e00000, 0x0000000714e00000| Untracked 
|  92|0x0000000715000000, 0x0000000715000000, 0x0000000715200000|  0%| F|  |TAMS 0x0000000715000000, 0x0000000715000000| Untracked 
|  93|0x0000000715200000, 0x0000000715200000, 0x0000000715400000|  0%| F|  |TAMS 0x0000000715200000, 0x0000000715200000| Untracked 
|  94|0x0000000715400000, 0x0000000715400000, 0x0000000715600000|  0%| F|  |TAMS 0x0000000715400000, 0x0000000715400000| Untracked 
|  95|0x0000000715600000, 0x0000000715600000, 0x0000000715800000|  0%| F|  |TAMS 0x0000000715600000, 0x0000000715600000| Untracked 
|  96|0x0000000715800000, 0x0000000715800000, 0x0000000715a00000|  0%| F|  |TAMS 0x0000000715800000, 0x0000000715800000| Untracked 
|  97|0x0000000715a00000, 0x0000000715a00000, 0x0000000715c00000|  0%| F|  |TAMS 0x0000000715a00000, 0x0000000715a00000| Untracked 
|  98|0x0000000715c00000, 0x0000000715c00000, 0x0000000715e00000|  0%| F|  |TAMS 0x0000000715c00000, 0x0000000715c00000| Untracked 
|  99|0x0000000715e00000, 0x0000000715e00000, 0x0000000716000000|  0%| F|  |TAMS 0x0000000715e00000, 0x0000000715e00000| Untracked 
| 100|0x0000000716000000, 0x0000000716000000, 0x0000000716200000|  0%| F|  |TAMS 0x0000000716000000, 0x0000000716000000| Untracked 
| 101|0x0000000716200000, 0x0000000716200000, 0x0000000716400000|  0%| F|  |TAMS 0x0000000716200000, 0x0000000716200000| Untracked 
| 102|0x0000000716400000, 0x0000000716400000, 0x0000000716600000|  0%| F|  |TAMS 0x0000000716400000, 0x0000000716400000| Untracked 
| 103|0x0000000716600000, 0x0000000716600000, 0x0000000716800000|  0%| F|  |TAMS 0x0000000716600000, 0x0000000716600000| Untracked 
| 104|0x0000000716800000, 0x0000000716800000, 0x0000000716a00000|  0%| F|  |TAMS 0x0000000716800000, 0x0000000716800000| Untracked 
| 105|0x0000000716a00000, 0x0000000716c00000, 0x0000000716c00000|100%| S|CS|TAMS 0x0000000716a00000, 0x0000000716a00000| Complete 
| 106|0x0000000716c00000, 0x0000000716c00000, 0x0000000716e00000|  0%| F|  |TAMS 0x0000000716c00000, 0x0000000716c00000| Untracked 
| 107|0x0000000716e00000, 0x0000000716e00000, 0x0000000717000000|  0%| F|  |TAMS 0x0000000716e00000, 0x0000000716e00000| Untracked 
| 108|0x0000000717000000, 0x0000000717200000, 0x0000000717200000|100%| E|  |TAMS 0x0000000717000000, 0x0000000717000000| Complete 
| 109|0x0000000717200000, 0x0000000717400000, 0x0000000717400000|100%| E|CS|TAMS 0x0000000717200000, 0x0000000717200000| Complete 
| 110|0x0000000717400000, 0x0000000717600000, 0x0000000717600000|100%| E|CS|TAMS 0x0000000717400000, 0x0000000717400000| Complete 
| 111|0x0000000717600000, 0x0000000717800000, 0x0000000717800000|100%| E|CS|TAMS 0x0000000717600000, 0x0000000717600000| Complete 
| 112|0x0000000717800000, 0x0000000717a00000, 0x0000000717a00000|100%| E|CS|TAMS 0x0000000717800000, 0x0000000717800000| Complete 
| 113|0x0000000717a00000, 0x0000000717c00000, 0x0000000717c00000|100%| E|CS|TAMS 0x0000000717a00000, 0x0000000717a00000| Complete 
| 114|0x0000000717c00000, 0x0000000717e00000, 0x0000000717e00000|100%| E|CS|TAMS 0x0000000717c00000, 0x0000000717c00000| Complete 
| 115|0x0000000717e00000, 0x0000000718000000, 0x0000000718000000|100%| E|CS|TAMS 0x0000000717e00000, 0x0000000717e00000| Complete 
| 116|0x0000000718000000, 0x0000000718200000, 0x0000000718200000|100%| E|CS|TAMS 0x0000000718000000, 0x0000000718000000| Complete 
| 117|0x0000000718200000, 0x0000000718400000, 0x0000000718400000|100%| E|CS|TAMS 0x0000000718200000, 0x0000000718200000| Complete 
| 118|0x0000000718400000, 0x0000000718600000, 0x0000000718600000|100%| E|CS|TAMS 0x0000000718400000, 0x0000000718400000| Complete 
| 119|0x0000000718600000, 0x0000000718800000, 0x0000000718800000|100%| E|CS|TAMS 0x0000000718600000, 0x0000000718600000| Complete 
| 120|0x0000000718800000, 0x0000000718a00000, 0x0000000718a00000|100%| E|CS|TAMS 0x0000000718800000, 0x0000000718800000| Complete 
| 121|0x0000000718a00000, 0x0000000718c00000, 0x0000000718c00000|100%| E|CS|TAMS 0x0000000718a00000, 0x0000000718a00000| Complete 
| 122|0x0000000718c00000, 0x0000000718e00000, 0x0000000718e00000|100%| E|CS|TAMS 0x0000000718c00000, 0x0000000718c00000| Complete 
| 123|0x0000000718e00000, 0x0000000719000000, 0x0000000719000000|100%| E|CS|TAMS 0x0000000718e00000, 0x0000000718e00000| Complete 

Card table byte_map: [0x000001f736210000,0x000001f7369d0000] _byte_map_base: 0x000001f7329c4000

Marking Bits (Prev, Next): (CMBitMap*) 0x000001f71e9c0ce0, (CMBitMap*) 0x000001f71e9c0d20
 Prev Bits: [0x000001f737190000, 0x000001f73af30000)
 Next Bits: [0x000001f73af30000, 0x000001f73ecd0000)

Polling page: 0x000001f71e110000

Metaspace:

Usage:
  Non-class:      9.72 MB used.
      Class:    965.98 KB used.
       Both:     10.66 MB used.

Virtual space:
  Non-class space:       16.00 MB reserved,       9.88 MB ( 62%) committed,  2 nodes.
      Class space:        1.00 GB reserved,       1.00 MB ( <1%) committed,  1 nodes.
             Both:        1.02 GB reserved,      10.88 MB (  1%) committed. 

Chunk freelists:
   Non-Class:  1.11 MB
       Class:  3.01 MB
        Both:  4.12 MB

MaxMetaspaceSize: unlimited
CompressedClassSpaceSize: 1.00 GB
Initial GC threshold: 21.00 MB
Current GC threshold: 21.00 MB
CDS: on
MetaspaceReclaimPolicy: balanced
 - commit_granule_bytes: 65536.
 - commit_granule_words: 8192.
 - virtual_space_node_default_size: 1048576.
 - enlarge_chunks_in_place: 1.
 - new_chunks_are_fully_committed: 0.
 - uncommit_free_chunks: 1.
 - use_allocation_guard: 0.
 - handle_deallocations: 1.


Internal statistics:

num_allocs_failed_limit: 0.
num_arena_births: 144.
num_arena_deaths: 0.
num_vsnodes_births: 3.
num_vsnodes_deaths: 0.
num_space_committed: 172.
num_space_uncommitted: 0.
num_chunks_returned_to_freelist: 0.
num_chunks_taken_from_freelist: 475.
num_chunk_merges: 0.
num_chunk_splits: 332.
num_chunks_enlarged: 258.
num_purges: 0.
num_inconsistent_stats: 0.

CodeHeap 'non-profiled nmethods': size=119168Kb used=1866Kb max_used=1866Kb free=117301Kb
 bounds [0x000001f72dd60000, 0x000001f72dfd0000, 0x000001f7351c0000]
CodeHeap 'profiled nmethods': size=119104Kb used=5887Kb max_used=5887Kb free=113217Kb
 bounds [0x000001f7261c0000, 0x000001f726780000, 0x000001f72d610000]
CodeHeap 'non-nmethods': size=7488Kb used=1656Kb max_used=3392Kb free=5831Kb
 bounds [0x000001f72d610000, 0x000001f72d960000, 0x000001f72dd60000]
 total_blobs=4070 nmethods=2973 adapters=1009
 compilation: enabled
              stopped_count=0, restarted_count=0
 full_count=0

Compilation events (20 events):
Event: 22.888 Thread 0x000001f742810d50 2963       4       com.csse3200.game.components.tasks.scanner.ScannerTask::update (131 bytes)
Event: 22.893 Thread 0x000001f742810d50 nmethod 2963 0x000001f72df2aa90 code [0x000001f72df2aca0, 0x000001f72df2b010]
Event: 23.055 Thread 0x000001f742812530 2964       3       com.csse3200.game.components.CombatStatsComponent::changeState (61 bytes)
Event: 23.056 Thread 0x000001f742812530 nmethod 2964 0x000001f72677f090 code [0x000001f72677f280, 0x000001f72677f638]
Event: 23.288 Thread 0x000001f742810d50 2965       4       com.badlogic.gdx.scenes.scene2d.Stage::act (236 bytes)
Event: 23.325 Thread 0x000001f742810d50 nmethod 2965 0x000001f72df2b310 code [0x000001f72df2b580, 0x000001f72df2c970]
Event: 23.604 Thread 0x000001f742810d50 2966       4       com.badlogic.gdx.physics.box2d.World::contactFilter (144 bytes)
Event: 23.615 Thread 0x000001f742810d50 nmethod 2966 0x000001f72df2d490 code [0x000001f72df2d660, 0x000001f72df2dcf8]
Event: 23.689 Thread 0x000001f742810d50 2967       4       com.csse3200.game.services.ServiceLocator::getEntityService (4 bytes)
Event: 23.689 Thread 0x000001f742810d50 nmethod 2967 0x000001f72df2e410 code [0x000001f72df2e580, 0x000001f72df2e5f8]
Event: 23.754 Thread 0x000001f742810d50 2968       4       com.badlogic.gdx.physics.box2d.World::preSolve (41 bytes)
Event: 23.756 Thread 0x000001f742810d50 nmethod 2968 0x000001f72df2e710 code [0x000001f72df2e8a0, 0x000001f72df2e9c8]
Event: 23.756 Thread 0x000001f742810d50 2969       4       com.badlogic.gdx.physics.box2d.World::postSolve (41 bytes)
Event: 23.758 Thread 0x000001f742810d50 nmethod 2969 0x000001f72df2eb10 code [0x000001f72df2eca0, 0x000001f72df2edc8]
Event: 23.770 Thread 0x000001f742810d50 2970       4       com.csse3200.game.components.TouchAttackComponent$$Lambda$72/0x0000000800ce25c8::handle (16 bytes)
Event: 23.820 Thread 0x000001f742810d50 nmethod 2970 0x000001f72df2ef10 code [0x000001f72df2f2c0, 0x000001f72df30a68]
Event: 23.888 Thread 0x000001f742812530 2971       1       com.csse3200.game.components.tasks.human.HumanWanderTask::getPriority (2 bytes)
Event: 23.888 Thread 0x000001f742812530 nmethod 2971 0x000001f72df32190 code [0x000001f72df32320, 0x000001f72df323f8]
Event: 24.240 Thread 0x000001f742812530 2972       3       sun.nio.cs.SingleByte$Encoder::encode (32 bytes)
Event: 24.240 Thread 0x000001f742812530 nmethod 2972 0x000001f72677f710 code [0x000001f72677f8c0, 0x000001f72677fab8]

GC Heap History (4 events):
Event: 2.942 GC heap before
{Heap before GC invocations=0 (full 0):
 garbage-first heap   total 253952K, used 20480K [0x0000000709800000, 0x0000000800000000)
  region size 2048K, 11 young (22528K), 0 survivors (0K)
 Metaspace       used 6451K, committed 6656K, reserved 1064960K
  class space    used 485K, committed 576K, reserved 1048576K
}
Event: 2.947 GC heap after
{Heap after GC invocations=1 (full 0):
 garbage-first heap   total 253952K, used 3628K [0x0000000709800000, 0x0000000800000000)
  region size 2048K, 2 young (4096K), 2 survivors (4096K)
 Metaspace       used 6451K, committed 6656K, reserved 1064960K
  class space    used 485K, committed 576K, reserved 1048576K
}
Event: 10.863 GC heap before
{Heap before GC invocations=1 (full 0):
 garbage-first heap   total 253952K, used 38444K [0x0000000709800000, 0x0000000800000000)
  region size 2048K, 18 young (36864K), 2 survivors (4096K)
 Metaspace       used 9495K, committed 9728K, reserved 1064960K
  class space    used 777K, committed 896K, reserved 1048576K
}
Event: 10.870 GC heap after
{Heap after GC invocations=2 (full 0):
 garbage-first heap   total 253952K, used 5102K [0x0000000709800000, 0x0000000800000000)
  region size 2048K, 1 young (2048K), 1 survivors (2048K)
 Metaspace       used 9495K, committed 9728K, reserved 1064960K
  class space    used 777K, committed 896K, reserved 1048576K
}

Deoptimization events (20 events):
Event: 21.670 Thread 0x000001f71e94df20 DEOPT PACKING pc=0x000001f726715c22 sp=0x000000e9697ff240
Event: 21.670 Thread 0x000001f71e94df20 DEOPT UNPACKING pc=0x000001f72d662b43 sp=0x000000e9697fe700 mode 0
Event: 21.670 Thread 0x000001f71e94df20 DEOPT PACKING pc=0x000001f726717666 sp=0x000000e9697ff2b0
Event: 21.670 Thread 0x000001f71e94df20 DEOPT UNPACKING pc=0x000001f72d662b43 sp=0x000000e9697fe768 mode 0
Event: 21.794 Thread 0x000001f71e94df20 Uncommon trap: trap_request=0xffffffde fr.pc=0x000001f72df2942c relative=0x000000000000010c
Event: 21.794 Thread 0x000001f71e94df20 Uncommon trap: reason=class_check action=maybe_recompile pc=0x000001f72df2942c method=jdk.internal.misc.Unsafe.allocateUninitializedArray(Ljava/lang/Class;I)Ljava/lang/Object; @ 51 c2
Event: 21.794 Thread 0x000001f71e94df20 DEOPT PACKING pc=0x000001f72df2942c sp=0x000000e9697fe240
Event: 21.794 Thread 0x000001f71e94df20 DEOPT UNPACKING pc=0x000001f72d6623a3 sp=0x000000e9697fe1c8 mode 2
Event: 24.054 Thread 0x000001f75b573a20 Uncommon trap: trap_request=0xffffff45 fr.pc=0x000001f72df1387c relative=0x00000000000003fc
Event: 24.054 Thread 0x000001f75b573a20 Uncommon trap: reason=unstable_if action=reinterpret pc=0x000001f72df1387c method=java.util.Collections.max(Ljava/util/Collection;Ljava/util/Comparator;)Ljava/lang/Object; @ 49 c2
Event: 24.054 Thread 0x000001f71e94df20 Uncommon trap: trap_request=0xffffff45 fr.pc=0x000001f72df1387c relative=0x00000000000003fc
Event: 24.054 Thread 0x000001f71e94df20 Uncommon trap: reason=unstable_if action=reinterpret pc=0x000001f72df1387c method=java.util.Collections.max(Ljava/util/Collection;Ljava/util/Comparator;)Ljava/lang/Object; @ 49 c2
Event: 24.054 Thread 0x000001f75b573a20 DEOPT PACKING pc=0x000001f72df1387c sp=0x000000e96ceff1c0
Event: 24.054 Thread 0x000001f71e94df20 DEOPT PACKING pc=0x000001f72df1387c sp=0x000000e9697ff2c0
Event: 24.054 Thread 0x000001f75b573a20 DEOPT UNPACKING pc=0x000001f72d6623a3 sp=0x000000e96ceff090 mode 2
Event: 24.054 Thread 0x000001f71e94df20 DEOPT UNPACKING pc=0x000001f72d6623a3 sp=0x000000e9697ff188 mode 2
Event: 24.238 Thread 0x000001f71e93a030 Uncommon trap: trap_request=0xffffff45 fr.pc=0x000001f72defe028 relative=0x0000000000000648
Event: 24.238 Thread 0x000001f71e93a030 Uncommon trap: reason=unstable_if action=reinterpret pc=0x000001f72defe028 method=com.badlogic.gdx.utils.Array$ArrayIterator.hasNext()Z @ 4 c2
Event: 24.238 Thread 0x000001f71e93a030 DEOPT PACKING pc=0x000001f72defe028 sp=0x000000e96d2feca0
Event: 24.238 Thread 0x000001f71e93a030 DEOPT UNPACKING pc=0x000001f72d6623a3 sp=0x000000e96d2febf0 mode 2

Classes unloaded (0 events):
No events

Classes redefined (0 events):
No events

Internal exceptions (20 events):
Event: 0.643 Thread 0x000001f71e94df20 Exception <a 'sun/nio/fs/WindowsException'{0x00000007185089f8}> (0x00000007185089f8) 
thrown [s\open\src\hotspot\share\prims\jni.cpp, line 516]
Event: 0.706 Thread 0x000001f71e94df20 Exception <a 'sun/nio/fs/WindowsException'{0x00000007185a4d90}> (0x00000007185a4d90) 
thrown [s\open\src\hotspot\share\prims\jni.cpp, line 516]
Event: 0.706 Thread 0x000001f71e94df20 Exception <a 'sun/nio/fs/WindowsException'{0x00000007185a5110}> (0x00000007185a5110) 
thrown [s\open\src\hotspot\share\prims\jni.cpp, line 516]
Event: 2.030 Thread 0x000001f71e94df20 Exception <a 'java/lang/NoSuchMethodError'{0x00000007185f4d48}: 'java.lang.Object java.lang.invoke.DirectMethodHandle$Holder.newInvokeSpecial(java.lang.Object, long)'> (0x00000007185f4d48) 
thrown [s\open\src\hotspot\share\interpreter\linkResolver.cpp, line 759]
Event: 2.447 Thread 0x000001f71e94df20 Exception <a 'sun/nio/fs/WindowsException'{0x00000007183314e8}> (0x00000007183314e8) 
thrown [s\open\src\hotspot\share\prims\jni.cpp, line 516]
Event: 2.447 Thread 0x000001f71e94df20 Exception <a 'sun/nio/fs/WindowsException'{0x0000000718331890}> (0x0000000718331890) 
thrown [s\open\src\hotspot\share\prims\jni.cpp, line 516]
Event: 2.451 Thread 0x000001f71e94df20 Exception <a 'sun/nio/fs/WindowsException'{0x000000071833ce58}> (0x000000071833ce58) 
thrown [s\open\src\hotspot\share\prims\jni.cpp, line 516]
Event: 2.451 Thread 0x000001f71e94df20 Exception <a 'sun/nio/fs/WindowsException'{0x000000071833d138}> (0x000000071833d138) 
thrown [s\open\src\hotspot\share\prims\jni.cpp, line 516]
Event: 2.718 Thread 0x000001f71e94df20 Exception <a 'java/lang/ClassNotFoundException'{0x0000000717e68ff0}: sun/util/logging/resources/spi/loggingProvider> (0x0000000717e68ff0) 
thrown [s\open\src\hotspot\share\classfile\systemDictionary.cpp, line 256]
Event: 2.750 Thread 0x000001f71e94df20 Exception <a 'java/io/FileNotFoundException'{0x0000000717eef690}> (0x0000000717eef690) 
thrown [s\open\src\hotspot\share\prims\jni.cpp, line 516]
Event: 2.786 Thread 0x000001f71e94df20 Exception <a 'java/lang/NoSuchMethodError'{0x0000000717f3e1e0}: 'int java.lang.invoke.DirectMethodHandle$Holder.invokeVirtual(java.lang.Object, java.lang.Object)'> (0x0000000717f3e1e0) 
thrown [s\open\src\hotspot\share\interpreter\linkResolver.cpp, line 759]
Event: 2.790 Thread 0x000001f71e94df20 Exception <a 'java/lang/NoSuchMethodError'{0x0000000717f48600}: 'java.lang.Object java.lang.invoke.Invokers$Holder.invokeExact_MT(java.lang.Object, java.lang.Object, java.lang.Object, java.lang.Object, java.lang.Object, java.lang.Object)'> (0x0000000717f48600) 
thrown [s\open\src\hotspot\share\interpreter\linkResolver.cpp, line 759]
Event: 7.309 Thread 0x000001f71e94df20 Implicit null exception at 0x000001f72ddd6d96 to 0x000001f72ddd7020
Event: 9.626 Thread 0x000001f71e94df20 Exception <a 'java/lang/NoSuchMethodError'{0x0000000717e2a558}: 'void java.lang.invoke.DirectMethodHandle$Holder.invokeStatic(java.lang.Object, java.lang.Object, java.lang.Object)'> (0x0000000717e2a558) 
thrown [s\open\src\hotspot\share\interpreter\linkResolver.cpp, line 759]
Event: 11.526 Thread 0x000001f71e94df20 Exception <a 'java/lang/NoSuchMethodError'{0x0000000717d95d10}: 'void java.lang.invoke.DirectMethodHandle$Holder.invokeVirtual(java.lang.Object, java.lang.Object, java.lang.Object, java.lang.Object)'> (0x0000000717d95d10) 
thrown [s\open\src\hotspot\share\interpreter\linkResolver.cpp, line 759]
Event: 11.528 Thread 0x000001f71e94df20 Exception <a 'java/lang/NoSuchMethodError'{0x0000000717da4300}: 'void java.lang.invoke.DirectMethodHandle$Holder.invokeVirtual(java.lang.Object, java.lang.Object)'> (0x0000000717da4300) 
thrown [s\open\src\hotspot\share\interpreter\linkResolver.cpp, line 759]
Event: 11.530 Thread 0x000001f71e94df20 Exception <a 'java/lang/NoSuchMethodError'{0x0000000717dada78}: 'void java.lang.invoke.DirectMethodHandle$Holder.invokeVirtual(java.lang.Object, java.lang.Object, int)'> (0x0000000717dada78) 
thrown [s\open\src\hotspot\share\interpreter\linkResolver.cpp, line 759]
Event: 11.665 Thread 0x000001f71e94df20 Exception <a 'java/lang/NoSuchMethodError'{0x0000000717ad1118}: 'void java.lang.invoke.DirectMethodHandle$Holder.invokeVirtual(java.lang.Object, java.lang.Object, java.lang.Object, int)'> (0x0000000717ad1118) 
thrown [s\open\src\hotspot\share\interpreter\linkResolver.cpp, line 759]
Event: 11.696 Thread 0x000001f71e94df20 Exception <a 'java/lang/NoSuchMethodError'{0x0000000717824c10}: 'void java.lang.invoke.DirectMethodHandle$Holder.invokeStatic(java.lang.Object, java.lang.Object, java.lang.Object, java.lang.Object)'> (0x0000000717824c10) 
thrown [s\open\src\hotspot\share\interpreter\linkResolver.cpp, line 759]
Event: 11.701 Thread 0x000001f71e94df20 Exception <a 'java/lang/NoSuchMethodError'{0x000000071782df70}: 'int java.lang.invoke.DirectMethodHandle$Holder.invokeInterface(java.lang.Object, java.lang.Object)'> (0x000000071782df70) 
thrown [s\open\src\hotspot\share\interpreter\linkResolver.cpp, line 759]

VM Operations (20 events):
Event: 13.590 Executing VM operation: Cleanup
Event: 13.590 Executing VM operation: Cleanup done
Event: 14.073 Executing VM operation: HandshakeAllThreads
Event: 14.073 Executing VM operation: HandshakeAllThreads done
Event: 15.073 Executing VM operation: Cleanup
Event: 15.073 Executing VM operation: Cleanup done
Event: 16.074 Executing VM operation: Cleanup
Event: 16.074 Executing VM operation: Cleanup done
Event: 17.074 Executing VM operation: Cleanup
Event: 17.074 Executing VM operation: Cleanup done
Event: 18.075 Executing VM operation: Cleanup
Event: 18.075 Executing VM operation: Cleanup done
Event: 19.075 Executing VM operation: Cleanup
Event: 19.075 Executing VM operation: Cleanup done
Event: 21.075 Executing VM operation: Cleanup
Event: 21.076 Executing VM operation: Cleanup done
Event: 22.076 Executing VM operation: Cleanup
Event: 22.076 Executing VM operation: Cleanup done
Event: 24.077 Executing VM operation: Cleanup
Event: 24.077 Executing VM operation: Cleanup done

Events (20 events):
Event: 21.554 Thread 0x000001f7431edfc0 Thread added: 0x000001f7431edfc0
Event: 21.637 Thread 0x000001f7431eb940 Thread added: 0x000001f7431eb940
Event: 21.654 Thread 0x000001f7431f14b0 Thread added: 0x000001f7431f14b0
Event: 21.785 loading class java/lang/invoke/MethodHandle$1
Event: 21.785 loading class java/lang/invoke/MethodHandle$1 done
Event: 21.887 Thread 0x000001f7431f1e50 Thread added: 0x000001f7431f1e50
Event: 22.104 Thread 0x000001f7431f27f0 Thread added: 0x000001f7431f27f0
Event: 22.237 Thread 0x000001f7431ed150 Thread added: 0x000001f7431ed150
Event: 22.570 Thread 0x000001f7431eafa0 Thread added: 0x000001f7431eafa0
Event: 22.604 Thread 0x000001f7431ebe10 Thread added: 0x000001f7431ebe10
Event: 22.954 Thread 0x000001f7431ef7d0 Thread added: 0x000001f7431ef7d0
Event: 23.254 Thread 0x000001f7431ed620 Thread added: 0x000001f7431ed620
Event: 23.487 Thread 0x000001f7431efca0 Thread added: 0x000001f7431efca0
Event: 23.554 Thread 0x000001f7431ec2e0 Thread added: 0x000001f7431ec2e0
Event: 24.020 Thread 0x000001f7431f0b10 Thread added: 0x000001f7431f0b10
Event: 24.238 loading class java/lang/Throwable$WrappedPrintStream
Event: 24.238 loading class java/lang/Throwable$PrintStreamOrWriter
Event: 24.239 loading class java/lang/Throwable$PrintStreamOrWriter done
Event: 24.239 loading class java/lang/Throwable$WrappedPrintStream done
Event: 24.243 Thread 0x000001f71e93a030 Thread exited: 0x000001f71e93a030


Dynamic libraries:
0x00007ff726ee0000 - 0x00007ff726ef0000 	C:\Program Files\Java\jdk-17\bin\java.exe
0x00007ffba77b0000 - 0x00007ffba79a8000 	C:\Windows\SYSTEM32\ntdll.dll
0x00007ffba7300000 - 0x00007ffba73bd000 	C:\Windows\System32\KERNEL32.DLL
0x00007ffba4f20000 - 0x00007ffba5216000 	C:\Windows\System32\KERNELBASE.dll
0x00007ffba5220000 - 0x00007ffba5320000 	C:\Windows\System32\ucrtbase.dll
0x00007ffb7e7c0000 - 0x00007ffb7e7d8000 	C:\Program Files\Java\jdk-17\bin\jli.dll
0x00007ffb95200000 - 0x00007ffb9521b000 	C:\Program Files\Java\jdk-17\bin\VCRUNTIME140.dll
0x00007ffba7250000 - 0x00007ffba72fe000 	C:\Windows\System32\ADVAPI32.dll
0x00007ffba5810000 - 0x00007ffba58ae000 	C:\Windows\System32\msvcrt.dll
0x00007ffba58b0000 - 0x00007ffba594c000 	C:\Windows\System32\sechost.dll
0x00007ffba60e0000 - 0x00007ffba6206000 	C:\Windows\System32\RPCRT4.dll
0x00007ffba73c0000 - 0x00007ffba755e000 	C:\Windows\System32\USER32.dll
0x00007ffb9a290000 - 0x00007ffb9a52a000 	C:\Windows\WinSxS\amd64_microsoft.windows.common-controls_6595b64144ccf1df_6.0.19041.1110_none_60b5254171f9507e\COMCTL32.dll
0x00007ffba53f0000 - 0x00007ffba5412000 	C:\Windows\System32\win32u.dll
0x00007ffba6210000 - 0x00007ffba623c000 	C:\Windows\System32\GDI32.dll
0x00007ffba5640000 - 0x00007ffba575a000 	C:\Windows\System32\gdi32full.dll
0x00007ffba5350000 - 0x00007ffba53ed000 	C:\Windows\System32\msvcp_win.dll
0x00007ffb98ea0000 - 0x00007ffb98eaa000 	C:\Windows\SYSTEM32\VERSION.dll
0x00007ffba6250000 - 0x00007ffba6280000 	C:\Windows\System32\IMM32.DLL
0x00007ffb94620000 - 0x00007ffb9462c000 	C:\Program Files\Java\jdk-17\bin\vcruntime140_1.dll
0x00007ffb4cb50000 - 0x00007ffb4cbde000 	C:\Program Files\Java\jdk-17\bin\msvcp140.dll
0x00007ffb07fb0000 - 0x00007ffb08b87000 	C:\Program Files\Java\jdk-17\bin\server\jvm.dll
0x00007ffba6240000 - 0x00007ffba6248000 	C:\Windows\System32\PSAPI.DLL
0x00007ffb98e70000 - 0x00007ffb98e97000 	C:\Windows\SYSTEM32\WINMM.dll
0x00007ffb84120000 - 0x00007ffb84129000 	C:\Windows\SYSTEM32\WSOCK32.dll
0x00007ffba71e0000 - 0x00007ffba724b000 	C:\Windows\System32\WS2_32.dll
0x00007ffba36e0000 - 0x00007ffba36f2000 	C:\Windows\SYSTEM32\kernel.appcore.dll
0x00007ffb94420000 - 0x00007ffb9442a000 	C:\Program Files\Java\jdk-17\bin\jimage.dll
0x00007ffba2bb0000 - 0x00007ffba2d94000 	C:\Windows\SYSTEM32\DBGHELP.DLL
0x00007ffb96480000 - 0x00007ffb964b4000 	C:\Windows\SYSTEM32\dbgcore.DLL
0x00007ffba4e90000 - 0x00007ffba4f12000 	C:\Windows\System32\bcryptPrimitives.dll
0x00007ffb7e790000 - 0x00007ffb7e7b5000 	C:\Program Files\Java\jdk-17\bin\java.dll
0x00007ffb3a6a0000 - 0x00007ffb3a777000 	C:\Program Files\Java\jdk-17\bin\jsvml.dll
0x00007ffba63f0000 - 0x00007ffba6b35000 	C:\Windows\System32\SHELL32.dll
0x00007ffba2f00000 - 0x00007ffba369b000 	C:\Windows\SYSTEM32\windows.storage.dll
0x00007ffba5c50000 - 0x00007ffba5fa4000 	C:\Windows\System32\combase.dll
0x00007ffba4860000 - 0x00007ffba488e000 	C:\Windows\SYSTEM32\Wldp.dll
0x00007ffba6b40000 - 0x00007ffba6bed000 	C:\Windows\System32\SHCORE.dll
0x00007ffba5b20000 - 0x00007ffba5b75000 	C:\Windows\System32\shlwapi.dll
0x00007ffba4dc0000 - 0x00007ffba4de5000 	C:\Windows\SYSTEM32\profapi.dll
0x00007ffb7bf70000 - 0x00007ffb7bf89000 	C:\Program Files\Java\jdk-17\bin\net.dll
0x00007ffb9f190000 - 0x00007ffb9f29a000 	C:\Windows\SYSTEM32\WINHTTP.dll
0x0000000180000000 - 0x000000018008c000 	C:\Windows\system32\ASProxy64.dll
0x00007ffba5fb0000 - 0x00007ffba60da000 	C:\Windows\System32\ole32.dll
0x00007ffba5b80000 - 0x00007ffba5c4d000 	C:\Windows\System32\OLEAUT32.dll
0x00007ffba45c0000 - 0x00007ffba462a000 	C:\Windows\SYSTEM32\MSWSOCK.dll
0x00007ffba42b0000 - 0x00007ffba42eb000 	C:\Windows\SYSTEM32\IPHLPAPI.DLL
0x00007ffba4d40000 - 0x00007ffba4d72000 	C:\Windows\SYSTEM32\SspiCli.dll
0x00007ffb765b0000 - 0x00007ffb765c6000 	C:\Program Files\Java\jdk-17\bin\nio.dll
0x00007ffb74f20000 - 0x00007ffb74f38000 	C:\Program Files\Java\jdk-17\bin\zip.dll
0x00007ffba2120000 - 0x00007ffba21be000 	C:\Windows\system32\uxtheme.dll
0x00007ffb93330000 - 0x00007ffb93340000 	C:\Program Files\Java\jdk-17\bin\verify.dll
0x0000000050410000 - 0x0000000050439000 	C:\Users\isaac\AppData\Local\Temp\libgdxisaac\e787ab0a\gdx64.dll
0x00007ffb6c5b0000 - 0x00007ffb6c625000 	C:\Users\isaac\AppData\Local\Temp\lwjglisaac\3.3.1-build-7\lwjgl.dll
0x00007ffb3c540000 - 0x00007ffb3c799000 	C:\Users\isaac\AppData\Local\Temp\lwjglisaac\3.3.1-build-7\jemalloc.dll
0x00007ffb6ef40000 - 0x00007ffb6efa1000 	C:\Users\isaac\AppData\Local\Temp\lwjglisaac\3.3.1-build-7\glfw.dll
0x00007ffb7e680000 - 0x00007ffb7e6c5000 	C:\Windows\SYSTEM32\dinput8.dll
0x00007ffb9b0d0000 - 0x00007ffb9b0e1000 	C:\Windows\SYSTEM32\xinput1_4.dll
0x00007ffba5420000 - 0x00007ffba546e000 	C:\Windows\System32\cfgmgr32.dll
0x00007ffba4c40000 - 0x00007ffba4c73000 	C:\Windows\SYSTEM32\DEVOBJ.dll
0x00007ffba24b0000 - 0x00007ffba24df000 	C:\Windows\SYSTEM32\dwmapi.dll
0x00007ffb7c850000 - 0x00007ffb7c9a2000 	C:\Windows\SYSTEM32\inputhost.dll
0x00007ffba2da0000 - 0x00007ffba2e96000 	C:\Windows\SYSTEM32\PROPSYS.dll
0x00007ffba0590000 - 0x00007ffba06e5000 	C:\Windows\SYSTEM32\wintypes.dll
0x00007ffba1d30000 - 0x00007ffba1e22000 	C:\Windows\SYSTEM32\CoreMessaging.dll
0x00007ffba1650000 - 0x00007ffba19ae000 	C:\Windows\SYSTEM32\CoreUIComponents.dll
0x00007ffba3fe0000 - 0x00007ffba4013000 	C:\Windows\SYSTEM32\ntmarta.dll
0x00007ffba7570000 - 0x00007ffba7684000 	C:\Windows\System32\MSCTF.dll
0x00007ffb2f230000 - 0x00007ffb2f3c7000 	C:\Users\isaac\AppData\Local\Temp\lwjglisaac\3.3.1-build-7\OpenAL.dll
0x00007ffba6bf0000 - 0x00007ffba6c99000 	C:\Windows\System32\clbcatq.dll
0x00007ffb9d930000 - 0x00007ffb9d9b5000 	C:\Windows\System32\MMDevApi.dll
0x00007ffb9d2a0000 - 0x00007ffb9d422000 	C:\Windows\SYSTEM32\AUDIOSES.DLL
0x00007ffba4bd0000 - 0x00007ffba4c1b000 	C:\Windows\SYSTEM32\powrprof.dll
0x00007ffba4bb0000 - 0x00007ffba4bc2000 	C:\Windows\SYSTEM32\UMPDC.dll
0x00007ffba24e0000 - 0x00007ffba24f4000 	C:\Windows\SYSTEM32\resourcepolicyclient.dll
0x00007ffb3c410000 - 0x00007ffb3c535000 	C:\Windows\SYSTEM32\opengl32.dll
0x00007ffb95da0000 - 0x00007ffb95dcc000 	C:\Windows\SYSTEM32\GLU32.dll
0x00007ffb9c490000 - 0x00007ffb9c592000 	C:\Windows\System32\AppXDeploymentClient.dll
0x00007ffb793b0000 - 0x00007ffb793da000 	C:\Windows\System32\DriverStore\FileRepository\u0363312.inf_amd64_08fc5018b1b99545\B363211\atig6pxx.dll
0x00007ffb05200000 - 0x00007ffb07fa5000 	C:\Windows\System32\DriverStore\FileRepository\u0363312.inf_amd64_08fc5018b1b99545\B363211\atio6axx.dll
0x00007ffba6d10000 - 0x00007ffba717e000 	C:\Windows\System32\SETUPAPI.dll
0x00007ffba5320000 - 0x00007ffba5347000 	C:\Windows\System32\bcrypt.dll
0x00007ffb94f20000 - 0x00007ffb94f44000 	C:\Windows\SYSTEM32\dxva2.dll
0x00007ffb71a10000 - 0x00007ffb71a4c000 	C:\Windows\System32\DriverStore\FileRepository\u0363312.inf_amd64_08fc5018b1b99545\B363211\atig6txx.dll
0x00007ffb1f770000 - 0x00007ffb1f92f000 	C:\Windows\SYSTEM32\atiadlxx.dll
0x00007ffba55d0000 - 0x00007ffba5637000 	C:\Windows\System32\WINTRUST.dll
0x00007ffba5470000 - 0x00007ffba55ce000 	C:\Windows\System32\CRYPT32.dll
0x00007ffba49f0000 - 0x00007ffba4a02000 	C:\Windows\SYSTEM32\MSASN1.dll
0x00007ffb9eba0000 - 0x00007ffb9ebdb000 	C:\Windows\SYSTEM32\dxcore.dll
0x00007ffb6ecb0000 - 0x00007ffb6ed0d000 	C:\Users\isaac\AppData\Local\Temp\lwjglisaac\3.3.1-build-7\lwjgl_opengl.dll
0x00007ffb7c9b0000 - 0x00007ffb7caaa000 	C:\Windows\SYSTEM32\textinputframework.dll
0x00007ffb7f310000 - 0x00007ffb7f376000 	C:\Windows\system32\Oleacc.dll
0x00007ffb72850000 - 0x00007ffb72b45000 	C:\Windows\System32\uiautomationcore.dll
0x00007ffba47d0000 - 0x00007ffba47dc000 	C:\Windows\SYSTEM32\CRYPTBASE.DLL
0x00000000503b0000 - 0x000000005040a000 	C:\Users\isaac\AppData\Local\Temp\libgdxisaac\888fe1bc\gdx-box2d64.dll

dbghelp: loaded successfully - version: 4.0.5 - missing functions: none
symbol engine: initialized successfully - sym options: 0x614 - pdb path: .;C:\Program Files\Java\jdk-17\bin;C:\Windows\SYSTEM32;C:\Windows\WinSxS\amd64_microsoft.windows.common-controls_6595b64144ccf1df_6.0.19041.1110_none_60b5254171f9507e;C:\Program Files\Java\jdk-17\bin\server;C:\Users\isaac\AppData\Local\Temp\libgdxisaac\e787ab0a;C:\Users\isaac\AppData\Local\Temp\lwjglisaac\3.3.1-build-7;C:\Windows\System32\DriverStore\FileRepository\u0363312.inf_amd64_08fc5018b1b99545\B363211;C:\Users\isaac\AppData\Local\Temp\libgdxisaac\888fe1bc

VM Arguments:
jvm_args: -XX:+ShowCodeDetailsInExceptionMessages 
java_command: com.csse3200.game.desktop.DesktopLauncher
java_class_path (initial): C:\Users\isaac\OneDrive\Documents\School\University of Queensland\UQ 2023\UQ 2023 Semester 2\CSSE3200\2023-studio-3\source\desktop\bin\main;\csse3200-game-core\bin\default;C:\Users\isaac\OneDrive\Documents\School\University of Queensland\UQ 2023\UQ 2023 Semester 2\CSSE3200\2023-studio-3\source\core\bin\main;C:\Users\isaac\.gradle\caches\modules-2\files-2.1\com.badlogicgames.gdx\gdx-backend-lwjgl3\1.11.0\58a96db4cd349be4292d547856aa1e1c5f065f4e\gdx-backend-lwjgl3-1.11.0.jar;C:\Users\isaac\.gradle\caches\modules-2\files-2.1\com.badlogicgames.gdx\gdx-platform\1.11.0\697fb13eada6d3c6ca648c9788692b0159add126\gdx-platform-1.11.0-natives-desktop.jar;C:\Users\isaac\.gradle\caches\modules-2\files-2.1\com.badlogicgames.gdx\gdx-box2d-platform\1.11.0\62ff9baa1e57a11e0a4428a38c9660bf9f312fdc\gdx-box2d-platform-1.11.0-natives-desktop.jar;C:\Users\isaac\.gradle\caches\modules-2\files-2.1\com.badlogicgames.gdx\gdx-tools\1.11.0\a5d30eafd0f2fbab314efdf6d98ebc27388b7c0a\gdx-tools-1.11.0.jar;C:\Users\isaac\.gradle\caches\modules-2\files-2.1\com.badlogicgames.gdx-controllers\gdx-controllers-desktop\2.2.2\625b3bdbe803e9c4af181b4791202cfcf776d805\gdx-controllers-desktop-2.2.2.jar;C:\Users\isaac\.gradle\caches\modules-2\files-2.1\com.badlogicgames.gdx\gdx-backend-lwjgl\1.11.0\33555a2cf8b4d9db4122b2fe42e7674b343d8b4\gdx-backend-lwjgl-1.11.0.jar;C:\Users\isaac\.gradle\caches\modules-2\files-2.1\com.badlogicgames.gdx\gdx-freetype\1.11.0\a3634ad2e6c56d251268d6ab5c0f66eee2841f2c\gdx-freetype-1.11.0.jar;C:\Users\isaac\.gradle\caches\modules-2\files-2.1\com.badlogicgames.gdx\gdx-backend-headless\1.11.0\3c3d0c951db72891d894df1725d09179fd0bca00\gdx-backend-headless-1.11.0.jar;C:\Users\isaac\.gradle\caches\modules-2\files-2.1\net.dermetfan.libgdx-utils\libgdx-utils-box2d\0.13.4\918d79a20ea3c898cdb3611782c5b2bfa6ec575b\libgdx-utils-box2d-0.13.4.jar;C:\Users\isaac\.gradle\caches\modules-2\files-2.1\com.badlogicgames.gdx\gdx-box2d\1.11.0\ad4facee800dd945d6d6e93dea2936bc135b
Launcher Type: SUN_STANDARD

[Global flags]
     intx CICompilerCount                          = 12                                        {product} {ergonomic}
     uint ConcGCThreads                            = 3                                         {product} {ergonomic}
     uint G1ConcRefinementThreads                  = 13                                        {product} {ergonomic}
   size_t G1HeapRegionSize                         = 2097152                                   {product} {ergonomic}
    uintx GCDrainStackTargetSize                   = 64                                        {product} {ergonomic}
   size_t InitialHeapSize                          = 260046848                                 {product} {ergonomic}
   size_t MarkStackSize                            = 4194304                                   {product} {ergonomic}
   size_t MaxHeapSize                              = 4135583744                                {product} {ergonomic}
   size_t MaxNewSize                               = 2480930816                                {product} {ergonomic}
   size_t MinHeapDeltaBytes                        = 2097152                                   {product} {ergonomic}
   size_t MinHeapSize                              = 8388608                                   {product} {ergonomic}
    uintx NonNMethodCodeHeapSize                   = 7602480                                {pd product} {ergonomic}
    uintx NonProfiledCodeHeapSize                  = 122027880                              {pd product} {ergonomic}
    uintx ProfiledCodeHeapSize                     = 122027880                              {pd product} {ergonomic}
    uintx ReservedCodeCacheSize                    = 251658240                              {pd product} {ergonomic}
     bool SegmentedCodeCache                       = true                                      {product} {ergonomic}
     bool ShowCodeDetailsInExceptionMessages       = true                                   {manageable} {command line}
   size_t SoftMaxHeapSize                          = 4135583744                             {manageable} {ergonomic}
     bool UseCompressedClassPointers               = true                           {product lp64_product} {ergonomic}
     bool UseCompressedOops                        = true                           {product lp64_product} {ergonomic}
     bool UseG1GC                                  = true                                      {product} {ergonomic}
     bool UseLargePagesIndividualAllocation        = false                                  {pd product} {ergonomic}

Logging:
Log output configuration:
 #0: stdout all=warning uptime,level,tags
 #1: stderr all=off uptime,level,tags

Environment Variables:
PATH=C:\Users\isaac\bin;C:\Program Files\Git\mingw64\bin;C:\Program Files\Git\usr\local\bin;C:\Program Files\Git\usr\bin;C:\Program Files\Git\usr\bin;C:\Program Files\Git\mingw64\bin;C:\Program Files\Git\usr\bin;C:\Users\isaac\bin;C:\Program Files\Common Files\Oracle\Java\javapath;C:\Program Files (x86)\Common Files\Oracle\Java\javapath;C:\Windows\system32;C:\Windows;C:\Windows\System32\Wbem;C:\Windows\System32\WindowsPowerShell\v1.0;C:\Windows\System32\OpenSSH;C:\Program Files\Microsoft SQL Server\Client SDK\ODBC\170\Tools\Binn;C:\Program Files (x86)\Microsoft SQL Server\150\Tools\Binn;C:\Program Files\Microsoft SQL Server\150\Tools\Binn;C:\Program Files\Microsoft SQL Server\150\DTS\Binn;C:\Program Files (x86)\Microsoft SQL Server\150\DTS\Binn;C:\Program Files\Azure Data Studio\bin;C:\Program Files\Git\cmd;C:\Program Files\PuTTY;C:\Program Files (x86)\Pololu\USB AVR Programmer v2\bin;C:\Program Files\nodejs;C:\Users\isaac\AppData\Local\Programs\Python\Python310\Scripts;C:\Users\isaac\AppData\Local\Programs\Python\Python310;C:\Users\isaac\AppData\Local\Microsoft\WindowsApps;C:\Users\isaac\AppData\Local\Programs\Microsoft VS Code\bin;C:\Program Files\Azure Data Studio\bin;C:\Users\isaac\AppData\Roaming\npm;C:\Program Files\Git\usr\bin\vendor_perl;C:\Program Files\Git\usr\bin\core_perl
USERNAME=isaac
SHELL=C:\Program Files\Git\usr\bin\bash.exe
DISPLAY=needs-to-be-defined
LANG=en_US.UTF-8
OS=Windows_NT
PROCESSOR_IDENTIFIER=AMD64 Family 23 Model 104 Stepping 1, AuthenticAMD



---------------  S Y S T E M  ---------------

OS:
 Windows 10 , 64 bit Build 19041 (10.0.19041.3393)
OS uptime: 5 days 6:06 hours

CPU: total 16 (initial active 16) (16 cores per cpu, 2 threads per core) family 23 model 104 stepping 1 microcode 0x0, cx8, cmov, fxsr, ht, mmx, 3dnowpref, sse, sse2, sse3, ssse3, sse4a, sse4.1, sse4.2, popcnt, lzcnt, tsc, tscinvbit, avx, avx2, aes, clmul, bmi1, bmi2, adx, sha, fma, vzeroupper, clflush, clflushopt

Memory: 4k page, system-wide physical 15769M (6217M free)
TotalPageFile size 19865M (AvailPageFile size 4344M)
current process WorkingSet (physical memory assigned to process): 405M, peak: 425M
current process commit charge ("private bytes"): 708M, peak: 729M

vm_info: Java HotSpot(TM) 64-Bit Server VM (17.0.6+9-LTS-190) for windows-amd64 JRE (17.0.6+9-LTS-190), built on Dec  6 2022 15:53:54 by "mach5one" with MS VC++ 17.1 (VS2022)

END.
